2025-09-22 00:49:36,307 - osv_monitor - INFO - 开始同步OSV漏洞数据...
2025-09-22 00:49:36,307 - osv_monitor - INFO - 正在搜索主页的生态系统列表...
2025-09-22 00:49:36,307 - osv_monitor - INFO - 正在获取 https://storage.googleapis.com/osv-vulnerabilities/index.html 页面...
2025-09-22 00:49:40,405 - osv_monitor - INFO - 找到 94 个生态系统
2025-09-22 00:49:40,407 - osv_monitor - INFO - all.zip 需要更新
2025-09-22 00:49:45,588 - osv_monitor - INFO - 下载文件 https://storage.googleapis.com/osv-vulnerabilities/all.zip 到 data/all.tmp 成功
2025-09-22 00:49:45,590 - osv_monitor - INFO - [+] 更新同步 all.zip 最后修改时间: 2025-09-22 00:07:11
2025-09-22 00:49:45,590 - osv_monitor - INFO - 已下载 all.zip
2025-09-22 00:49:45,590 - osv_monitor - INFO - [+] 同步 OSV 数据完成
2025-09-22 00:49:45,590 - osv_monitor - INFO - 同步完成
2025-09-22 00:50:53,355 - osv_monitor - INFO - 解压缩文件完成
2025-09-22 12:21:08,899 - osv_monitor - INFO - 开始同步OSV漏洞数据...
2025-09-22 12:21:08,899 - osv_monitor - INFO - 正在搜索主页的生态系统列表...
2025-09-22 12:21:08,899 - osv_monitor - INFO - 正在获取 https://storage.googleapis.com/osv-vulnerabilities/index.html 页面...
2025-09-22 12:21:13,490 - osv_monitor - INFO - 找到 94 个生态系统
2025-09-22 12:21:13,491 - osv_monitor - INFO - all.zip 需要更新
2025-09-22 12:21:17,849 - osv_monitor - INFO - 下载文件 https://storage.googleapis.com/osv-vulnerabilities/all.zip 到 data/all.tmp 成功
2025-09-22 12:21:17,851 - osv_monitor - INFO - [+] 更新同步 all.zip 最后修改时间: 2025-09-22 12:06:55
2025-09-22 12:21:17,851 - osv_monitor - INFO - 已下载 all.zip
2025-09-22 12:21:17,851 - osv_monitor - INFO - [+] 同步 OSV 数据完成
2025-09-22 12:21:17,851 - osv_monitor - INFO - 同步完成
2025-09-22 12:22:22,368 - osv_monitor - INFO - 解压缩文件完成
