2025-08-01 00:56:32,869 - osv_monitor - INFO - 开始同步OSV漏洞数据...
2025-08-01 00:56:32,869 - osv_monitor - INFO - 正在搜索主页的生态系统列表...
2025-08-01 00:56:32,869 - osv_monitor - INFO - 正在获取 https://storage.googleapis.com/osv-vulnerabilities/index.html 页面...
2025-08-01 00:56:36,942 - osv_monitor - INFO - 找到 429 个生态系统
2025-08-01 00:56:36,943 - osv_monitor - INFO - all.zip 需要更新
2025-08-01 00:56:44,309 - osv_monitor - INFO - 下载文件 https://storage.googleapis.com/osv-vulnerabilities/all.zip 到 data/all.tmp 成功
2025-08-01 00:56:44,309 - osv_monitor - INFO - [+] 更新同步 all.zip 最后修改时间: 2025-08-01 00:24:02
2025-08-01 00:56:44,309 - osv_monitor - INFO - 已下载 all.zip
2025-08-01 00:56:44,309 - osv_monitor - INFO - [+] 同步 OSV 数据完成
2025-08-01 00:56:44,310 - osv_monitor - INFO - 同步完成
2025-08-01 00:57:38,747 - osv_monitor - INFO - 解压缩文件完成
2025-08-01 04:12:46,509 - osv_monitor - INFO - 开始同步OSV漏洞数据...
2025-08-01 04:12:46,510 - osv_monitor - INFO - 正在搜索主页的生态系统列表...
2025-08-01 04:12:46,510 - osv_monitor - INFO - 正在获取 https://storage.googleapis.com/osv-vulnerabilities/index.html 页面...
2025-08-01 04:12:52,630 - osv_monitor - INFO - 找到 429 个生态系统
2025-08-01 04:12:52,631 - osv_monitor - INFO - all.zip 需要更新
2025-08-01 04:12:55,704 - osv_monitor - INFO - 下载文件 https://storage.googleapis.com/osv-vulnerabilities/all.zip 到 data/all.tmp 成功
2025-08-01 04:12:55,705 - osv_monitor - INFO - [+] 更新同步 all.zip 最后修改时间: 2025-08-01 03:18:38
2025-08-01 04:12:55,705 - osv_monitor - INFO - 已下载 all.zip
2025-08-01 04:12:55,705 - osv_monitor - INFO - [+] 同步 OSV 数据完成
2025-08-01 04:12:55,705 - osv_monitor - INFO - 同步完成
2025-08-01 04:13:49,946 - osv_monitor - INFO - 解压缩文件完成
2025-08-01 06:19:38,032 - osv_monitor - INFO - 开始同步OSV漏洞数据...
2025-08-01 06:19:38,032 - osv_monitor - INFO - 正在搜索主页的生态系统列表...
2025-08-01 06:19:38,032 - osv_monitor - INFO - 正在获取 https://storage.googleapis.com/osv-vulnerabilities/index.html 页面...
2025-08-01 06:19:43,973 - osv_monitor - INFO - 找到 429 个生态系统
2025-08-01 06:19:43,974 - osv_monitor - INFO - all.zip 需要更新
2025-08-01 06:19:51,200 - osv_monitor - INFO - 下载文件 https://storage.googleapis.com/osv-vulnerabilities/all.zip 到 data/all.tmp 成功
2025-08-01 06:19:51,200 - osv_monitor - INFO - [+] 更新同步 all.zip 最后修改时间: 2025-08-01 06:19:23
2025-08-01 06:19:51,200 - osv_monitor - INFO - 已下载 all.zip
2025-08-01 06:19:51,200 - osv_monitor - INFO - [+] 同步 OSV 数据完成
2025-08-01 06:19:51,200 - osv_monitor - INFO - 同步完成
2025-08-01 06:20:45,830 - osv_monitor - INFO - 解压缩文件完成
2025-08-01 09:18:13,098 - osv_monitor - INFO - 开始同步OSV漏洞数据...
2025-08-01 09:18:13,098 - osv_monitor - INFO - 正在搜索主页的生态系统列表...
2025-08-01 09:18:13,098 - osv_monitor - INFO - 正在获取 https://storage.googleapis.com/osv-vulnerabilities/index.html 页面...
2025-08-01 09:18:18,817 - osv_monitor - INFO - 找到 429 个生态系统
2025-08-01 09:18:18,819 - osv_monitor - INFO - all.zip 需要更新
2025-08-01 09:18:22,220 - osv_monitor - INFO - 下载文件 https://storage.googleapis.com/osv-vulnerabilities/all.zip 到 data/all.tmp 成功
2025-08-01 09:18:22,220 - osv_monitor - INFO - [+] 更新同步 all.zip 最后修改时间: 2025-08-01 08:29:40
2025-08-01 09:18:22,221 - osv_monitor - INFO - 已下载 all.zip
2025-08-01 09:18:22,221 - osv_monitor - INFO - [+] 同步 OSV 数据完成
2025-08-01 09:18:22,221 - osv_monitor - INFO - 同步完成
2025-08-01 09:19:15,874 - osv_monitor - INFO - 解压缩文件完成
2025-08-01 12:19:56,175 - osv_monitor - INFO - 开始同步OSV漏洞数据...
2025-08-01 12:19:56,175 - osv_monitor - INFO - 正在搜索主页的生态系统列表...
2025-08-01 12:19:56,175 - osv_monitor - INFO - 正在获取 https://storage.googleapis.com/osv-vulnerabilities/index.html 页面...
2025-08-01 12:20:00,093 - osv_monitor - INFO - 找到 429 个生态系统
2025-08-01 12:20:00,094 - osv_monitor - INFO - all.zip 需要更新
2025-08-01 12:20:03,941 - osv_monitor - INFO - 下载文件 https://storage.googleapis.com/osv-vulnerabilities/all.zip 到 data/all.tmp 成功
2025-08-01 12:20:03,941 - osv_monitor - INFO - [+] 更新同步 all.zip 最后修改时间: 2025-08-01 11:56:21
2025-08-01 12:20:03,941 - osv_monitor - INFO - 已下载 all.zip
2025-08-01 12:20:03,941 - osv_monitor - INFO - [+] 同步 OSV 数据完成
2025-08-01 12:20:03,942 - osv_monitor - INFO - 同步完成
2025-08-01 12:20:58,598 - osv_monitor - INFO - 解压缩文件完成
2025-08-01 15:13:16,022 - osv_monitor - INFO - 开始同步OSV漏洞数据...
2025-08-01 15:13:16,022 - osv_monitor - INFO - 正在搜索主页的生态系统列表...
2025-08-01 15:13:16,022 - osv_monitor - INFO - 正在获取 https://storage.googleapis.com/osv-vulnerabilities/index.html 页面...
2025-08-01 15:13:21,932 - osv_monitor - INFO - 找到 429 个生态系统
2025-08-01 15:13:21,933 - osv_monitor - INFO - all.zip 需要更新
2025-08-01 15:13:28,782 - osv_monitor - INFO - 下载文件 https://storage.googleapis.com/osv-vulnerabilities/all.zip 到 data/all.tmp 成功
2025-08-01 15:13:28,783 - osv_monitor - INFO - [+] 更新同步 all.zip 最后修改时间: 2025-08-01 14:04:34
2025-08-01 15:13:28,783 - osv_monitor - INFO - 已下载 all.zip
2025-08-01 15:13:28,783 - osv_monitor - INFO - [+] 同步 OSV 数据完成
2025-08-01 15:13:28,783 - osv_monitor - INFO - 同步完成
2025-08-01 15:14:22,719 - osv_monitor - INFO - 解压缩文件完成
2025-08-01 18:17:27,981 - osv_monitor - INFO - 开始同步OSV漏洞数据...
2025-08-01 18:17:27,981 - osv_monitor - INFO - 正在搜索主页的生态系统列表...
2025-08-01 18:17:27,981 - osv_monitor - INFO - 正在获取 https://storage.googleapis.com/osv-vulnerabilities/index.html 页面...
2025-08-01 18:17:34,465 - osv_monitor - INFO - 找到 429 个生态系统
2025-08-01 18:17:34,466 - osv_monitor - INFO - all.zip 需要更新
2025-08-01 18:17:43,888 - osv_monitor - INFO - 下载文件 https://storage.googleapis.com/osv-vulnerabilities/all.zip 到 data/all.tmp 成功
2025-08-01 18:17:43,889 - osv_monitor - INFO - [+] 更新同步 all.zip 最后修改时间: 2025-08-01 17:22:35
2025-08-01 18:17:43,889 - osv_monitor - INFO - 已下载 all.zip
2025-08-01 18:17:43,889 - osv_monitor - INFO - [+] 同步 OSV 数据完成
2025-08-01 18:17:43,889 - osv_monitor - INFO - 同步完成
2025-08-01 18:18:37,678 - osv_monitor - INFO - 解压缩文件完成
2025-08-01 21:10:59,824 - osv_monitor - INFO - 开始同步OSV漏洞数据...
2025-08-01 21:10:59,824 - osv_monitor - INFO - 正在搜索主页的生态系统列表...
2025-08-01 21:10:59,824 - osv_monitor - INFO - 正在获取 https://storage.googleapis.com/osv-vulnerabilities/index.html 页面...
2025-08-01 21:11:03,771 - osv_monitor - INFO - 找到 429 个生态系统
2025-08-01 21:11:03,772 - osv_monitor - INFO - all.zip 需要更新
2025-08-01 21:11:13,364 - osv_monitor - INFO - 下载文件 https://storage.googleapis.com/osv-vulnerabilities/all.zip 到 data/all.tmp 成功
2025-08-01 21:11:13,365 - osv_monitor - INFO - [+] 更新同步 all.zip 最后修改时间: 2025-08-01 21:00:24
2025-08-01 21:11:13,365 - osv_monitor - INFO - 已下载 all.zip
2025-08-01 21:11:13,365 - osv_monitor - INFO - [+] 同步 OSV 数据完成
2025-08-01 21:11:13,365 - osv_monitor - INFO - 同步完成
2025-08-01 21:12:05,858 - osv_monitor - INFO - 解压缩文件完成
