2025-07-23 00:49:17,410 - osv_monitor - INFO - 开始同步OSV漏洞数据...
2025-07-23 00:49:17,410 - osv_monitor - INFO - 正在搜索主页的生态系统列表...
2025-07-23 00:49:17,410 - osv_monitor - INFO - 正在获取 https://storage.googleapis.com/osv-vulnerabilities/index.html 页面...
2025-07-23 00:49:27,155 - osv_monitor - INFO - 找到 429 个生态系统
2025-07-23 00:49:27,156 - osv_monitor - INFO - all.zip 需要更新
2025-07-23 00:49:31,223 - osv_monitor - INFO - 下载文件 https://storage.googleapis.com/osv-vulnerabilities/all.zip 到 data/all.tmp 成功
2025-07-23 00:49:31,223 - osv_monitor - INFO - [+] 更新同步 all.zip 最后修改时间: 2025-07-22 23:48:33
2025-07-23 00:49:31,223 - osv_monitor - INFO - 已下载 all.zip
2025-07-23 00:49:31,223 - osv_monitor - INFO - [+] 同步 OSV 数据完成
2025-07-23 00:49:31,224 - osv_monitor - INFO - 同步完成
2025-07-23 00:50:25,442 - osv_monitor - INFO - 解压缩文件完成
2025-07-23 03:58:25,321 - osv_monitor - INFO - 开始同步OSV漏洞数据...
2025-07-23 03:58:25,321 - osv_monitor - INFO - 正在搜索主页的生态系统列表...
2025-07-23 03:58:25,321 - osv_monitor - INFO - 正在获取 https://storage.googleapis.com/osv-vulnerabilities/index.html 页面...
2025-07-23 03:58:33,188 - osv_monitor - INFO - 找到 429 个生态系统
2025-07-23 03:58:33,189 - osv_monitor - INFO - all.zip 需要更新
2025-07-23 03:58:37,980 - osv_monitor - INFO - 下载文件 https://storage.googleapis.com/osv-vulnerabilities/all.zip 到 data/all.tmp 成功
2025-07-23 03:58:37,980 - osv_monitor - INFO - [+] 更新同步 all.zip 最后修改时间: 2025-07-23 03:50:17
2025-07-23 03:58:37,980 - osv_monitor - INFO - 已下载 all.zip
2025-07-23 03:58:37,980 - osv_monitor - INFO - [+] 同步 OSV 数据完成
2025-07-23 03:58:37,980 - osv_monitor - INFO - 同步完成
2025-07-23 03:59:32,010 - osv_monitor - INFO - 解压缩文件完成
