2025-06-21 00:45:15,513 - osv_monitor - INFO - 开始同步OSV漏洞数据...
2025-06-21 00:45:15,513 - osv_monitor - INFO - 正在搜索主页的生态系统列表...
2025-06-21 00:45:15,513 - osv_monitor - INFO - 正在获取 https://storage.googleapis.com/osv-vulnerabilities/index.html 页面...
2025-06-21 00:45:21,449 - osv_monitor - INFO - 找到 429 个生态系统
2025-06-21 00:45:21,450 - osv_monitor - INFO - all.zip 需要更新
2025-06-21 00:45:25,565 - osv_monitor - INFO - 下载文件 https://storage.googleapis.com/osv-vulnerabilities/all.zip 到 data/all.tmp 成功
2025-06-21 00:45:25,566 - osv_monitor - INFO - [+] 更新同步 all.zip 最后修改时间: 2025-06-21 00:03:24
2025-06-21 00:45:25,566 - osv_monitor - INFO - 已下载 all.zip
2025-06-21 00:45:25,566 - osv_monitor - INFO - [+] 同步 OSV 数据完成
2025-06-21 00:45:25,566 - osv_monitor - INFO - 同步完成
2025-06-21 00:46:21,457 - osv_monitor - INFO - 解压缩文件完成
2025-06-21 03:40:19,186 - osv_monitor - INFO - 开始同步OSV漏洞数据...
2025-06-21 03:40:19,186 - osv_monitor - INFO - 正在搜索主页的生态系统列表...
2025-06-21 03:40:19,186 - osv_monitor - INFO - 正在获取 https://storage.googleapis.com/osv-vulnerabilities/index.html 页面...
2025-06-21 03:40:25,101 - osv_monitor - INFO - 找到 429 个生态系统
2025-06-21 03:40:25,101 - osv_monitor - INFO - all.zip 需要更新
2025-06-21 03:40:29,272 - osv_monitor - INFO - 下载文件 https://storage.googleapis.com/osv-vulnerabilities/all.zip 到 data/all.tmp 成功
2025-06-21 03:40:29,272 - osv_monitor - INFO - [+] 更新同步 all.zip 最后修改时间: 2025-06-21 03:02:51
2025-06-21 03:40:29,272 - osv_monitor - INFO - 已下载 all.zip
2025-06-21 03:40:29,272 - osv_monitor - INFO - [+] 同步 OSV 数据完成
2025-06-21 03:40:29,272 - osv_monitor - INFO - 同步完成
2025-06-21 03:41:26,564 - osv_monitor - INFO - 解压缩文件完成
2025-06-21 06:14:30,896 - osv_monitor - INFO - 开始同步OSV漏洞数据...
2025-06-21 06:14:30,896 - osv_monitor - INFO - 正在搜索主页的生态系统列表...
2025-06-21 06:14:30,896 - osv_monitor - INFO - 正在获取 https://storage.googleapis.com/osv-vulnerabilities/index.html 页面...
2025-06-21 06:14:37,687 - osv_monitor - INFO - 找到 429 个生态系统
2025-06-21 06:14:37,688 - osv_monitor - INFO - all.zip 需要更新
2025-06-21 06:14:41,035 - osv_monitor - INFO - 下载文件 https://storage.googleapis.com/osv-vulnerabilities/all.zip 到 data/all.tmp 成功
2025-06-21 06:14:41,036 - osv_monitor - INFO - [+] 更新同步 all.zip 最后修改时间: 2025-06-21 06:01:54
2025-06-21 06:14:41,036 - osv_monitor - INFO - 已下载 all.zip
2025-06-21 06:14:41,036 - osv_monitor - INFO - [+] 同步 OSV 数据完成
2025-06-21 06:14:41,036 - osv_monitor - INFO - 同步完成
2025-06-21 06:15:37,536 - osv_monitor - INFO - 解压缩文件完成
2025-06-21 09:11:27,683 - osv_monitor - INFO - 开始同步OSV漏洞数据...
2025-06-21 09:11:27,683 - osv_monitor - INFO - 正在搜索主页的生态系统列表...
2025-06-21 09:11:27,684 - osv_monitor - INFO - 正在获取 https://storage.googleapis.com/osv-vulnerabilities/index.html 页面...
2025-06-21 09:11:34,539 - osv_monitor - INFO - 找到 429 个生态系统
2025-06-21 09:11:34,540 - osv_monitor - INFO - all.zip 需要更新
2025-06-21 09:11:40,854 - osv_monitor - INFO - 下载文件 https://storage.googleapis.com/osv-vulnerabilities/all.zip 到 data/all.tmp 成功
2025-06-21 09:11:40,855 - osv_monitor - INFO - [+] 更新同步 all.zip 最后修改时间: 2025-06-21 09:07:44
2025-06-21 09:11:40,855 - osv_monitor - INFO - 已下载 all.zip
2025-06-21 09:11:40,855 - osv_monitor - INFO - [+] 同步 OSV 数据完成
2025-06-21 09:11:40,855 - osv_monitor - INFO - 同步完成
2025-06-21 09:12:36,112 - osv_monitor - INFO - 解压缩文件完成
2025-06-21 12:17:00,722 - osv_monitor - INFO - 开始同步OSV漏洞数据...
2025-06-21 12:17:00,723 - osv_monitor - INFO - 正在搜索主页的生态系统列表...
2025-06-21 12:17:00,723 - osv_monitor - INFO - 正在获取 https://storage.googleapis.com/osv-vulnerabilities/index.html 页面...
2025-06-21 12:17:07,472 - osv_monitor - INFO - 找到 429 个生态系统
2025-06-21 12:17:07,473 - osv_monitor - INFO - all.zip 需要更新
2025-06-21 12:17:11,705 - osv_monitor - INFO - 下载文件 https://storage.googleapis.com/osv-vulnerabilities/all.zip 到 data/all.tmp 成功
2025-06-21 12:17:11,705 - osv_monitor - INFO - [+] 更新同步 all.zip 最后修改时间: 2025-06-21 12:02:12
2025-06-21 12:17:11,705 - osv_monitor - INFO - 已下载 all.zip
2025-06-21 12:17:11,706 - osv_monitor - INFO - [+] 同步 OSV 数据完成
2025-06-21 12:17:11,706 - osv_monitor - INFO - 同步完成
2025-06-21 12:18:09,392 - osv_monitor - INFO - 解压缩文件完成
2025-06-21 15:10:59,078 - osv_monitor - INFO - 开始同步OSV漏洞数据...
2025-06-21 15:10:59,079 - osv_monitor - INFO - 正在搜索主页的生态系统列表...
2025-06-21 15:10:59,079 - osv_monitor - INFO - 正在获取 https://storage.googleapis.com/osv-vulnerabilities/index.html 页面...
2025-06-21 15:11:05,535 - osv_monitor - INFO - 找到 429 个生态系统
2025-06-21 15:11:05,536 - osv_monitor - INFO - all.zip 需要更新
2025-06-21 15:11:10,707 - osv_monitor - INFO - 下载文件 https://storage.googleapis.com/osv-vulnerabilities/all.zip 到 data/all.tmp 成功
2025-06-21 15:11:10,708 - osv_monitor - INFO - [+] 更新同步 all.zip 最后修改时间: 2025-06-21 15:04:05
2025-06-21 15:11:10,708 - osv_monitor - INFO - 已下载 all.zip
2025-06-21 15:11:10,708 - osv_monitor - INFO - [+] 同步 OSV 数据完成
2025-06-21 15:11:10,709 - osv_monitor - INFO - 同步完成
2025-06-21 15:12:05,774 - osv_monitor - INFO - 解压缩文件完成
2025-06-21 18:13:50,307 - osv_monitor - INFO - 开始同步OSV漏洞数据...
2025-06-21 18:13:50,307 - osv_monitor - INFO - 正在搜索主页的生态系统列表...
2025-06-21 18:13:50,307 - osv_monitor - INFO - 正在获取 https://storage.googleapis.com/osv-vulnerabilities/index.html 页面...
2025-06-21 18:13:57,843 - osv_monitor - INFO - 找到 429 个生态系统
2025-06-21 18:13:57,844 - osv_monitor - INFO - all.zip 需要更新
2025-06-21 18:14:02,259 - osv_monitor - INFO - 下载文件 https://storage.googleapis.com/osv-vulnerabilities/all.zip 到 data/all.tmp 成功
2025-06-21 18:14:02,260 - osv_monitor - INFO - [+] 更新同步 all.zip 最后修改时间: 2025-06-21 18:09:53
2025-06-21 18:14:02,260 - osv_monitor - INFO - 已下载 all.zip
2025-06-21 18:14:02,260 - osv_monitor - INFO - [+] 同步 OSV 数据完成
2025-06-21 18:14:02,260 - osv_monitor - INFO - 同步完成
2025-06-21 18:14:58,687 - osv_monitor - INFO - 解压缩文件完成
2025-06-21 21:10:15,470 - osv_monitor - INFO - 开始同步OSV漏洞数据...
2025-06-21 21:10:15,470 - osv_monitor - INFO - 正在搜索主页的生态系统列表...
2025-06-21 21:10:15,470 - osv_monitor - INFO - 正在获取 https://storage.googleapis.com/osv-vulnerabilities/index.html 页面...
2025-06-21 21:10:22,265 - osv_monitor - INFO - 找到 429 个生态系统
2025-06-21 21:10:22,265 - osv_monitor - INFO - all.zip 需要更新
2025-06-21 21:10:27,433 - osv_monitor - INFO - 下载文件 https://storage.googleapis.com/osv-vulnerabilities/all.zip 到 data/all.tmp 成功
2025-06-21 21:10:27,434 - osv_monitor - INFO - [+] 更新同步 all.zip 最后修改时间: 2025-06-21 21:04:09
2025-06-21 21:10:27,434 - osv_monitor - INFO - 已下载 all.zip
2025-06-21 21:10:27,434 - osv_monitor - INFO - [+] 同步 OSV 数据完成
2025-06-21 21:10:27,434 - osv_monitor - INFO - 同步完成
2025-06-21 21:11:23,350 - osv_monitor - INFO - 解压缩文件完成
