2025-12-06 00:05:27,317 - osv_monitor - INFO - 开始同步OSV漏洞数据...
2025-12-06 00:05:27,317 - osv_monitor - INFO - 正在搜索主页的生态系统列表...
2025-12-06 00:05:27,317 - osv_monitor - INFO - 正在获取 https://storage.googleapis.com/osv-vulnerabilities/index.html 页面...
2025-12-06 00:05:29,470 - osv_monitor - INFO - 找到 97 个生态系统
2025-12-06 00:05:29,471 - osv_monitor - INFO - all.zip 需要更新
2025-12-06 00:06:55,694 - osv_monitor - INFO - 下载文件 https://storage.googleapis.com/osv-vulnerabilities/all.zip 到 data/all.tmp 成功
2025-12-06 00:06:55,696 - osv_monitor - INFO - [+] 更新同步 all.zip 最后修改时间: 2025-12-05 23:58:32
2025-12-06 00:06:55,696 - osv_monitor - INFO - 已下载 all.zip
2025-12-06 00:06:55,696 - osv_monitor - INFO - [+] 同步 OSV 数据完成
2025-12-06 00:06:55,696 - osv_monitor - INFO - 同步完成
2025-12-06 00:08:28,538 - osv_monitor - INFO - 解压缩文件完成
2025-12-06 12:03:29,819 - osv_monitor - INFO - 开始同步OSV漏洞数据...
2025-12-06 12:03:29,820 - osv_monitor - INFO - 正在搜索主页的生态系统列表...
2025-12-06 12:03:29,820 - osv_monitor - INFO - 正在获取 https://storage.googleapis.com/osv-vulnerabilities/index.html 页面...
2025-12-06 12:03:32,412 - osv_monitor - INFO - 找到 97 个生态系统
2025-12-06 12:03:32,414 - osv_monitor - INFO - all.zip 需要更新
2025-12-06 12:03:38,588 - osv_monitor - INFO - 下载文件 https://storage.googleapis.com/osv-vulnerabilities/all.zip 到 data/all.tmp 成功
2025-12-06 12:03:38,591 - osv_monitor - INFO - [+] 更新同步 all.zip 最后修改时间: 2025-12-06 11:58:37
2025-12-06 12:03:38,591 - osv_monitor - INFO - 已下载 all.zip
2025-12-06 12:03:38,591 - osv_monitor - INFO - [+] 同步 OSV 数据完成
2025-12-06 12:03:38,591 - osv_monitor - INFO - 同步完成
2025-12-06 12:05:09,833 - osv_monitor - INFO - 解压缩文件完成
