2025-09-02 00:45:28,824 - osv_monitor - INFO - 开始同步OSV漏洞数据...
2025-09-02 00:45:28,825 - osv_monitor - INFO - 正在搜索主页的生态系统列表...
2025-09-02 00:45:28,825 - osv_monitor - INFO - 正在获取 https://storage.googleapis.com/osv-vulnerabilities/index.html 页面...
2025-09-02 00:45:33,003 - osv_monitor - INFO - 找到 92 个生态系统
2025-09-02 00:45:33,004 - osv_monitor - INFO - all.zip 需要更新
2025-09-02 00:45:36,814 - osv_monitor - INFO - 下载文件 https://storage.googleapis.com/osv-vulnerabilities/all.zip 到 data/all.tmp 成功
2025-09-02 00:45:36,816 - osv_monitor - INFO - [+] 更新同步 all.zip 最后修改时间: 2025-09-01 23:49:31
2025-09-02 00:45:36,816 - osv_monitor - INFO - 已下载 all.zip
2025-09-02 00:45:36,816 - osv_monitor - INFO - [+] 同步 OSV 数据完成
2025-09-02 00:45:36,816 - osv_monitor - INFO - 同步完成
2025-09-02 00:46:38,289 - osv_monitor - INFO - 解压缩文件完成
2025-09-02 12:20:20,428 - osv_monitor - INFO - 开始同步OSV漏洞数据...
2025-09-02 12:20:20,428 - osv_monitor - INFO - 正在搜索主页的生态系统列表...
2025-09-02 12:20:20,429 - osv_monitor - INFO - 正在获取 https://storage.googleapis.com/osv-vulnerabilities/index.html 页面...
2025-09-02 12:20:23,667 - osv_monitor - INFO - 找到 92 个生态系统
2025-09-02 12:20:23,668 - osv_monitor - INFO - all.zip 需要更新
2025-09-02 12:20:27,015 - osv_monitor - INFO - 下载文件 https://storage.googleapis.com/osv-vulnerabilities/all.zip 到 data/all.tmp 成功
2025-09-02 12:20:27,017 - osv_monitor - INFO - [+] 更新同步 all.zip 最后修改时间: 2025-09-02 11:52:34
2025-09-02 12:20:27,017 - osv_monitor - INFO - 已下载 all.zip
2025-09-02 12:20:27,017 - osv_monitor - INFO - [+] 同步 OSV 数据完成
2025-09-02 12:20:27,017 - osv_monitor - INFO - 同步完成
2025-09-02 12:21:27,636 - osv_monitor - INFO - 解压缩文件完成
