2025-12-01 00:05:44,568 - osv_monitor - INFO - 开始同步OSV漏洞数据...
2025-12-01 00:05:44,568 - osv_monitor - INFO - 正在搜索主页的生态系统列表...
2025-12-01 00:05:44,568 - osv_monitor - INFO - 正在获取 https://storage.googleapis.com/osv-vulnerabilities/index.html 页面...
2025-12-01 00:05:48,021 - osv_monitor - INFO - 找到 97 个生态系统
2025-12-01 00:05:48,022 - osv_monitor - INFO - all.zip 需要更新
2025-12-01 00:05:53,990 - osv_monitor - INFO - 下载文件 https://storage.googleapis.com/osv-vulnerabilities/all.zip 到 data/all.tmp 成功
2025-12-01 00:05:53,992 - osv_monitor - INFO - [+] 更新同步 all.zip 最后修改时间: 2025-11-30 23:58:42
2025-12-01 00:05:53,992 - osv_monitor - INFO - 已下载 all.zip
2025-12-01 00:05:53,992 - osv_monitor - INFO - [+] 同步 OSV 数据完成
2025-12-01 00:05:53,992 - osv_monitor - INFO - 同步完成
2025-12-01 00:07:25,389 - osv_monitor - INFO - 解压缩文件完成
2025-12-01 12:04:17,684 - osv_monitor - INFO - 开始同步OSV漏洞数据...
2025-12-01 12:04:17,684 - osv_monitor - INFO - 正在搜索主页的生态系统列表...
2025-12-01 12:04:17,684 - osv_monitor - INFO - 正在获取 https://storage.googleapis.com/osv-vulnerabilities/index.html 页面...
2025-12-01 12:04:20,049 - osv_monitor - INFO - 找到 97 个生态系统
2025-12-01 12:04:20,050 - osv_monitor - INFO - all.zip 需要更新
2025-12-01 12:04:25,038 - osv_monitor - INFO - 下载文件 https://storage.googleapis.com/osv-vulnerabilities/all.zip 到 data/all.tmp 成功
2025-12-01 12:04:25,040 - osv_monitor - INFO - [+] 更新同步 all.zip 最后修改时间: 2025-12-01 11:58:20
2025-12-01 12:04:25,040 - osv_monitor - INFO - 已下载 all.zip
2025-12-01 12:04:25,040 - osv_monitor - INFO - [+] 同步 OSV 数据完成
2025-12-01 12:04:25,040 - osv_monitor - INFO - 同步完成
2025-12-01 12:05:55,940 - osv_monitor - INFO - 解压缩文件完成
