2025-09-04 00:42:29,154 - osv_monitor - INFO - 开始同步OSV漏洞数据...
2025-09-04 00:42:29,154 - osv_monitor - INFO - 正在搜索主页的生态系统列表...
2025-09-04 00:42:29,154 - osv_monitor - INFO - 正在获取 https://storage.googleapis.com/osv-vulnerabilities/index.html 页面...
2025-09-04 00:42:32,979 - osv_monitor - INFO - 找到 93 个生态系统
2025-09-04 00:42:32,981 - osv_monitor - INFO - all.zip 需要更新
2025-09-04 00:42:37,448 - osv_monitor - INFO - 下载文件 https://storage.googleapis.com/osv-vulnerabilities/all.zip 到 data/all.tmp 成功
2025-09-04 00:42:37,450 - osv_monitor - INFO - [+] 更新同步 all.zip 最后修改时间: 2025-09-03 23:49:32
2025-09-04 00:42:37,450 - osv_monitor - INFO - 已下载 all.zip
2025-09-04 00:42:37,450 - osv_monitor - INFO - [+] 同步 OSV 数据完成
2025-09-04 00:42:37,450 - osv_monitor - INFO - 同步完成
2025-09-04 00:43:40,513 - osv_monitor - INFO - 解压缩文件完成
2025-09-04 12:19:05,525 - osv_monitor - INFO - 开始同步OSV漏洞数据...
2025-09-04 12:19:05,526 - osv_monitor - INFO - 正在搜索主页的生态系统列表...
2025-09-04 12:19:05,526 - osv_monitor - INFO - 正在获取 https://storage.googleapis.com/osv-vulnerabilities/index.html 页面...
2025-09-04 12:19:08,842 - osv_monitor - INFO - 找到 93 个生态系统
2025-09-04 12:19:08,843 - osv_monitor - INFO - all.zip 需要更新
2025-09-04 12:19:15,096 - osv_monitor - INFO - 下载文件 https://storage.googleapis.com/osv-vulnerabilities/all.zip 到 data/all.tmp 成功
2025-09-04 12:19:15,098 - osv_monitor - INFO - [+] 更新同步 all.zip 最后修改时间: 2025-09-04 11:46:00
2025-09-04 12:19:15,099 - osv_monitor - INFO - 已下载 all.zip
2025-09-04 12:19:15,099 - osv_monitor - INFO - [+] 同步 OSV 数据完成
2025-09-04 12:19:15,099 - osv_monitor - INFO - 同步完成
2025-09-04 12:20:16,020 - osv_monitor - INFO - 解压缩文件完成
