2025-11-13 00:05:52,765 - osv_monitor - INFO - 开始同步OSV漏洞数据...
2025-11-13 00:05:52,765 - osv_monitor - INFO - 正在搜索主页的生态系统列表...
2025-11-13 00:05:52,765 - osv_monitor - INFO - 正在获取 https://storage.googleapis.com/osv-vulnerabilities/index.html 页面...
2025-11-13 00:05:55,595 - osv_monitor - INFO - 找到 96 个生态系统
2025-11-13 00:05:55,596 - osv_monitor - INFO - all.zip 需要更新
2025-11-13 00:06:03,141 - osv_monitor - INFO - 下载文件 https://storage.googleapis.com/osv-vulnerabilities/all.zip 到 data/all.tmp 成功
2025-11-13 00:06:03,143 - osv_monitor - INFO - [+] 更新同步 all.zip 最后修改时间: 2025-11-12 23:58:36
2025-11-13 00:06:03,143 - osv_monitor - INFO - 已下载 all.zip
2025-11-13 00:06:03,143 - osv_monitor - INFO - [+] 同步 OSV 数据完成
2025-11-13 00:06:03,144 - osv_monitor - INFO - 同步完成
2025-11-13 00:07:34,194 - osv_monitor - INFO - 解压缩文件完成
2025-11-13 12:04:19,479 - osv_monitor - INFO - 开始同步OSV漏洞数据...
2025-11-13 12:04:19,479 - osv_monitor - INFO - 正在搜索主页的生态系统列表...
2025-11-13 12:04:19,479 - osv_monitor - INFO - 正在获取 https://storage.googleapis.com/osv-vulnerabilities/index.html 页面...
2025-11-13 12:04:21,543 - osv_monitor - INFO - 找到 96 个生态系统
2025-11-13 12:04:21,544 - osv_monitor - INFO - all.zip 需要更新
2025-11-13 12:04:25,210 - osv_monitor - INFO - 下载文件 https://storage.googleapis.com/osv-vulnerabilities/all.zip 到 data/all.tmp 成功
2025-11-13 12:04:25,212 - osv_monitor - INFO - [+] 更新同步 all.zip 最后修改时间: 2025-11-13 11:58:30
2025-11-13 12:04:25,212 - osv_monitor - INFO - 已下载 all.zip
2025-11-13 12:04:25,212 - osv_monitor - INFO - [+] 同步 OSV 数据完成
2025-11-13 12:04:25,213 - osv_monitor - INFO - 同步完成
2025-11-13 12:05:56,242 - osv_monitor - INFO - 解压缩文件完成
