2025-06-13 00:44:55,806 - osv_monitor - INFO - 开始同步OSV漏洞数据...
2025-06-13 00:44:55,807 - osv_monitor - INFO - 正在搜索主页的生态系统列表...
2025-06-13 00:44:55,807 - osv_monitor - INFO - 正在获取 https://storage.googleapis.com/osv-vulnerabilities/index.html 页面...
2025-06-13 00:45:01,588 - osv_monitor - INFO - 找到 429 个生态系统
2025-06-13 00:45:01,589 - osv_monitor - INFO - all.zip 需要更新
2025-06-13 00:45:05,525 - osv_monitor - INFO - 下载文件 https://storage.googleapis.com/osv-vulnerabilities/all.zip 到 data/all.tmp 成功
2025-06-13 00:45:05,526 - osv_monitor - INFO - [+] 更新同步 all.zip 最后修改时间: 2025-06-12 23:33:32
2025-06-13 00:45:05,526 - osv_monitor - INFO - 已下载 all.zip
2025-06-13 00:45:05,526 - osv_monitor - INFO - [+] 同步 OSV 数据完成
2025-06-13 00:45:05,526 - osv_monitor - INFO - 同步完成
2025-06-13 00:45:59,511 - osv_monitor - INFO - 解压缩文件完成
2025-06-13 03:42:30,111 - osv_monitor - INFO - 开始同步OSV漏洞数据...
2025-06-13 03:42:30,111 - osv_monitor - INFO - 正在搜索主页的生态系统列表...
2025-06-13 03:42:30,111 - osv_monitor - INFO - 正在获取 https://storage.googleapis.com/osv-vulnerabilities/index.html 页面...
2025-06-13 03:42:37,035 - osv_monitor - INFO - 找到 429 个生态系统
2025-06-13 03:42:37,036 - osv_monitor - INFO - all.zip 需要更新
2025-06-13 03:42:44,178 - osv_monitor - INFO - 下载文件 https://storage.googleapis.com/osv-vulnerabilities/all.zip 到 data/all.tmp 成功
2025-06-13 03:42:44,179 - osv_monitor - INFO - [+] 更新同步 all.zip 最后修改时间: 2025-06-13 02:49:14
2025-06-13 03:42:44,179 - osv_monitor - INFO - 已下载 all.zip
2025-06-13 03:42:44,179 - osv_monitor - INFO - [+] 同步 OSV 数据完成
2025-06-13 03:42:44,179 - osv_monitor - INFO - 同步完成
2025-06-13 03:43:40,558 - osv_monitor - INFO - 解压缩文件完成
2025-06-13 06:15:47,901 - osv_monitor - INFO - 开始同步OSV漏洞数据...
2025-06-13 06:15:47,901 - osv_monitor - INFO - 正在搜索主页的生态系统列表...
2025-06-13 06:15:47,901 - osv_monitor - INFO - 正在获取 https://storage.googleapis.com/osv-vulnerabilities/index.html 页面...
2025-06-13 06:15:54,123 - osv_monitor - INFO - 找到 429 个生态系统
2025-06-13 06:15:54,124 - osv_monitor - INFO - all.zip 需要更新
2025-06-13 06:15:56,593 - osv_monitor - INFO - 下载文件 https://storage.googleapis.com/osv-vulnerabilities/all.zip 到 data/all.tmp 成功
2025-06-13 06:15:56,594 - osv_monitor - INFO - [+] 更新同步 all.zip 最后修改时间: 2025-06-13 05:39:41
2025-06-13 06:15:56,594 - osv_monitor - INFO - 已下载 all.zip
2025-06-13 06:15:56,594 - osv_monitor - INFO - [+] 同步 OSV 数据完成
2025-06-13 06:15:56,594 - osv_monitor - INFO - 同步完成
2025-06-13 06:16:51,307 - osv_monitor - INFO - 解压缩文件完成
2025-06-13 09:12:25,197 - osv_monitor - INFO - 开始同步OSV漏洞数据...
2025-06-13 09:12:25,197 - osv_monitor - INFO - 正在搜索主页的生态系统列表...
2025-06-13 09:12:25,197 - osv_monitor - INFO - 正在获取 https://storage.googleapis.com/osv-vulnerabilities/index.html 页面...
2025-06-13 09:12:31,436 - osv_monitor - INFO - 找到 429 个生态系统
2025-06-13 09:12:31,437 - osv_monitor - INFO - all.zip 需要更新
2025-06-13 09:12:37,702 - osv_monitor - INFO - 下载文件 https://storage.googleapis.com/osv-vulnerabilities/all.zip 到 data/all.tmp 成功
2025-06-13 09:12:37,703 - osv_monitor - INFO - [+] 更新同步 all.zip 最后修改时间: 2025-06-13 08:38:27
2025-06-13 09:12:37,703 - osv_monitor - INFO - 已下载 all.zip
2025-06-13 09:12:37,703 - osv_monitor - INFO - [+] 同步 OSV 数据完成
2025-06-13 09:12:37,703 - osv_monitor - INFO - 同步完成
2025-06-13 09:13:32,133 - osv_monitor - INFO - 解压缩文件完成
2025-06-13 12:17:48,138 - osv_monitor - INFO - 开始同步OSV漏洞数据...
2025-06-13 12:17:48,138 - osv_monitor - INFO - 正在搜索主页的生态系统列表...
2025-06-13 12:17:48,138 - osv_monitor - INFO - 正在获取 https://storage.googleapis.com/osv-vulnerabilities/index.html 页面...
2025-06-13 12:17:54,214 - osv_monitor - INFO - 找到 429 个生态系统
2025-06-13 12:17:54,214 - osv_monitor - INFO - all.zip 需要更新
2025-06-13 12:17:57,580 - osv_monitor - INFO - 下载文件 https://storage.googleapis.com/osv-vulnerabilities/all.zip 到 data/all.tmp 成功
2025-06-13 12:17:57,581 - osv_monitor - INFO - [+] 更新同步 all.zip 最后修改时间: 2025-06-13 11:37:26
2025-06-13 12:17:57,581 - osv_monitor - INFO - 已下载 all.zip
2025-06-13 12:17:57,581 - osv_monitor - INFO - [+] 同步 OSV 数据完成
2025-06-13 12:17:57,581 - osv_monitor - INFO - 同步完成
2025-06-13 12:18:53,780 - osv_monitor - INFO - 解压缩文件完成
2025-06-13 15:11:53,921 - osv_monitor - INFO - 开始同步OSV漏洞数据...
2025-06-13 15:11:53,921 - osv_monitor - INFO - 正在搜索主页的生态系统列表...
2025-06-13 15:11:53,921 - osv_monitor - INFO - 正在获取 https://storage.googleapis.com/osv-vulnerabilities/index.html 页面...
2025-06-13 15:12:02,120 - osv_monitor - INFO - 找到 429 个生态系统
2025-06-13 15:12:02,121 - osv_monitor - INFO - all.zip 需要更新
2025-06-13 15:12:05,131 - osv_monitor - INFO - 下载文件 https://storage.googleapis.com/osv-vulnerabilities/all.zip 到 data/all.tmp 成功
2025-06-13 15:12:05,131 - osv_monitor - INFO - [+] 更新同步 all.zip 最后修改时间: 2025-06-13 14:33:46
2025-06-13 15:12:05,131 - osv_monitor - INFO - 已下载 all.zip
2025-06-13 15:12:05,131 - osv_monitor - INFO - [+] 同步 OSV 数据完成
2025-06-13 15:12:05,132 - osv_monitor - INFO - 同步完成
2025-06-13 15:13:01,609 - osv_monitor - INFO - 解压缩文件完成
