2025-07-08 00:46:07,217 - osv_monitor - INFO - 开始同步OSV漏洞数据...
2025-07-08 00:46:07,217 - osv_monitor - INFO - 正在搜索主页的生态系统列表...
2025-07-08 00:46:07,217 - osv_monitor - INFO - 正在获取 https://storage.googleapis.com/osv-vulnerabilities/index.html 页面...
2025-07-08 00:46:11,244 - osv_monitor - INFO - 找到 429 个生态系统
2025-07-08 00:46:11,245 - osv_monitor - INFO - all.zip 需要更新
2025-07-08 00:46:17,754 - osv_monitor - INFO - 下载文件 https://storage.googleapis.com/osv-vulnerabilities/all.zip 到 data/all.tmp 成功
2025-07-08 00:46:17,754 - osv_monitor - INFO - [+] 更新同步 all.zip 最后修改时间: 2025-07-07 23:46:52
2025-07-08 00:46:17,754 - osv_monitor - INFO - 已下载 all.zip
2025-07-08 00:46:17,755 - osv_monitor - INFO - [+] 同步 OSV 数据完成
2025-07-08 00:46:17,755 - osv_monitor - INFO - 同步完成
2025-07-08 00:47:14,383 - osv_monitor - INFO - 解压缩文件完成
2025-07-08 03:47:13,420 - osv_monitor - INFO - 开始同步OSV漏洞数据...
2025-07-08 03:47:13,421 - osv_monitor - INFO - 正在搜索主页的生态系统列表...
2025-07-08 03:47:13,421 - osv_monitor - INFO - 正在获取 https://storage.googleapis.com/osv-vulnerabilities/index.html 页面...
2025-07-08 03:47:19,943 - osv_monitor - INFO - 找到 429 个生态系统
2025-07-08 03:47:19,944 - osv_monitor - INFO - all.zip 需要更新
2025-07-08 03:47:26,129 - osv_monitor - INFO - 下载文件 https://storage.googleapis.com/osv-vulnerabilities/all.zip 到 data/all.tmp 成功
2025-07-08 03:47:26,130 - osv_monitor - INFO - [+] 更新同步 all.zip 最后修改时间: 2025-07-08 02:38:33
2025-07-08 03:47:26,130 - osv_monitor - INFO - 已下载 all.zip
2025-07-08 03:47:26,130 - osv_monitor - INFO - [+] 同步 OSV 数据完成
2025-07-08 03:47:26,130 - osv_monitor - INFO - 同步完成
2025-07-08 03:48:23,360 - osv_monitor - INFO - 解压缩文件完成
2025-07-08 06:16:06,707 - osv_monitor - INFO - 开始同步OSV漏洞数据...
2025-07-08 06:16:06,707 - osv_monitor - INFO - 正在搜索主页的生态系统列表...
2025-07-08 06:16:06,707 - osv_monitor - INFO - 正在获取 https://storage.googleapis.com/osv-vulnerabilities/index.html 页面...
2025-07-08 06:16:10,653 - osv_monitor - INFO - 找到 429 个生态系统
2025-07-08 06:16:10,654 - osv_monitor - INFO - all.zip 需要更新
2025-07-08 06:16:18,511 - osv_monitor - INFO - 下载文件 https://storage.googleapis.com/osv-vulnerabilities/all.zip 到 data/all.tmp 成功
2025-07-08 06:16:18,512 - osv_monitor - INFO - [+] 更新同步 all.zip 最后修改时间: 2025-07-08 05:45:39
2025-07-08 06:16:18,512 - osv_monitor - INFO - 已下载 all.zip
2025-07-08 06:16:18,512 - osv_monitor - INFO - [+] 同步 OSV 数据完成
2025-07-08 06:16:18,512 - osv_monitor - INFO - 同步完成
2025-07-08 06:17:15,462 - osv_monitor - INFO - 解压缩文件完成
