2025-06-10 00:46:02,005 - osv_monitor - INFO - 开始同步OSV漏洞数据...
2025-06-10 00:46:02,005 - osv_monitor - INFO - 正在搜索主页的生态系统列表...
2025-06-10 00:46:02,005 - osv_monitor - INFO - 正在获取 https://storage.googleapis.com/osv-vulnerabilities/index.html 页面...
2025-06-10 00:46:09,320 - osv_monitor - INFO - 找到 429 个生态系统
2025-06-10 00:46:09,321 - osv_monitor - INFO - all.zip 需要更新
2025-06-10 00:46:13,721 - osv_monitor - INFO - 下载文件 https://storage.googleapis.com/osv-vulnerabilities/all.zip 到 data/all.tmp 成功
2025-06-10 00:46:13,722 - osv_monitor - INFO - [+] 更新同步 all.zip 最后修改时间: 2025-06-10 00:35:18
2025-06-10 00:46:13,722 - osv_monitor - INFO - 已下载 all.zip
2025-06-10 00:46:13,722 - osv_monitor - INFO - [+] 同步 OSV 数据完成
2025-06-10 00:46:13,722 - osv_monitor - INFO - 同步完成
2025-06-10 00:47:08,396 - osv_monitor - INFO - 解压缩文件完成
2025-06-10 03:44:08,106 - osv_monitor - INFO - 开始同步OSV漏洞数据...
2025-06-10 03:44:08,106 - osv_monitor - INFO - 正在搜索主页的生态系统列表...
2025-06-10 03:44:08,106 - osv_monitor - INFO - 正在获取 https://storage.googleapis.com/osv-vulnerabilities/index.html 页面...
2025-06-10 03:44:15,437 - osv_monitor - INFO - 找到 429 个生态系统
2025-06-10 03:44:15,438 - osv_monitor - INFO - all.zip 需要更新
2025-06-10 03:44:20,901 - osv_monitor - INFO - 下载文件 https://storage.googleapis.com/osv-vulnerabilities/all.zip 到 data/all.tmp 成功
2025-06-10 03:44:20,902 - osv_monitor - INFO - [+] 更新同步 all.zip 最后修改时间: 2025-06-10 03:31:07
2025-06-10 03:44:20,902 - osv_monitor - INFO - 已下载 all.zip
2025-06-10 03:44:20,902 - osv_monitor - INFO - [+] 同步 OSV 数据完成
2025-06-10 03:44:20,902 - osv_monitor - INFO - 同步完成
2025-06-10 03:45:17,229 - osv_monitor - INFO - 解压缩文件完成
