2025-09-15 00:46:53,949 - osv_monitor - INFO - 开始同步OSV漏洞数据...
2025-09-15 00:46:53,949 - osv_monitor - INFO - 正在搜索主页的生态系统列表...
2025-09-15 00:46:53,949 - osv_monitor - INFO - 正在获取 https://storage.googleapis.com/osv-vulnerabilities/index.html 页面...
2025-09-15 00:46:57,258 - osv_monitor - INFO - 找到 93 个生态系统
2025-09-15 00:46:57,259 - osv_monitor - INFO - all.zip 需要更新
2025-09-15 00:47:06,042 - osv_monitor - INFO - 下载文件 https://storage.googleapis.com/osv-vulnerabilities/all.zip 到 data/all.tmp 成功
2025-09-15 00:47:06,044 - osv_monitor - INFO - [+] 更新同步 all.zip 最后修改时间: 2025-09-15 00:31:42
2025-09-15 00:47:06,044 - osv_monitor - INFO - 已下载 all.zip
2025-09-15 00:47:06,044 - osv_monitor - INFO - [+] 同步 OSV 数据完成
2025-09-15 00:47:06,044 - osv_monitor - INFO - 同步完成
2025-09-15 00:48:15,048 - osv_monitor - INFO - 解压缩文件完成
2025-09-15 12:19:36,599 - osv_monitor - INFO - 开始同步OSV漏洞数据...
2025-09-15 12:19:36,599 - osv_monitor - INFO - 正在搜索主页的生态系统列表...
2025-09-15 12:19:36,599 - osv_monitor - INFO - 正在获取 https://storage.googleapis.com/osv-vulnerabilities/index.html 页面...
2025-09-15 12:19:39,607 - osv_monitor - INFO - 找到 94 个生态系统
2025-09-15 12:19:39,608 - osv_monitor - INFO - all.zip 需要更新
2025-09-15 12:19:46,121 - osv_monitor - INFO - 下载文件 https://storage.googleapis.com/osv-vulnerabilities/all.zip 到 data/all.tmp 成功
2025-09-15 12:19:46,123 - osv_monitor - INFO - [+] 更新同步 all.zip 最后修改时间: 2025-09-15 11:05:48
2025-09-15 12:19:46,124 - osv_monitor - INFO - 已下载 all.zip
2025-09-15 12:19:46,124 - osv_monitor - INFO - [+] 同步 OSV 数据完成
2025-09-15 12:19:46,124 - osv_monitor - INFO - 同步完成
2025-09-15 12:20:51,126 - osv_monitor - INFO - 解压缩文件完成
