2025-06-30 00:48:51,380 - osv_monitor - INFO - 开始同步OSV漏洞数据...
2025-06-30 00:48:51,380 - osv_monitor - INFO - 正在搜索主页的生态系统列表...
2025-06-30 00:48:51,380 - osv_monitor - INFO - 正在获取 https://storage.googleapis.com/osv-vulnerabilities/index.html 页面...
2025-06-30 00:48:57,810 - osv_monitor - INFO - 找到 429 个生态系统
2025-06-30 00:48:57,811 - osv_monitor - INFO - all.zip 需要更新
2025-06-30 00:49:03,472 - osv_monitor - INFO - 下载文件 https://storage.googleapis.com/osv-vulnerabilities/all.zip 到 data/all.tmp 成功
2025-06-30 00:49:03,472 - osv_monitor - INFO - [+] 更新同步 all.zip 最后修改时间: 2025-06-29 23:40:08
2025-06-30 00:49:03,472 - osv_monitor - INFO - 已下载 all.zip
2025-06-30 00:49:03,472 - osv_monitor - INFO - [+] 同步 OSV 数据完成
2025-06-30 00:49:03,472 - osv_monitor - INFO - 同步完成
2025-06-30 00:50:01,105 - osv_monitor - INFO - 解压缩文件完成
2025-06-30 03:50:12,212 - osv_monitor - INFO - 开始同步OSV漏洞数据...
2025-06-30 03:50:12,213 - osv_monitor - INFO - 正在搜索主页的生态系统列表...
2025-06-30 03:50:12,213 - osv_monitor - INFO - 正在获取 https://storage.googleapis.com/osv-vulnerabilities/index.html 页面...
2025-06-30 03:50:17,381 - osv_monitor - INFO - 找到 429 个生态系统
2025-06-30 03:50:17,382 - osv_monitor - INFO - all.zip 需要更新
2025-06-30 03:50:20,470 - osv_monitor - INFO - 下载文件 https://storage.googleapis.com/osv-vulnerabilities/all.zip 到 data/all.tmp 成功
2025-06-30 03:50:20,470 - osv_monitor - INFO - [+] 更新同步 all.zip 最后修改时间: 2025-06-30 02:40:13
2025-06-30 03:50:20,470 - osv_monitor - INFO - 已下载 all.zip
2025-06-30 03:50:20,470 - osv_monitor - INFO - [+] 同步 OSV 数据完成
2025-06-30 03:50:20,471 - osv_monitor - INFO - 同步完成
2025-06-30 03:51:16,811 - osv_monitor - INFO - 解压缩文件完成
2025-06-30 06:16:36,206 - osv_monitor - INFO - 开始同步OSV漏洞数据...
2025-06-30 06:16:36,206 - osv_monitor - INFO - 正在搜索主页的生态系统列表...
2025-06-30 06:16:36,206 - osv_monitor - INFO - 正在获取 https://storage.googleapis.com/osv-vulnerabilities/index.html 页面...
2025-06-30 06:16:40,086 - osv_monitor - INFO - 找到 429 个生态系统
2025-06-30 06:16:40,087 - osv_monitor - INFO - all.zip 需要更新
2025-06-30 06:16:47,000 - osv_monitor - INFO - 下载文件 https://storage.googleapis.com/osv-vulnerabilities/all.zip 到 data/all.tmp 成功
2025-06-30 06:16:47,000 - osv_monitor - INFO - [+] 更新同步 all.zip 最后修改时间: 2025-06-30 05:34:40
2025-06-30 06:16:47,000 - osv_monitor - INFO - 已下载 all.zip
2025-06-30 06:16:47,000 - osv_monitor - INFO - [+] 同步 OSV 数据完成
2025-06-30 06:16:47,000 - osv_monitor - INFO - 同步完成
2025-06-30 06:17:43,121 - osv_monitor - INFO - 解压缩文件完成
2025-06-30 09:15:04,289 - osv_monitor - INFO - 开始同步OSV漏洞数据...
2025-06-30 09:15:04,289 - osv_monitor - INFO - 正在搜索主页的生态系统列表...
2025-06-30 09:15:04,289 - osv_monitor - INFO - 正在获取 https://storage.googleapis.com/osv-vulnerabilities/index.html 页面...
2025-06-30 09:15:09,660 - osv_monitor - INFO - 找到 429 个生态系统
2025-06-30 09:15:09,661 - osv_monitor - INFO - all.zip 需要更新
2025-06-30 09:15:16,202 - osv_monitor - INFO - 下载文件 https://storage.googleapis.com/osv-vulnerabilities/all.zip 到 data/all.tmp 成功
2025-06-30 09:15:16,203 - osv_monitor - INFO - [+] 更新同步 all.zip 最后修改时间: 2025-06-30 08:34:39
2025-06-30 09:15:16,203 - osv_monitor - INFO - 已下载 all.zip
2025-06-30 09:15:16,203 - osv_monitor - INFO - [+] 同步 OSV 数据完成
2025-06-30 09:15:16,203 - osv_monitor - INFO - 同步完成
2025-06-30 09:16:12,168 - osv_monitor - INFO - 解压缩文件完成
2025-06-30 12:19:54,305 - osv_monitor - INFO - 开始同步OSV漏洞数据...
2025-06-30 12:19:54,306 - osv_monitor - INFO - 正在搜索主页的生态系统列表...
2025-06-30 12:19:54,306 - osv_monitor - INFO - 正在获取 https://storage.googleapis.com/osv-vulnerabilities/index.html 页面...
2025-06-30 12:20:00,682 - osv_monitor - INFO - 找到 429 个生态系统
2025-06-30 12:20:00,682 - osv_monitor - INFO - all.zip 需要更新
2025-06-30 12:20:08,184 - osv_monitor - INFO - 下载文件 https://storage.googleapis.com/osv-vulnerabilities/all.zip 到 data/all.tmp 成功
2025-06-30 12:20:08,185 - osv_monitor - INFO - [+] 更新同步 all.zip 最后修改时间: 2025-06-30 11:42:04
2025-06-30 12:20:08,185 - osv_monitor - INFO - 已下载 all.zip
2025-06-30 12:20:08,185 - osv_monitor - INFO - [+] 同步 OSV 数据完成
2025-06-30 12:20:08,185 - osv_monitor - INFO - 同步完成
2025-06-30 12:21:04,741 - osv_monitor - INFO - 解压缩文件完成
