2025-11-17 00:05:23,809 - osv_monitor - INFO - 开始同步OSV漏洞数据...
2025-11-17 00:05:23,809 - osv_monitor - INFO - 正在搜索主页的生态系统列表...
2025-11-17 00:05:23,809 - osv_monitor - INFO - 正在获取 https://storage.googleapis.com/osv-vulnerabilities/index.html 页面...
2025-11-17 00:05:26,687 - osv_monitor - INFO - 找到 96 个生态系统
2025-11-17 00:05:26,688 - osv_monitor - INFO - all.zip 需要更新
2025-11-17 00:06:49,688 - osv_monitor - INFO - 下载文件 https://storage.googleapis.com/osv-vulnerabilities/all.zip 到 data/all.tmp 成功
2025-11-17 00:06:49,690 - osv_monitor - INFO - [+] 更新同步 all.zip 最后修改时间: 2025-11-16 23:50:36
2025-11-17 00:06:49,690 - osv_monitor - INFO - 已下载 all.zip
2025-11-17 00:06:49,690 - osv_monitor - INFO - [+] 同步 OSV 数据完成
2025-11-17 00:06:49,690 - osv_monitor - INFO - 同步完成
2025-11-17 00:08:17,760 - osv_monitor - INFO - 解压缩文件完成
2025-11-17 12:03:54,176 - osv_monitor - INFO - 开始同步OSV漏洞数据...
2025-11-17 12:03:54,176 - osv_monitor - INFO - 正在搜索主页的生态系统列表...
2025-11-17 12:03:54,176 - osv_monitor - INFO - 正在获取 https://storage.googleapis.com/osv-vulnerabilities/index.html 页面...
2025-11-17 12:03:56,381 - osv_monitor - INFO - 找到 96 个生态系统
2025-11-17 12:03:56,382 - osv_monitor - INFO - all.zip 需要更新
2025-11-17 12:04:02,085 - osv_monitor - INFO - 下载文件 https://storage.googleapis.com/osv-vulnerabilities/all.zip 到 data/all.tmp 成功
2025-11-17 12:04:02,087 - osv_monitor - INFO - [+] 更新同步 all.zip 最后修改时间: 2025-11-17 12:00:35
2025-11-17 12:04:02,087 - osv_monitor - INFO - 已下载 all.zip
2025-11-17 12:04:02,087 - osv_monitor - INFO - [+] 同步 OSV 数据完成
2025-11-17 12:04:02,087 - osv_monitor - INFO - 同步完成
2025-11-17 12:05:01,749 - osv_monitor - INFO - 解压缩文件完成
