2025-08-24 00:48:03,840 - osv_monitor - INFO - 开始同步OSV漏洞数据...
2025-08-24 00:48:03,840 - osv_monitor - INFO - 正在搜索主页的生态系统列表...
2025-08-24 00:48:03,840 - osv_monitor - INFO - 正在获取 https://storage.googleapis.com/osv-vulnerabilities/index.html 页面...
2025-08-24 00:48:07,907 - osv_monitor - INFO - 找到 431 个生态系统
2025-08-24 00:48:07,908 - osv_monitor - INFO - all.zip 需要更新
2025-08-24 00:48:13,768 - osv_monitor - INFO - 下载文件 https://storage.googleapis.com/osv-vulnerabilities/all.zip 到 data/all.tmp 成功
2025-08-24 00:48:13,770 - osv_monitor - INFO - [+] 更新同步 all.zip 最后修改时间: 2025-08-23 23:50:24
2025-08-24 00:48:13,770 - osv_monitor - INFO - 已下载 all.zip
2025-08-24 00:48:13,770 - osv_monitor - INFO - [+] 同步 OSV 数据完成
2025-08-24 00:48:13,770 - osv_monitor - INFO - 同步完成
2025-08-24 00:49:13,487 - osv_monitor - INFO - 解压缩文件完成
2025-08-24 03:43:57,728 - osv_monitor - INFO - 开始同步OSV漏洞数据...
2025-08-24 03:43:57,728 - osv_monitor - INFO - 正在搜索主页的生态系统列表...
2025-08-24 03:43:57,729 - osv_monitor - INFO - 正在获取 https://storage.googleapis.com/osv-vulnerabilities/index.html 页面...
2025-08-24 03:44:01,324 - osv_monitor - INFO - 找到 431 个生态系统
2025-08-24 03:44:01,325 - osv_monitor - INFO - all.zip 需要更新
2025-08-24 03:44:04,761 - osv_monitor - INFO - 下载文件 https://storage.googleapis.com/osv-vulnerabilities/all.zip 到 data/all.tmp 成功
2025-08-24 03:44:04,763 - osv_monitor - INFO - [+] 更新同步 all.zip 最后修改时间: 2025-08-24 02:50:50
2025-08-24 03:44:04,763 - osv_monitor - INFO - 已下载 all.zip
2025-08-24 03:44:04,763 - osv_monitor - INFO - [+] 同步 OSV 数据完成
2025-08-24 03:44:04,763 - osv_monitor - INFO - 同步完成
2025-08-24 03:45:04,464 - osv_monitor - INFO - 解压缩文件完成
