2025-12-29 00:05:45,258 - osv_monitor - INFO - 开始同步OSV漏洞数据...
2025-12-29 00:05:45,258 - osv_monitor - INFO - 正在搜索主页的生态系统列表...
2025-12-29 00:05:45,258 - osv_monitor - INFO - 正在获取 https://storage.googleapis.com/osv-vulnerabilities/index.html 页面...
2025-12-29 00:05:48,680 - osv_monitor - INFO - 找到 97 个生态系统
2025-12-29 00:05:48,682 - osv_monitor - INFO - all.zip 需要更新
2025-12-29 00:05:58,321 - osv_monitor - INFO - 下载文件 https://storage.googleapis.com/osv-vulnerabilities/all.zip 到 data/all.tmp 成功
2025-12-29 00:05:58,323 - osv_monitor - INFO - [+] 更新同步 all.zip 最后修改时间: 2025-12-28 23:58:41
2025-12-29 00:05:58,323 - osv_monitor - INFO - 已下载 all.zip
2025-12-29 00:05:58,323 - osv_monitor - INFO - [+] 同步 OSV 数据完成
2025-12-29 00:05:58,323 - osv_monitor - INFO - 同步完成
2025-12-29 00:07:34,656 - osv_monitor - INFO - 解压缩文件完成
2025-12-29 12:04:13,393 - osv_monitor - INFO - 开始同步OSV漏洞数据...
2025-12-29 12:04:13,393 - osv_monitor - INFO - 正在搜索主页的生态系统列表...
2025-12-29 12:04:13,393 - osv_monitor - INFO - 正在获取 https://storage.googleapis.com/osv-vulnerabilities/index.html 页面...
2025-12-29 12:04:15,383 - osv_monitor - INFO - 找到 97 个生态系统
2025-12-29 12:04:15,384 - osv_monitor - INFO - all.zip 需要更新
2025-12-29 12:04:23,117 - osv_monitor - INFO - 下载文件 https://storage.googleapis.com/osv-vulnerabilities/all.zip 到 data/all.tmp 成功
2025-12-29 12:04:23,119 - osv_monitor - INFO - [+] 更新同步 all.zip 最后修改时间: 2025-12-29 11:58:48
2025-12-29 12:04:23,119 - osv_monitor - INFO - 已下载 all.zip
2025-12-29 12:04:23,119 - osv_monitor - INFO - [+] 同步 OSV 数据完成
2025-12-29 12:04:23,119 - osv_monitor - INFO - 同步完成
2025-12-29 12:05:29,640 - osv_monitor - INFO - 解压缩文件完成
