2025-08-03 00:56:18,481 - osv_monitor - INFO - 开始同步OSV漏洞数据...
2025-08-03 00:56:18,481 - osv_monitor - INFO - 正在搜索主页的生态系统列表...
2025-08-03 00:56:18,481 - osv_monitor - INFO - 正在获取 https://storage.googleapis.com/osv-vulnerabilities/index.html 页面...
2025-08-03 00:56:24,728 - osv_monitor - INFO - 找到 429 个生态系统
2025-08-03 00:56:24,729 - osv_monitor - INFO - all.zip 需要更新
2025-08-03 00:56:28,935 - osv_monitor - INFO - 下载文件 https://storage.googleapis.com/osv-vulnerabilities/all.zip 到 data/all.tmp 成功
2025-08-03 00:56:28,935 - osv_monitor - INFO - [+] 更新同步 all.zip 最后修改时间: 2025-08-03 00:52:08
2025-08-03 00:56:28,936 - osv_monitor - INFO - 已下载 all.zip
2025-08-03 00:56:28,936 - osv_monitor - INFO - [+] 同步 OSV 数据完成
2025-08-03 00:56:28,936 - osv_monitor - INFO - 同步完成
2025-08-03 00:57:22,522 - osv_monitor - INFO - 解压缩文件完成
2025-08-03 04:07:46,436 - osv_monitor - INFO - 开始同步OSV漏洞数据...
2025-08-03 04:07:46,436 - osv_monitor - INFO - 正在搜索主页的生态系统列表...
2025-08-03 04:07:46,436 - osv_monitor - INFO - 正在获取 https://storage.googleapis.com/osv-vulnerabilities/index.html 页面...
2025-08-03 04:07:52,434 - osv_monitor - INFO - 找到 429 个生态系统
2025-08-03 04:07:52,436 - osv_monitor - INFO - all.zip 需要更新
2025-08-03 04:07:58,561 - osv_monitor - INFO - 下载文件 https://storage.googleapis.com/osv-vulnerabilities/all.zip 到 data/all.tmp 成功
2025-08-03 04:07:58,562 - osv_monitor - INFO - [+] 更新同步 all.zip 最后修改时间: 2025-08-03 03:49:03
2025-08-03 04:07:58,562 - osv_monitor - INFO - 已下载 all.zip
2025-08-03 04:07:58,562 - osv_monitor - INFO - [+] 同步 OSV 数据完成
2025-08-03 04:07:58,562 - osv_monitor - INFO - 同步完成
2025-08-03 04:08:52,619 - osv_monitor - INFO - 解压缩文件完成
2025-08-03 06:17:01,498 - osv_monitor - INFO - 开始同步OSV漏洞数据...
2025-08-03 06:17:01,498 - osv_monitor - INFO - 正在搜索主页的生态系统列表...
2025-08-03 06:17:01,498 - osv_monitor - INFO - 正在获取 https://storage.googleapis.com/osv-vulnerabilities/index.html 页面...
2025-08-03 06:17:05,308 - osv_monitor - INFO - 找到 429 个生态系统
2025-08-03 06:17:05,309 - osv_monitor - INFO - all.zip 需要更新
2025-08-03 06:17:08,226 - osv_monitor - INFO - 下载文件 https://storage.googleapis.com/osv-vulnerabilities/all.zip 到 data/all.tmp 成功
2025-08-03 06:17:08,227 - osv_monitor - INFO - [+] 更新同步 all.zip 最后修改时间: 2025-08-03 05:50:20
2025-08-03 06:17:08,227 - osv_monitor - INFO - 已下载 all.zip
2025-08-03 06:17:08,227 - osv_monitor - INFO - [+] 同步 OSV 数据完成
2025-08-03 06:17:08,227 - osv_monitor - INFO - 同步完成
2025-08-03 06:18:01,644 - osv_monitor - INFO - 解压缩文件完成
2025-08-03 09:12:15,579 - osv_monitor - INFO - 开始同步OSV漏洞数据...
2025-08-03 09:12:15,579 - osv_monitor - INFO - 正在搜索主页的生态系统列表...
2025-08-03 09:12:15,580 - osv_monitor - INFO - 正在获取 https://storage.googleapis.com/osv-vulnerabilities/index.html 页面...
2025-08-03 09:12:22,073 - osv_monitor - INFO - 找到 429 个生态系统
2025-08-03 09:12:22,074 - osv_monitor - INFO - all.zip 需要更新
2025-08-03 09:12:26,382 - osv_monitor - INFO - 下载文件 https://storage.googleapis.com/osv-vulnerabilities/all.zip 到 data/all.tmp 成功
2025-08-03 09:12:26,383 - osv_monitor - INFO - [+] 更新同步 all.zip 最后修改时间: 2025-08-03 08:51:13
2025-08-03 09:12:26,383 - osv_monitor - INFO - 已下载 all.zip
2025-08-03 09:12:26,383 - osv_monitor - INFO - [+] 同步 OSV 数据完成
2025-08-03 09:12:26,383 - osv_monitor - INFO - 同步完成
2025-08-03 09:13:18,823 - osv_monitor - INFO - 解压缩文件完成
2025-08-03 12:19:03,113 - osv_monitor - INFO - 开始同步OSV漏洞数据...
2025-08-03 12:19:03,113 - osv_monitor - INFO - 正在搜索主页的生态系统列表...
2025-08-03 12:19:03,113 - osv_monitor - INFO - 正在获取 https://storage.googleapis.com/osv-vulnerabilities/index.html 页面...
2025-08-03 12:19:09,564 - osv_monitor - INFO - 找到 429 个生态系统
2025-08-03 12:19:09,565 - osv_monitor - INFO - all.zip 需要更新
2025-08-03 12:19:14,238 - osv_monitor - INFO - 下载文件 https://storage.googleapis.com/osv-vulnerabilities/all.zip 到 data/all.tmp 成功
2025-08-03 12:19:14,239 - osv_monitor - INFO - [+] 更新同步 all.zip 最后修改时间: 2025-08-03 11:56:08
2025-08-03 12:19:14,239 - osv_monitor - INFO - 已下载 all.zip
2025-08-03 12:19:14,239 - osv_monitor - INFO - [+] 同步 OSV 数据完成
2025-08-03 12:19:14,239 - osv_monitor - INFO - 同步完成
2025-08-03 12:20:06,610 - osv_monitor - INFO - 解压缩文件完成
