2025-08-04 00:55:54,661 - osv_monitor - INFO - 开始同步OSV漏洞数据...
2025-08-04 00:55:54,661 - osv_monitor - INFO - 正在搜索主页的生态系统列表...
2025-08-04 00:55:54,661 - osv_monitor - INFO - 正在获取 https://storage.googleapis.com/osv-vulnerabilities/index.html 页面...
2025-08-04 00:56:01,645 - osv_monitor - INFO - 找到 429 个生态系统
2025-08-04 00:56:01,647 - osv_monitor - INFO - all.zip 需要更新
2025-08-04 00:56:06,404 - osv_monitor - INFO - 下载文件 https://storage.googleapis.com/osv-vulnerabilities/all.zip 到 data/all.tmp 成功
2025-08-04 00:56:06,405 - osv_monitor - INFO - [+] 更新同步 all.zip 最后修改时间: 2025-08-03 23:55:02
2025-08-04 00:56:06,405 - osv_monitor - INFO - 已下载 all.zip
2025-08-04 00:56:06,405 - osv_monitor - INFO - [+] 同步 OSV 数据完成
2025-08-04 00:56:06,405 - osv_monitor - INFO - 同步完成
2025-08-04 00:57:01,965 - osv_monitor - INFO - 解压缩文件完成
2025-08-04 04:12:33,297 - osv_monitor - INFO - 开始同步OSV漏洞数据...
2025-08-04 04:12:33,297 - osv_monitor - INFO - 正在搜索主页的生态系统列表...
2025-08-04 04:12:33,297 - osv_monitor - INFO - 正在获取 https://storage.googleapis.com/osv-vulnerabilities/index.html 页面...
2025-08-04 04:12:40,066 - osv_monitor - INFO - 找到 429 个生态系统
2025-08-04 04:12:40,067 - osv_monitor - INFO - all.zip 需要更新
2025-08-04 04:12:43,571 - osv_monitor - INFO - 下载文件 https://storage.googleapis.com/osv-vulnerabilities/all.zip 到 data/all.tmp 成功
2025-08-04 04:12:43,572 - osv_monitor - INFO - [+] 更新同步 all.zip 最后修改时间: 2025-08-04 03:47:55
2025-08-04 04:12:43,572 - osv_monitor - INFO - 已下载 all.zip
2025-08-04 04:12:43,572 - osv_monitor - INFO - [+] 同步 OSV 数据完成
2025-08-04 04:12:43,572 - osv_monitor - INFO - 同步完成
2025-08-04 04:13:37,175 - osv_monitor - INFO - 解压缩文件完成
2025-08-04 06:22:42,185 - osv_monitor - INFO - 开始同步OSV漏洞数据...
2025-08-04 06:22:42,185 - osv_monitor - INFO - 正在搜索主页的生态系统列表...
2025-08-04 06:22:42,185 - osv_monitor - INFO - 正在获取 https://storage.googleapis.com/osv-vulnerabilities/index.html 页面...
2025-08-04 06:22:49,808 - osv_monitor - INFO - 找到 429 个生态系统
2025-08-04 06:22:49,809 - osv_monitor - INFO - all.zip 需要更新
2025-08-04 06:22:53,846 - osv_monitor - INFO - 下载文件 https://storage.googleapis.com/osv-vulnerabilities/all.zip 到 data/all.tmp 成功
2025-08-04 06:22:53,847 - osv_monitor - INFO - [+] 更新同步 all.zip 最后修改时间: 2025-08-04 05:49:06
2025-08-04 06:22:53,847 - osv_monitor - INFO - 已下载 all.zip
2025-08-04 06:22:53,847 - osv_monitor - INFO - [+] 同步 OSV 数据完成
2025-08-04 06:22:53,847 - osv_monitor - INFO - 同步完成
2025-08-04 06:23:50,596 - osv_monitor - INFO - 解压缩文件完成
2025-08-04 09:22:44,601 - osv_monitor - INFO - 开始同步OSV漏洞数据...
2025-08-04 09:22:44,601 - osv_monitor - INFO - 正在搜索主页的生态系统列表...
2025-08-04 09:22:44,601 - osv_monitor - INFO - 正在获取 https://storage.googleapis.com/osv-vulnerabilities/index.html 页面...
2025-08-04 09:22:50,459 - osv_monitor - INFO - 找到 429 个生态系统
2025-08-04 09:22:50,460 - osv_monitor - INFO - all.zip 需要更新
2025-08-04 09:22:53,109 - osv_monitor - INFO - 下载文件 https://storage.googleapis.com/osv-vulnerabilities/all.zip 到 data/all.tmp 成功
2025-08-04 09:22:53,109 - osv_monitor - INFO - [+] 更新同步 all.zip 最后修改时间: 2025-08-04 08:48:11
2025-08-04 09:22:53,109 - osv_monitor - INFO - 已下载 all.zip
2025-08-04 09:22:53,109 - osv_monitor - INFO - [+] 同步 OSV 数据完成
2025-08-04 09:22:53,110 - osv_monitor - INFO - 同步完成
2025-08-04 09:23:45,198 - osv_monitor - INFO - 解压缩文件完成
2025-08-04 12:20:31,006 - osv_monitor - INFO - 开始同步OSV漏洞数据...
2025-08-04 12:20:31,006 - osv_monitor - INFO - 正在搜索主页的生态系统列表...
2025-08-04 12:20:31,006 - osv_monitor - INFO - 正在获取 https://storage.googleapis.com/osv-vulnerabilities/index.html 页面...
2025-08-04 12:20:34,678 - osv_monitor - INFO - 找到 429 个生态系统
2025-08-04 12:20:34,679 - osv_monitor - INFO - all.zip 需要更新
2025-08-04 12:20:38,372 - osv_monitor - INFO - 下载文件 https://storage.googleapis.com/osv-vulnerabilities/all.zip 到 data/all.tmp 成功
2025-08-04 12:20:38,373 - osv_monitor - INFO - [+] 更新同步 all.zip 最后修改时间: 2025-08-04 11:49:43
2025-08-04 12:20:38,373 - osv_monitor - INFO - 已下载 all.zip
2025-08-04 12:20:38,373 - osv_monitor - INFO - [+] 同步 OSV 数据完成
2025-08-04 12:20:38,373 - osv_monitor - INFO - 同步完成
2025-08-04 12:21:32,212 - osv_monitor - INFO - 解压缩文件完成
2025-08-04 15:13:36,029 - osv_monitor - INFO - 开始同步OSV漏洞数据...
2025-08-04 15:13:36,029 - osv_monitor - INFO - 正在搜索主页的生态系统列表...
2025-08-04 15:13:36,029 - osv_monitor - INFO - 正在获取 https://storage.googleapis.com/osv-vulnerabilities/index.html 页面...
2025-08-04 15:13:41,933 - osv_monitor - INFO - 找到 429 个生态系统
2025-08-04 15:13:41,934 - osv_monitor - INFO - all.zip 需要更新
2025-08-04 15:13:47,563 - osv_monitor - INFO - 下载文件 https://storage.googleapis.com/osv-vulnerabilities/all.zip 到 data/all.tmp 成功
2025-08-04 15:13:47,563 - osv_monitor - INFO - [+] 更新同步 all.zip 最后修改时间: 2025-08-04 14:49:58
2025-08-04 15:13:47,563 - osv_monitor - INFO - 已下载 all.zip
2025-08-04 15:13:47,563 - osv_monitor - INFO - [+] 同步 OSV 数据完成
2025-08-04 15:13:47,564 - osv_monitor - INFO - 同步完成
2025-08-04 15:14:40,243 - osv_monitor - INFO - 解压缩文件完成
2025-08-04 18:17:49,484 - osv_monitor - INFO - 开始同步OSV漏洞数据...
2025-08-04 18:17:49,484 - osv_monitor - INFO - 正在搜索主页的生态系统列表...
2025-08-04 18:17:49,484 - osv_monitor - INFO - 正在获取 https://storage.googleapis.com/osv-vulnerabilities/index.html 页面...
2025-08-04 18:17:55,638 - osv_monitor - INFO - 找到 429 个生态系统
2025-08-04 18:17:55,639 - osv_monitor - INFO - all.zip 需要更新
2025-08-04 18:18:07,175 - osv_monitor - INFO - 下载文件 https://storage.googleapis.com/osv-vulnerabilities/all.zip 到 data/all.tmp 成功
2025-08-04 18:18:07,175 - osv_monitor - INFO - [+] 更新同步 all.zip 最后修改时间: 2025-08-04 17:48:01
2025-08-04 18:18:07,175 - osv_monitor - INFO - 已下载 all.zip
2025-08-04 18:18:07,175 - osv_monitor - INFO - [+] 同步 OSV 数据完成
2025-08-04 18:18:07,176 - osv_monitor - INFO - 同步完成
2025-08-04 18:19:01,075 - osv_monitor - INFO - 解压缩文件完成
2025-08-04 21:13:06,211 - osv_monitor - INFO - 开始同步OSV漏洞数据...
2025-08-04 21:13:06,211 - osv_monitor - INFO - 正在搜索主页的生态系统列表...
2025-08-04 21:13:06,211 - osv_monitor - INFO - 正在获取 https://storage.googleapis.com/osv-vulnerabilities/index.html 页面...
2025-08-04 21:13:12,359 - osv_monitor - INFO - 找到 429 个生态系统
2025-08-04 21:13:12,360 - osv_monitor - INFO - all.zip 需要更新
2025-08-04 21:13:31,675 - osv_monitor - INFO - 下载文件 https://storage.googleapis.com/osv-vulnerabilities/all.zip 到 data/all.tmp 成功
2025-08-04 21:13:31,676 - osv_monitor - INFO - [+] 更新同步 all.zip 最后修改时间: 2025-08-04 20:55:47
2025-08-04 21:13:31,676 - osv_monitor - INFO - 已下载 all.zip
2025-08-04 21:13:31,676 - osv_monitor - INFO - [+] 同步 OSV 数据完成
2025-08-04 21:13:31,677 - osv_monitor - INFO - 同步完成
2025-08-04 21:14:28,201 - osv_monitor - INFO - 解压缩文件完成
