2025-08-25 00:45:38,969 - osv_monitor - INFO - 开始同步OSV漏洞数据...
2025-08-25 00:45:38,969 - osv_monitor - INFO - 正在搜索主页的生态系统列表...
2025-08-25 00:45:38,969 - osv_monitor - INFO - 正在获取 https://storage.googleapis.com/osv-vulnerabilities/index.html 页面...
2025-08-25 00:45:42,825 - osv_monitor - INFO - 找到 431 个生态系统
2025-08-25 00:45:42,826 - osv_monitor - INFO - all.zip 需要更新
2025-08-25 00:45:47,045 - osv_monitor - INFO - 下载文件 https://storage.googleapis.com/osv-vulnerabilities/all.zip 到 data/all.tmp 成功
2025-08-25 00:45:47,047 - osv_monitor - INFO - [+] 更新同步 all.zip 最后修改时间: 2025-08-24 23:48:39
2025-08-25 00:45:47,047 - osv_monitor - INFO - 已下载 all.zip
2025-08-25 00:45:47,048 - osv_monitor - INFO - [+] 同步 OSV 数据完成
2025-08-25 00:45:47,048 - osv_monitor - INFO - 同步完成
2025-08-25 00:46:45,859 - osv_monitor - INFO - 解压缩文件完成
2025-08-25 03:43:18,894 - osv_monitor - INFO - 开始同步OSV漏洞数据...
2025-08-25 03:43:18,895 - osv_monitor - INFO - 正在搜索主页的生态系统列表...
2025-08-25 03:43:18,895 - osv_monitor - INFO - 正在获取 https://storage.googleapis.com/osv-vulnerabilities/index.html 页面...
2025-08-25 03:43:22,553 - osv_monitor - INFO - 找到 431 个生态系统
2025-08-25 03:43:22,554 - osv_monitor - INFO - all.zip 需要更新
2025-08-25 03:43:26,241 - osv_monitor - INFO - 下载文件 https://storage.googleapis.com/osv-vulnerabilities/all.zip 到 data/all.tmp 成功
2025-08-25 03:43:26,243 - osv_monitor - INFO - [+] 更新同步 all.zip 最后修改时间: 2025-08-25 02:46:31
2025-08-25 03:43:26,243 - osv_monitor - INFO - 已下载 all.zip
2025-08-25 03:43:26,243 - osv_monitor - INFO - [+] 同步 OSV 数据完成
2025-08-25 03:43:26,243 - osv_monitor - INFO - 同步完成
2025-08-25 03:44:24,358 - osv_monitor - INFO - 解压缩文件完成
2025-08-25 06:20:15,032 - osv_monitor - INFO - 开始同步OSV漏洞数据...
2025-08-25 06:20:15,032 - osv_monitor - INFO - 正在搜索主页的生态系统列表...
2025-08-25 06:20:15,032 - osv_monitor - INFO - 正在获取 https://storage.googleapis.com/osv-vulnerabilities/index.html 页面...
2025-08-25 06:20:18,990 - osv_monitor - INFO - 找到 431 个生态系统
2025-08-25 06:20:18,991 - osv_monitor - INFO - all.zip 需要更新
2025-08-25 06:20:24,655 - osv_monitor - INFO - 下载文件 https://storage.googleapis.com/osv-vulnerabilities/all.zip 到 data/all.tmp 成功
2025-08-25 06:20:24,657 - osv_monitor - INFO - [+] 更新同步 all.zip 最后修改时间: 2025-08-25 05:48:52
2025-08-25 06:20:24,657 - osv_monitor - INFO - 已下载 all.zip
2025-08-25 06:20:24,657 - osv_monitor - INFO - [+] 同步 OSV 数据完成
2025-08-25 06:20:24,657 - osv_monitor - INFO - 同步完成
2025-08-25 06:21:23,930 - osv_monitor - INFO - 解压缩文件完成
2025-08-25 09:12:51,677 - osv_monitor - INFO - 开始同步OSV漏洞数据...
2025-08-25 09:12:51,677 - osv_monitor - INFO - 正在搜索主页的生态系统列表...
2025-08-25 09:12:51,677 - osv_monitor - INFO - 正在获取 https://storage.googleapis.com/osv-vulnerabilities/index.html 页面...
2025-08-25 09:12:55,209 - osv_monitor - INFO - 找到 431 个生态系统
2025-08-25 09:12:55,210 - osv_monitor - INFO - all.zip 需要更新
2025-08-25 09:12:57,834 - osv_monitor - INFO - 下载文件 https://storage.googleapis.com/osv-vulnerabilities/all.zip 到 data/all.tmp 成功
2025-08-25 09:12:57,836 - osv_monitor - INFO - [+] 更新同步 all.zip 最后修改时间: 2025-08-25 08:45:45
2025-08-25 09:12:57,836 - osv_monitor - INFO - 已下载 all.zip
2025-08-25 09:12:57,837 - osv_monitor - INFO - [+] 同步 OSV 数据完成
2025-08-25 09:12:57,837 - osv_monitor - INFO - 同步完成
2025-08-25 09:14:00,065 - osv_monitor - INFO - 解压缩文件完成
