2025-08-09 00:45:55,478 - osv_monitor - INFO - 开始同步OSV漏洞数据...
2025-08-09 00:45:55,478 - osv_monitor - INFO - 正在搜索主页的生态系统列表...
2025-08-09 00:45:55,478 - osv_monitor - INFO - 正在获取 https://storage.googleapis.com/osv-vulnerabilities/index.html 页面...
2025-08-09 00:45:59,418 - osv_monitor - INFO - 找到 431 个生态系统
2025-08-09 00:45:59,419 - osv_monitor - INFO - all.zip 需要更新
2025-08-09 00:46:06,150 - osv_monitor - INFO - 下载文件 https://storage.googleapis.com/osv-vulnerabilities/all.zip 到 data/all.tmp 成功
2025-08-09 00:46:06,151 - osv_monitor - INFO - [+] 更新同步 all.zip 最后修改时间: 2025-08-08 23:43:25
2025-08-09 00:46:06,151 - osv_monitor - INFO - 已下载 all.zip
2025-08-09 00:46:06,151 - osv_monitor - INFO - [+] 同步 OSV 数据完成
2025-08-09 00:46:06,151 - osv_monitor - INFO - 同步完成
2025-08-09 00:47:01,763 - osv_monitor - INFO - 解压缩文件完成
2025-08-09 03:46:58,144 - osv_monitor - INFO - 开始同步OSV漏洞数据...
2025-08-09 03:46:58,144 - osv_monitor - INFO - 正在搜索主页的生态系统列表...
2025-08-09 03:46:58,144 - osv_monitor - INFO - 正在获取 https://storage.googleapis.com/osv-vulnerabilities/index.html 页面...
2025-08-09 03:47:02,558 - osv_monitor - INFO - 找到 431 个生态系统
2025-08-09 03:47:02,559 - osv_monitor - INFO - all.zip 需要更新
2025-08-09 03:47:07,094 - osv_monitor - INFO - 下载文件 https://storage.googleapis.com/osv-vulnerabilities/all.zip 到 data/all.tmp 成功
2025-08-09 03:47:07,095 - osv_monitor - INFO - [+] 更新同步 all.zip 最后修改时间: 2025-08-09 03:34:46
2025-08-09 03:47:07,095 - osv_monitor - INFO - 已下载 all.zip
2025-08-09 03:47:07,095 - osv_monitor - INFO - [+] 同步 OSV 数据完成
2025-08-09 03:47:07,095 - osv_monitor - INFO - 同步完成
2025-08-09 03:48:04,854 - osv_monitor - INFO - 解压缩文件完成
2025-08-09 06:15:55,782 - osv_monitor - INFO - 开始同步OSV漏洞数据...
2025-08-09 06:15:55,783 - osv_monitor - INFO - 正在搜索主页的生态系统列表...
2025-08-09 06:15:55,783 - osv_monitor - INFO - 正在获取 https://storage.googleapis.com/osv-vulnerabilities/index.html 页面...
2025-08-09 06:15:59,708 - osv_monitor - INFO - 找到 431 个生态系统
2025-08-09 06:15:59,709 - osv_monitor - INFO - all.zip 需要更新
2025-08-09 06:16:03,101 - osv_monitor - INFO - 下载文件 https://storage.googleapis.com/osv-vulnerabilities/all.zip 到 data/all.tmp 成功
2025-08-09 06:16:03,101 - osv_monitor - INFO - [+] 更新同步 all.zip 最后修改时间: 2025-08-09 05:48:44
2025-08-09 06:16:03,101 - osv_monitor - INFO - 已下载 all.zip
2025-08-09 06:16:03,101 - osv_monitor - INFO - [+] 同步 OSV 数据完成
2025-08-09 06:16:03,102 - osv_monitor - INFO - 同步完成
2025-08-09 06:16:56,794 - osv_monitor - INFO - 解压缩文件完成
2025-08-09 09:11:33,421 - osv_monitor - INFO - 开始同步OSV漏洞数据...
2025-08-09 09:11:33,421 - osv_monitor - INFO - 正在搜索主页的生态系统列表...
2025-08-09 09:11:33,421 - osv_monitor - INFO - 正在获取 https://storage.googleapis.com/osv-vulnerabilities/index.html 页面...
2025-08-09 09:11:37,028 - osv_monitor - INFO - 找到 431 个生态系统
2025-08-09 09:11:37,029 - osv_monitor - INFO - all.zip 需要更新
2025-08-09 09:11:39,769 - osv_monitor - INFO - 下载文件 https://storage.googleapis.com/osv-vulnerabilities/all.zip 到 data/all.tmp 成功
2025-08-09 09:11:39,770 - osv_monitor - INFO - [+] 更新同步 all.zip 最后修改时间: 2025-08-09 08:53:13
2025-08-09 09:11:39,770 - osv_monitor - INFO - 已下载 all.zip
2025-08-09 09:11:39,770 - osv_monitor - INFO - [+] 同步 OSV 数据完成
2025-08-09 09:11:39,770 - osv_monitor - INFO - 同步完成
2025-08-09 09:12:32,800 - osv_monitor - INFO - 解压缩文件完成
2025-08-09 12:17:44,245 - osv_monitor - INFO - 开始同步OSV漏洞数据...
2025-08-09 12:17:44,245 - osv_monitor - INFO - 正在搜索主页的生态系统列表...
2025-08-09 12:17:44,245 - osv_monitor - INFO - 正在获取 https://storage.googleapis.com/osv-vulnerabilities/index.html 页面...
2025-08-09 12:17:48,459 - osv_monitor - INFO - 找到 431 个生态系统
2025-08-09 12:17:48,461 - osv_monitor - INFO - all.zip 需要更新
2025-08-09 12:17:53,197 - osv_monitor - INFO - 下载文件 https://storage.googleapis.com/osv-vulnerabilities/all.zip 到 data/all.tmp 成功
2025-08-09 12:17:53,198 - osv_monitor - INFO - [+] 更新同步 all.zip 最后修改时间: 2025-08-09 11:48:38
2025-08-09 12:17:53,198 - osv_monitor - INFO - 已下载 all.zip
2025-08-09 12:17:53,198 - osv_monitor - INFO - [+] 同步 OSV 数据完成
2025-08-09 12:17:53,198 - osv_monitor - INFO - 同步完成
2025-08-09 12:18:47,972 - osv_monitor - INFO - 解压缩文件完成
2025-08-09 15:11:10,403 - osv_monitor - INFO - 开始同步OSV漏洞数据...
2025-08-09 15:11:10,404 - osv_monitor - INFO - 正在搜索主页的生态系统列表...
2025-08-09 15:11:10,404 - osv_monitor - INFO - 正在获取 https://storage.googleapis.com/osv-vulnerabilities/index.html 页面...
2025-08-09 15:11:14,417 - osv_monitor - INFO - 找到 431 个生态系统
2025-08-09 15:11:14,418 - osv_monitor - INFO - all.zip 需要更新
2025-08-09 15:11:17,577 - osv_monitor - INFO - 下载文件 https://storage.googleapis.com/osv-vulnerabilities/all.zip 到 data/all.tmp 成功
2025-08-09 15:11:17,578 - osv_monitor - INFO - [+] 更新同步 all.zip 最后修改时间: 2025-08-09 15:00:30
2025-08-09 15:11:17,578 - osv_monitor - INFO - 已下载 all.zip
2025-08-09 15:11:17,578 - osv_monitor - INFO - [+] 同步 OSV 数据完成
2025-08-09 15:11:17,578 - osv_monitor - INFO - 同步完成
2025-08-09 15:12:12,864 - osv_monitor - INFO - 解压缩文件完成
2025-08-09 18:15:53,303 - osv_monitor - INFO - 开始同步OSV漏洞数据...
2025-08-09 18:15:53,304 - osv_monitor - INFO - 正在搜索主页的生态系统列表...
2025-08-09 18:15:53,304 - osv_monitor - INFO - 正在获取 https://storage.googleapis.com/osv-vulnerabilities/index.html 页面...
2025-08-09 18:15:57,618 - osv_monitor - INFO - 找到 431 个生态系统
2025-08-09 18:15:57,619 - osv_monitor - INFO - all.zip 需要更新
2025-08-09 18:16:01,742 - osv_monitor - INFO - 下载文件 https://storage.googleapis.com/osv-vulnerabilities/all.zip 到 data/all.tmp 成功
2025-08-09 18:16:01,743 - osv_monitor - INFO - [+] 更新同步 all.zip 最后修改时间: 2025-08-09 17:47:45
2025-08-09 18:16:01,743 - osv_monitor - INFO - 已下载 all.zip
2025-08-09 18:16:01,743 - osv_monitor - INFO - [+] 同步 OSV 数据完成
2025-08-09 18:16:01,743 - osv_monitor - INFO - 同步完成
2025-08-09 18:16:57,073 - osv_monitor - INFO - 解压缩文件完成
