2025-08-07 00:49:26,252 - osv_monitor - INFO - 开始同步OSV漏洞数据...
2025-08-07 00:49:26,252 - osv_monitor - INFO - 正在搜索主页的生态系统列表...
2025-08-07 00:49:26,253 - osv_monitor - INFO - 正在获取 https://storage.googleapis.com/osv-vulnerabilities/index.html 页面...
2025-08-07 00:49:30,057 - osv_monitor - INFO - 找到 431 个生态系统
2025-08-07 00:49:30,058 - osv_monitor - INFO - all.zip 需要更新
2025-08-07 00:49:33,161 - osv_monitor - INFO - 下载文件 https://storage.googleapis.com/osv-vulnerabilities/all.zip 到 data/all.tmp 成功
2025-08-07 00:49:33,162 - osv_monitor - INFO - [+] 更新同步 all.zip 最后修改时间: 2025-08-06 23:48:43
2025-08-07 00:49:33,162 - osv_monitor - INFO - 已下载 all.zip
2025-08-07 00:49:33,162 - osv_monitor - INFO - [+] 同步 OSV 数据完成
2025-08-07 00:49:33,162 - osv_monitor - INFO - 同步完成
2025-08-07 00:50:27,579 - osv_monitor - INFO - 解压缩文件完成
2025-08-07 04:02:15,073 - osv_monitor - INFO - 开始同步OSV漏洞数据...
2025-08-07 04:02:15,073 - osv_monitor - INFO - 正在搜索主页的生态系统列表...
2025-08-07 04:02:15,073 - osv_monitor - INFO - 正在获取 https://storage.googleapis.com/osv-vulnerabilities/index.html 页面...
2025-08-07 04:02:18,875 - osv_monitor - INFO - 找到 431 个生态系统
2025-08-07 04:02:18,876 - osv_monitor - INFO - all.zip 需要更新
2025-08-07 04:02:27,728 - osv_monitor - INFO - 下载文件 https://storage.googleapis.com/osv-vulnerabilities/all.zip 到 data/all.tmp 成功
2025-08-07 04:02:27,728 - osv_monitor - INFO - [+] 更新同步 all.zip 最后修改时间: 2025-08-07 03:52:53
2025-08-07 04:02:27,728 - osv_monitor - INFO - 已下载 all.zip
2025-08-07 04:02:27,728 - osv_monitor - INFO - [+] 同步 OSV 数据完成
2025-08-07 04:02:27,729 - osv_monitor - INFO - 同步完成
2025-08-07 04:03:21,181 - osv_monitor - INFO - 解压缩文件完成
2025-08-07 06:19:19,026 - osv_monitor - INFO - 开始同步OSV漏洞数据...
2025-08-07 06:19:19,027 - osv_monitor - INFO - 正在搜索主页的生态系统列表...
2025-08-07 06:19:19,027 - osv_monitor - INFO - 正在获取 https://storage.googleapis.com/osv-vulnerabilities/index.html 页面...
2025-08-07 06:19:22,938 - osv_monitor - INFO - 找到 431 个生态系统
2025-08-07 06:19:22,939 - osv_monitor - INFO - all.zip 需要更新
2025-08-07 06:19:26,630 - osv_monitor - INFO - 下载文件 https://storage.googleapis.com/osv-vulnerabilities/all.zip 到 data/all.tmp 成功
2025-08-07 06:19:26,631 - osv_monitor - INFO - [+] 更新同步 all.zip 最后修改时间: 2025-08-07 05:49:22
2025-08-07 06:19:26,631 - osv_monitor - INFO - 已下载 all.zip
2025-08-07 06:19:26,631 - osv_monitor - INFO - [+] 同步 OSV 数据完成
2025-08-07 06:19:26,631 - osv_monitor - INFO - 同步完成
2025-08-07 06:20:22,144 - osv_monitor - INFO - 解压缩文件完成
