2025-06-16 00:48:17,399 - osv_monitor - INFO - 开始同步OSV漏洞数据...
2025-06-16 00:48:17,399 - osv_monitor - INFO - 正在搜索主页的生态系统列表...
2025-06-16 00:48:17,399 - osv_monitor - INFO - 正在获取 https://storage.googleapis.com/osv-vulnerabilities/index.html 页面...
2025-06-16 00:48:25,750 - osv_monitor - INFO - 找到 429 个生态系统
2025-06-16 00:48:25,751 - osv_monitor - INFO - all.zip 需要更新
2025-06-16 00:48:49,373 - osv_monitor - INFO - 下载文件 https://storage.googleapis.com/osv-vulnerabilities/all.zip 到 data/all.tmp 成功
2025-06-16 00:48:49,374 - osv_monitor - INFO - [+] 更新同步 all.zip 最后修改时间: 2025-06-16 00:30:43
2025-06-16 00:48:49,374 - osv_monitor - INFO - 已下载 all.zip
2025-06-16 00:48:49,374 - osv_monitor - INFO - [+] 同步 OSV 数据完成
2025-06-16 00:48:49,374 - osv_monitor - INFO - 同步完成
2025-06-16 00:49:45,056 - osv_monitor - INFO - 解压缩文件完成
2025-06-16 03:48:16,950 - osv_monitor - INFO - 开始同步OSV漏洞数据...
2025-06-16 03:48:16,950 - osv_monitor - INFO - 正在搜索主页的生态系统列表...
2025-06-16 03:48:16,950 - osv_monitor - INFO - 正在获取 https://storage.googleapis.com/osv-vulnerabilities/index.html 页面...
2025-06-16 03:48:21,260 - osv_monitor - INFO - 找到 429 个生态系统
2025-06-16 03:48:21,260 - osv_monitor - INFO - all.zip 需要更新
2025-06-16 03:48:25,807 - osv_monitor - INFO - 下载文件 https://storage.googleapis.com/osv-vulnerabilities/all.zip 到 data/all.tmp 成功
2025-06-16 03:48:25,807 - osv_monitor - INFO - [+] 更新同步 all.zip 最后修改时间: 2025-06-16 02:59:42
2025-06-16 03:48:25,807 - osv_monitor - INFO - 已下载 all.zip
2025-06-16 03:48:25,807 - osv_monitor - INFO - [+] 同步 OSV 数据完成
2025-06-16 03:48:25,807 - osv_monitor - INFO - 同步完成
2025-06-16 03:49:21,726 - osv_monitor - INFO - 解压缩文件完成
2025-06-16 06:17:10,169 - osv_monitor - INFO - 开始同步OSV漏洞数据...
2025-06-16 06:17:10,169 - osv_monitor - INFO - 正在搜索主页的生态系统列表...
2025-06-16 06:17:10,169 - osv_monitor - INFO - 正在获取 https://storage.googleapis.com/osv-vulnerabilities/index.html 页面...
2025-06-16 06:17:15,963 - osv_monitor - INFO - 找到 429 个生态系统
2025-06-16 06:17:15,964 - osv_monitor - INFO - all.zip 需要更新
2025-06-16 06:17:20,327 - osv_monitor - INFO - 下载文件 https://storage.googleapis.com/osv-vulnerabilities/all.zip 到 data/all.tmp 成功
2025-06-16 06:17:20,327 - osv_monitor - INFO - [+] 更新同步 all.zip 最后修改时间: 2025-06-16 05:44:16
2025-06-16 06:17:20,327 - osv_monitor - INFO - 已下载 all.zip
2025-06-16 06:17:20,327 - osv_monitor - INFO - [+] 同步 OSV 数据完成
2025-06-16 06:17:20,327 - osv_monitor - INFO - 同步完成
2025-06-16 06:18:17,729 - osv_monitor - INFO - 解压缩文件完成
