2026-01-29 00:06:47,142 - osv_monitor - INFO - 开始同步OSV漏洞数据...
2026-01-29 00:06:47,142 - osv_monitor - INFO - 正在搜索主页的生态系统列表...
2026-01-29 00:06:47,142 - osv_monitor - INFO - 正在获取 https://storage.googleapis.com/osv-vulnerabilities/index.html 页面...
2026-01-29 00:06:50,185 - osv_monitor - INFO - 找到 97 个生态系统
2026-01-29 00:06:50,187 - osv_monitor - INFO - all.zip 需要更新
2026-01-29 00:06:58,478 - osv_monitor - INFO - 下载文件 https://storage.googleapis.com/osv-vulnerabilities/all.zip 到 data/all.tmp 成功
2026-01-29 00:06:58,481 - osv_monitor - INFO - [+] 更新同步 all.zip 最后修改时间: 2026-01-28 23:59:17
2026-01-29 00:06:58,481 - osv_monitor - INFO - 已下载 all.zip
2026-01-29 00:06:58,481 - osv_monitor - INFO - [+] 同步 OSV 数据完成
2026-01-29 00:06:58,481 - osv_monitor - INFO - 同步完成
2026-01-29 00:08:06,917 - osv_monitor - INFO - 解压缩文件完成
2026-01-29 12:07:38,389 - osv_monitor - INFO - 开始同步OSV漏洞数据...
2026-01-29 12:07:38,390 - osv_monitor - INFO - 正在搜索主页的生态系统列表...
2026-01-29 12:07:38,390 - osv_monitor - INFO - 正在获取 https://storage.googleapis.com/osv-vulnerabilities/index.html 页面...
2026-01-29 12:07:41,830 - osv_monitor - INFO - 找到 97 个生态系统
2026-01-29 12:07:41,831 - osv_monitor - INFO - all.zip 需要更新
2026-01-29 12:07:49,525 - osv_monitor - INFO - 下载文件 https://storage.googleapis.com/osv-vulnerabilities/all.zip 到 data/all.tmp 成功
2026-01-29 12:07:49,527 - osv_monitor - INFO - [+] 更新同步 all.zip 最后修改时间: 2026-01-29 12:00:15
2026-01-29 12:07:49,527 - osv_monitor - INFO - 已下载 all.zip
2026-01-29 12:07:49,527 - osv_monitor - INFO - [+] 同步 OSV 数据完成
2026-01-29 12:07:49,527 - osv_monitor - INFO - 同步完成
2026-01-29 12:09:29,136 - osv_monitor - INFO - 解压缩文件完成
