2025-06-25 00:45:35,472 - osv_monitor - INFO - 开始同步OSV漏洞数据...
2025-06-25 00:45:35,472 - osv_monitor - INFO - 正在搜索主页的生态系统列表...
2025-06-25 00:45:35,472 - osv_monitor - INFO - 正在获取 https://storage.googleapis.com/osv-vulnerabilities/index.html 页面...
2025-06-25 00:45:39,594 - osv_monitor - INFO - 找到 429 个生态系统
2025-06-25 00:45:39,595 - osv_monitor - INFO - all.zip 需要更新
2025-06-25 00:45:41,953 - osv_monitor - INFO - 下载文件 https://storage.googleapis.com/osv-vulnerabilities/all.zip 到 data/all.tmp 成功
2025-06-25 00:45:41,954 - osv_monitor - INFO - [+] 更新同步 all.zip 最后修改时间: 2025-06-24 23:34:00
2025-06-25 00:45:41,954 - osv_monitor - INFO - 已下载 all.zip
2025-06-25 00:45:41,954 - osv_monitor - INFO - [+] 同步 OSV 数据完成
2025-06-25 00:45:41,954 - osv_monitor - INFO - 同步完成
2025-06-25 00:46:38,874 - osv_monitor - INFO - 解压缩文件完成
2025-06-25 03:45:25,911 - osv_monitor - INFO - 开始同步OSV漏洞数据...
2025-06-25 03:45:25,911 - osv_monitor - INFO - 正在搜索主页的生态系统列表...
2025-06-25 03:45:25,912 - osv_monitor - INFO - 正在获取 https://storage.googleapis.com/osv-vulnerabilities/index.html 页面...
2025-06-25 03:45:30,199 - osv_monitor - INFO - 找到 429 个生态系统
2025-06-25 03:45:30,200 - osv_monitor - INFO - all.zip 需要更新
2025-06-25 03:45:34,865 - osv_monitor - INFO - 下载文件 https://storage.googleapis.com/osv-vulnerabilities/all.zip 到 data/all.tmp 成功
2025-06-25 03:45:34,865 - osv_monitor - INFO - [+] 更新同步 all.zip 最后修改时间: 2025-06-25 02:48:48
2025-06-25 03:45:34,866 - osv_monitor - INFO - 已下载 all.zip
2025-06-25 03:45:34,866 - osv_monitor - INFO - [+] 同步 OSV 数据完成
2025-06-25 03:45:34,866 - osv_monitor - INFO - 同步完成
2025-06-25 03:46:32,479 - osv_monitor - INFO - 解压缩文件完成
2025-06-25 06:16:57,974 - osv_monitor - INFO - 开始同步OSV漏洞数据...
2025-06-25 06:16:57,974 - osv_monitor - INFO - 正在搜索主页的生态系统列表...
2025-06-25 06:16:57,974 - osv_monitor - INFO - 正在获取 https://storage.googleapis.com/osv-vulnerabilities/index.html 页面...
2025-06-25 06:17:03,431 - osv_monitor - INFO - 找到 429 个生态系统
2025-06-25 06:17:03,432 - osv_monitor - INFO - all.zip 需要更新
2025-06-25 06:17:06,811 - osv_monitor - INFO - 下载文件 https://storage.googleapis.com/osv-vulnerabilities/all.zip 到 data/all.tmp 成功
2025-06-25 06:17:06,812 - osv_monitor - INFO - [+] 更新同步 all.zip 最后修改时间: 2025-06-25 05:49:30
2025-06-25 06:17:06,812 - osv_monitor - INFO - 已下载 all.zip
2025-06-25 06:17:06,812 - osv_monitor - INFO - [+] 同步 OSV 数据完成
2025-06-25 06:17:06,812 - osv_monitor - INFO - 同步完成
2025-06-25 06:18:03,200 - osv_monitor - INFO - 解压缩文件完成
2025-06-25 09:14:28,221 - osv_monitor - INFO - 开始同步OSV漏洞数据...
2025-06-25 09:14:28,221 - osv_monitor - INFO - 正在搜索主页的生态系统列表...
2025-06-25 09:14:28,221 - osv_monitor - INFO - 正在获取 https://storage.googleapis.com/osv-vulnerabilities/index.html 页面...
2025-06-25 09:14:35,302 - osv_monitor - INFO - 找到 429 个生态系统
2025-06-25 09:14:35,303 - osv_monitor - INFO - all.zip 需要更新
2025-06-25 09:14:40,230 - osv_monitor - INFO - 下载文件 https://storage.googleapis.com/osv-vulnerabilities/all.zip 到 data/all.tmp 成功
2025-06-25 09:14:40,231 - osv_monitor - INFO - [+] 更新同步 all.zip 最后修改时间: 2025-06-25 08:39:38
2025-06-25 09:14:40,231 - osv_monitor - INFO - 已下载 all.zip
2025-06-25 09:14:40,231 - osv_monitor - INFO - [+] 同步 OSV 数据完成
2025-06-25 09:14:40,231 - osv_monitor - INFO - 同步完成
2025-06-25 09:15:36,273 - osv_monitor - INFO - 解压缩文件完成
2025-06-25 12:18:23,644 - osv_monitor - INFO - 开始同步OSV漏洞数据...
2025-06-25 12:18:23,644 - osv_monitor - INFO - 正在搜索主页的生态系统列表...
2025-06-25 12:18:23,644 - osv_monitor - INFO - 正在获取 https://storage.googleapis.com/osv-vulnerabilities/index.html 页面...
2025-06-25 12:18:28,013 - osv_monitor - INFO - 找到 429 个生态系统
2025-06-25 12:18:28,014 - osv_monitor - INFO - all.zip 需要更新
2025-06-25 12:18:30,947 - osv_monitor - INFO - 下载文件 https://storage.googleapis.com/osv-vulnerabilities/all.zip 到 data/all.tmp 成功
2025-06-25 12:18:30,948 - osv_monitor - INFO - [+] 更新同步 all.zip 最后修改时间: 2025-06-25 11:42:56
2025-06-25 12:18:30,948 - osv_monitor - INFO - 已下载 all.zip
2025-06-25 12:18:30,948 - osv_monitor - INFO - [+] 同步 OSV 数据完成
2025-06-25 12:18:30,948 - osv_monitor - INFO - 同步完成
2025-06-25 12:19:26,184 - osv_monitor - INFO - 解压缩文件完成
2025-06-25 15:11:26,713 - osv_monitor - INFO - 开始同步OSV漏洞数据...
2025-06-25 15:11:26,713 - osv_monitor - INFO - 正在搜索主页的生态系统列表...
2025-06-25 15:11:26,713 - osv_monitor - INFO - 正在获取 https://storage.googleapis.com/osv-vulnerabilities/index.html 页面...
2025-06-25 15:11:30,981 - osv_monitor - INFO - 找到 429 个生态系统
2025-06-25 15:11:30,982 - osv_monitor - INFO - all.zip 需要更新
2025-06-25 15:11:34,710 - osv_monitor - INFO - 下载文件 https://storage.googleapis.com/osv-vulnerabilities/all.zip 到 data/all.tmp 成功
2025-06-25 15:11:34,711 - osv_monitor - INFO - [+] 更新同步 all.zip 最后修改时间: 2025-06-25 14:41:09
2025-06-25 15:11:34,711 - osv_monitor - INFO - 已下载 all.zip
2025-06-25 15:11:34,711 - osv_monitor - INFO - [+] 同步 OSV 数据完成
2025-06-25 15:11:34,711 - osv_monitor - INFO - 同步完成
2025-06-25 15:12:32,300 - osv_monitor - INFO - 解压缩文件完成
2025-06-25 18:14:24,966 - osv_monitor - INFO - 开始同步OSV漏洞数据...
2025-06-25 18:14:24,967 - osv_monitor - INFO - 正在搜索主页的生态系统列表...
2025-06-25 18:14:24,967 - osv_monitor - INFO - 正在获取 https://storage.googleapis.com/osv-vulnerabilities/index.html 页面...
2025-06-25 18:14:29,537 - osv_monitor - INFO - 找到 429 个生态系统
2025-06-25 18:14:29,538 - osv_monitor - INFO - all.zip 需要更新
2025-06-25 18:14:33,265 - osv_monitor - INFO - 下载文件 https://storage.googleapis.com/osv-vulnerabilities/all.zip 到 data/all.tmp 成功
2025-06-25 18:14:33,266 - osv_monitor - INFO - [+] 更新同步 all.zip 最后修改时间: 2025-06-25 17:42:21
2025-06-25 18:14:33,266 - osv_monitor - INFO - 已下载 all.zip
2025-06-25 18:14:33,266 - osv_monitor - INFO - [+] 同步 OSV 数据完成
2025-06-25 18:14:33,266 - osv_monitor - INFO - 同步完成
2025-06-25 18:15:30,616 - osv_monitor - INFO - 解压缩文件完成
