2025-07-09 00:46:58,988 - osv_monitor - INFO - 开始同步OSV漏洞数据...
2025-07-09 00:46:58,989 - osv_monitor - INFO - 正在搜索主页的生态系统列表...
2025-07-09 00:46:58,989 - osv_monitor - INFO - 正在获取 https://storage.googleapis.com/osv-vulnerabilities/index.html 页面...
2025-07-09 00:47:02,746 - osv_monitor - INFO - 找到 429 个生态系统
2025-07-09 00:47:02,747 - osv_monitor - INFO - all.zip 需要更新
2025-07-09 00:47:10,826 - osv_monitor - INFO - 下载文件 https://storage.googleapis.com/osv-vulnerabilities/all.zip 到 data/all.tmp 成功
2025-07-09 00:47:10,826 - osv_monitor - INFO - [+] 更新同步 all.zip 最后修改时间: 2025-07-08 23:41:03
2025-07-09 00:47:10,826 - osv_monitor - INFO - 已下载 all.zip
2025-07-09 00:47:10,826 - osv_monitor - INFO - [+] 同步 OSV 数据完成
2025-07-09 00:47:10,826 - osv_monitor - INFO - 同步完成
2025-07-09 00:48:07,792 - osv_monitor - INFO - 解压缩文件完成
2025-07-09 03:49:36,983 - osv_monitor - INFO - 开始同步OSV漏洞数据...
2025-07-09 03:49:36,984 - osv_monitor - INFO - 正在搜索主页的生态系统列表...
2025-07-09 03:49:36,984 - osv_monitor - INFO - 正在获取 https://storage.googleapis.com/osv-vulnerabilities/index.html 页面...
2025-07-09 03:49:42,396 - osv_monitor - INFO - 找到 429 个生态系统
2025-07-09 03:49:42,396 - osv_monitor - INFO - all.zip 需要更新
2025-07-09 03:49:48,669 - osv_monitor - INFO - 下载文件 https://storage.googleapis.com/osv-vulnerabilities/all.zip 到 data/all.tmp 成功
2025-07-09 03:49:48,670 - osv_monitor - INFO - [+] 更新同步 all.zip 最后修改时间: 2025-07-09 02:42:23
2025-07-09 03:49:48,670 - osv_monitor - INFO - 已下载 all.zip
2025-07-09 03:49:48,670 - osv_monitor - INFO - [+] 同步 OSV 数据完成
2025-07-09 03:49:48,670 - osv_monitor - INFO - 同步完成
2025-07-09 03:50:45,349 - osv_monitor - INFO - 解压缩文件完成
2025-07-09 06:17:10,808 - osv_monitor - INFO - 开始同步OSV漏洞数据...
2025-07-09 06:17:10,808 - osv_monitor - INFO - 正在搜索主页的生态系统列表...
2025-07-09 06:17:10,809 - osv_monitor - INFO - 正在获取 https://storage.googleapis.com/osv-vulnerabilities/index.html 页面...
2025-07-09 06:17:16,963 - osv_monitor - INFO - 找到 429 个生态系统
2025-07-09 06:17:16,964 - osv_monitor - INFO - all.zip 需要更新
2025-07-09 06:17:21,544 - osv_monitor - INFO - 下载文件 https://storage.googleapis.com/osv-vulnerabilities/all.zip 到 data/all.tmp 成功
2025-07-09 06:17:21,545 - osv_monitor - INFO - [+] 更新同步 all.zip 最后修改时间: 2025-07-09 05:38:00
2025-07-09 06:17:21,545 - osv_monitor - INFO - 已下载 all.zip
2025-07-09 06:17:21,545 - osv_monitor - INFO - [+] 同步 OSV 数据完成
2025-07-09 06:17:21,545 - osv_monitor - INFO - 同步完成
2025-07-09 06:18:15,672 - osv_monitor - INFO - 解压缩文件完成
2025-07-09 09:15:07,428 - osv_monitor - INFO - 开始同步OSV漏洞数据...
2025-07-09 09:15:07,428 - osv_monitor - INFO - 正在搜索主页的生态系统列表...
2025-07-09 09:15:07,428 - osv_monitor - INFO - 正在获取 https://storage.googleapis.com/osv-vulnerabilities/index.html 页面...
2025-07-09 09:15:12,648 - osv_monitor - INFO - 找到 429 个生态系统
2025-07-09 09:15:12,649 - osv_monitor - INFO - all.zip 需要更新
2025-07-09 09:15:16,516 - osv_monitor - INFO - 下载文件 https://storage.googleapis.com/osv-vulnerabilities/all.zip 到 data/all.tmp 成功
2025-07-09 09:15:16,517 - osv_monitor - INFO - [+] 更新同步 all.zip 最后修改时间: 2025-07-09 08:38:03
2025-07-09 09:15:16,517 - osv_monitor - INFO - 已下载 all.zip
2025-07-09 09:15:16,517 - osv_monitor - INFO - [+] 同步 OSV 数据完成
2025-07-09 09:15:16,517 - osv_monitor - INFO - 同步完成
2025-07-09 09:16:13,315 - osv_monitor - INFO - 解压缩文件完成
2025-07-09 12:19:14,651 - osv_monitor - INFO - 开始同步OSV漏洞数据...
2025-07-09 12:19:14,651 - osv_monitor - INFO - 正在搜索主页的生态系统列表...
2025-07-09 12:19:14,652 - osv_monitor - INFO - 正在获取 https://storage.googleapis.com/osv-vulnerabilities/index.html 页面...
2025-07-09 12:19:18,831 - osv_monitor - INFO - 找到 429 个生态系统
2025-07-09 12:19:18,832 - osv_monitor - INFO - all.zip 需要更新
2025-07-09 12:19:23,739 - osv_monitor - INFO - 下载文件 https://storage.googleapis.com/osv-vulnerabilities/all.zip 到 data/all.tmp 成功
2025-07-09 12:19:23,740 - osv_monitor - INFO - [+] 更新同步 all.zip 最后修改时间: 2025-07-09 12:01:31
2025-07-09 12:19:23,740 - osv_monitor - INFO - 已下载 all.zip
2025-07-09 12:19:23,740 - osv_monitor - INFO - [+] 同步 OSV 数据完成
2025-07-09 12:19:23,740 - osv_monitor - INFO - 同步完成
2025-07-09 12:20:20,085 - osv_monitor - INFO - 解压缩文件完成
