2025-08-06 00:49:33,370 - osv_monitor - INFO - 开始同步OSV漏洞数据...
2025-08-06 00:49:33,370 - osv_monitor - INFO - 正在搜索主页的生态系统列表...
2025-08-06 00:49:33,370 - osv_monitor - INFO - 正在获取 https://storage.googleapis.com/osv-vulnerabilities/index.html 页面...
2025-08-06 00:49:37,037 - osv_monitor - INFO - 找到 429 个生态系统
2025-08-06 00:49:37,038 - osv_monitor - INFO - all.zip 需要更新
2025-08-06 00:49:40,293 - osv_monitor - INFO - 下载文件 https://storage.googleapis.com/osv-vulnerabilities/all.zip 到 data/all.tmp 成功
2025-08-06 00:49:40,294 - osv_monitor - INFO - [+] 更新同步 all.zip 最后修改时间: 2025-08-06 00:27:00
2025-08-06 00:49:40,294 - osv_monitor - INFO - 已下载 all.zip
2025-08-06 00:49:40,294 - osv_monitor - INFO - [+] 同步 OSV 数据完成
2025-08-06 00:49:40,294 - osv_monitor - INFO - 同步完成
2025-08-06 00:50:34,553 - osv_monitor - INFO - 解压缩文件完成
2025-08-06 04:02:11,751 - osv_monitor - INFO - 开始同步OSV漏洞数据...
2025-08-06 04:02:11,751 - osv_monitor - INFO - 正在搜索主页的生态系统列表...
2025-08-06 04:02:11,751 - osv_monitor - INFO - 正在获取 https://storage.googleapis.com/osv-vulnerabilities/index.html 页面...
2025-08-06 04:02:15,243 - osv_monitor - INFO - 找到 431 个生态系统
2025-08-06 04:02:15,244 - osv_monitor - INFO - all.zip 需要更新
2025-08-06 04:02:21,435 - osv_monitor - INFO - 下载文件 https://storage.googleapis.com/osv-vulnerabilities/all.zip 到 data/all.tmp 成功
2025-08-06 04:02:21,435 - osv_monitor - INFO - [+] 更新同步 all.zip 最后修改时间: 2025-08-06 04:01:11
2025-08-06 04:02:21,435 - osv_monitor - INFO - 已下载 all.zip
2025-08-06 04:02:21,435 - osv_monitor - INFO - [+] 同步 OSV 数据完成
2025-08-06 04:02:21,435 - osv_monitor - INFO - 同步完成
2025-08-06 04:03:16,081 - osv_monitor - INFO - 解压缩文件完成
2025-08-06 06:19:15,565 - osv_monitor - INFO - 开始同步OSV漏洞数据...
2025-08-06 06:19:15,565 - osv_monitor - INFO - 正在搜索主页的生态系统列表...
2025-08-06 06:19:15,565 - osv_monitor - INFO - 正在获取 https://storage.googleapis.com/osv-vulnerabilities/index.html 页面...
2025-08-06 06:19:19,515 - osv_monitor - INFO - 找到 431 个生态系统
2025-08-06 06:19:19,517 - osv_monitor - INFO - all.zip 需要更新
2025-08-06 06:19:26,530 - osv_monitor - INFO - 下载文件 https://storage.googleapis.com/osv-vulnerabilities/all.zip 到 data/all.tmp 成功
2025-08-06 06:19:26,531 - osv_monitor - INFO - [+] 更新同步 all.zip 最后修改时间: 2025-08-06 05:31:17
2025-08-06 06:19:26,531 - osv_monitor - INFO - 已下载 all.zip
2025-08-06 06:19:26,531 - osv_monitor - INFO - [+] 同步 OSV 数据完成
2025-08-06 06:19:26,531 - osv_monitor - INFO - 同步完成
2025-08-06 06:20:19,904 - osv_monitor - INFO - 解压缩文件完成
2025-08-06 09:23:54,889 - osv_monitor - INFO - 开始同步OSV漏洞数据...
2025-08-06 09:23:54,890 - osv_monitor - INFO - 正在搜索主页的生态系统列表...
2025-08-06 09:23:54,890 - osv_monitor - INFO - 正在获取 https://storage.googleapis.com/osv-vulnerabilities/index.html 页面...
2025-08-06 09:23:58,411 - osv_monitor - INFO - 找到 431 个生态系统
2025-08-06 09:23:58,412 - osv_monitor - INFO - all.zip 需要更新
2025-08-06 09:24:02,315 - osv_monitor - INFO - 下载文件 https://storage.googleapis.com/osv-vulnerabilities/all.zip 到 data/all.tmp 成功
2025-08-06 09:24:02,316 - osv_monitor - INFO - [+] 更新同步 all.zip 最后修改时间: 2025-08-06 08:57:58
2025-08-06 09:24:02,316 - osv_monitor - INFO - 已下载 all.zip
2025-08-06 09:24:02,316 - osv_monitor - INFO - [+] 同步 OSV 数据完成
2025-08-06 09:24:02,316 - osv_monitor - INFO - 同步完成
2025-08-06 09:24:56,622 - osv_monitor - INFO - 解压缩文件完成
2025-08-06 12:26:06,532 - osv_monitor - INFO - 开始同步OSV漏洞数据...
2025-08-06 12:26:06,532 - osv_monitor - INFO - 正在搜索主页的生态系统列表...
2025-08-06 12:26:06,532 - osv_monitor - INFO - 正在获取 https://storage.googleapis.com/osv-vulnerabilities/index.html 页面...
2025-08-06 12:26:10,111 - osv_monitor - INFO - 找到 431 个生态系统
2025-08-06 12:26:10,112 - osv_monitor - INFO - all.zip 需要更新
2025-08-06 12:26:16,928 - osv_monitor - INFO - 下载文件 https://storage.googleapis.com/osv-vulnerabilities/all.zip 到 data/all.tmp 成功
2025-08-06 12:26:16,929 - osv_monitor - INFO - [+] 更新同步 all.zip 最后修改时间: 2025-08-06 12:25:41
2025-08-06 12:26:16,929 - osv_monitor - INFO - 已下载 all.zip
2025-08-06 12:26:16,929 - osv_monitor - INFO - [+] 同步 OSV 数据完成
2025-08-06 12:26:16,929 - osv_monitor - INFO - 同步完成
2025-08-06 12:27:12,415 - osv_monitor - INFO - 解压缩文件完成
