2025-07-15 00:49:19,125 - osv_monitor - INFO - 开始同步OSV漏洞数据...
2025-07-15 00:49:19,125 - osv_monitor - INFO - 正在搜索主页的生态系统列表...
2025-07-15 00:49:19,125 - osv_monitor - INFO - 正在获取 https://storage.googleapis.com/osv-vulnerabilities/index.html 页面...
2025-07-15 00:49:26,056 - osv_monitor - INFO - 找到 429 个生态系统
2025-07-15 00:49:26,057 - osv_monitor - INFO - all.zip 需要更新
2025-07-15 00:49:30,823 - osv_monitor - INFO - 下载文件 https://storage.googleapis.com/osv-vulnerabilities/all.zip 到 data/all.tmp 成功
2025-07-15 00:49:30,824 - osv_monitor - INFO - [+] 更新同步 all.zip 最后修改时间: 2025-07-15 00:49:21
2025-07-15 00:49:30,824 - osv_monitor - INFO - 已下载 all.zip
2025-07-15 00:49:30,824 - osv_monitor - INFO - [+] 同步 OSV 数据完成
2025-07-15 00:49:30,824 - osv_monitor - INFO - 同步完成
2025-07-15 00:50:28,592 - osv_monitor - INFO - 解压缩文件完成
2025-07-15 03:56:28,031 - osv_monitor - INFO - 开始同步OSV漏洞数据...
2025-07-15 03:56:28,031 - osv_monitor - INFO - 正在搜索主页的生态系统列表...
2025-07-15 03:56:28,031 - osv_monitor - INFO - 正在获取 https://storage.googleapis.com/osv-vulnerabilities/index.html 页面...
2025-07-15 03:56:33,927 - osv_monitor - INFO - 找到 429 个生态系统
2025-07-15 03:56:33,928 - osv_monitor - INFO - all.zip 需要更新
2025-07-15 03:56:37,471 - osv_monitor - INFO - 下载文件 https://storage.googleapis.com/osv-vulnerabilities/all.zip 到 data/all.tmp 成功
2025-07-15 03:56:37,471 - osv_monitor - INFO - [+] 更新同步 all.zip 最后修改时间: 2025-07-15 03:44:29
2025-07-15 03:56:37,471 - osv_monitor - INFO - 已下载 all.zip
2025-07-15 03:56:37,472 - osv_monitor - INFO - [+] 同步 OSV 数据完成
2025-07-15 03:56:37,472 - osv_monitor - INFO - 同步完成
2025-07-15 03:57:35,742 - osv_monitor - INFO - 解压缩文件完成
2025-07-15 06:16:47,949 - osv_monitor - INFO - 开始同步OSV漏洞数据...
2025-07-15 06:16:47,949 - osv_monitor - INFO - 正在搜索主页的生态系统列表...
2025-07-15 06:16:47,949 - osv_monitor - INFO - 正在获取 https://storage.googleapis.com/osv-vulnerabilities/index.html 页面...
2025-07-15 06:16:54,735 - osv_monitor - INFO - 找到 429 个生态系统
2025-07-15 06:16:54,736 - osv_monitor - INFO - all.zip 需要更新
2025-07-15 06:16:58,141 - osv_monitor - INFO - 下载文件 https://storage.googleapis.com/osv-vulnerabilities/all.zip 到 data/all.tmp 成功
2025-07-15 06:16:58,142 - osv_monitor - INFO - [+] 更新同步 all.zip 最后修改时间: 2025-07-15 05:10:10
2025-07-15 06:16:58,142 - osv_monitor - INFO - 已下载 all.zip
2025-07-15 06:16:58,142 - osv_monitor - INFO - [+] 同步 OSV 数据完成
2025-07-15 06:16:58,142 - osv_monitor - INFO - 同步完成
2025-07-15 06:17:56,311 - osv_monitor - INFO - 解压缩文件完成
2025-07-15 09:20:56,796 - osv_monitor - INFO - 开始同步OSV漏洞数据...
2025-07-15 09:20:56,796 - osv_monitor - INFO - 正在搜索主页的生态系统列表...
2025-07-15 09:20:56,797 - osv_monitor - INFO - 正在获取 https://storage.googleapis.com/osv-vulnerabilities/index.html 页面...
2025-07-15 09:21:00,491 - osv_monitor - INFO - 找到 429 个生态系统
2025-07-15 09:21:00,492 - osv_monitor - INFO - all.zip 需要更新
2025-07-15 09:21:03,695 - osv_monitor - INFO - 下载文件 https://storage.googleapis.com/osv-vulnerabilities/all.zip 到 data/all.tmp 成功
2025-07-15 09:21:03,696 - osv_monitor - INFO - [+] 更新同步 all.zip 最后修改时间: 2025-07-15 08:08:00
2025-07-15 09:21:03,696 - osv_monitor - INFO - 已下载 all.zip
2025-07-15 09:21:03,696 - osv_monitor - INFO - [+] 同步 OSV 数据完成
2025-07-15 09:21:03,696 - osv_monitor - INFO - 同步完成
2025-07-15 09:21:59,766 - osv_monitor - INFO - 解压缩文件完成
