2025-07-26 00:46:33,657 - osv_monitor - INFO - 开始同步OSV漏洞数据...
2025-07-26 00:46:33,658 - osv_monitor - INFO - 正在搜索主页的生态系统列表...
2025-07-26 00:46:33,658 - osv_monitor - INFO - 正在获取 https://storage.googleapis.com/osv-vulnerabilities/index.html 页面...
2025-07-26 00:46:38,720 - osv_monitor - INFO - 找到 429 个生态系统
2025-07-26 00:46:38,721 - osv_monitor - INFO - all.zip 需要更新
2025-07-26 00:46:44,734 - osv_monitor - INFO - 下载文件 https://storage.googleapis.com/osv-vulnerabilities/all.zip 到 data/all.tmp 成功
2025-07-26 00:46:44,734 - osv_monitor - INFO - [+] 更新同步 all.zip 最后修改时间: 2025-07-25 23:46:48
2025-07-26 00:46:44,734 - osv_monitor - INFO - 已下载 all.zip
2025-07-26 00:46:44,734 - osv_monitor - INFO - [+] 同步 OSV 数据完成
2025-07-26 00:46:44,734 - osv_monitor - INFO - 同步完成
2025-07-26 00:47:37,927 - osv_monitor - INFO - 解压缩文件完成
2025-07-26 03:53:40,188 - osv_monitor - INFO - 开始同步OSV漏洞数据...
2025-07-26 03:53:40,189 - osv_monitor - INFO - 正在搜索主页的生态系统列表...
2025-07-26 03:53:40,189 - osv_monitor - INFO - 正在获取 https://storage.googleapis.com/osv-vulnerabilities/index.html 页面...
2025-07-26 03:53:46,045 - osv_monitor - INFO - 找到 429 个生态系统
2025-07-26 03:53:46,046 - osv_monitor - INFO - all.zip 需要更新
2025-07-26 03:53:49,805 - osv_monitor - INFO - 下载文件 https://storage.googleapis.com/osv-vulnerabilities/all.zip 到 data/all.tmp 成功
2025-07-26 03:53:49,806 - osv_monitor - INFO - [+] 更新同步 all.zip 最后修改时间: 2025-07-26 03:48:05
2025-07-26 03:53:49,806 - osv_monitor - INFO - 已下载 all.zip
2025-07-26 03:53:49,806 - osv_monitor - INFO - [+] 同步 OSV 数据完成
2025-07-26 03:53:49,806 - osv_monitor - INFO - 同步完成
2025-07-26 03:54:42,274 - osv_monitor - INFO - 解压缩文件完成
2025-07-26 06:14:52,479 - osv_monitor - INFO - 开始同步OSV漏洞数据...
2025-07-26 06:14:52,479 - osv_monitor - INFO - 正在搜索主页的生态系统列表...
2025-07-26 06:14:52,480 - osv_monitor - INFO - 正在获取 https://storage.googleapis.com/osv-vulnerabilities/index.html 页面...
2025-07-26 06:14:56,430 - osv_monitor - INFO - 找到 429 个生态系统
2025-07-26 06:14:56,432 - osv_monitor - INFO - all.zip 需要更新
2025-07-26 06:14:59,499 - osv_monitor - INFO - 下载文件 https://storage.googleapis.com/osv-vulnerabilities/all.zip 到 data/all.tmp 成功
2025-07-26 06:14:59,499 - osv_monitor - INFO - [+] 更新同步 all.zip 最后修改时间: 2025-07-26 05:47:08
2025-07-26 06:14:59,499 - osv_monitor - INFO - 已下载 all.zip
2025-07-26 06:14:59,500 - osv_monitor - INFO - [+] 同步 OSV 数据完成
2025-07-26 06:14:59,500 - osv_monitor - INFO - 同步完成
2025-07-26 06:15:53,221 - osv_monitor - INFO - 解压缩文件完成
2025-07-26 09:11:55,240 - osv_monitor - INFO - 开始同步OSV漏洞数据...
2025-07-26 09:11:55,240 - osv_monitor - INFO - 正在搜索主页的生态系统列表...
2025-07-26 09:11:55,240 - osv_monitor - INFO - 正在获取 https://storage.googleapis.com/osv-vulnerabilities/index.html 页面...
2025-07-26 09:12:01,186 - osv_monitor - INFO - 找到 429 个生态系统
2025-07-26 09:12:01,187 - osv_monitor - INFO - all.zip 需要更新
2025-07-26 09:12:05,142 - osv_monitor - INFO - 下载文件 https://storage.googleapis.com/osv-vulnerabilities/all.zip 到 data/all.tmp 成功
2025-07-26 09:12:05,143 - osv_monitor - INFO - [+] 更新同步 all.zip 最后修改时间: 2025-07-26 08:50:31
2025-07-26 09:12:05,143 - osv_monitor - INFO - 已下载 all.zip
2025-07-26 09:12:05,143 - osv_monitor - INFO - [+] 同步 OSV 数据完成
2025-07-26 09:12:05,143 - osv_monitor - INFO - 同步完成
2025-07-26 09:12:59,052 - osv_monitor - INFO - 解压缩文件完成
