2025-06-17 00:45:34,915 - osv_monitor - INFO - 开始同步OSV漏洞数据...
2025-06-17 00:45:34,915 - osv_monitor - INFO - 正在搜索主页的生态系统列表...
2025-06-17 00:45:34,916 - osv_monitor - INFO - 正在获取 https://storage.googleapis.com/osv-vulnerabilities/index.html 页面...
2025-06-17 00:45:42,084 - osv_monitor - INFO - 找到 429 个生态系统
2025-06-17 00:45:42,085 - osv_monitor - INFO - all.zip 需要更新
2025-06-17 00:45:47,221 - osv_monitor - INFO - 下载文件 https://storage.googleapis.com/osv-vulnerabilities/all.zip 到 data/all.tmp 成功
2025-06-17 00:45:47,221 - osv_monitor - INFO - [+] 更新同步 all.zip 最后修改时间: 2025-06-17 00:02:54
2025-06-17 00:45:47,221 - osv_monitor - INFO - 已下载 all.zip
2025-06-17 00:45:47,222 - osv_monitor - INFO - [+] 同步 OSV 数据完成
2025-06-17 00:45:47,222 - osv_monitor - INFO - 同步完成
2025-06-17 00:46:42,256 - osv_monitor - INFO - 解压缩文件完成
2025-06-17 03:43:10,322 - osv_monitor - INFO - 开始同步OSV漏洞数据...
2025-06-17 03:43:10,322 - osv_monitor - INFO - 正在搜索主页的生态系统列表...
2025-06-17 03:43:10,322 - osv_monitor - INFO - 正在获取 https://storage.googleapis.com/osv-vulnerabilities/index.html 页面...
2025-06-17 03:43:18,262 - osv_monitor - INFO - 找到 429 个生态系统
2025-06-17 03:43:18,263 - osv_monitor - INFO - all.zip 需要更新
2025-06-17 03:43:21,942 - osv_monitor - INFO - 下载文件 https://storage.googleapis.com/osv-vulnerabilities/all.zip 到 data/all.tmp 成功
2025-06-17 03:43:21,943 - osv_monitor - INFO - [+] 更新同步 all.zip 最后修改时间: 2025-06-17 03:07:34
2025-06-17 03:43:21,943 - osv_monitor - INFO - 已下载 all.zip
2025-06-17 03:43:21,943 - osv_monitor - INFO - [+] 同步 OSV 数据完成
2025-06-17 03:43:21,943 - osv_monitor - INFO - 同步完成
2025-06-17 03:44:18,827 - osv_monitor - INFO - 解压缩文件完成
2025-06-17 06:16:31,557 - osv_monitor - INFO - 开始同步OSV漏洞数据...
2025-06-17 06:16:31,558 - osv_monitor - INFO - 正在搜索主页的生态系统列表...
2025-06-17 06:16:31,558 - osv_monitor - INFO - 正在获取 https://storage.googleapis.com/osv-vulnerabilities/index.html 页面...
2025-06-17 06:16:38,487 - osv_monitor - INFO - 找到 429 个生态系统
2025-06-17 06:16:38,488 - osv_monitor - INFO - all.zip 需要更新
2025-06-17 06:16:43,239 - osv_monitor - INFO - 下载文件 https://storage.googleapis.com/osv-vulnerabilities/all.zip 到 data/all.tmp 成功
2025-06-17 06:16:43,240 - osv_monitor - INFO - [+] 更新同步 all.zip 最后修改时间: 2025-06-17 06:02:21
2025-06-17 06:16:43,240 - osv_monitor - INFO - 已下载 all.zip
2025-06-17 06:16:43,240 - osv_monitor - INFO - [+] 同步 OSV 数据完成
2025-06-17 06:16:43,240 - osv_monitor - INFO - 同步完成
2025-06-17 06:17:40,156 - osv_monitor - INFO - 解压缩文件完成
2025-06-17 09:13:57,580 - osv_monitor - INFO - 开始同步OSV漏洞数据...
2025-06-17 09:13:57,580 - osv_monitor - INFO - 正在搜索主页的生态系统列表...
2025-06-17 09:13:57,580 - osv_monitor - INFO - 正在获取 https://storage.googleapis.com/osv-vulnerabilities/index.html 页面...
2025-06-17 09:14:04,035 - osv_monitor - INFO - 找到 429 个生态系统
2025-06-17 09:14:04,036 - osv_monitor - INFO - all.zip 需要更新
2025-06-17 09:14:06,598 - osv_monitor - INFO - 下载文件 https://storage.googleapis.com/osv-vulnerabilities/all.zip 到 data/all.tmp 成功
2025-06-17 09:14:06,599 - osv_monitor - INFO - [+] 更新同步 all.zip 最后修改时间: 2025-06-17 07:43:28
2025-06-17 09:14:06,599 - osv_monitor - INFO - 已下载 all.zip
2025-06-17 09:14:06,599 - osv_monitor - INFO - [+] 同步 OSV 数据完成
2025-06-17 09:14:06,599 - osv_monitor - INFO - 同步完成
2025-06-17 09:15:03,404 - osv_monitor - INFO - 解压缩文件完成
2025-06-17 12:19:57,151 - osv_monitor - INFO - 开始同步OSV漏洞数据...
2025-06-17 12:19:57,151 - osv_monitor - INFO - 正在搜索主页的生态系统列表...
2025-06-17 12:19:57,151 - osv_monitor - INFO - 正在获取 https://storage.googleapis.com/osv-vulnerabilities/index.html 页面...
2025-06-17 12:20:04,844 - osv_monitor - INFO - 找到 429 个生态系统
2025-06-17 12:20:04,845 - osv_monitor - INFO - all.zip 需要更新
2025-06-17 12:20:11,182 - osv_monitor - INFO - 下载文件 https://storage.googleapis.com/osv-vulnerabilities/all.zip 到 data/all.tmp 成功
2025-06-17 12:20:11,183 - osv_monitor - INFO - [+] 更新同步 all.zip 最后修改时间: 2025-06-17 12:00:17
2025-06-17 12:20:11,183 - osv_monitor - INFO - 已下载 all.zip
2025-06-17 12:20:11,183 - osv_monitor - INFO - [+] 同步 OSV 数据完成
2025-06-17 12:20:11,183 - osv_monitor - INFO - 同步完成
2025-06-17 12:21:07,697 - osv_monitor - INFO - 解压缩文件完成
2025-06-17 15:11:45,234 - osv_monitor - INFO - 开始同步OSV漏洞数据...
2025-06-17 15:11:45,235 - osv_monitor - INFO - 正在搜索主页的生态系统列表...
2025-06-17 15:11:45,235 - osv_monitor - INFO - 正在获取 https://storage.googleapis.com/osv-vulnerabilities/index.html 页面...
2025-06-17 15:11:49,644 - osv_monitor - INFO - 找到 429 个生态系统
2025-06-17 15:11:49,645 - osv_monitor - INFO - all.zip 需要更新
2025-06-17 15:11:56,706 - osv_monitor - INFO - 下载文件 https://storage.googleapis.com/osv-vulnerabilities/all.zip 到 data/all.tmp 成功
2025-06-17 15:11:56,707 - osv_monitor - INFO - [+] 更新同步 all.zip 最后修改时间: 2025-06-17 14:33:34
2025-06-17 15:11:56,707 - osv_monitor - INFO - 已下载 all.zip
2025-06-17 15:11:56,707 - osv_monitor - INFO - [+] 同步 OSV 数据完成
2025-06-17 15:11:56,707 - osv_monitor - INFO - 同步完成
2025-06-17 15:12:51,100 - osv_monitor - INFO - 解压缩文件完成
