2025-06-20 00:45:58,829 - osv_monitor - INFO - 开始同步OSV漏洞数据...
2025-06-20 00:45:58,829 - osv_monitor - INFO - 正在搜索主页的生态系统列表...
2025-06-20 00:45:58,829 - osv_monitor - INFO - 正在获取 https://storage.googleapis.com/osv-vulnerabilities/index.html 页面...
2025-06-20 00:46:03,771 - osv_monitor - INFO - 找到 429 个生态系统
2025-06-20 00:46:03,772 - osv_monitor - INFO - all.zip 需要更新
2025-06-20 00:46:10,041 - osv_monitor - INFO - 下载文件 https://storage.googleapis.com/osv-vulnerabilities/all.zip 到 data/all.tmp 成功
2025-06-20 00:46:10,042 - osv_monitor - INFO - [+] 更新同步 all.zip 最后修改时间: 2025-06-20 00:37:24
2025-06-20 00:46:10,042 - osv_monitor - INFO - 已下载 all.zip
2025-06-20 00:46:10,042 - osv_monitor - INFO - [+] 同步 OSV 数据完成
2025-06-20 00:46:10,042 - osv_monitor - INFO - 同步完成
2025-06-20 00:47:05,945 - osv_monitor - INFO - 解压缩文件完成
2025-06-20 03:42:48,507 - osv_monitor - INFO - 开始同步OSV漏洞数据...
2025-06-20 03:42:48,507 - osv_monitor - INFO - 正在搜索主页的生态系统列表...
2025-06-20 03:42:48,507 - osv_monitor - INFO - 正在获取 https://storage.googleapis.com/osv-vulnerabilities/index.html 页面...
2025-06-20 03:42:54,398 - osv_monitor - INFO - 找到 429 个生态系统
2025-06-20 03:42:54,399 - osv_monitor - INFO - all.zip 需要更新
2025-06-20 03:42:59,463 - osv_monitor - INFO - 下载文件 https://storage.googleapis.com/osv-vulnerabilities/all.zip 到 data/all.tmp 成功
2025-06-20 03:42:59,464 - osv_monitor - INFO - [+] 更新同步 all.zip 最后修改时间: 2025-06-20 03:31:34
2025-06-20 03:42:59,464 - osv_monitor - INFO - 已下载 all.zip
2025-06-20 03:42:59,464 - osv_monitor - INFO - [+] 同步 OSV 数据完成
2025-06-20 03:42:59,464 - osv_monitor - INFO - 同步完成
2025-06-20 03:43:53,945 - osv_monitor - INFO - 解压缩文件完成
2025-06-20 06:16:42,140 - osv_monitor - INFO - 开始同步OSV漏洞数据...
2025-06-20 06:16:42,140 - osv_monitor - INFO - 正在搜索主页的生态系统列表...
2025-06-20 06:16:42,140 - osv_monitor - INFO - 正在获取 https://storage.googleapis.com/osv-vulnerabilities/index.html 页面...
2025-06-20 06:16:49,451 - osv_monitor - INFO - 找到 429 个生态系统
2025-06-20 06:16:49,452 - osv_monitor - INFO - all.zip 需要更新
2025-06-20 06:16:53,849 - osv_monitor - INFO - 下载文件 https://storage.googleapis.com/osv-vulnerabilities/all.zip 到 data/all.tmp 成功
2025-06-20 06:16:53,850 - osv_monitor - INFO - [+] 更新同步 all.zip 最后修改时间: 2025-06-20 06:00:40
2025-06-20 06:16:53,850 - osv_monitor - INFO - 已下载 all.zip
2025-06-20 06:16:53,850 - osv_monitor - INFO - [+] 同步 OSV 数据完成
2025-06-20 06:16:53,850 - osv_monitor - INFO - 同步完成
2025-06-20 06:17:49,581 - osv_monitor - INFO - 解压缩文件完成
