2025-11-05 00:06:55,523 - osv_monitor - INFO - 开始同步OSV漏洞数据...
2025-11-05 00:06:55,524 - osv_monitor - INFO - 正在搜索主页的生态系统列表...
2025-11-05 00:06:55,524 - osv_monitor - INFO - 正在获取 https://storage.googleapis.com/osv-vulnerabilities/index.html 页面...
2025-11-05 00:06:59,592 - osv_monitor - INFO - 找到 95 个生态系统
2025-11-05 00:06:59,593 - osv_monitor - INFO - all.zip 需要更新
2025-11-05 00:07:04,995 - osv_monitor - INFO - 下载文件 https://storage.googleapis.com/osv-vulnerabilities/all.zip 到 data/all.tmp 成功
2025-11-05 00:07:04,997 - osv_monitor - INFO - [+] 更新同步 all.zip 最后修改时间: 2025-11-04 23:45:59
2025-11-05 00:07:04,997 - osv_monitor - INFO - 已下载 all.zip
2025-11-05 00:07:04,997 - osv_monitor - INFO - [+] 同步 OSV 数据完成
2025-11-05 00:07:04,997 - osv_monitor - INFO - 同步完成
2025-11-05 00:08:15,333 - osv_monitor - INFO - 解压缩文件完成
2025-11-05 12:04:37,578 - osv_monitor - INFO - 开始同步OSV漏洞数据...
2025-11-05 12:04:37,579 - osv_monitor - INFO - 正在搜索主页的生态系统列表...
2025-11-05 12:04:37,579 - osv_monitor - INFO - 正在获取 https://storage.googleapis.com/osv-vulnerabilities/index.html 页面...
2025-11-05 12:04:40,603 - osv_monitor - INFO - 找到 95 个生态系统
2025-11-05 12:04:40,604 - osv_monitor - INFO - all.zip 需要更新
2025-11-05 12:04:46,970 - osv_monitor - INFO - 下载文件 https://storage.googleapis.com/osv-vulnerabilities/all.zip 到 data/all.tmp 成功
2025-11-05 12:04:46,972 - osv_monitor - INFO - [+] 更新同步 all.zip 最后修改时间: 2025-11-05 11:55:42
2025-11-05 12:04:46,972 - osv_monitor - INFO - 已下载 all.zip
2025-11-05 12:04:46,973 - osv_monitor - INFO - [+] 同步 OSV 数据完成
2025-11-05 12:04:46,973 - osv_monitor - INFO - 同步完成
2025-11-05 12:06:00,271 - osv_monitor - INFO - 解压缩文件完成
