2025-12-22 00:05:38,433 - osv_monitor - INFO - 开始同步OSV漏洞数据...
2025-12-22 00:05:38,433 - osv_monitor - INFO - 正在搜索主页的生态系统列表...
2025-12-22 00:05:38,433 - osv_monitor - INFO - 正在获取 https://storage.googleapis.com/osv-vulnerabilities/index.html 页面...
2025-12-22 00:05:41,891 - osv_monitor - INFO - 找到 97 个生态系统
2025-12-22 00:05:41,893 - osv_monitor - INFO - all.zip 需要更新
2025-12-22 00:05:53,691 - osv_monitor - INFO - 下载文件 https://storage.googleapis.com/osv-vulnerabilities/all.zip 到 data/all.tmp 成功
2025-12-22 00:05:53,693 - osv_monitor - INFO - [+] 更新同步 all.zip 最后修改时间: 2025-12-21 23:58:29
2025-12-22 00:05:53,693 - osv_monitor - INFO - 已下载 all.zip
2025-12-22 00:05:53,693 - osv_monitor - INFO - [+] 同步 OSV 数据完成
2025-12-22 00:05:53,693 - osv_monitor - INFO - 同步完成
2025-12-22 00:07:27,410 - osv_monitor - INFO - 解压缩文件完成
2025-12-22 12:04:04,116 - osv_monitor - INFO - 开始同步OSV漏洞数据...
2025-12-22 12:04:04,116 - osv_monitor - INFO - 正在搜索主页的生态系统列表...
2025-12-22 12:04:04,116 - osv_monitor - INFO - 正在获取 https://storage.googleapis.com/osv-vulnerabilities/index.html 页面...
2025-12-22 12:04:06,500 - osv_monitor - INFO - 找到 97 个生态系统
2025-12-22 12:04:06,501 - osv_monitor - INFO - all.zip 需要更新
2025-12-22 12:04:10,490 - osv_monitor - INFO - 下载文件 https://storage.googleapis.com/osv-vulnerabilities/all.zip 到 data/all.tmp 成功
2025-12-22 12:04:10,492 - osv_monitor - INFO - [+] 更新同步 all.zip 最后修改时间: 2025-12-22 11:58:25
2025-12-22 12:04:10,492 - osv_monitor - INFO - 已下载 all.zip
2025-12-22 12:04:10,492 - osv_monitor - INFO - [+] 同步 OSV 数据完成
2025-12-22 12:04:10,493 - osv_monitor - INFO - 同步完成
2025-12-22 12:05:47,280 - osv_monitor - INFO - 解压缩文件完成
