2025-07-27 00:54:48,926 - osv_monitor - INFO - 开始同步OSV漏洞数据...
2025-07-27 00:54:48,926 - osv_monitor - INFO - 正在搜索主页的生态系统列表...
2025-07-27 00:54:48,926 - osv_monitor - INFO - 正在获取 https://storage.googleapis.com/osv-vulnerabilities/index.html 页面...
2025-07-27 00:54:56,544 - osv_monitor - INFO - 找到 429 个生态系统
2025-07-27 00:54:56,545 - osv_monitor - INFO - all.zip 需要更新
2025-07-27 00:54:59,743 - osv_monitor - INFO - 下载文件 https://storage.googleapis.com/osv-vulnerabilities/all.zip 到 data/all.tmp 成功
2025-07-27 00:54:59,744 - osv_monitor - INFO - [+] 更新同步 all.zip 最后修改时间: 2025-07-26 23:57:43
2025-07-27 00:54:59,744 - osv_monitor - INFO - 已下载 all.zip
2025-07-27 00:54:59,744 - osv_monitor - INFO - [+] 同步 OSV 数据完成
2025-07-27 00:54:59,744 - osv_monitor - INFO - 同步完成
2025-07-27 00:55:52,409 - osv_monitor - INFO - 解压缩文件完成
2025-07-27 04:03:48,687 - osv_monitor - INFO - 开始同步OSV漏洞数据...
2025-07-27 04:03:48,687 - osv_monitor - INFO - 正在搜索主页的生态系统列表...
2025-07-27 04:03:48,687 - osv_monitor - INFO - 正在获取 https://storage.googleapis.com/osv-vulnerabilities/index.html 页面...
2025-07-27 04:03:58,794 - osv_monitor - INFO - 找到 429 个生态系统
2025-07-27 04:03:58,795 - osv_monitor - INFO - all.zip 需要更新
2025-07-27 04:04:02,980 - osv_monitor - INFO - 下载文件 https://storage.googleapis.com/osv-vulnerabilities/all.zip 到 data/all.tmp 成功
2025-07-27 04:04:02,980 - osv_monitor - INFO - [+] 更新同步 all.zip 最后修改时间: 2025-07-27 03:48:24
2025-07-27 04:04:02,981 - osv_monitor - INFO - 已下载 all.zip
2025-07-27 04:04:02,981 - osv_monitor - INFO - [+] 同步 OSV 数据完成
2025-07-27 04:04:02,981 - osv_monitor - INFO - 同步完成
2025-07-27 04:04:58,108 - osv_monitor - INFO - 解压缩文件完成
2025-07-27 06:16:27,547 - osv_monitor - INFO - 开始同步OSV漏洞数据...
2025-07-27 06:16:27,547 - osv_monitor - INFO - 正在搜索主页的生态系统列表...
2025-07-27 06:16:27,547 - osv_monitor - INFO - 正在获取 https://storage.googleapis.com/osv-vulnerabilities/index.html 页面...
2025-07-27 06:16:33,398 - osv_monitor - INFO - 找到 429 个生态系统
2025-07-27 06:16:33,399 - osv_monitor - INFO - all.zip 需要更新
2025-07-27 06:16:37,009 - osv_monitor - INFO - 下载文件 https://storage.googleapis.com/osv-vulnerabilities/all.zip 到 data/all.tmp 成功
2025-07-27 06:16:37,009 - osv_monitor - INFO - [+] 更新同步 all.zip 最后修改时间: 2025-07-27 05:49:15
2025-07-27 06:16:37,009 - osv_monitor - INFO - 已下载 all.zip
2025-07-27 06:16:37,009 - osv_monitor - INFO - [+] 同步 OSV 数据完成
2025-07-27 06:16:37,009 - osv_monitor - INFO - 同步完成
2025-07-27 06:17:29,659 - osv_monitor - INFO - 解压缩文件完成
