2025-10-02 00:42:20,961 - osv_monitor - INFO - 开始同步OSV漏洞数据...
2025-10-02 00:42:20,961 - osv_monitor - INFO - 正在搜索主页的生态系统列表...
2025-10-02 00:42:20,961 - osv_monitor - INFO - 正在获取 https://storage.googleapis.com/osv-vulnerabilities/index.html 页面...
2025-10-02 00:42:24,054 - osv_monitor - INFO - 找到 95 个生态系统
2025-10-02 00:42:24,055 - osv_monitor - INFO - all.zip 需要更新
2025-10-02 00:42:44,437 - osv_monitor - INFO - 下载文件 https://storage.googleapis.com/osv-vulnerabilities/all.zip 到 data/all.tmp 成功
2025-10-02 00:42:44,439 - osv_monitor - INFO - [+] 更新同步 all.zip 最后修改时间: 2025-10-02 00:40:57
2025-10-02 00:42:44,439 - osv_monitor - INFO - 已下载 all.zip
2025-10-02 00:42:44,439 - osv_monitor - INFO - [+] 同步 OSV 数据完成
2025-10-02 00:42:44,439 - osv_monitor - INFO - 同步完成
2025-10-02 00:44:02,596 - osv_monitor - INFO - 解压缩文件完成
2025-10-02 12:19:56,377 - osv_monitor - INFO - 开始同步OSV漏洞数据...
2025-10-02 12:19:56,377 - osv_monitor - INFO - 正在搜索主页的生态系统列表...
2025-10-02 12:19:56,377 - osv_monitor - INFO - 正在获取 https://storage.googleapis.com/osv-vulnerabilities/index.html 页面...
2025-10-02 12:20:00,198 - osv_monitor - INFO - 找到 95 个生态系统
2025-10-02 12:20:00,199 - osv_monitor - INFO - all.zip 需要更新
2025-10-02 12:20:06,365 - osv_monitor - INFO - 下载文件 https://storage.googleapis.com/osv-vulnerabilities/all.zip 到 data/all.tmp 成功
2025-10-02 12:20:06,367 - osv_monitor - INFO - [+] 更新同步 all.zip 最后修改时间: 2025-10-02 11:07:52
2025-10-02 12:20:06,368 - osv_monitor - INFO - 已下载 all.zip
2025-10-02 12:20:06,368 - osv_monitor - INFO - [+] 同步 OSV 数据完成
2025-10-02 12:20:06,368 - osv_monitor - INFO - 同步完成
2025-10-02 12:21:21,657 - osv_monitor - INFO - 解压缩文件完成
