2025-07-13 00:54:19,243 - osv_monitor - INFO - 开始同步OSV漏洞数据...
2025-07-13 00:54:19,244 - osv_monitor - INFO - 正在搜索主页的生态系统列表...
2025-07-13 00:54:19,244 - osv_monitor - INFO - 正在获取 https://storage.googleapis.com/osv-vulnerabilities/index.html 页面...
2025-07-13 00:54:24,946 - osv_monitor - INFO - 找到 429 个生态系统
2025-07-13 00:54:24,947 - osv_monitor - INFO - all.zip 需要更新
2025-07-13 00:54:28,826 - osv_monitor - INFO - 下载文件 https://storage.googleapis.com/osv-vulnerabilities/all.zip 到 data/all.tmp 成功
2025-07-13 00:54:28,826 - osv_monitor - INFO - [+] 更新同步 all.zip 最后修改时间: 2025-07-13 00:39:59
2025-07-13 00:54:28,826 - osv_monitor - INFO - 已下载 all.zip
2025-07-13 00:54:28,827 - osv_monitor - INFO - [+] 同步 OSV 数据完成
2025-07-13 00:54:28,827 - osv_monitor - INFO - 同步完成
2025-07-13 00:55:25,985 - osv_monitor - INFO - 解压缩文件完成
2025-07-13 03:58:24,462 - osv_monitor - INFO - 开始同步OSV漏洞数据...
2025-07-13 03:58:24,462 - osv_monitor - INFO - 正在搜索主页的生态系统列表...
2025-07-13 03:58:24,463 - osv_monitor - INFO - 正在获取 https://storage.googleapis.com/osv-vulnerabilities/index.html 页面...
2025-07-13 03:58:30,129 - osv_monitor - INFO - 找到 429 个生态系统
2025-07-13 03:58:30,130 - osv_monitor - INFO - all.zip 需要更新
2025-07-13 03:58:34,561 - osv_monitor - INFO - 下载文件 https://storage.googleapis.com/osv-vulnerabilities/all.zip 到 data/all.tmp 成功
2025-07-13 03:58:34,562 - osv_monitor - INFO - [+] 更新同步 all.zip 最后修改时间: 2025-07-13 03:38:19
2025-07-13 03:58:34,562 - osv_monitor - INFO - 已下载 all.zip
2025-07-13 03:58:34,562 - osv_monitor - INFO - [+] 同步 OSV 数据完成
2025-07-13 03:58:34,562 - osv_monitor - INFO - 同步完成
2025-07-13 03:59:30,626 - osv_monitor - INFO - 解压缩文件完成
2025-07-13 06:15:28,042 - osv_monitor - INFO - 开始同步OSV漏洞数据...
2025-07-13 06:15:28,042 - osv_monitor - INFO - 正在搜索主页的生态系统列表...
2025-07-13 06:15:28,042 - osv_monitor - INFO - 正在获取 https://storage.googleapis.com/osv-vulnerabilities/index.html 页面...
2025-07-13 06:15:33,450 - osv_monitor - INFO - 找到 429 个生态系统
2025-07-13 06:15:33,451 - osv_monitor - INFO - all.zip 需要更新
2025-07-13 06:15:38,776 - osv_monitor - INFO - 下载文件 https://storage.googleapis.com/osv-vulnerabilities/all.zip 到 data/all.tmp 成功
2025-07-13 06:15:38,778 - osv_monitor - INFO - [+] 更新同步 all.zip 最后修改时间: 2025-07-13 05:07:19
2025-07-13 06:15:38,778 - osv_monitor - INFO - 已下载 all.zip
2025-07-13 06:15:38,779 - osv_monitor - INFO - [+] 同步 OSV 数据完成
2025-07-13 06:15:38,779 - osv_monitor - INFO - 同步完成
2025-07-13 06:16:34,056 - osv_monitor - INFO - 解压缩文件完成
2025-07-13 09:13:25,216 - osv_monitor - INFO - 开始同步OSV漏洞数据...
2025-07-13 09:13:25,217 - osv_monitor - INFO - 正在搜索主页的生态系统列表...
2025-07-13 09:13:25,217 - osv_monitor - INFO - 正在获取 https://storage.googleapis.com/osv-vulnerabilities/index.html 页面...
2025-07-13 09:13:31,324 - osv_monitor - INFO - 找到 429 个生态系统
2025-07-13 09:13:31,325 - osv_monitor - INFO - all.zip 需要更新
2025-07-13 09:13:38,430 - osv_monitor - INFO - 下载文件 https://storage.googleapis.com/osv-vulnerabilities/all.zip 到 data/all.tmp 成功
2025-07-13 09:13:38,431 - osv_monitor - INFO - [+] 更新同步 all.zip 最后修改时间: 2025-07-13 08:05:09
2025-07-13 09:13:38,431 - osv_monitor - INFO - 已下载 all.zip
2025-07-13 09:13:38,431 - osv_monitor - INFO - [+] 同步 OSV 数据完成
2025-07-13 09:13:38,431 - osv_monitor - INFO - 同步完成
2025-07-13 09:14:36,907 - osv_monitor - INFO - 解压缩文件完成
2025-07-13 12:17:34,675 - osv_monitor - INFO - 开始同步OSV漏洞数据...
2025-07-13 12:17:34,675 - osv_monitor - INFO - 正在搜索主页的生态系统列表...
2025-07-13 12:17:34,675 - osv_monitor - INFO - 正在获取 https://storage.googleapis.com/osv-vulnerabilities/index.html 页面...
2025-07-13 12:17:40,499 - osv_monitor - INFO - 找到 429 个生态系统
2025-07-13 12:17:40,500 - osv_monitor - INFO - all.zip 需要更新
2025-07-13 12:17:47,132 - osv_monitor - INFO - 下载文件 https://storage.googleapis.com/osv-vulnerabilities/all.zip 到 data/all.tmp 成功
2025-07-13 12:17:47,133 - osv_monitor - INFO - [+] 更新同步 all.zip 最后修改时间: 2025-07-13 11:04:50
2025-07-13 12:17:47,133 - osv_monitor - INFO - 已下载 all.zip
2025-07-13 12:17:47,133 - osv_monitor - INFO - [+] 同步 OSV 数据完成
2025-07-13 12:17:47,133 - osv_monitor - INFO - 同步完成
2025-07-13 12:18:43,554 - osv_monitor - INFO - 解压缩文件完成
2025-07-13 15:10:49,974 - osv_monitor - INFO - 开始同步OSV漏洞数据...
2025-07-13 15:10:49,974 - osv_monitor - INFO - 正在搜索主页的生态系统列表...
2025-07-13 15:10:49,974 - osv_monitor - INFO - 正在获取 https://storage.googleapis.com/osv-vulnerabilities/index.html 页面...
2025-07-13 15:10:53,561 - osv_monitor - INFO - 找到 429 个生态系统
2025-07-13 15:10:53,562 - osv_monitor - INFO - all.zip 需要更新
2025-07-13 15:10:56,258 - osv_monitor - INFO - 下载文件 https://storage.googleapis.com/osv-vulnerabilities/all.zip 到 data/all.tmp 成功
2025-07-13 15:10:56,258 - osv_monitor - INFO - [+] 更新同步 all.zip 最后修改时间: 2025-07-13 14:14:40
2025-07-13 15:10:56,258 - osv_monitor - INFO - 已下载 all.zip
2025-07-13 15:10:56,259 - osv_monitor - INFO - [+] 同步 OSV 数据完成
2025-07-13 15:10:56,259 - osv_monitor - INFO - 同步完成
2025-07-13 15:11:50,789 - osv_monitor - INFO - 解压缩文件完成
2025-07-13 18:14:00,745 - osv_monitor - INFO - 开始同步OSV漏洞数据...
2025-07-13 18:14:00,745 - osv_monitor - INFO - 正在搜索主页的生态系统列表...
2025-07-13 18:14:00,745 - osv_monitor - INFO - 正在获取 https://storage.googleapis.com/osv-vulnerabilities/index.html 页面...
2025-07-13 18:14:04,568 - osv_monitor - INFO - 找到 429 个生态系统
2025-07-13 18:14:04,569 - osv_monitor - INFO - all.zip 需要更新
2025-07-13 18:14:07,942 - osv_monitor - INFO - 下载文件 https://storage.googleapis.com/osv-vulnerabilities/all.zip 到 data/all.tmp 成功
2025-07-13 18:14:07,942 - osv_monitor - INFO - [+] 更新同步 all.zip 最后修改时间: 2025-07-13 17:17:07
2025-07-13 18:14:07,942 - osv_monitor - INFO - 已下载 all.zip
2025-07-13 18:14:07,942 - osv_monitor - INFO - [+] 同步 OSV 数据完成
2025-07-13 18:14:07,943 - osv_monitor - INFO - 同步完成
2025-07-13 18:15:04,858 - osv_monitor - INFO - 解压缩文件完成
