2025-06-28 00:43:46,208 - osv_monitor - INFO - 开始同步OSV漏洞数据...
2025-06-28 00:43:46,208 - osv_monitor - INFO - 正在搜索主页的生态系统列表...
2025-06-28 00:43:46,208 - osv_monitor - INFO - 正在获取 https://storage.googleapis.com/osv-vulnerabilities/index.html 页面...
2025-06-28 00:43:50,888 - osv_monitor - INFO - 找到 429 个生态系统
2025-06-28 00:43:50,889 - osv_monitor - INFO - all.zip 需要更新
2025-06-28 00:43:54,471 - osv_monitor - INFO - 下载文件 https://storage.googleapis.com/osv-vulnerabilities/all.zip 到 data/all.tmp 成功
2025-06-28 00:43:54,472 - osv_monitor - INFO - [+] 更新同步 all.zip 最后修改时间: 2025-06-27 23:34:49
2025-06-28 00:43:54,472 - osv_monitor - INFO - 已下载 all.zip
2025-06-28 00:43:54,472 - osv_monitor - INFO - [+] 同步 OSV 数据完成
2025-06-28 00:43:54,472 - osv_monitor - INFO - 同步完成
2025-06-28 00:44:52,274 - osv_monitor - INFO - 解压缩文件完成
2025-06-28 03:40:01,720 - osv_monitor - INFO - 开始同步OSV漏洞数据...
2025-06-28 03:40:01,721 - osv_monitor - INFO - 正在搜索主页的生态系统列表...
2025-06-28 03:40:01,721 - osv_monitor - INFO - 正在获取 https://storage.googleapis.com/osv-vulnerabilities/index.html 页面...
2025-06-28 03:40:05,541 - osv_monitor - INFO - 找到 429 个生态系统
2025-06-28 03:40:05,542 - osv_monitor - INFO - all.zip 需要更新
2025-06-28 03:40:09,986 - osv_monitor - INFO - 下载文件 https://storage.googleapis.com/osv-vulnerabilities/all.zip 到 data/all.tmp 成功
2025-06-28 03:40:09,987 - osv_monitor - INFO - [+] 更新同步 all.zip 最后修改时间: 2025-06-28 02:41:42
2025-06-28 03:40:09,987 - osv_monitor - INFO - 已下载 all.zip
2025-06-28 03:40:09,987 - osv_monitor - INFO - [+] 同步 OSV 数据完成
2025-06-28 03:40:09,987 - osv_monitor - INFO - 同步完成
2025-06-28 03:41:05,874 - osv_monitor - INFO - 解压缩文件完成
2025-06-28 06:15:06,804 - osv_monitor - INFO - 开始同步OSV漏洞数据...
2025-06-28 06:15:06,804 - osv_monitor - INFO - 正在搜索主页的生态系统列表...
2025-06-28 06:15:06,804 - osv_monitor - INFO - 正在获取 https://storage.googleapis.com/osv-vulnerabilities/index.html 页面...
2025-06-28 06:15:14,024 - osv_monitor - INFO - 找到 429 个生态系统
2025-06-28 06:15:14,025 - osv_monitor - INFO - all.zip 需要更新
2025-06-28 06:15:19,489 - osv_monitor - INFO - 下载文件 https://storage.googleapis.com/osv-vulnerabilities/all.zip 到 data/all.tmp 成功
2025-06-28 06:15:19,490 - osv_monitor - INFO - [+] 更新同步 all.zip 最后修改时间: 2025-06-28 05:44:52
2025-06-28 06:15:19,490 - osv_monitor - INFO - 已下载 all.zip
2025-06-28 06:15:19,490 - osv_monitor - INFO - [+] 同步 OSV 数据完成
2025-06-28 06:15:19,490 - osv_monitor - INFO - 同步完成
2025-06-28 06:16:15,403 - osv_monitor - INFO - 解压缩文件完成
2025-06-28 09:11:34,800 - osv_monitor - INFO - 开始同步OSV漏洞数据...
2025-06-28 09:11:34,801 - osv_monitor - INFO - 正在搜索主页的生态系统列表...
2025-06-28 09:11:34,801 - osv_monitor - INFO - 正在获取 https://storage.googleapis.com/osv-vulnerabilities/index.html 页面...
2025-06-28 09:11:42,518 - osv_monitor - INFO - 找到 429 个生态系统
2025-06-28 09:11:42,519 - osv_monitor - INFO - all.zip 需要更新
2025-06-28 09:11:45,952 - osv_monitor - INFO - 下载文件 https://storage.googleapis.com/osv-vulnerabilities/all.zip 到 data/all.tmp 成功
2025-06-28 09:11:45,952 - osv_monitor - INFO - [+] 更新同步 all.zip 最后修改时间: 2025-06-28 08:40:55
2025-06-28 09:11:45,953 - osv_monitor - INFO - 已下载 all.zip
2025-06-28 09:11:45,953 - osv_monitor - INFO - [+] 同步 OSV 数据完成
2025-06-28 09:11:45,953 - osv_monitor - INFO - 同步完成
2025-06-28 09:12:42,596 - osv_monitor - INFO - 解压缩文件完成
2025-06-28 12:16:21,364 - osv_monitor - INFO - 开始同步OSV漏洞数据...
2025-06-28 12:16:21,365 - osv_monitor - INFO - 正在搜索主页的生态系统列表...
2025-06-28 12:16:21,365 - osv_monitor - INFO - 正在获取 https://storage.googleapis.com/osv-vulnerabilities/index.html 页面...
2025-06-28 12:16:25,749 - osv_monitor - INFO - 找到 429 个生态系统
2025-06-28 12:16:25,750 - osv_monitor - INFO - all.zip 需要更新
2025-06-28 12:16:31,866 - osv_monitor - INFO - 下载文件 https://storage.googleapis.com/osv-vulnerabilities/all.zip 到 data/all.tmp 成功
2025-06-28 12:16:31,867 - osv_monitor - INFO - [+] 更新同步 all.zip 最后修改时间: 2025-06-28 11:46:31
2025-06-28 12:16:31,867 - osv_monitor - INFO - 已下载 all.zip
2025-06-28 12:16:31,867 - osv_monitor - INFO - [+] 同步 OSV 数据完成
2025-06-28 12:16:31,867 - osv_monitor - INFO - 同步完成
2025-06-28 12:17:29,046 - osv_monitor - INFO - 解压缩文件完成
2025-06-28 15:09:53,427 - osv_monitor - INFO - 开始同步OSV漏洞数据...
2025-06-28 15:09:53,427 - osv_monitor - INFO - 正在搜索主页的生态系统列表...
2025-06-28 15:09:53,427 - osv_monitor - INFO - 正在获取 https://storage.googleapis.com/osv-vulnerabilities/index.html 页面...
2025-06-28 15:10:00,771 - osv_monitor - INFO - 找到 429 个生态系统
2025-06-28 15:10:00,772 - osv_monitor - INFO - all.zip 需要更新
2025-06-28 15:10:06,610 - osv_monitor - INFO - 下载文件 https://storage.googleapis.com/osv-vulnerabilities/all.zip 到 data/all.tmp 成功
2025-06-28 15:10:06,611 - osv_monitor - INFO - [+] 更新同步 all.zip 最后修改时间: 2025-06-28 14:46:03
2025-06-28 15:10:06,611 - osv_monitor - INFO - 已下载 all.zip
2025-06-28 15:10:06,611 - osv_monitor - INFO - [+] 同步 OSV 数据完成
2025-06-28 15:10:06,611 - osv_monitor - INFO - 同步完成
2025-06-28 15:11:03,688 - osv_monitor - INFO - 解压缩文件完成
2025-06-28 18:12:50,269 - osv_monitor - INFO - 开始同步OSV漏洞数据...
2025-06-28 18:12:50,269 - osv_monitor - INFO - 正在搜索主页的生态系统列表...
2025-06-28 18:12:50,269 - osv_monitor - INFO - 正在获取 https://storage.googleapis.com/osv-vulnerabilities/index.html 页面...
2025-06-28 18:12:57,330 - osv_monitor - INFO - 找到 429 个生态系统
2025-06-28 18:12:57,331 - osv_monitor - INFO - all.zip 需要更新
2025-06-28 18:13:01,983 - osv_monitor - INFO - 下载文件 https://storage.googleapis.com/osv-vulnerabilities/all.zip 到 data/all.tmp 成功
2025-06-28 18:13:01,984 - osv_monitor - INFO - [+] 更新同步 all.zip 最后修改时间: 2025-06-28 17:45:48
2025-06-28 18:13:01,984 - osv_monitor - INFO - 已下载 all.zip
2025-06-28 18:13:01,984 - osv_monitor - INFO - [+] 同步 OSV 数据完成
2025-06-28 18:13:01,984 - osv_monitor - INFO - 同步完成
2025-06-28 18:13:57,869 - osv_monitor - INFO - 解压缩文件完成
2025-06-28 21:09:16,284 - osv_monitor - INFO - 开始同步OSV漏洞数据...
2025-06-28 21:09:16,284 - osv_monitor - INFO - 正在搜索主页的生态系统列表...
2025-06-28 21:09:16,284 - osv_monitor - INFO - 正在获取 https://storage.googleapis.com/osv-vulnerabilities/index.html 页面...
2025-06-28 21:09:20,060 - osv_monitor - INFO - 找到 429 个生态系统
2025-06-28 21:09:20,061 - osv_monitor - INFO - all.zip 需要更新
2025-06-28 21:09:25,348 - osv_monitor - INFO - 下载文件 https://storage.googleapis.com/osv-vulnerabilities/all.zip 到 data/all.tmp 成功
2025-06-28 21:09:25,348 - osv_monitor - INFO - [+] 更新同步 all.zip 最后修改时间: 2025-06-28 20:40:12
2025-06-28 21:09:25,349 - osv_monitor - INFO - 已下载 all.zip
2025-06-28 21:09:25,349 - osv_monitor - INFO - [+] 同步 OSV 数据完成
2025-06-28 21:09:25,349 - osv_monitor - INFO - 同步完成
2025-06-28 21:10:22,654 - osv_monitor - INFO - 解压缩文件完成
