2025-07-01 00:53:05,671 - osv_monitor - INFO - 开始同步OSV漏洞数据...
2025-07-01 00:53:05,671 - osv_monitor - INFO - 正在搜索主页的生态系统列表...
2025-07-01 00:53:05,671 - osv_monitor - INFO - 正在获取 https://storage.googleapis.com/osv-vulnerabilities/index.html 页面...
2025-07-01 00:53:11,351 - osv_monitor - INFO - 找到 429 个生态系统
2025-07-01 00:53:11,352 - osv_monitor - INFO - all.zip 需要更新
2025-07-01 00:53:16,470 - osv_monitor - INFO - 下载文件 https://storage.googleapis.com/osv-vulnerabilities/all.zip 到 data/all.tmp 成功
2025-07-01 00:53:16,470 - osv_monitor - INFO - [+] 更新同步 all.zip 最后修改时间: 2025-06-30 23:43:38
2025-07-01 00:53:16,470 - osv_monitor - INFO - 已下载 all.zip
2025-07-01 00:53:16,470 - osv_monitor - INFO - [+] 同步 OSV 数据完成
2025-07-01 00:53:16,470 - osv_monitor - INFO - 同步完成
2025-07-01 00:54:13,922 - osv_monitor - INFO - 解压缩文件完成
2025-07-01 03:57:13,480 - osv_monitor - INFO - 开始同步OSV漏洞数据...
2025-07-01 03:57:13,481 - osv_monitor - INFO - 正在搜索主页的生态系统列表...
2025-07-01 03:57:13,481 - osv_monitor - INFO - 正在获取 https://storage.googleapis.com/osv-vulnerabilities/index.html 页面...
2025-07-01 03:57:17,163 - osv_monitor - INFO - 找到 429 个生态系统
2025-07-01 03:57:17,164 - osv_monitor - INFO - all.zip 需要更新
2025-07-01 03:57:23,722 - osv_monitor - INFO - 下载文件 https://storage.googleapis.com/osv-vulnerabilities/all.zip 到 data/all.tmp 成功
2025-07-01 03:57:23,723 - osv_monitor - INFO - [+] 更新同步 all.zip 最后修改时间: 2025-07-01 03:03:39
2025-07-01 03:57:23,723 - osv_monitor - INFO - 已下载 all.zip
2025-07-01 03:57:23,723 - osv_monitor - INFO - [+] 同步 OSV 数据完成
2025-07-01 03:57:23,723 - osv_monitor - INFO - 同步完成
2025-07-01 03:58:20,825 - osv_monitor - INFO - 解压缩文件完成
2025-07-01 06:16:19,183 - osv_monitor - INFO - 开始同步OSV漏洞数据...
2025-07-01 06:16:19,183 - osv_monitor - INFO - 正在搜索主页的生态系统列表...
2025-07-01 06:16:19,183 - osv_monitor - INFO - 正在获取 https://storage.googleapis.com/osv-vulnerabilities/index.html 页面...
2025-07-01 06:16:23,092 - osv_monitor - INFO - 找到 429 个生态系统
2025-07-01 06:16:23,093 - osv_monitor - INFO - all.zip 需要更新
2025-07-01 06:16:29,845 - osv_monitor - INFO - 下载文件 https://storage.googleapis.com/osv-vulnerabilities/all.zip 到 data/all.tmp 成功
2025-07-01 06:16:29,846 - osv_monitor - INFO - [+] 更新同步 all.zip 最后修改时间: 2025-07-01 06:16:12
2025-07-01 06:16:29,846 - osv_monitor - INFO - 已下载 all.zip
2025-07-01 06:16:29,846 - osv_monitor - INFO - [+] 同步 OSV 数据完成
2025-07-01 06:16:29,846 - osv_monitor - INFO - 同步完成
2025-07-01 06:17:26,359 - osv_monitor - INFO - 解压缩文件完成
