2025-08-19 18:15:59,382 - osv_monitor - INFO - 开始同步OSV漏洞数据...
2025-08-19 18:15:59,382 - osv_monitor - INFO - 正在搜索主页的生态系统列表...
2025-08-19 18:15:59,382 - osv_monitor - INFO - 正在获取 https://storage.googleapis.com/osv-vulnerabilities/index.html 页面...
2025-08-19 18:16:02,911 - osv_monitor - INFO - 找到 431 个生态系统
2025-08-19 18:16:02,912 - osv_monitor - INFO - all.zip 需要更新
2025-08-19 18:16:11,534 - osv_monitor - INFO - 下载文件 https://storage.googleapis.com/osv-vulnerabilities/all.zip 到 data/all.tmp 成功
2025-08-19 18:16:11,536 - osv_monitor - INFO - [+] 更新同步 all.zip 最后修改时间: 2025-08-19 17:20:42
2025-08-19 18:16:11,536 - osv_monitor - INFO - 已下载 all.zip
2025-08-19 18:16:11,536 - osv_monitor - INFO - [+] 同步 OSV 数据完成
2025-08-19 18:16:11,536 - osv_monitor - INFO - 同步完成
2025-08-19 18:17:09,202 - osv_monitor - INFO - 解压缩文件完成
2025-08-19 21:09:37,059 - osv_monitor - INFO - 开始同步OSV漏洞数据...
2025-08-19 21:09:37,059 - osv_monitor - INFO - 正在搜索主页的生态系统列表...
2025-08-19 21:09:37,059 - osv_monitor - INFO - 正在获取 https://storage.googleapis.com/osv-vulnerabilities/index.html 页面...
2025-08-19 21:09:40,878 - osv_monitor - INFO - 找到 431 个生态系统
2025-08-19 21:09:40,879 - osv_monitor - INFO - all.zip 需要更新
2025-08-19 21:09:47,761 - osv_monitor - INFO - 下载文件 https://storage.googleapis.com/osv-vulnerabilities/all.zip 到 data/all.tmp 成功
2025-08-19 21:09:47,763 - osv_monitor - INFO - [+] 更新同步 all.zip 最后修改时间: 2025-08-19 20:17:17
2025-08-19 21:09:47,763 - osv_monitor - INFO - 已下载 all.zip
2025-08-19 21:09:47,763 - osv_monitor - INFO - [+] 同步 OSV 数据完成
2025-08-19 21:09:47,763 - osv_monitor - INFO - 同步完成
2025-08-19 21:10:50,681 - osv_monitor - INFO - 解压缩文件完成
