2025-05-23 02:15:57,450 - osv_monitor - INFO - 开始同步OSV漏洞数据...
2025-05-23 02:15:57,451 - osv_monitor - INFO - 正在搜索主页的生态系统列表...
2025-05-23 02:15:57,451 - osv_monitor - INFO - 正在获取 https://storage.googleapis.com/osv-vulnerabilities/index.html 页面...
2025-05-23 02:16:05,748 - osv_monitor - INFO - 找到 428 个生态系统
2025-05-23 02:16:05,749 - osv_monitor - INFO - [+] 同步 OSV 数据完成
2025-05-23 02:16:05,749 - osv_monitor - INFO - 同步完成
2025-05-23 02:28:39,640 - osv_monitor - INFO - 开始同步OSV漏洞数据...
2025-05-23 02:28:39,640 - osv_monitor - INFO - 正在搜索主页的生态系统列表...
2025-05-23 02:28:39,640 - osv_monitor - INFO - 正在获取 https://storage.googleapis.com/osv-vulnerabilities/index.html 页面...
2025-05-23 02:28:45,662 - osv_monitor - INFO - 找到 428 个生态系统
2025-05-23 02:28:45,662 - osv_monitor - INFO - all.zip 需要更新
2025-05-23 02:29:40,532 - osv_monitor - INFO - 下载文件 https://storage.googleapis.com/osv-vulnerabilities/all.zip 到 data/all.tmp 成功
2025-05-23 02:29:40,534 - osv_monitor - INFO - [+] 更新同步 all.zip 最后修改时间: 2025-05-22 17:33:39
2025-05-23 02:29:40,534 - osv_monitor - INFO - 已下载 all.zip
2025-05-23 02:29:40,534 - osv_monitor - INFO - [+] 同步 OSV 数据完成
2025-05-23 02:29:40,534 - osv_monitor - INFO - 同步完成
2025-05-23 02:36:17,977 - osv_monitor - INFO - 开始同步OSV漏洞数据...
2025-05-23 02:36:17,977 - osv_monitor - INFO - 正在搜索主页的生态系统列表...
2025-05-23 02:36:17,978 - osv_monitor - INFO - 正在获取 https://storage.googleapis.com/osv-vulnerabilities/index.html 页面...
2025-05-23 02:36:24,454 - osv_monitor - INFO - 找到 428 个生态系统
2025-05-23 02:36:24,454 - osv_monitor - INFO - all.zip 已经是最新版本，跳过同步
2025-05-23 02:36:24,454 - osv_monitor - INFO - [+] 同步 OSV 数据完成
2025-05-23 02:36:24,454 - osv_monitor - INFO - [+] 同步 OSV 数据完成
2025-05-23 02:36:24,454 - osv_monitor - INFO - 同步完成
2025-05-23 02:36:59,602 - osv_monitor - INFO - 开始同步OSV漏洞数据...
2025-05-23 02:36:59,602 - osv_monitor - INFO - 正在搜索主页的生态系统列表...
2025-05-23 02:36:59,602 - osv_monitor - INFO - 正在获取 https://storage.googleapis.com/osv-vulnerabilities/index.html 页面...
2025-05-23 02:37:05,607 - osv_monitor - INFO - 找到 428 个生态系统
2025-05-23 02:37:05,607 - osv_monitor - INFO - all.zip 已经是最新版本，跳过同步
2025-05-23 02:37:05,607 - osv_monitor - INFO - [+] 同步 OSV 数据完成
2025-05-23 02:37:05,607 - osv_monitor - INFO - [+] 同步 OSV 数据完成
2025-05-23 02:37:05,607 - osv_monitor - INFO - 同步完成
2025-05-23 02:38:11,992 - osv_monitor - INFO - 开始同步OSV漏洞数据...
2025-05-23 02:38:11,993 - osv_monitor - INFO - 正在搜索主页的生态系统列表...
2025-05-23 02:38:11,993 - osv_monitor - INFO - 正在获取 https://storage.googleapis.com/osv-vulnerabilities/index.html 页面...
2025-05-23 02:38:17,976 - osv_monitor - INFO - 找到 428 个生态系统
2025-05-23 02:38:17,976 - osv_monitor - INFO - all.zip 已经是最新版本，跳过同步
2025-05-23 02:38:17,976 - osv_monitor - INFO - [+] 同步 OSV 数据完成
2025-05-23 02:38:17,976 - osv_monitor - INFO - [+] 同步 OSV 数据完成
2025-05-23 02:38:17,976 - osv_monitor - INFO - 同步完成
2025-05-23 02:39:19,886 - osv_monitor - INFO - 开始同步OSV漏洞数据...
2025-05-23 02:39:19,886 - osv_monitor - INFO - 正在搜索主页的生态系统列表...
2025-05-23 02:39:19,886 - osv_monitor - INFO - 正在获取 https://storage.googleapis.com/osv-vulnerabilities/index.html 页面...
2025-05-23 02:39:25,859 - osv_monitor - INFO - 找到 428 个生态系统
2025-05-23 02:39:25,859 - osv_monitor - INFO - all.zip 已经是最新版本，跳过同步
2025-05-23 02:39:25,859 - osv_monitor - INFO - [+] 同步 OSV 数据完成
2025-05-23 02:39:25,859 - osv_monitor - INFO - [+] 同步 OSV 数据完成
2025-05-23 02:39:25,859 - osv_monitor - INFO - 同步完成
2025-05-23 02:39:58,226 - osv_monitor - INFO - 解压缩文件完成
2025-05-23 02:43:56,047 - osv_monitor - INFO - 开始同步OSV漏洞数据...
2025-05-23 02:43:56,047 - osv_monitor - INFO - 正在搜索主页的生态系统列表...
2025-05-23 02:43:56,047 - osv_monitor - INFO - 正在获取 https://storage.googleapis.com/osv-vulnerabilities/index.html 页面...
2025-05-23 02:44:02,303 - osv_monitor - INFO - 找到 428 个生态系统
2025-05-23 02:44:02,303 - osv_monitor - INFO - all.zip 已经是最新版本，跳过同步
2025-05-23 02:44:02,303 - osv_monitor - INFO - [+] 同步 OSV 数据完成
2025-05-23 02:44:02,303 - osv_monitor - INFO - [+] 同步 OSV 数据完成
2025-05-23 02:44:02,303 - osv_monitor - INFO - 同步完成
2025-05-23 02:44:27,609 - osv_monitor - INFO - 解压缩文件完成
2025-05-23 01:44:43,829 - osv_monitor - INFO - 开始同步OSV漏洞数据...
2025-05-23 01:44:43,829 - osv_monitor - INFO - 正在搜索主页的生态系统列表...
2025-05-23 01:44:43,829 - osv_monitor - INFO - 正在获取 https://storage.googleapis.com/osv-vulnerabilities/index.html 页面...
2025-05-23 01:44:51,397 - osv_monitor - INFO - 找到 428 个生态系统
2025-05-23 01:44:51,398 - osv_monitor - INFO - all.zip 需要更新
2025-05-23 01:44:56,084 - osv_monitor - INFO - 下载文件 https://storage.googleapis.com/osv-vulnerabilities/all.zip 到 data/all.tmp 成功
2025-05-23 01:44:56,084 - osv_monitor - INFO - [+] 更新同步 all.zip 最后修改时间: 2025-05-23 01:03:17
2025-05-23 01:44:56,084 - osv_monitor - INFO - 已下载 all.zip
2025-05-23 01:44:56,084 - osv_monitor - INFO - [+] 同步 OSV 数据完成
2025-05-23 01:44:56,084 - osv_monitor - INFO - 同步完成
2025-05-23 01:45:51,462 - osv_monitor - INFO - 解压缩文件完成
2025-05-23 03:32:06,172 - osv_monitor - INFO - 开始同步OSV漏洞数据...
2025-05-23 03:32:06,173 - osv_monitor - INFO - 正在搜索主页的生态系统列表...
2025-05-23 03:32:06,173 - osv_monitor - INFO - 正在获取 https://storage.googleapis.com/osv-vulnerabilities/index.html 页面...
2025-05-23 03:32:12,913 - osv_monitor - INFO - 找到 428 个生态系统
2025-05-23 03:32:12,914 - osv_monitor - INFO - all.zip 需要更新
2025-05-23 03:32:16,813 - osv_monitor - INFO - 下载文件 https://storage.googleapis.com/osv-vulnerabilities/all.zip 到 data/all.tmp 成功
2025-05-23 03:32:16,814 - osv_monitor - INFO - [+] 更新同步 all.zip 最后修改时间: 2025-05-23 02:38:20
2025-05-23 03:32:16,814 - osv_monitor - INFO - 已下载 all.zip
2025-05-23 03:32:16,814 - osv_monitor - INFO - [+] 同步 OSV 数据完成
2025-05-23 03:32:16,814 - osv_monitor - INFO - 同步完成
2025-05-23 03:33:12,960 - osv_monitor - INFO - 解压缩文件完成
2025-05-23 03:59:55,107 - osv_monitor - INFO - 开始同步OSV漏洞数据...
2025-05-23 03:59:55,107 - osv_monitor - INFO - 正在搜索主页的生态系统列表...
2025-05-23 03:59:55,107 - osv_monitor - INFO - 正在获取 https://storage.googleapis.com/osv-vulnerabilities/index.html 页面...
2025-05-23 04:00:01,961 - osv_monitor - INFO - 找到 428 个生态系统
2025-05-23 04:00:01,961 - osv_monitor - INFO - all.zip 需要更新
2025-05-23 04:00:05,719 - osv_monitor - INFO - 下载文件 https://storage.googleapis.com/osv-vulnerabilities/all.zip 到 data/all.tmp 成功
2025-05-23 04:00:05,719 - osv_monitor - INFO - [+] 更新同步 all.zip 最后修改时间: 2025-05-23 02:38:20
2025-05-23 04:00:05,719 - osv_monitor - INFO - 已下载 all.zip
2025-05-23 04:00:05,719 - osv_monitor - INFO - [+] 同步 OSV 数据完成
2025-05-23 04:00:05,719 - osv_monitor - INFO - 同步完成
2025-05-23 04:01:01,095 - osv_monitor - INFO - 解压缩文件完成
2025-05-23 04:33:40,757 - osv_monitor - INFO - 开始同步OSV漏洞数据...
2025-05-23 04:33:40,757 - osv_monitor - INFO - 正在搜索主页的生态系统列表...
2025-05-23 04:33:40,757 - osv_monitor - INFO - 正在获取 https://storage.googleapis.com/osv-vulnerabilities/index.html 页面...
2025-05-23 04:33:47,815 - osv_monitor - INFO - 找到 428 个生态系统
2025-05-23 04:33:47,816 - osv_monitor - INFO - all.zip 需要更新
2025-05-23 04:33:51,913 - osv_monitor - INFO - 下载文件 https://storage.googleapis.com/osv-vulnerabilities/all.zip 到 data/all.tmp 成功
2025-05-23 04:33:51,913 - osv_monitor - INFO - [+] 更新同步 all.zip 最后修改时间: 2025-05-23 04:05:10
2025-05-23 04:33:51,913 - osv_monitor - INFO - 已下载 all.zip
2025-05-23 04:33:51,913 - osv_monitor - INFO - [+] 同步 OSV 数据完成
2025-05-23 04:33:51,913 - osv_monitor - INFO - 同步完成
2025-05-23 04:34:46,736 - osv_monitor - INFO - 解压缩文件完成
