2025-09-07 00:48:50,760 - osv_monitor - INFO - 开始同步OSV漏洞数据...
2025-09-07 00:48:50,760 - osv_monitor - INFO - 正在搜索主页的生态系统列表...
2025-09-07 00:48:50,760 - osv_monitor - INFO - 正在获取 https://storage.googleapis.com/osv-vulnerabilities/index.html 页面...
2025-09-07 00:48:54,655 - osv_monitor - INFO - 找到 93 个生态系统
2025-09-07 00:48:54,656 - osv_monitor - INFO - all.zip 需要更新
2025-09-07 00:48:59,135 - osv_monitor - INFO - 下载文件 https://storage.googleapis.com/osv-vulnerabilities/all.zip 到 data/all.tmp 成功
2025-09-07 00:48:59,137 - osv_monitor - INFO - [+] 更新同步 all.zip 最后修改时间: 2025-09-06 23:49:56
2025-09-07 00:48:59,137 - osv_monitor - INFO - 已下载 all.zip
2025-09-07 00:48:59,137 - osv_monitor - INFO - [+] 同步 OSV 数据完成
2025-09-07 00:48:59,137 - osv_monitor - INFO - 同步完成
2025-09-07 00:50:01,743 - osv_monitor - INFO - 解压缩文件完成
2025-09-07 12:17:09,181 - osv_monitor - INFO - 开始同步OSV漏洞数据...
2025-09-07 12:17:09,182 - osv_monitor - INFO - 正在搜索主页的生态系统列表...
2025-09-07 12:17:09,182 - osv_monitor - INFO - 正在获取 https://storage.googleapis.com/osv-vulnerabilities/index.html 页面...
2025-09-07 12:17:12,515 - osv_monitor - INFO - 找到 93 个生态系统
2025-09-07 12:17:12,516 - osv_monitor - INFO - all.zip 需要更新
2025-09-07 12:17:16,928 - osv_monitor - INFO - 下载文件 https://storage.googleapis.com/osv-vulnerabilities/all.zip 到 data/all.tmp 成功
2025-09-07 12:17:16,930 - osv_monitor - INFO - [+] 更新同步 all.zip 最后修改时间: 2025-09-07 11:47:49
2025-09-07 12:17:16,930 - osv_monitor - INFO - 已下载 all.zip
2025-09-07 12:17:16,930 - osv_monitor - INFO - [+] 同步 OSV 数据完成
2025-09-07 12:17:16,930 - osv_monitor - INFO - 同步完成
2025-09-07 12:18:17,485 - osv_monitor - INFO - 解压缩文件完成
