2025-11-14 00:06:27,396 - osv_monitor - INFO - 开始同步OSV漏洞数据...
2025-11-14 00:06:27,396 - osv_monitor - INFO - 正在搜索主页的生态系统列表...
2025-11-14 00:06:27,397 - osv_monitor - INFO - 正在获取 https://storage.googleapis.com/osv-vulnerabilities/index.html 页面...
2025-11-14 00:06:30,382 - osv_monitor - INFO - 找到 96 个生态系统
2025-11-14 00:06:30,383 - osv_monitor - INFO - all.zip 需要更新
2025-11-14 00:07:52,314 - osv_monitor - INFO - 下载文件 https://storage.googleapis.com/osv-vulnerabilities/all.zip 到 data/all.tmp 成功
2025-11-14 00:07:52,315 - osv_monitor - INFO - [+] 更新同步 all.zip 最后修改时间: 2025-11-13 23:59:01
2025-11-14 00:07:52,315 - osv_monitor - INFO - 已下载 all.zip
2025-11-14 00:07:52,316 - osv_monitor - INFO - [+] 同步 OSV 数据完成
2025-11-14 00:07:52,316 - osv_monitor - INFO - 同步完成
2025-11-14 00:09:21,741 - osv_monitor - INFO - 解压缩文件完成
2025-11-14 12:04:34,179 - osv_monitor - INFO - 开始同步OSV漏洞数据...
2025-11-14 12:04:34,179 - osv_monitor - INFO - 正在搜索主页的生态系统列表...
2025-11-14 12:04:34,179 - osv_monitor - INFO - 正在获取 https://storage.googleapis.com/osv-vulnerabilities/index.html 页面...
2025-11-14 12:04:37,397 - osv_monitor - INFO - 找到 96 个生态系统
2025-11-14 12:04:37,398 - osv_monitor - INFO - all.zip 需要更新
2025-11-14 12:04:46,836 - osv_monitor - INFO - 下载文件 https://storage.googleapis.com/osv-vulnerabilities/all.zip 到 data/all.tmp 成功
2025-11-14 12:04:46,838 - osv_monitor - INFO - [+] 更新同步 all.zip 最后修改时间: 2025-11-14 11:58:58
2025-11-14 12:04:46,838 - osv_monitor - INFO - 已下载 all.zip
2025-11-14 12:04:46,838 - osv_monitor - INFO - [+] 同步 OSV 数据完成
2025-11-14 12:04:46,838 - osv_monitor - INFO - 同步完成
2025-11-14 12:06:16,155 - osv_monitor - INFO - 解压缩文件完成
