2025-09-16 00:43:50,977 - osv_monitor - INFO - 开始同步OSV漏洞数据...
2025-09-16 00:43:50,977 - osv_monitor - INFO - 正在搜索主页的生态系统列表...
2025-09-16 00:43:50,977 - osv_monitor - INFO - 正在获取 https://storage.googleapis.com/osv-vulnerabilities/index.html 页面...
2025-09-16 00:43:55,394 - osv_monitor - INFO - 找到 94 个生态系统
2025-09-16 00:43:55,395 - osv_monitor - INFO - all.zip 需要更新
2025-09-16 00:44:01,989 - osv_monitor - INFO - 下载文件 https://storage.googleapis.com/osv-vulnerabilities/all.zip 到 data/all.tmp 成功
2025-09-16 00:44:01,990 - osv_monitor - INFO - [+] 更新同步 all.zip 最后修改时间: 2025-09-16 00:35:24
2025-09-16 00:44:01,991 - osv_monitor - INFO - 已下载 all.zip
2025-09-16 00:44:01,991 - osv_monitor - INFO - [+] 同步 OSV 数据完成
2025-09-16 00:44:01,991 - osv_monitor - INFO - 同步完成
2025-09-16 00:45:07,589 - osv_monitor - INFO - 解压缩文件完成
2025-09-16 12:19:40,889 - osv_monitor - INFO - 开始同步OSV漏洞数据...
2025-09-16 12:19:40,889 - osv_monitor - INFO - 正在搜索主页的生态系统列表...
2025-09-16 12:19:40,889 - osv_monitor - INFO - 正在获取 https://storage.googleapis.com/osv-vulnerabilities/index.html 页面...
2025-09-16 12:19:44,449 - osv_monitor - INFO - 找到 94 个生态系统
2025-09-16 12:19:44,451 - osv_monitor - INFO - all.zip 需要更新
2025-09-16 12:19:50,677 - osv_monitor - INFO - 下载文件 https://storage.googleapis.com/osv-vulnerabilities/all.zip 到 data/all.tmp 成功
2025-09-16 12:19:50,679 - osv_monitor - INFO - [+] 更新同步 all.zip 最后修改时间: 2025-09-16 12:01:57
2025-09-16 12:19:50,679 - osv_monitor - INFO - 已下载 all.zip
2025-09-16 12:19:50,679 - osv_monitor - INFO - [+] 同步 OSV 数据完成
2025-09-16 12:19:50,679 - osv_monitor - INFO - 同步完成
2025-09-16 12:20:58,075 - osv_monitor - INFO - 解压缩文件完成
