2025-06-14 00:44:28,357 - osv_monitor - INFO - 开始同步OSV漏洞数据...
2025-06-14 00:44:28,357 - osv_monitor - INFO - 正在搜索主页的生态系统列表...
2025-06-14 00:44:28,357 - osv_monitor - INFO - 正在获取 https://storage.googleapis.com/osv-vulnerabilities/index.html 页面...
2025-06-14 00:44:34,888 - osv_monitor - INFO - 找到 429 个生态系统
2025-06-14 00:44:34,889 - osv_monitor - INFO - all.zip 需要更新
2025-06-14 00:44:42,083 - osv_monitor - INFO - 下载文件 https://storage.googleapis.com/osv-vulnerabilities/all.zip 到 data/all.tmp 成功
2025-06-14 00:44:42,083 - osv_monitor - INFO - [+] 更新同步 all.zip 最后修改时间: 2025-06-13 23:34:24
2025-06-14 00:44:42,083 - osv_monitor - INFO - 已下载 all.zip
2025-06-14 00:44:42,083 - osv_monitor - INFO - [+] 同步 OSV 数据完成
2025-06-14 00:44:42,083 - osv_monitor - INFO - 同步完成
2025-06-14 00:45:37,207 - osv_monitor - INFO - 解压缩文件完成
2025-06-14 03:40:00,913 - osv_monitor - INFO - 开始同步OSV漏洞数据...
2025-06-14 03:40:00,913 - osv_monitor - INFO - 正在搜索主页的生态系统列表...
2025-06-14 03:40:00,913 - osv_monitor - INFO - 正在获取 https://storage.googleapis.com/osv-vulnerabilities/index.html 页面...
2025-06-14 03:40:15,390 - osv_monitor - INFO - 找到 429 个生态系统
2025-06-14 03:40:15,391 - osv_monitor - INFO - all.zip 需要更新
2025-06-14 03:40:19,949 - osv_monitor - INFO - 下载文件 https://storage.googleapis.com/osv-vulnerabilities/all.zip 到 data/all.tmp 成功
2025-06-14 03:40:19,950 - osv_monitor - INFO - [+] 更新同步 all.zip 最后修改时间: 2025-06-14 02:33:36
2025-06-14 03:40:19,950 - osv_monitor - INFO - 已下载 all.zip
2025-06-14 03:40:19,950 - osv_monitor - INFO - [+] 同步 OSV 数据完成
2025-06-14 03:40:19,950 - osv_monitor - INFO - 同步完成
2025-06-14 03:41:16,207 - osv_monitor - INFO - 解压缩文件完成
2025-06-14 06:19:08,054 - osv_monitor - INFO - 开始同步OSV漏洞数据...
2025-06-14 06:19:08,054 - osv_monitor - INFO - 正在搜索主页的生态系统列表...
2025-06-14 06:19:08,054 - osv_monitor - INFO - 正在获取 https://storage.googleapis.com/osv-vulnerabilities/index.html 页面...
2025-06-14 06:19:25,075 - osv_monitor - INFO - 找到 429 个生态系统
2025-06-14 06:19:25,076 - osv_monitor - INFO - all.zip 需要更新
2025-06-14 06:19:28,611 - osv_monitor - INFO - 下载文件 https://storage.googleapis.com/osv-vulnerabilities/all.zip 到 data/all.tmp 成功
2025-06-14 06:19:28,612 - osv_monitor - INFO - [+] 更新同步 all.zip 最后修改时间: 2025-06-14 05:27:13
2025-06-14 06:19:28,612 - osv_monitor - INFO - 已下载 all.zip
2025-06-14 06:19:28,612 - osv_monitor - INFO - [+] 同步 OSV 数据完成
2025-06-14 06:19:28,612 - osv_monitor - INFO - 同步完成
2025-06-14 06:20:22,475 - osv_monitor - INFO - 解压缩文件完成
2025-06-14 09:10:55,385 - osv_monitor - INFO - 开始同步OSV漏洞数据...
2025-06-14 09:10:55,385 - osv_monitor - INFO - 正在搜索主页的生态系统列表...
2025-06-14 09:10:55,385 - osv_monitor - INFO - 正在获取 https://storage.googleapis.com/osv-vulnerabilities/index.html 页面...
2025-06-14 09:11:01,817 - osv_monitor - INFO - 找到 429 个生态系统
2025-06-14 09:11:01,818 - osv_monitor - INFO - all.zip 需要更新
2025-06-14 09:11:05,250 - osv_monitor - INFO - 下载文件 https://storage.googleapis.com/osv-vulnerabilities/all.zip 到 data/all.tmp 成功
2025-06-14 09:11:05,251 - osv_monitor - INFO - [+] 更新同步 all.zip 最后修改时间: 2025-06-14 09:01:12
2025-06-14 09:11:05,251 - osv_monitor - INFO - 已下载 all.zip
2025-06-14 09:11:05,251 - osv_monitor - INFO - [+] 同步 OSV 数据完成
2025-06-14 09:11:05,251 - osv_monitor - INFO - 同步完成
2025-06-14 09:12:01,609 - osv_monitor - INFO - 解压缩文件完成
