2025-08-12 00:45:33,539 - osv_monitor - INFO - 开始同步OSV漏洞数据...
2025-08-12 00:45:33,539 - osv_monitor - INFO - 正在搜索主页的生态系统列表...
2025-08-12 00:45:33,539 - osv_monitor - INFO - 正在获取 https://storage.googleapis.com/osv-vulnerabilities/index.html 页面...
2025-08-12 00:45:37,598 - osv_monitor - INFO - 找到 431 个生态系统
2025-08-12 00:45:37,599 - osv_monitor - INFO - all.zip 需要更新
2025-08-12 00:45:40,391 - osv_monitor - INFO - 下载文件 https://storage.googleapis.com/osv-vulnerabilities/all.zip 到 data/all.tmp 成功
2025-08-12 00:45:40,392 - osv_monitor - INFO - [+] 更新同步 all.zip 最后修改时间: 2025-08-12 00:03:57
2025-08-12 00:45:40,392 - osv_monitor - INFO - 已下载 all.zip
2025-08-12 00:45:40,392 - osv_monitor - INFO - [+] 同步 OSV 数据完成
2025-08-12 00:45:40,392 - osv_monitor - INFO - 同步完成
2025-08-12 00:46:32,633 - osv_monitor - INFO - 解压缩文件完成
2025-08-12 03:44:04,169 - osv_monitor - INFO - 开始同步OSV漏洞数据...
2025-08-12 03:44:04,170 - osv_monitor - INFO - 正在搜索主页的生态系统列表...
2025-08-12 03:44:04,170 - osv_monitor - INFO - 正在获取 https://storage.googleapis.com/osv-vulnerabilities/index.html 页面...
2025-08-12 03:44:08,904 - osv_monitor - INFO - 找到 431 个生态系统
2025-08-12 03:44:08,906 - osv_monitor - INFO - all.zip 需要更新
2025-08-12 03:44:15,474 - osv_monitor - INFO - 下载文件 https://storage.googleapis.com/osv-vulnerabilities/all.zip 到 data/all.tmp 成功
2025-08-12 03:44:15,474 - osv_monitor - INFO - [+] 更新同步 all.zip 最后修改时间: 2025-08-12 03:04:05
2025-08-12 03:44:15,474 - osv_monitor - INFO - 已下载 all.zip
2025-08-12 03:44:15,475 - osv_monitor - INFO - [+] 同步 OSV 数据完成
2025-08-12 03:44:15,475 - osv_monitor - INFO - 同步完成
2025-08-12 03:45:09,911 - osv_monitor - INFO - 解压缩文件完成
2025-08-12 06:16:40,133 - osv_monitor - INFO - 开始同步OSV漏洞数据...
2025-08-12 06:16:40,133 - osv_monitor - INFO - 正在搜索主页的生态系统列表...
2025-08-12 06:16:40,133 - osv_monitor - INFO - 正在获取 https://storage.googleapis.com/osv-vulnerabilities/index.html 页面...
2025-08-12 06:16:44,045 - osv_monitor - INFO - 找到 431 个生态系统
2025-08-12 06:16:44,047 - osv_monitor - INFO - all.zip 需要更新
2025-08-12 06:16:47,436 - osv_monitor - INFO - 下载文件 https://storage.googleapis.com/osv-vulnerabilities/all.zip 到 data/all.tmp 成功
2025-08-12 06:16:47,437 - osv_monitor - INFO - [+] 更新同步 all.zip 最后修改时间: 2025-08-12 05:32:24
2025-08-12 06:16:47,437 - osv_monitor - INFO - 已下载 all.zip
2025-08-12 06:16:47,437 - osv_monitor - INFO - [+] 同步 OSV 数据完成
2025-08-12 06:16:47,437 - osv_monitor - INFO - 同步完成
2025-08-12 06:17:43,023 - osv_monitor - INFO - 解压缩文件完成
2025-08-12 09:14:40,212 - osv_monitor - INFO - 开始同步OSV漏洞数据...
2025-08-12 09:14:40,213 - osv_monitor - INFO - 正在搜索主页的生态系统列表...
2025-08-12 09:14:40,213 - osv_monitor - INFO - 正在获取 https://storage.googleapis.com/osv-vulnerabilities/index.html 页面...
2025-08-12 09:14:43,619 - osv_monitor - INFO - 找到 431 个生态系统
2025-08-12 09:14:43,620 - osv_monitor - INFO - all.zip 需要更新
2025-08-12 09:14:46,262 - osv_monitor - INFO - 下载文件 https://storage.googleapis.com/osv-vulnerabilities/all.zip 到 data/all.tmp 成功
2025-08-12 09:14:46,262 - osv_monitor - INFO - [+] 更新同步 all.zip 最后修改时间: 2025-08-12 08:34:06
2025-08-12 09:14:46,262 - osv_monitor - INFO - 已下载 all.zip
2025-08-12 09:14:46,262 - osv_monitor - INFO - [+] 同步 OSV 数据完成
2025-08-12 09:14:46,262 - osv_monitor - INFO - 同步完成
2025-08-12 09:15:40,225 - osv_monitor - INFO - 解压缩文件完成
2025-08-12 12:19:00,827 - osv_monitor - INFO - 开始同步OSV漏洞数据...
2025-08-12 12:19:00,827 - osv_monitor - INFO - 正在搜索主页的生态系统列表...
2025-08-12 12:19:00,827 - osv_monitor - INFO - 正在获取 https://storage.googleapis.com/osv-vulnerabilities/index.html 页面...
2025-08-12 12:19:04,401 - osv_monitor - INFO - 找到 431 个生态系统
2025-08-12 12:19:04,402 - osv_monitor - INFO - all.zip 需要更新
2025-08-12 12:19:10,551 - osv_monitor - INFO - 下载文件 https://storage.googleapis.com/osv-vulnerabilities/all.zip 到 data/all.tmp 成功
2025-08-12 12:19:10,552 - osv_monitor - INFO - [+] 更新同步 all.zip 最后修改时间: 2025-08-12 11:21:32
2025-08-12 12:19:10,552 - osv_monitor - INFO - 已下载 all.zip
2025-08-12 12:19:10,552 - osv_monitor - INFO - [+] 同步 OSV 数据完成
2025-08-12 12:19:10,552 - osv_monitor - INFO - 同步完成
2025-08-12 12:20:03,573 - osv_monitor - INFO - 解压缩文件完成
