2025-07-11 00:47:30,877 - osv_monitor - INFO - 开始同步OSV漏洞数据...
2025-07-11 00:47:30,877 - osv_monitor - INFO - 正在搜索主页的生态系统列表...
2025-07-11 00:47:30,877 - osv_monitor - INFO - 正在获取 https://storage.googleapis.com/osv-vulnerabilities/index.html 页面...
2025-07-11 00:47:36,364 - osv_monitor - INFO - 找到 429 个生态系统
2025-07-11 00:47:36,365 - osv_monitor - INFO - all.zip 需要更新
2025-07-11 00:47:43,541 - osv_monitor - INFO - 下载文件 https://storage.googleapis.com/osv-vulnerabilities/all.zip 到 data/all.tmp 成功
2025-07-11 00:47:43,542 - osv_monitor - INFO - [+] 更新同步 all.zip 最后修改时间: 2025-07-11 00:37:37
2025-07-11 00:47:43,542 - osv_monitor - INFO - 已下载 all.zip
2025-07-11 00:47:43,542 - osv_monitor - INFO - [+] 同步 OSV 数据完成
2025-07-11 00:47:43,542 - osv_monitor - INFO - 同步完成
2025-07-11 00:48:41,005 - osv_monitor - INFO - 解压缩文件完成
2025-07-11 03:55:02,861 - osv_monitor - INFO - 开始同步OSV漏洞数据...
2025-07-11 03:55:02,862 - osv_monitor - INFO - 正在搜索主页的生态系统列表...
2025-07-11 03:55:02,862 - osv_monitor - INFO - 正在获取 https://storage.googleapis.com/osv-vulnerabilities/index.html 页面...
2025-07-11 03:55:06,406 - osv_monitor - INFO - 找到 429 个生态系统
2025-07-11 03:55:06,407 - osv_monitor - INFO - all.zip 需要更新
2025-07-11 03:55:11,047 - osv_monitor - INFO - 下载文件 https://storage.googleapis.com/osv-vulnerabilities/all.zip 到 data/all.tmp 成功
2025-07-11 03:55:11,048 - osv_monitor - INFO - [+] 更新同步 all.zip 最后修改时间: 2025-07-11 03:38:23
2025-07-11 03:55:11,048 - osv_monitor - INFO - 已下载 all.zip
2025-07-11 03:55:11,048 - osv_monitor - INFO - [+] 同步 OSV 数据完成
2025-07-11 03:55:11,048 - osv_monitor - INFO - 同步完成
2025-07-11 03:56:09,052 - osv_monitor - INFO - 解压缩文件完成
2025-07-11 06:17:24,638 - osv_monitor - INFO - 开始同步OSV漏洞数据...
2025-07-11 06:17:24,638 - osv_monitor - INFO - 正在搜索主页的生态系统列表...
2025-07-11 06:17:24,638 - osv_monitor - INFO - 正在获取 https://storage.googleapis.com/osv-vulnerabilities/index.html 页面...
2025-07-11 06:17:30,637 - osv_monitor - INFO - 找到 429 个生态系统
2025-07-11 06:17:30,638 - osv_monitor - INFO - all.zip 需要更新
2025-07-11 06:17:34,501 - osv_monitor - INFO - 下载文件 https://storage.googleapis.com/osv-vulnerabilities/all.zip 到 data/all.tmp 成功
2025-07-11 06:17:34,502 - osv_monitor - INFO - [+] 更新同步 all.zip 最后修改时间: 2025-07-11 05:05:42
2025-07-11 06:17:34,502 - osv_monitor - INFO - 已下载 all.zip
2025-07-11 06:17:34,502 - osv_monitor - INFO - [+] 同步 OSV 数据完成
2025-07-11 06:17:34,502 - osv_monitor - INFO - 同步完成
2025-07-11 06:18:30,770 - osv_monitor - INFO - 解压缩文件完成
2025-07-11 09:13:21,747 - osv_monitor - INFO - 开始同步OSV漏洞数据...
2025-07-11 09:13:21,747 - osv_monitor - INFO - 正在搜索主页的生态系统列表...
2025-07-11 09:13:21,747 - osv_monitor - INFO - 正在获取 https://storage.googleapis.com/osv-vulnerabilities/index.html 页面...
2025-07-11 09:13:27,217 - osv_monitor - INFO - 找到 429 个生态系统
2025-07-11 09:13:27,218 - osv_monitor - INFO - all.zip 需要更新
2025-07-11 09:13:31,620 - osv_monitor - INFO - 下载文件 https://storage.googleapis.com/osv-vulnerabilities/all.zip 到 data/all.tmp 成功
2025-07-11 09:13:31,621 - osv_monitor - INFO - [+] 更新同步 all.zip 最后修改时间: 2025-07-11 08:12:03
2025-07-11 09:13:31,621 - osv_monitor - INFO - 已下载 all.zip
2025-07-11 09:13:31,621 - osv_monitor - INFO - [+] 同步 OSV 数据完成
2025-07-11 09:13:31,621 - osv_monitor - INFO - 同步完成
2025-07-11 09:14:29,587 - osv_monitor - INFO - 解压缩文件完成
2025-07-11 12:19:15,143 - osv_monitor - INFO - 开始同步OSV漏洞数据...
2025-07-11 12:19:15,144 - osv_monitor - INFO - 正在搜索主页的生态系统列表...
2025-07-11 12:19:15,144 - osv_monitor - INFO - 正在获取 https://storage.googleapis.com/osv-vulnerabilities/index.html 页面...
2025-07-11 12:19:18,910 - osv_monitor - INFO - 找到 429 个生态系统
2025-07-11 12:19:18,911 - osv_monitor - INFO - all.zip 需要更新
2025-07-11 12:19:22,574 - osv_monitor - INFO - 下载文件 https://storage.googleapis.com/osv-vulnerabilities/all.zip 到 data/all.tmp 成功
2025-07-11 12:19:22,575 - osv_monitor - INFO - [+] 更新同步 all.zip 最后修改时间: 2025-07-11 11:09:55
2025-07-11 12:19:22,575 - osv_monitor - INFO - 已下载 all.zip
2025-07-11 12:19:22,575 - osv_monitor - INFO - [+] 同步 OSV 数据完成
2025-07-11 12:19:22,575 - osv_monitor - INFO - 同步完成
2025-07-11 12:20:20,194 - osv_monitor - INFO - 解压缩文件完成
