2025-06-01 01:03:40,146 - osv_monitor - INFO - 开始同步OSV漏洞数据...
2025-06-01 01:03:40,146 - osv_monitor - INFO - 正在搜索主页的生态系统列表...
2025-06-01 01:03:40,146 - osv_monitor - INFO - 正在获取 https://storage.googleapis.com/osv-vulnerabilities/index.html 页面...
2025-06-01 01:03:44,884 - osv_monitor - INFO - 找到 429 个生态系统
2025-06-01 01:03:44,885 - osv_monitor - INFO - all.zip 需要更新
2025-06-01 01:03:49,978 - osv_monitor - INFO - 下载文件 https://storage.googleapis.com/osv-vulnerabilities/all.zip 到 data/all.tmp 成功
2025-06-01 01:03:49,978 - osv_monitor - INFO - [+] 更新同步 all.zip 最后修改时间: 2025-06-01 00:36:04
2025-06-01 01:03:49,979 - osv_monitor - INFO - 已下载 all.zip
2025-06-01 01:03:49,979 - osv_monitor - INFO - [+] 同步 OSV 数据完成
2025-06-01 01:03:49,979 - osv_monitor - INFO - 同步完成
2025-06-01 01:04:45,258 - osv_monitor - INFO - 解压缩文件完成
2025-06-01 03:29:19,324 - osv_monitor - INFO - 开始同步OSV漏洞数据...
2025-06-01 03:29:19,324 - osv_monitor - INFO - 正在搜索主页的生态系统列表...
2025-06-01 03:29:19,324 - osv_monitor - INFO - 正在获取 https://storage.googleapis.com/osv-vulnerabilities/index.html 页面...
2025-06-01 03:29:25,869 - osv_monitor - INFO - 找到 429 个生态系统
2025-06-01 03:29:25,869 - osv_monitor - INFO - all.zip 需要更新
2025-06-01 03:29:29,750 - osv_monitor - INFO - 下载文件 https://storage.googleapis.com/osv-vulnerabilities/all.zip 到 data/all.tmp 成功
2025-06-01 03:29:29,751 - osv_monitor - INFO - [+] 更新同步 all.zip 最后修改时间: 2025-06-01 02:01:35
2025-06-01 03:29:29,751 - osv_monitor - INFO - 已下载 all.zip
2025-06-01 03:29:29,751 - osv_monitor - INFO - [+] 同步 OSV 数据完成
2025-06-01 03:29:29,751 - osv_monitor - INFO - 同步完成
2025-06-01 03:30:25,362 - osv_monitor - INFO - 解压缩文件完成
2025-06-01 04:30:01,306 - osv_monitor - INFO - 开始同步OSV漏洞数据...
2025-06-01 04:30:01,306 - osv_monitor - INFO - 正在搜索主页的生态系统列表...
2025-06-01 04:30:01,306 - osv_monitor - INFO - 正在获取 https://storage.googleapis.com/osv-vulnerabilities/index.html 页面...
2025-06-01 04:30:05,803 - osv_monitor - INFO - 找到 429 个生态系统
2025-06-01 04:30:05,804 - osv_monitor - INFO - all.zip 需要更新
2025-06-01 04:30:10,072 - osv_monitor - INFO - 下载文件 https://storage.googleapis.com/osv-vulnerabilities/all.zip 到 data/all.tmp 成功
2025-06-01 04:30:10,073 - osv_monitor - INFO - [+] 更新同步 all.zip 最后修改时间: 2025-06-01 03:32:22
2025-06-01 04:30:10,073 - osv_monitor - INFO - 已下载 all.zip
2025-06-01 04:30:10,073 - osv_monitor - INFO - [+] 同步 OSV 数据完成
2025-06-01 04:30:10,073 - osv_monitor - INFO - 同步完成
2025-06-01 04:31:05,741 - osv_monitor - INFO - 解压缩文件完成
2025-06-01 05:15:18,354 - osv_monitor - INFO - 开始同步OSV漏洞数据...
2025-06-01 05:15:18,354 - osv_monitor - INFO - 正在搜索主页的生态系统列表...
2025-06-01 05:15:18,354 - osv_monitor - INFO - 正在获取 https://storage.googleapis.com/osv-vulnerabilities/index.html 页面...
2025-06-01 05:15:30,934 - osv_monitor - INFO - 找到 429 个生态系统
2025-06-01 05:15:30,934 - osv_monitor - INFO - all.zip 需要更新
2025-06-01 05:15:35,321 - osv_monitor - INFO - 下载文件 https://storage.googleapis.com/osv-vulnerabilities/all.zip 到 data/all.tmp 成功
2025-06-01 05:15:35,322 - osv_monitor - INFO - [+] 更新同步 all.zip 最后修改时间: 2025-06-01 05:03:09
2025-06-01 05:15:35,322 - osv_monitor - INFO - 已下载 all.zip
2025-06-01 05:15:35,322 - osv_monitor - INFO - [+] 同步 OSV 数据完成
2025-06-01 05:15:35,322 - osv_monitor - INFO - 同步完成
2025-06-01 05:16:30,203 - osv_monitor - INFO - 解压缩文件完成
