2025-07-18 00:48:47,094 - osv_monitor - INFO - 开始同步OSV漏洞数据...
2025-07-18 00:48:47,094 - osv_monitor - INFO - 正在搜索主页的生态系统列表...
2025-07-18 00:48:47,094 - osv_monitor - INFO - 正在获取 https://storage.googleapis.com/osv-vulnerabilities/index.html 页面...
2025-07-18 00:48:53,133 - osv_monitor - INFO - 找到 429 个生态系统
2025-07-18 00:48:53,134 - osv_monitor - INFO - all.zip 需要更新
2025-07-18 00:48:56,192 - osv_monitor - INFO - 下载文件 https://storage.googleapis.com/osv-vulnerabilities/all.zip 到 data/all.tmp 成功
2025-07-18 00:48:56,193 - osv_monitor - INFO - [+] 更新同步 all.zip 最后修改时间: 2025-07-17 23:11:44
2025-07-18 00:48:56,193 - osv_monitor - INFO - 已下载 all.zip
2025-07-18 00:48:56,193 - osv_monitor - INFO - [+] 同步 OSV 数据完成
2025-07-18 00:48:56,193 - osv_monitor - INFO - 同步完成
2025-07-18 00:49:53,524 - osv_monitor - INFO - 解压缩文件完成
2025-07-18 03:57:03,408 - osv_monitor - INFO - 开始同步OSV漏洞数据...
2025-07-18 03:57:03,408 - osv_monitor - INFO - 正在搜索主页的生态系统列表...
2025-07-18 03:57:03,409 - osv_monitor - INFO - 正在获取 https://storage.googleapis.com/osv-vulnerabilities/index.html 页面...
2025-07-18 03:57:11,099 - osv_monitor - INFO - 找到 429 个生态系统
2025-07-18 03:57:11,100 - osv_monitor - INFO - all.zip 需要更新
2025-07-18 03:57:15,918 - osv_monitor - INFO - 下载文件 https://storage.googleapis.com/osv-vulnerabilities/all.zip 到 data/all.tmp 成功
2025-07-18 03:57:15,919 - osv_monitor - INFO - [+] 更新同步 all.zip 最后修改时间: 2025-07-18 03:41:34
2025-07-18 03:57:15,919 - osv_monitor - INFO - 已下载 all.zip
2025-07-18 03:57:15,919 - osv_monitor - INFO - [+] 同步 OSV 数据完成
2025-07-18 03:57:15,919 - osv_monitor - INFO - 同步完成
2025-07-18 03:58:13,068 - osv_monitor - INFO - 解压缩文件完成
2025-07-18 06:18:34,748 - osv_monitor - INFO - 开始同步OSV漏洞数据...
2025-07-18 06:18:34,748 - osv_monitor - INFO - 正在搜索主页的生态系统列表...
2025-07-18 06:18:34,748 - osv_monitor - INFO - 正在获取 https://storage.googleapis.com/osv-vulnerabilities/index.html 页面...
2025-07-18 06:18:40,310 - osv_monitor - INFO - 找到 429 个生态系统
2025-07-18 06:18:40,311 - osv_monitor - INFO - all.zip 需要更新
2025-07-18 06:18:47,708 - osv_monitor - INFO - 下载文件 https://storage.googleapis.com/osv-vulnerabilities/all.zip 到 data/all.tmp 成功
2025-07-18 06:18:47,709 - osv_monitor - INFO - [+] 更新同步 all.zip 最后修改时间: 2025-07-18 05:16:21
2025-07-18 06:18:47,709 - osv_monitor - INFO - 已下载 all.zip
2025-07-18 06:18:47,709 - osv_monitor - INFO - [+] 同步 OSV 数据完成
2025-07-18 06:18:47,709 - osv_monitor - INFO - 同步完成
2025-07-18 06:19:44,768 - osv_monitor - INFO - 解压缩文件完成
2025-07-18 09:17:01,523 - osv_monitor - INFO - 开始同步OSV漏洞数据...
2025-07-18 09:17:01,523 - osv_monitor - INFO - 正在搜索主页的生态系统列表...
2025-07-18 09:17:01,523 - osv_monitor - INFO - 正在获取 https://storage.googleapis.com/osv-vulnerabilities/index.html 页面...
2025-07-18 09:17:08,551 - osv_monitor - INFO - 找到 429 个生态系统
2025-07-18 09:17:08,552 - osv_monitor - INFO - all.zip 需要更新
2025-07-18 09:17:12,023 - osv_monitor - INFO - 下载文件 https://storage.googleapis.com/osv-vulnerabilities/all.zip 到 data/all.tmp 成功
2025-07-18 09:17:12,023 - osv_monitor - INFO - [+] 更新同步 all.zip 最后修改时间: 2025-07-18 08:05:45
2025-07-18 09:17:12,024 - osv_monitor - INFO - 已下载 all.zip
2025-07-18 09:17:12,024 - osv_monitor - INFO - [+] 同步 OSV 数据完成
2025-07-18 09:17:12,024 - osv_monitor - INFO - 同步完成
2025-07-18 09:18:10,499 - osv_monitor - INFO - 解压缩文件完成
