2025-05-24 00:49:04,249 - osv_monitor - INFO - 开始同步OSV漏洞数据...
2025-05-24 00:49:04,249 - osv_monitor - INFO - 正在搜索主页的生态系统列表...
2025-05-24 00:49:04,249 - osv_monitor - INFO - 正在获取 https://storage.googleapis.com/osv-vulnerabilities/index.html 页面...
2025-05-24 00:49:10,313 - osv_monitor - INFO - 找到 428 个生态系统
2025-05-24 00:49:10,313 - osv_monitor - INFO - all.zip 需要更新
2025-05-24 00:49:14,689 - osv_monitor - INFO - 下载文件 https://storage.googleapis.com/osv-vulnerabilities/all.zip 到 data/all.tmp 成功
2025-05-24 00:49:14,690 - osv_monitor - INFO - [+] 更新同步 all.zip 最后修改时间: 2025-05-24 00:00:32
2025-05-24 00:49:14,690 - osv_monitor - INFO - 已下载 all.zip
2025-05-24 00:49:14,690 - osv_monitor - INFO - [+] 同步 OSV 数据完成
2025-05-24 00:49:14,690 - osv_monitor - INFO - 同步完成
2025-05-24 00:50:10,896 - osv_monitor - INFO - 解压缩文件完成
2025-05-24 02:25:25,434 - osv_monitor - INFO - 开始同步OSV漏洞数据...
2025-05-24 02:25:25,434 - osv_monitor - INFO - 正在搜索主页的生态系统列表...
2025-05-24 02:25:25,434 - osv_monitor - INFO - 正在获取 https://storage.googleapis.com/osv-vulnerabilities/index.html 页面...
2025-05-24 02:25:29,881 - osv_monitor - INFO - 找到 428 个生态系统
2025-05-24 02:25:29,882 - osv_monitor - INFO - all.zip 需要更新
2025-05-24 02:25:36,007 - osv_monitor - INFO - 下载文件 https://storage.googleapis.com/osv-vulnerabilities/all.zip 到 data/all.tmp 成功
2025-05-24 02:25:36,008 - osv_monitor - INFO - [+] 更新同步 all.zip 最后修改时间: 2025-05-24 01:04:32
2025-05-24 02:25:36,008 - osv_monitor - INFO - 已下载 all.zip
2025-05-24 02:25:36,008 - osv_monitor - INFO - [+] 同步 OSV 数据完成
2025-05-24 02:25:36,008 - osv_monitor - INFO - 同步完成
2025-05-24 02:26:29,925 - osv_monitor - INFO - 解压缩文件完成
2025-05-24 03:33:35,969 - osv_monitor - INFO - 开始同步OSV漏洞数据...
2025-05-24 03:33:35,970 - osv_monitor - INFO - 正在搜索主页的生态系统列表...
2025-05-24 03:33:35,970 - osv_monitor - INFO - 正在获取 https://storage.googleapis.com/osv-vulnerabilities/index.html 页面...
2025-05-24 03:33:42,231 - osv_monitor - INFO - 找到 428 个生态系统
2025-05-24 03:33:42,231 - osv_monitor - INFO - all.zip 需要更新
2025-05-24 03:33:46,990 - osv_monitor - INFO - 下载文件 https://storage.googleapis.com/osv-vulnerabilities/all.zip 到 data/all.tmp 成功
2025-05-24 03:33:46,991 - osv_monitor - INFO - [+] 更新同步 all.zip 最后修改时间: 2025-05-24 03:32:39
2025-05-24 03:33:46,991 - osv_monitor - INFO - 已下载 all.zip
2025-05-24 03:33:46,991 - osv_monitor - INFO - [+] 同步 OSV 数据完成
2025-05-24 03:33:46,991 - osv_monitor - INFO - 同步完成
2025-05-24 03:34:41,811 - osv_monitor - INFO - 解压缩文件完成
2025-05-24 04:13:10,859 - osv_monitor - INFO - 开始同步OSV漏洞数据...
2025-05-24 04:13:10,860 - osv_monitor - INFO - 正在搜索主页的生态系统列表...
2025-05-24 04:13:10,860 - osv_monitor - INFO - 正在获取 https://storage.googleapis.com/osv-vulnerabilities/index.html 页面...
2025-05-24 04:13:18,075 - osv_monitor - INFO - 找到 428 个生态系统
2025-05-24 04:13:18,076 - osv_monitor - INFO - all.zip 需要更新
2025-05-24 04:13:20,927 - osv_monitor - INFO - 下载文件 https://storage.googleapis.com/osv-vulnerabilities/all.zip 到 data/all.tmp 成功
2025-05-24 04:13:20,927 - osv_monitor - INFO - [+] 更新同步 all.zip 最后修改时间: 2025-05-24 03:32:39
2025-05-24 04:13:20,927 - osv_monitor - INFO - 已下载 all.zip
2025-05-24 04:13:20,927 - osv_monitor - INFO - [+] 同步 OSV 数据完成
2025-05-24 04:13:20,928 - osv_monitor - INFO - 同步完成
2025-05-24 04:14:17,375 - osv_monitor - INFO - 解压缩文件完成
2025-05-24 05:12:38,301 - osv_monitor - INFO - 开始同步OSV漏洞数据...
2025-05-24 05:12:38,302 - osv_monitor - INFO - 正在搜索主页的生态系统列表...
2025-05-24 05:12:38,302 - osv_monitor - INFO - 正在获取 https://storage.googleapis.com/osv-vulnerabilities/index.html 页面...
2025-05-24 05:12:45,207 - osv_monitor - INFO - 找到 428 个生态系统
2025-05-24 05:12:45,208 - osv_monitor - INFO - all.zip 需要更新
2025-05-24 05:12:48,620 - osv_monitor - INFO - 下载文件 https://storage.googleapis.com/osv-vulnerabilities/all.zip 到 data/all.tmp 成功
2025-05-24 05:12:48,621 - osv_monitor - INFO - [+] 更新同步 all.zip 最后修改时间: 2025-05-24 05:07:21
2025-05-24 05:12:48,621 - osv_monitor - INFO - 已下载 all.zip
2025-05-24 05:12:48,621 - osv_monitor - INFO - [+] 同步 OSV 数据完成
2025-05-24 05:12:48,621 - osv_monitor - INFO - 同步完成
2025-05-24 05:13:43,897 - osv_monitor - INFO - 解压缩文件完成
