2025-09-11 00:46:04,719 - osv_monitor - INFO - 开始同步OSV漏洞数据...
2025-09-11 00:46:04,720 - osv_monitor - INFO - 正在搜索主页的生态系统列表...
2025-09-11 00:46:04,720 - osv_monitor - INFO - 正在获取 https://storage.googleapis.com/osv-vulnerabilities/index.html 页面...
2025-09-11 00:46:08,028 - osv_monitor - INFO - 找到 93 个生态系统
2025-09-11 00:46:08,030 - osv_monitor - INFO - all.zip 需要更新
2025-09-11 00:46:22,683 - osv_monitor - INFO - 下载文件 https://storage.googleapis.com/osv-vulnerabilities/all.zip 到 data/all.tmp 成功
2025-09-11 00:46:22,685 - osv_monitor - INFO - [+] 更新同步 all.zip 最后修改时间: 2025-09-11 00:00:57
2025-09-11 00:46:22,685 - osv_monitor - INFO - 已下载 all.zip
2025-09-11 00:46:22,686 - osv_monitor - INFO - [+] 同步 OSV 数据完成
2025-09-11 00:46:22,686 - osv_monitor - INFO - 同步完成
2025-09-11 00:47:29,232 - osv_monitor - INFO - 解压缩文件完成
2025-09-11 12:20:55,513 - osv_monitor - INFO - 开始同步OSV漏洞数据...
2025-09-11 12:20:55,513 - osv_monitor - INFO - 正在搜索主页的生态系统列表...
2025-09-11 12:20:55,513 - osv_monitor - INFO - 正在获取 https://storage.googleapis.com/osv-vulnerabilities/index.html 页面...
2025-09-11 12:20:58,726 - osv_monitor - INFO - 找到 93 个生态系统
2025-09-11 12:20:58,728 - osv_monitor - INFO - all.zip 需要更新
2025-09-11 12:21:04,166 - osv_monitor - INFO - 下载文件 https://storage.googleapis.com/osv-vulnerabilities/all.zip 到 data/all.tmp 成功
2025-09-11 12:21:04,168 - osv_monitor - INFO - [+] 更新同步 all.zip 最后修改时间: 2025-09-11 12:08:17
2025-09-11 12:21:04,169 - osv_monitor - INFO - 已下载 all.zip
2025-09-11 12:21:04,169 - osv_monitor - INFO - [+] 同步 OSV 数据完成
2025-09-11 12:21:04,169 - osv_monitor - INFO - 同步完成
2025-09-11 12:22:13,687 - osv_monitor - INFO - 解压缩文件完成
