2025-07-02 00:45:58,908 - osv_monitor - INFO - 开始同步OSV漏洞数据...
2025-07-02 00:45:58,908 - osv_monitor - INFO - 正在搜索主页的生态系统列表...
2025-07-02 00:45:58,908 - osv_monitor - INFO - 正在获取 https://storage.googleapis.com/osv-vulnerabilities/index.html 页面...
2025-07-02 00:46:02,737 - osv_monitor - INFO - 找到 429 个生态系统
2025-07-02 00:46:02,738 - osv_monitor - INFO - all.zip 需要更新
2025-07-02 00:46:08,299 - osv_monitor - INFO - 下载文件 https://storage.googleapis.com/osv-vulnerabilities/all.zip 到 data/all.tmp 成功
2025-07-02 00:46:08,300 - osv_monitor - INFO - [+] 更新同步 all.zip 最后修改时间: 2025-07-02 00:11:12
2025-07-02 00:46:08,300 - osv_monitor - INFO - 已下载 all.zip
2025-07-02 00:46:08,300 - osv_monitor - INFO - [+] 同步 OSV 数据完成
2025-07-02 00:46:08,300 - osv_monitor - INFO - 同步完成
2025-07-02 00:47:05,286 - osv_monitor - INFO - 解压缩文件完成
2025-07-02 03:46:17,876 - osv_monitor - INFO - 开始同步OSV漏洞数据...
2025-07-02 03:46:17,876 - osv_monitor - INFO - 正在搜索主页的生态系统列表...
2025-07-02 03:46:17,876 - osv_monitor - INFO - 正在获取 https://storage.googleapis.com/osv-vulnerabilities/index.html 页面...
2025-07-02 03:46:23,813 - osv_monitor - INFO - 找到 429 个生态系统
2025-07-02 03:46:23,813 - osv_monitor - INFO - all.zip 需要更新
2025-07-02 03:46:29,932 - osv_monitor - INFO - 下载文件 https://storage.googleapis.com/osv-vulnerabilities/all.zip 到 data/all.tmp 成功
2025-07-02 03:46:29,932 - osv_monitor - INFO - [+] 更新同步 all.zip 最后修改时间: 2025-07-02 03:12:47
2025-07-02 03:46:29,932 - osv_monitor - INFO - 已下载 all.zip
2025-07-02 03:46:29,932 - osv_monitor - INFO - [+] 同步 OSV 数据完成
2025-07-02 03:46:29,933 - osv_monitor - INFO - 同步完成
2025-07-02 03:47:26,115 - osv_monitor - INFO - 解压缩文件完成
2025-07-02 06:17:05,200 - osv_monitor - INFO - 开始同步OSV漏洞数据...
2025-07-02 06:17:05,201 - osv_monitor - INFO - 正在搜索主页的生态系统列表...
2025-07-02 06:17:05,201 - osv_monitor - INFO - 正在获取 https://storage.googleapis.com/osv-vulnerabilities/index.html 页面...
2025-07-02 06:17:12,479 - osv_monitor - INFO - 找到 429 个生态系统
2025-07-02 06:17:12,480 - osv_monitor - INFO - all.zip 需要更新
2025-07-02 06:17:16,468 - osv_monitor - INFO - 下载文件 https://storage.googleapis.com/osv-vulnerabilities/all.zip 到 data/all.tmp 成功
2025-07-02 06:17:16,469 - osv_monitor - INFO - [+] 更新同步 all.zip 最后修改时间: 2025-07-02 06:04:50
2025-07-02 06:17:16,469 - osv_monitor - INFO - 已下载 all.zip
2025-07-02 06:17:16,469 - osv_monitor - INFO - [+] 同步 OSV 数据完成
2025-07-02 06:17:16,469 - osv_monitor - INFO - 同步完成
2025-07-02 06:18:12,200 - osv_monitor - INFO - 解压缩文件完成
2025-07-02 09:14:43,466 - osv_monitor - INFO - 开始同步OSV漏洞数据...
2025-07-02 09:14:43,467 - osv_monitor - INFO - 正在搜索主页的生态系统列表...
2025-07-02 09:14:43,467 - osv_monitor - INFO - 正在获取 https://storage.googleapis.com/osv-vulnerabilities/index.html 页面...
2025-07-02 09:14:49,162 - osv_monitor - INFO - 找到 429 个生态系统
2025-07-02 09:14:49,163 - osv_monitor - INFO - all.zip 需要更新
2025-07-02 09:14:52,914 - osv_monitor - INFO - 下载文件 https://storage.googleapis.com/osv-vulnerabilities/all.zip 到 data/all.tmp 成功
2025-07-02 09:14:52,914 - osv_monitor - INFO - [+] 更新同步 all.zip 最后修改时间: 2025-07-02 09:08:05
2025-07-02 09:14:52,914 - osv_monitor - INFO - 已下载 all.zip
2025-07-02 09:14:52,915 - osv_monitor - INFO - [+] 同步 OSV 数据完成
2025-07-02 09:14:52,915 - osv_monitor - INFO - 同步完成
2025-07-02 09:15:47,754 - osv_monitor - INFO - 解压缩文件完成
