2025-10-29 00:04:45,722 - osv_monitor - INFO - 开始同步OSV漏洞数据...
2025-10-29 00:04:45,723 - osv_monitor - INFO - 正在搜索主页的生态系统列表...
2025-10-29 00:04:45,723 - osv_monitor - INFO - 正在获取 https://storage.googleapis.com/osv-vulnerabilities/index.html 页面...
2025-10-29 00:04:49,164 - osv_monitor - INFO - 找到 95 个生态系统
2025-10-29 00:04:49,165 - osv_monitor - INFO - all.zip 需要更新
2025-10-29 00:04:57,076 - osv_monitor - INFO - 下载文件 https://storage.googleapis.com/osv-vulnerabilities/all.zip 到 data/all.tmp 成功
2025-10-29 00:04:57,078 - osv_monitor - INFO - [+] 更新同步 all.zip 最后修改时间: 2025-10-28 23:56:23
2025-10-29 00:04:57,078 - osv_monitor - INFO - 已下载 all.zip
2025-10-29 00:04:57,078 - osv_monitor - INFO - [+] 同步 OSV 数据完成
2025-10-29 00:04:57,078 - osv_monitor - INFO - 同步完成
2025-10-29 00:06:11,163 - osv_monitor - INFO - 解压缩文件完成
2025-10-29 12:04:37,069 - osv_monitor - INFO - 开始同步OSV漏洞数据...
2025-10-29 12:04:37,069 - osv_monitor - INFO - 正在搜索主页的生态系统列表...
2025-10-29 12:04:37,069 - osv_monitor - INFO - 正在获取 https://storage.googleapis.com/osv-vulnerabilities/index.html 页面...
2025-10-29 12:04:40,301 - osv_monitor - INFO - 找到 95 个生态系统
2025-10-29 12:04:40,302 - osv_monitor - INFO - all.zip 需要更新
2025-10-29 12:04:46,200 - osv_monitor - INFO - 下载文件 https://storage.googleapis.com/osv-vulnerabilities/all.zip 到 data/all.tmp 成功
2025-10-29 12:04:46,201 - osv_monitor - INFO - [+] 更新同步 all.zip 最后修改时间: 2025-10-29 11:55:57
2025-10-29 12:04:46,202 - osv_monitor - INFO - 已下载 all.zip
2025-10-29 12:04:46,202 - osv_monitor - INFO - [+] 同步 OSV 数据完成
2025-10-29 12:04:46,202 - osv_monitor - INFO - 同步完成
2025-10-29 12:06:02,500 - osv_monitor - INFO - 解压缩文件完成
