2025-11-27 00:05:19,184 - osv_monitor - INFO - 开始同步OSV漏洞数据...
2025-11-27 00:05:19,184 - osv_monitor - INFO - 正在搜索主页的生态系统列表...
2025-11-27 00:05:19,184 - osv_monitor - INFO - 正在获取 https://storage.googleapis.com/osv-vulnerabilities/index.html 页面...
2025-11-27 00:05:22,528 - osv_monitor - INFO - 找到 97 个生态系统
2025-11-27 00:05:22,530 - osv_monitor - INFO - all.zip 需要更新
2025-11-27 00:05:28,525 - osv_monitor - INFO - 下载文件 https://storage.googleapis.com/osv-vulnerabilities/all.zip 到 data/all.tmp 成功
2025-11-27 00:05:28,527 - osv_monitor - INFO - [+] 更新同步 all.zip 最后修改时间: 2025-11-26 23:55:25
2025-11-27 00:05:28,527 - osv_monitor - INFO - 已下载 all.zip
2025-11-27 00:05:28,527 - osv_monitor - INFO - [+] 同步 OSV 数据完成
2025-11-27 00:05:28,527 - osv_monitor - INFO - 同步完成
2025-11-27 00:07:06,295 - osv_monitor - INFO - 解压缩文件完成
2025-11-27 12:04:22,923 - osv_monitor - INFO - 开始同步OSV漏洞数据...
2025-11-27 12:04:22,924 - osv_monitor - INFO - 正在搜索主页的生态系统列表...
2025-11-27 12:04:22,924 - osv_monitor - INFO - 正在获取 https://storage.googleapis.com/osv-vulnerabilities/index.html 页面...
2025-11-27 12:04:25,235 - osv_monitor - INFO - 找到 97 个生态系统
2025-11-27 12:04:25,237 - osv_monitor - INFO - all.zip 需要更新
2025-11-27 12:04:35,385 - osv_monitor - INFO - 下载文件 https://storage.googleapis.com/osv-vulnerabilities/all.zip 到 data/all.tmp 成功
2025-11-27 12:04:35,387 - osv_monitor - INFO - [+] 更新同步 all.zip 最后修改时间: 2025-11-27 11:58:50
2025-11-27 12:04:35,388 - osv_monitor - INFO - 已下载 all.zip
2025-11-27 12:04:35,388 - osv_monitor - INFO - [+] 同步 OSV 数据完成
2025-11-27 12:04:35,388 - osv_monitor - INFO - 同步完成
2025-11-27 12:06:09,473 - osv_monitor - INFO - 解压缩文件完成
