2025-12-30 00:05:47,090 - osv_monitor - INFO - 开始同步OSV漏洞数据...
2025-12-30 00:05:47,090 - osv_monitor - INFO - 正在搜索主页的生态系统列表...
2025-12-30 00:05:47,090 - osv_monitor - INFO - 正在获取 https://storage.googleapis.com/osv-vulnerabilities/index.html 页面...
2025-12-30 00:05:49,422 - osv_monitor - INFO - 找到 97 个生态系统
2025-12-30 00:05:49,423 - osv_monitor - INFO - all.zip 需要更新
2025-12-30 00:06:06,665 - osv_monitor - INFO - 下载文件 https://storage.googleapis.com/osv-vulnerabilities/all.zip 到 data/all.tmp 成功
2025-12-30 00:06:06,667 - osv_monitor - INFO - [+] 更新同步 all.zip 最后修改时间: 2025-12-29 23:58:46
2025-12-30 00:06:06,667 - osv_monitor - INFO - 已下载 all.zip
2025-12-30 00:06:06,667 - osv_monitor - INFO - [+] 同步 OSV 数据完成
2025-12-30 00:06:06,668 - osv_monitor - INFO - 同步完成
2025-12-30 00:07:44,951 - osv_monitor - INFO - 解压缩文件完成
2025-12-30 12:03:59,839 - osv_monitor - INFO - 开始同步OSV漏洞数据...
2025-12-30 12:03:59,839 - osv_monitor - INFO - 正在搜索主页的生态系统列表...
2025-12-30 12:03:59,839 - osv_monitor - INFO - 正在获取 https://storage.googleapis.com/osv-vulnerabilities/index.html 页面...
2025-12-30 12:04:03,620 - osv_monitor - INFO - 找到 97 个生态系统
2025-12-30 12:04:03,622 - osv_monitor - INFO - all.zip 需要更新
2025-12-30 12:04:13,413 - osv_monitor - INFO - 下载文件 https://storage.googleapis.com/osv-vulnerabilities/all.zip 到 data/all.tmp 成功
2025-12-30 12:04:13,415 - osv_monitor - INFO - [+] 更新同步 all.zip 最后修改时间: 2025-12-30 11:57:50
2025-12-30 12:04:13,415 - osv_monitor - INFO - 已下载 all.zip
2025-12-30 12:04:13,415 - osv_monitor - INFO - [+] 同步 OSV 数据完成
2025-12-30 12:04:13,415 - osv_monitor - INFO - 同步完成
2025-12-30 12:05:15,780 - osv_monitor - INFO - 解压缩文件完成
