2025-05-29 00:54:55,860 - osv_monitor - INFO - 开始同步OSV漏洞数据...
2025-05-29 00:54:55,860 - osv_monitor - INFO - 正在搜索主页的生态系统列表...
2025-05-29 00:54:55,860 - osv_monitor - INFO - 正在获取 https://storage.googleapis.com/osv-vulnerabilities/index.html 页面...
2025-05-29 00:55:03,207 - osv_monitor - INFO - 找到 428 个生态系统
2025-05-29 00:55:03,208 - osv_monitor - INFO - all.zip 需要更新
2025-05-29 00:55:10,643 - osv_monitor - INFO - 下载文件 https://storage.googleapis.com/osv-vulnerabilities/all.zip 到 data/all.tmp 成功
2025-05-29 00:55:10,643 - osv_monitor - INFO - [+] 更新同步 all.zip 最后修改时间: 2025-05-28 23:37:11
2025-05-29 00:55:10,643 - osv_monitor - INFO - 已下载 all.zip
2025-05-29 00:55:10,643 - osv_monitor - INFO - [+] 同步 OSV 数据完成
2025-05-29 00:55:10,644 - osv_monitor - INFO - 同步完成
2025-05-29 00:56:06,066 - osv_monitor - INFO - 解压缩文件完成
2025-05-29 02:34:02,889 - osv_monitor - INFO - 开始同步OSV漏洞数据...
2025-05-29 02:34:02,889 - osv_monitor - INFO - 正在搜索主页的生态系统列表...
2025-05-29 02:34:02,889 - osv_monitor - INFO - 正在获取 https://storage.googleapis.com/osv-vulnerabilities/index.html 页面...
2025-05-29 02:34:07,457 - osv_monitor - INFO - 找到 429 个生态系统
2025-05-29 02:34:07,458 - osv_monitor - INFO - all.zip 需要更新
2025-05-29 02:34:12,891 - osv_monitor - INFO - 下载文件 https://storage.googleapis.com/osv-vulnerabilities/all.zip 到 data/all.tmp 成功
2025-05-29 02:34:12,891 - osv_monitor - INFO - [+] 更新同步 all.zip 最后修改时间: 2025-05-29 01:10:46
2025-05-29 02:34:12,892 - osv_monitor - INFO - 已下载 all.zip
2025-05-29 02:34:12,892 - osv_monitor - INFO - [+] 同步 OSV 数据完成
2025-05-29 02:34:12,892 - osv_monitor - INFO - 同步完成
2025-05-29 02:35:07,969 - osv_monitor - INFO - 解压缩文件完成
2025-05-29 03:41:04,611 - osv_monitor - INFO - 开始同步OSV漏洞数据...
2025-05-29 03:41:04,611 - osv_monitor - INFO - 正在搜索主页的生态系统列表...
2025-05-29 03:41:04,611 - osv_monitor - INFO - 正在获取 https://storage.googleapis.com/osv-vulnerabilities/index.html 页面...
2025-05-29 03:41:09,312 - osv_monitor - INFO - 找到 429 个生态系统
2025-05-29 03:41:09,313 - osv_monitor - INFO - all.zip 需要更新
2025-05-29 03:41:14,432 - osv_monitor - INFO - 下载文件 https://storage.googleapis.com/osv-vulnerabilities/all.zip 到 data/all.tmp 成功
2025-05-29 03:41:14,433 - osv_monitor - INFO - [+] 更新同步 all.zip 最后修改时间: 2025-05-29 02:53:39
2025-05-29 03:41:14,433 - osv_monitor - INFO - 已下载 all.zip
2025-05-29 03:41:14,433 - osv_monitor - INFO - [+] 同步 OSV 数据完成
2025-05-29 03:41:14,433 - osv_monitor - INFO - 同步完成
2025-05-29 03:42:10,413 - osv_monitor - INFO - 解压缩文件完成
