2025-07-28 00:53:32,416 - osv_monitor - INFO - 开始同步OSV漏洞数据...
2025-07-28 00:53:32,416 - osv_monitor - INFO - 正在搜索主页的生态系统列表...
2025-07-28 00:53:32,416 - osv_monitor - INFO - 正在获取 https://storage.googleapis.com/osv-vulnerabilities/index.html 页面...
2025-07-28 00:53:42,348 - osv_monitor - INFO - 找到 429 个生态系统
2025-07-28 00:53:42,349 - osv_monitor - INFO - all.zip 需要更新
2025-07-28 00:53:49,159 - osv_monitor - INFO - 下载文件 https://storage.googleapis.com/osv-vulnerabilities/all.zip 到 data/all.tmp 成功
2025-07-28 00:53:49,160 - osv_monitor - INFO - [+] 更新同步 all.zip 最后修改时间: 2025-07-28 00:53:03
2025-07-28 00:53:49,160 - osv_monitor - INFO - 已下载 all.zip
2025-07-28 00:53:49,160 - osv_monitor - INFO - [+] 同步 OSV 数据完成
2025-07-28 00:53:49,160 - osv_monitor - INFO - 同步完成
2025-07-28 00:54:40,811 - osv_monitor - INFO - 解压缩文件完成
2025-07-28 04:02:35,226 - osv_monitor - INFO - 开始同步OSV漏洞数据...
2025-07-28 04:02:35,227 - osv_monitor - INFO - 正在搜索主页的生态系统列表...
2025-07-28 04:02:35,227 - osv_monitor - INFO - 正在获取 https://storage.googleapis.com/osv-vulnerabilities/index.html 页面...
2025-07-28 04:02:41,140 - osv_monitor - INFO - 找到 429 个生态系统
2025-07-28 04:02:41,141 - osv_monitor - INFO - all.zip 需要更新
2025-07-28 04:02:43,428 - osv_monitor - INFO - 下载文件 https://storage.googleapis.com/osv-vulnerabilities/all.zip 到 data/all.tmp 成功
2025-07-28 04:02:43,428 - osv_monitor - INFO - [+] 更新同步 all.zip 最后修改时间: 2025-07-28 03:57:25
2025-07-28 04:02:43,429 - osv_monitor - INFO - 已下载 all.zip
2025-07-28 04:02:43,429 - osv_monitor - INFO - [+] 同步 OSV 数据完成
2025-07-28 04:02:43,429 - osv_monitor - INFO - 同步完成
2025-07-28 04:03:37,048 - osv_monitor - INFO - 解压缩文件完成
2025-07-28 06:22:43,393 - osv_monitor - INFO - 开始同步OSV漏洞数据...
2025-07-28 06:22:43,393 - osv_monitor - INFO - 正在搜索主页的生态系统列表...
2025-07-28 06:22:43,394 - osv_monitor - INFO - 正在获取 https://storage.googleapis.com/osv-vulnerabilities/index.html 页面...
2025-07-28 06:22:56,555 - osv_monitor - INFO - 找到 429 个生态系统
2025-07-28 06:22:56,556 - osv_monitor - INFO - all.zip 需要更新
2025-07-28 06:23:00,530 - osv_monitor - INFO - 下载文件 https://storage.googleapis.com/osv-vulnerabilities/all.zip 到 data/all.tmp 成功
2025-07-28 06:23:00,531 - osv_monitor - INFO - [+] 更新同步 all.zip 最后修改时间: 2025-07-28 05:56:53
2025-07-28 06:23:00,531 - osv_monitor - INFO - 已下载 all.zip
2025-07-28 06:23:00,531 - osv_monitor - INFO - [+] 同步 OSV 数据完成
2025-07-28 06:23:00,531 - osv_monitor - INFO - 同步完成
2025-07-28 06:23:52,515 - osv_monitor - INFO - 解压缩文件完成
