2025-09-17 00:44:34,867 - osv_monitor - INFO - 开始同步OSV漏洞数据...
2025-09-17 00:44:34,867 - osv_monitor - INFO - 正在搜索主页的生态系统列表...
2025-09-17 00:44:34,867 - osv_monitor - INFO - 正在获取 https://storage.googleapis.com/osv-vulnerabilities/index.html 页面...
2025-09-17 00:44:37,439 - osv_monitor - INFO - 找到 94 个生态系统
2025-09-17 00:44:37,440 - osv_monitor - INFO - all.zip 需要更新
2025-09-17 00:45:07,673 - osv_monitor - INFO - 下载文件 https://storage.googleapis.com/osv-vulnerabilities/all.zip 到 data/all.tmp 成功
2025-09-17 00:45:07,675 - osv_monitor - INFO - [+] 更新同步 all.zip 最后修改时间: 2025-09-17 00:06:04
2025-09-17 00:45:07,675 - osv_monitor - INFO - 已下载 all.zip
2025-09-17 00:45:07,675 - osv_monitor - INFO - [+] 同步 OSV 数据完成
2025-09-17 00:45:07,675 - osv_monitor - INFO - 同步完成
2025-09-17 00:46:13,647 - osv_monitor - INFO - 解压缩文件完成
2025-09-17 12:20:33,610 - osv_monitor - INFO - 开始同步OSV漏洞数据...
2025-09-17 12:20:33,610 - osv_monitor - INFO - 正在搜索主页的生态系统列表...
2025-09-17 12:20:33,610 - osv_monitor - INFO - 正在获取 https://storage.googleapis.com/osv-vulnerabilities/index.html 页面...
2025-09-17 12:20:37,431 - osv_monitor - INFO - 找到 94 个生态系统
2025-09-17 12:20:37,432 - osv_monitor - INFO - all.zip 需要更新
2025-09-17 12:20:44,886 - osv_monitor - INFO - 下载文件 https://storage.googleapis.com/osv-vulnerabilities/all.zip 到 data/all.tmp 成功
2025-09-17 12:20:44,888 - osv_monitor - INFO - [+] 更新同步 all.zip 最后修改时间: 2025-09-17 12:03:01
2025-09-17 12:20:44,888 - osv_monitor - INFO - 已下载 all.zip
2025-09-17 12:20:44,888 - osv_monitor - INFO - [+] 同步 OSV 数据完成
2025-09-17 12:20:44,888 - osv_monitor - INFO - 同步完成
2025-09-17 12:21:53,606 - osv_monitor - INFO - 解压缩文件完成
