2025-08-13 00:46:15,667 - osv_monitor - INFO - 开始同步OSV漏洞数据...
2025-08-13 00:46:15,668 - osv_monitor - INFO - 正在搜索主页的生态系统列表...
2025-08-13 00:46:15,668 - osv_monitor - INFO - 正在获取 https://storage.googleapis.com/osv-vulnerabilities/index.html 页面...
2025-08-13 00:46:19,313 - osv_monitor - INFO - 找到 431 个生态系统
2025-08-13 00:46:19,314 - osv_monitor - INFO - all.zip 需要更新
2025-08-13 00:46:23,196 - osv_monitor - INFO - 下载文件 https://storage.googleapis.com/osv-vulnerabilities/all.zip 到 data/all.tmp 成功
2025-08-13 00:46:23,197 - osv_monitor - INFO - [+] 更新同步 all.zip 最后修改时间: 2025-08-13 00:31:35
2025-08-13 00:46:23,197 - osv_monitor - INFO - 已下载 all.zip
2025-08-13 00:46:23,197 - osv_monitor - INFO - [+] 同步 OSV 数据完成
2025-08-13 00:46:23,197 - osv_monitor - INFO - 同步完成
2025-08-13 00:47:17,027 - osv_monitor - INFO - 解压缩文件完成
2025-08-13 03:47:17,434 - osv_monitor - INFO - 开始同步OSV漏洞数据...
2025-08-13 03:47:17,435 - osv_monitor - INFO - 正在搜索主页的生态系统列表...
2025-08-13 03:47:17,435 - osv_monitor - INFO - 正在获取 https://storage.googleapis.com/osv-vulnerabilities/index.html 页面...
2025-08-13 03:47:21,004 - osv_monitor - INFO - 找到 431 个生态系统
2025-08-13 03:47:21,005 - osv_monitor - INFO - all.zip 需要更新
2025-08-13 03:47:24,794 - osv_monitor - INFO - 下载文件 https://storage.googleapis.com/osv-vulnerabilities/all.zip 到 data/all.tmp 成功
2025-08-13 03:47:24,795 - osv_monitor - INFO - [+] 更新同步 all.zip 最后修改时间: 2025-08-13 02:53:25
2025-08-13 03:47:24,795 - osv_monitor - INFO - 已下载 all.zip
2025-08-13 03:47:24,795 - osv_monitor - INFO - [+] 同步 OSV 数据完成
2025-08-13 03:47:24,795 - osv_monitor - INFO - 同步完成
2025-08-13 03:48:19,337 - osv_monitor - INFO - 解压缩文件完成
2025-08-13 06:17:22,869 - osv_monitor - INFO - 开始同步OSV漏洞数据...
2025-08-13 06:17:22,870 - osv_monitor - INFO - 正在搜索主页的生态系统列表...
2025-08-13 06:17:22,870 - osv_monitor - INFO - 正在获取 https://storage.googleapis.com/osv-vulnerabilities/index.html 页面...
2025-08-13 06:17:26,800 - osv_monitor - INFO - 找到 431 个生态系统
2025-08-13 06:17:26,801 - osv_monitor - INFO - all.zip 需要更新
2025-08-13 06:17:31,117 - osv_monitor - INFO - 下载文件 https://storage.googleapis.com/osv-vulnerabilities/all.zip 到 data/all.tmp 成功
2025-08-13 06:17:31,117 - osv_monitor - INFO - [+] 更新同步 all.zip 最后修改时间: 2025-08-13 05:21:01
2025-08-13 06:17:31,118 - osv_monitor - INFO - 已下载 all.zip
2025-08-13 06:17:31,118 - osv_monitor - INFO - [+] 同步 OSV 数据完成
2025-08-13 06:17:31,118 - osv_monitor - INFO - 同步完成
2025-08-13 06:18:26,428 - osv_monitor - INFO - 解压缩文件完成
2025-08-13 09:14:38,254 - osv_monitor - INFO - 开始同步OSV漏洞数据...
2025-08-13 09:14:38,254 - osv_monitor - INFO - 正在搜索主页的生态系统列表...
2025-08-13 09:14:38,254 - osv_monitor - INFO - 正在获取 https://storage.googleapis.com/osv-vulnerabilities/index.html 页面...
2025-08-13 09:14:42,017 - osv_monitor - INFO - 找到 431 个生态系统
2025-08-13 09:14:42,019 - osv_monitor - INFO - all.zip 需要更新
2025-08-13 09:14:44,193 - osv_monitor - INFO - 下载文件 https://storage.googleapis.com/osv-vulnerabilities/all.zip 到 data/all.tmp 成功
2025-08-13 09:14:44,194 - osv_monitor - INFO - [+] 更新同步 all.zip 最后修改时间: 2025-08-13 08:32:05
2025-08-13 09:14:44,194 - osv_monitor - INFO - 已下载 all.zip
2025-08-13 09:14:44,194 - osv_monitor - INFO - [+] 同步 OSV 数据完成
2025-08-13 09:14:44,194 - osv_monitor - INFO - 同步完成
2025-08-13 09:15:38,979 - osv_monitor - INFO - 解压缩文件完成
2025-08-13 12:19:10,294 - osv_monitor - INFO - 开始同步OSV漏洞数据...
2025-08-13 12:19:10,294 - osv_monitor - INFO - 正在搜索主页的生态系统列表...
2025-08-13 12:19:10,294 - osv_monitor - INFO - 正在获取 https://storage.googleapis.com/osv-vulnerabilities/index.html 页面...
2025-08-13 12:19:13,929 - osv_monitor - INFO - 找到 431 个生态系统
2025-08-13 12:19:13,930 - osv_monitor - INFO - all.zip 需要更新
2025-08-13 12:19:16,950 - osv_monitor - INFO - 下载文件 https://storage.googleapis.com/osv-vulnerabilities/all.zip 到 data/all.tmp 成功
2025-08-13 12:19:16,950 - osv_monitor - INFO - [+] 更新同步 all.zip 最后修改时间: 2025-08-13 11:29:48
2025-08-13 12:19:16,951 - osv_monitor - INFO - 已下载 all.zip
2025-08-13 12:19:16,951 - osv_monitor - INFO - [+] 同步 OSV 数据完成
2025-08-13 12:19:16,951 - osv_monitor - INFO - 同步完成
2025-08-13 12:20:13,726 - osv_monitor - INFO - 解压缩文件完成
2025-08-13 15:11:15,134 - osv_monitor - INFO - 开始同步OSV漏洞数据...
2025-08-13 15:11:15,134 - osv_monitor - INFO - 正在搜索主页的生态系统列表...
2025-08-13 15:11:15,134 - osv_monitor - INFO - 正在获取 https://storage.googleapis.com/osv-vulnerabilities/index.html 页面...
2025-08-13 15:11:19,059 - osv_monitor - INFO - 找到 431 个生态系统
2025-08-13 15:11:19,060 - osv_monitor - INFO - all.zip 需要更新
2025-08-13 15:15:54,759 - osv_monitor - INFO - 下载文件 https://storage.googleapis.com/osv-vulnerabilities/all.zip 到 data/all.tmp 成功
2025-08-13 15:15:54,760 - osv_monitor - INFO - [+] 更新同步 all.zip 最后修改时间: 2025-08-13 14:20:09
2025-08-13 15:15:54,760 - osv_monitor - INFO - 已下载 all.zip
2025-08-13 15:15:54,760 - osv_monitor - INFO - [+] 同步 OSV 数据完成
2025-08-13 15:15:54,760 - osv_monitor - INFO - 同步完成
2025-08-13 15:16:46,958 - osv_monitor - INFO - 解压缩文件完成
2025-08-13 18:16:51,044 - osv_monitor - INFO - 开始同步OSV漏洞数据...
2025-08-13 18:16:51,045 - osv_monitor - INFO - 正在搜索主页的生态系统列表...
2025-08-13 18:16:51,045 - osv_monitor - INFO - 正在获取 https://storage.googleapis.com/osv-vulnerabilities/index.html 页面...
2025-08-13 18:16:55,052 - osv_monitor - INFO - 找到 431 个生态系统
2025-08-13 18:16:55,053 - osv_monitor - INFO - all.zip 需要更新
2025-08-13 18:17:00,365 - osv_monitor - INFO - 下载文件 https://storage.googleapis.com/osv-vulnerabilities/all.zip 到 data/all.tmp 成功
2025-08-13 18:17:00,366 - osv_monitor - INFO - [+] 更新同步 all.zip 最后修改时间: 2025-08-13 18:15:02
2025-08-13 18:17:00,366 - osv_monitor - INFO - 已下载 all.zip
2025-08-13 18:17:00,366 - osv_monitor - INFO - [+] 同步 OSV 数据完成
2025-08-13 18:17:00,366 - osv_monitor - INFO - 同步完成
2025-08-13 18:17:53,521 - osv_monitor - INFO - 解压缩文件完成
