2025-08-28 00:41:31,610 - osv_monitor - INFO - 开始同步OSV漏洞数据...
2025-08-28 00:41:31,610 - osv_monitor - INFO - 正在搜索主页的生态系统列表...
2025-08-28 00:41:31,610 - osv_monitor - INFO - 正在获取 https://storage.googleapis.com/osv-vulnerabilities/index.html 页面...
2025-08-28 00:41:35,416 - osv_monitor - INFO - 找到 431 个生态系统
2025-08-28 00:41:35,417 - osv_monitor - INFO - all.zip 需要更新
2025-08-28 00:41:38,144 - osv_monitor - INFO - 下载文件 https://storage.googleapis.com/osv-vulnerabilities/all.zip 到 data/all.tmp 成功
2025-08-28 00:41:38,146 - osv_monitor - INFO - [+] 更新同步 all.zip 最后修改时间: 2025-08-27 23:49:00
2025-08-28 00:41:38,146 - osv_monitor - INFO - 已下载 all.zip
2025-08-28 00:41:38,146 - osv_monitor - INFO - [+] 同步 OSV 数据完成
2025-08-28 00:41:38,146 - osv_monitor - INFO - 同步完成
2025-08-28 00:42:38,057 - osv_monitor - INFO - 解压缩文件完成
2025-08-28 03:31:05,775 - osv_monitor - INFO - 开始同步OSV漏洞数据...
2025-08-28 03:31:05,775 - osv_monitor - INFO - 正在搜索主页的生态系统列表...
2025-08-28 03:31:05,776 - osv_monitor - INFO - 正在获取 https://storage.googleapis.com/osv-vulnerabilities/index.html 页面...
2025-08-28 03:31:09,359 - osv_monitor - INFO - 找到 431 个生态系统
2025-08-28 03:31:09,360 - osv_monitor - INFO - all.zip 需要更新
2025-08-28 03:31:12,872 - osv_monitor - INFO - 下载文件 https://storage.googleapis.com/osv-vulnerabilities/all.zip 到 data/all.tmp 成功
2025-08-28 03:31:12,874 - osv_monitor - INFO - [+] 更新同步 all.zip 最后修改时间: 2025-08-28 02:50:36
2025-08-28 03:31:12,874 - osv_monitor - INFO - 已下载 all.zip
2025-08-28 03:31:12,874 - osv_monitor - INFO - [+] 同步 OSV 数据完成
2025-08-28 03:31:12,874 - osv_monitor - INFO - 同步完成
2025-08-28 03:32:14,315 - osv_monitor - INFO - 解压缩文件完成
