2025-07-31 00:49:22,019 - osv_monitor - INFO - 开始同步OSV漏洞数据...
2025-07-31 00:49:22,019 - osv_monitor - INFO - 正在搜索主页的生态系统列表...
2025-07-31 00:49:22,019 - osv_monitor - INFO - 正在获取 https://storage.googleapis.com/osv-vulnerabilities/index.html 页面...
2025-07-31 00:49:27,815 - osv_monitor - INFO - 找到 429 个生态系统
2025-07-31 00:49:27,816 - osv_monitor - INFO - all.zip 需要更新
2025-07-31 00:50:22,797 - osv_monitor - INFO - 下载文件 https://storage.googleapis.com/osv-vulnerabilities/all.zip 到 data/all.tmp 成功
2025-07-31 00:50:22,797 - osv_monitor - INFO - [+] 更新同步 all.zip 最后修改时间: 2025-07-30 23:53:03
2025-07-31 00:50:22,797 - osv_monitor - INFO - 已下载 all.zip
2025-07-31 00:50:22,798 - osv_monitor - INFO - [+] 同步 OSV 数据完成
2025-07-31 00:50:22,798 - osv_monitor - INFO - 同步完成
2025-07-31 00:51:14,507 - osv_monitor - INFO - 解压缩文件完成
2025-07-31 03:59:59,400 - osv_monitor - INFO - 开始同步OSV漏洞数据...
2025-07-31 03:59:59,400 - osv_monitor - INFO - 正在搜索主页的生态系统列表...
2025-07-31 03:59:59,400 - osv_monitor - INFO - 正在获取 https://storage.googleapis.com/osv-vulnerabilities/index.html 页面...
2025-07-31 04:00:03,306 - osv_monitor - INFO - 找到 429 个生态系统
2025-07-31 04:00:03,307 - osv_monitor - INFO - all.zip 需要更新
2025-07-31 04:00:06,511 - osv_monitor - INFO - 下载文件 https://storage.googleapis.com/osv-vulnerabilities/all.zip 到 data/all.tmp 成功
2025-07-31 04:00:06,511 - osv_monitor - INFO - [+] 更新同步 all.zip 最后修改时间: 2025-07-31 03:49:56
2025-07-31 04:00:06,511 - osv_monitor - INFO - 已下载 all.zip
2025-07-31 04:00:06,511 - osv_monitor - INFO - [+] 同步 OSV 数据完成
2025-07-31 04:00:06,511 - osv_monitor - INFO - 同步完成
2025-07-31 04:00:59,251 - osv_monitor - INFO - 解压缩文件完成
2025-07-31 06:18:09,762 - osv_monitor - INFO - 开始同步OSV漏洞数据...
2025-07-31 06:18:09,762 - osv_monitor - INFO - 正在搜索主页的生态系统列表...
2025-07-31 06:18:09,762 - osv_monitor - INFO - 正在获取 https://storage.googleapis.com/osv-vulnerabilities/index.html 页面...
2025-07-31 06:18:13,770 - osv_monitor - INFO - 找到 429 个生态系统
2025-07-31 06:18:13,771 - osv_monitor - INFO - all.zip 需要更新
2025-07-31 06:18:18,864 - osv_monitor - INFO - 下载文件 https://storage.googleapis.com/osv-vulnerabilities/all.zip 到 data/all.tmp 成功
2025-07-31 06:18:18,865 - osv_monitor - INFO - [+] 更新同步 all.zip 最后修改时间: 2025-07-31 06:00:59
2025-07-31 06:18:18,865 - osv_monitor - INFO - 已下载 all.zip
2025-07-31 06:18:18,865 - osv_monitor - INFO - [+] 同步 OSV 数据完成
2025-07-31 06:18:18,865 - osv_monitor - INFO - 同步完成
2025-07-31 06:19:12,783 - osv_monitor - INFO - 解压缩文件完成
2025-07-31 09:17:57,022 - osv_monitor - INFO - 开始同步OSV漏洞数据...
2025-07-31 09:17:57,022 - osv_monitor - INFO - 正在搜索主页的生态系统列表...
2025-07-31 09:17:57,022 - osv_monitor - INFO - 正在获取 https://storage.googleapis.com/osv-vulnerabilities/index.html 页面...
2025-07-31 09:18:02,252 - osv_monitor - INFO - 找到 429 个生态系统
2025-07-31 09:18:02,253 - osv_monitor - INFO - all.zip 需要更新
2025-07-31 09:18:08,206 - osv_monitor - INFO - 下载文件 https://storage.googleapis.com/osv-vulnerabilities/all.zip 到 data/all.tmp 成功
2025-07-31 09:18:08,207 - osv_monitor - INFO - [+] 更新同步 all.zip 最后修改时间: 2025-07-31 08:17:43
2025-07-31 09:18:08,207 - osv_monitor - INFO - 已下载 all.zip
2025-07-31 09:18:08,207 - osv_monitor - INFO - [+] 同步 OSV 数据完成
2025-07-31 09:18:08,207 - osv_monitor - INFO - 同步完成
2025-07-31 09:18:59,869 - osv_monitor - INFO - 解压缩文件完成
2025-07-31 12:18:54,091 - osv_monitor - INFO - 开始同步OSV漏洞数据...
2025-07-31 12:18:54,091 - osv_monitor - INFO - 正在搜索主页的生态系统列表...
2025-07-31 12:18:54,091 - osv_monitor - INFO - 正在获取 https://storage.googleapis.com/osv-vulnerabilities/index.html 页面...
2025-07-31 12:18:59,341 - osv_monitor - INFO - 找到 429 个生态系统
2025-07-31 12:18:59,342 - osv_monitor - INFO - all.zip 需要更新
2025-07-31 12:19:02,260 - osv_monitor - INFO - 下载文件 https://storage.googleapis.com/osv-vulnerabilities/all.zip 到 data/all.tmp 成功
2025-07-31 12:19:02,260 - osv_monitor - INFO - [+] 更新同步 all.zip 最后修改时间: 2025-07-31 11:19:20
2025-07-31 12:19:02,260 - osv_monitor - INFO - 已下载 all.zip
2025-07-31 12:19:02,260 - osv_monitor - INFO - [+] 同步 OSV 数据完成
2025-07-31 12:19:02,260 - osv_monitor - INFO - 同步完成
2025-07-31 12:19:56,062 - osv_monitor - INFO - 解压缩文件完成
2025-07-31 15:12:54,435 - osv_monitor - INFO - 开始同步OSV漏洞数据...
2025-07-31 15:12:54,435 - osv_monitor - INFO - 正在搜索主页的生态系统列表...
2025-07-31 15:12:54,436 - osv_monitor - INFO - 正在获取 https://storage.googleapis.com/osv-vulnerabilities/index.html 页面...
2025-07-31 15:13:01,250 - osv_monitor - INFO - 找到 429 个生态系统
2025-07-31 15:13:01,251 - osv_monitor - INFO - all.zip 需要更新
2025-07-31 15:13:04,310 - osv_monitor - INFO - 下载文件 https://storage.googleapis.com/osv-vulnerabilities/all.zip 到 data/all.tmp 成功
2025-07-31 15:13:04,311 - osv_monitor - INFO - [+] 更新同步 all.zip 最后修改时间: 2025-07-31 14:17:58
2025-07-31 15:13:04,311 - osv_monitor - INFO - 已下载 all.zip
2025-07-31 15:13:04,311 - osv_monitor - INFO - [+] 同步 OSV 数据完成
2025-07-31 15:13:04,311 - osv_monitor - INFO - 同步完成
2025-07-31 15:13:58,546 - osv_monitor - INFO - 解压缩文件完成
2025-07-31 18:16:13,893 - osv_monitor - INFO - 开始同步OSV漏洞数据...
2025-07-31 18:16:13,893 - osv_monitor - INFO - 正在搜索主页的生态系统列表...
2025-07-31 18:16:13,893 - osv_monitor - INFO - 正在获取 https://storage.googleapis.com/osv-vulnerabilities/index.html 页面...
2025-07-31 18:16:19,946 - osv_monitor - INFO - 找到 429 个生态系统
2025-07-31 18:16:19,947 - osv_monitor - INFO - all.zip 需要更新
2025-07-31 18:16:24,157 - osv_monitor - INFO - 下载文件 https://storage.googleapis.com/osv-vulnerabilities/all.zip 到 data/all.tmp 成功
2025-07-31 18:16:24,158 - osv_monitor - INFO - [+] 更新同步 all.zip 最后修改时间: 2025-07-31 17:19:15
2025-07-31 18:16:24,158 - osv_monitor - INFO - 已下载 all.zip
2025-07-31 18:16:24,158 - osv_monitor - INFO - [+] 同步 OSV 数据完成
2025-07-31 18:16:24,158 - osv_monitor - INFO - 同步完成
2025-07-31 18:17:17,309 - osv_monitor - INFO - 解压缩文件完成
2025-07-31 21:13:07,018 - osv_monitor - INFO - 开始同步OSV漏洞数据...
2025-07-31 21:13:07,018 - osv_monitor - INFO - 正在搜索主页的生态系统列表...
2025-07-31 21:13:07,018 - osv_monitor - INFO - 正在获取 https://storage.googleapis.com/osv-vulnerabilities/index.html 页面...
2025-07-31 21:13:12,963 - osv_monitor - INFO - 找到 429 个生态系统
2025-07-31 21:13:12,965 - osv_monitor - INFO - all.zip 需要更新
2025-07-31 21:13:16,901 - osv_monitor - INFO - 下载文件 https://storage.googleapis.com/osv-vulnerabilities/all.zip 到 data/all.tmp 成功
2025-07-31 21:13:16,902 - osv_monitor - INFO - [+] 更新同步 all.zip 最后修改时间: 2025-07-31 20:24:32
2025-07-31 21:13:16,902 - osv_monitor - INFO - 已下载 all.zip
2025-07-31 21:13:16,902 - osv_monitor - INFO - [+] 同步 OSV 数据完成
2025-07-31 21:13:16,902 - osv_monitor - INFO - 同步完成
2025-07-31 21:14:11,874 - osv_monitor - INFO - 解压缩文件完成
