2025-05-27 00:51:26,160 - osv_monitor - INFO - 开始同步OSV漏洞数据...
2025-05-27 00:51:26,160 - osv_monitor - INFO - 正在搜索主页的生态系统列表...
2025-05-27 00:51:26,160 - osv_monitor - INFO - 正在获取 https://storage.googleapis.com/osv-vulnerabilities/index.html 页面...
2025-05-27 00:51:33,052 - osv_monitor - INFO - 找到 428 个生态系统
2025-05-27 00:51:33,052 - osv_monitor - INFO - all.zip 需要更新
2025-05-27 00:51:40,333 - osv_monitor - INFO - 下载文件 https://storage.googleapis.com/osv-vulnerabilities/all.zip 到 data/all.tmp 成功
2025-05-27 00:51:40,333 - osv_monitor - INFO - [+] 更新同步 all.zip 最后修改时间: 2025-05-27 00:29:42
2025-05-27 00:51:40,333 - osv_monitor - INFO - 已下载 all.zip
2025-05-27 00:51:40,333 - osv_monitor - INFO - [+] 同步 OSV 数据完成
2025-05-27 00:51:40,334 - osv_monitor - INFO - 同步完成
2025-05-27 00:52:35,060 - osv_monitor - INFO - 解压缩文件完成
2025-05-27 02:29:52,338 - osv_monitor - INFO - 开始同步OSV漏洞数据...
2025-05-27 02:29:52,338 - osv_monitor - INFO - 正在搜索主页的生态系统列表...
2025-05-27 02:29:52,338 - osv_monitor - INFO - 正在获取 https://storage.googleapis.com/osv-vulnerabilities/index.html 页面...
2025-05-27 02:29:59,366 - osv_monitor - INFO - 找到 428 个生态系统
2025-05-27 02:29:59,367 - osv_monitor - INFO - all.zip 需要更新
2025-05-27 02:30:02,924 - osv_monitor - INFO - 下载文件 https://storage.googleapis.com/osv-vulnerabilities/all.zip 到 data/all.tmp 成功
2025-05-27 02:30:02,924 - osv_monitor - INFO - [+] 更新同步 all.zip 最后修改时间: 2025-05-27 01:31:08
2025-05-27 02:30:02,925 - osv_monitor - INFO - 已下载 all.zip
2025-05-27 02:30:02,925 - osv_monitor - INFO - [+] 同步 OSV 数据完成
2025-05-27 02:30:02,925 - osv_monitor - INFO - 同步完成
2025-05-27 02:30:57,970 - osv_monitor - INFO - 解压缩文件完成
2025-05-27 03:38:37,301 - osv_monitor - INFO - 开始同步OSV漏洞数据...
2025-05-27 03:38:37,302 - osv_monitor - INFO - 正在搜索主页的生态系统列表...
2025-05-27 03:38:37,302 - osv_monitor - INFO - 正在获取 https://storage.googleapis.com/osv-vulnerabilities/index.html 页面...
2025-05-27 03:38:43,092 - osv_monitor - INFO - 找到 428 个生态系统
2025-05-27 03:38:43,093 - osv_monitor - INFO - all.zip 需要更新
2025-05-27 03:38:46,219 - osv_monitor - INFO - 下载文件 https://storage.googleapis.com/osv-vulnerabilities/all.zip 到 data/all.tmp 成功
2025-05-27 03:38:46,220 - osv_monitor - INFO - [+] 更新同步 all.zip 最后修改时间: 2025-05-27 02:58:38
2025-05-27 03:38:46,220 - osv_monitor - INFO - 已下载 all.zip
2025-05-27 03:38:46,220 - osv_monitor - INFO - [+] 同步 OSV 数据完成
2025-05-27 03:38:46,220 - osv_monitor - INFO - 同步完成
2025-05-27 03:39:41,867 - osv_monitor - INFO - 解压缩文件完成
2025-05-27 04:18:05,046 - osv_monitor - INFO - 开始同步OSV漏洞数据...
2025-05-27 04:18:05,046 - osv_monitor - INFO - 正在搜索主页的生态系统列表...
2025-05-27 04:18:05,046 - osv_monitor - INFO - 正在获取 https://storage.googleapis.com/osv-vulnerabilities/index.html 页面...
2025-05-27 04:18:09,314 - osv_monitor - INFO - 找到 428 个生态系统
2025-05-27 04:18:09,315 - osv_monitor - INFO - all.zip 需要更新
2025-05-27 04:18:12,884 - osv_monitor - INFO - 下载文件 https://storage.googleapis.com/osv-vulnerabilities/all.zip 到 data/all.tmp 成功
2025-05-27 04:18:12,885 - osv_monitor - INFO - [+] 更新同步 all.zip 最后修改时间: 2025-05-27 03:58:36
2025-05-27 04:18:12,885 - osv_monitor - INFO - 已下载 all.zip
2025-05-27 04:18:12,885 - osv_monitor - INFO - [+] 同步 OSV 数据完成
2025-05-27 04:18:12,885 - osv_monitor - INFO - 同步完成
2025-05-27 04:19:08,077 - osv_monitor - INFO - 解压缩文件完成
2025-05-27 05:13:19,188 - osv_monitor - INFO - 开始同步OSV漏洞数据...
2025-05-27 05:13:19,188 - osv_monitor - INFO - 正在搜索主页的生态系统列表...
2025-05-27 05:13:19,188 - osv_monitor - INFO - 正在获取 https://storage.googleapis.com/osv-vulnerabilities/index.html 页面...
2025-05-27 05:13:25,087 - osv_monitor - INFO - 找到 428 个生态系统
2025-05-27 05:13:25,087 - osv_monitor - INFO - all.zip 需要更新
2025-05-27 05:13:29,514 - osv_monitor - INFO - 下载文件 https://storage.googleapis.com/osv-vulnerabilities/all.zip 到 data/all.tmp 成功
2025-05-27 05:13:29,514 - osv_monitor - INFO - [+] 更新同步 all.zip 最后修改时间: 2025-05-27 04:58:49
2025-05-27 05:13:29,514 - osv_monitor - INFO - 已下载 all.zip
2025-05-27 05:13:29,514 - osv_monitor - INFO - [+] 同步 OSV 数据完成
2025-05-27 05:13:29,514 - osv_monitor - INFO - 同步完成
2025-05-27 05:14:25,161 - osv_monitor - INFO - 解压缩文件完成
2025-05-27 06:17:37,559 - osv_monitor - INFO - 开始同步OSV漏洞数据...
2025-05-27 06:17:37,559 - osv_monitor - INFO - 正在搜索主页的生态系统列表...
2025-05-27 06:17:37,560 - osv_monitor - INFO - 正在获取 https://storage.googleapis.com/osv-vulnerabilities/index.html 页面...
2025-05-27 06:17:43,861 - osv_monitor - INFO - 找到 428 个生态系统
2025-05-27 06:17:43,862 - osv_monitor - INFO - all.zip 需要更新
2025-05-27 06:17:47,284 - osv_monitor - INFO - 下载文件 https://storage.googleapis.com/osv-vulnerabilities/all.zip 到 data/all.tmp 成功
2025-05-27 06:17:47,285 - osv_monitor - INFO - [+] 更新同步 all.zip 最后修改时间: 2025-05-27 05:58:09
2025-05-27 06:17:47,285 - osv_monitor - INFO - 已下载 all.zip
2025-05-27 06:17:47,285 - osv_monitor - INFO - [+] 同步 OSV 数据完成
2025-05-27 06:17:47,286 - osv_monitor - INFO - 同步完成
2025-05-27 06:18:43,747 - osv_monitor - INFO - 解压缩文件完成
2025-05-27 07:12:35,767 - osv_monitor - INFO - 开始同步OSV漏洞数据...
2025-05-27 07:12:35,768 - osv_monitor - INFO - 正在搜索主页的生态系统列表...
2025-05-27 07:12:35,768 - osv_monitor - INFO - 正在获取 https://storage.googleapis.com/osv-vulnerabilities/index.html 页面...
2025-05-27 07:12:42,861 - osv_monitor - INFO - 找到 428 个生态系统
2025-05-27 07:12:42,861 - osv_monitor - INFO - all.zip 需要更新
2025-05-27 07:12:47,142 - osv_monitor - INFO - 下载文件 https://storage.googleapis.com/osv-vulnerabilities/all.zip 到 data/all.tmp 成功
2025-05-27 07:12:47,143 - osv_monitor - INFO - [+] 更新同步 all.zip 最后修改时间: 2025-05-27 07:01:37
2025-05-27 07:12:47,143 - osv_monitor - INFO - 已下载 all.zip
2025-05-27 07:12:47,143 - osv_monitor - INFO - [+] 同步 OSV 数据完成
2025-05-27 07:12:47,143 - osv_monitor - INFO - 同步完成
2025-05-27 07:13:42,091 - osv_monitor - INFO - 解压缩文件完成
2025-05-27 08:15:50,442 - osv_monitor - INFO - 开始同步OSV漏洞数据...
2025-05-27 08:15:50,442 - osv_monitor - INFO - 正在搜索主页的生态系统列表...
2025-05-27 08:15:50,442 - osv_monitor - INFO - 正在获取 https://storage.googleapis.com/osv-vulnerabilities/index.html 页面...
2025-05-27 08:15:54,388 - osv_monitor - INFO - 找到 428 个生态系统
2025-05-27 08:15:54,388 - osv_monitor - INFO - all.zip 需要更新
2025-05-27 08:15:58,358 - osv_monitor - INFO - 下载文件 https://storage.googleapis.com/osv-vulnerabilities/all.zip 到 data/all.tmp 成功
2025-05-27 08:15:58,359 - osv_monitor - INFO - [+] 更新同步 all.zip 最后修改时间: 2025-05-27 07:01:37
2025-05-27 08:15:58,359 - osv_monitor - INFO - 已下载 all.zip
2025-05-27 08:15:58,359 - osv_monitor - INFO - [+] 同步 OSV 数据完成
2025-05-27 08:15:58,359 - osv_monitor - INFO - 同步完成
2025-05-27 08:16:53,619 - osv_monitor - INFO - 解压缩文件完成
2025-05-27 09:13:31,041 - osv_monitor - INFO - 开始同步OSV漏洞数据...
2025-05-27 09:13:31,041 - osv_monitor - INFO - 正在搜索主页的生态系统列表...
2025-05-27 09:13:31,041 - osv_monitor - INFO - 正在获取 https://storage.googleapis.com/osv-vulnerabilities/index.html 页面...
2025-05-27 09:13:37,244 - osv_monitor - INFO - 找到 428 个生态系统
2025-05-27 09:13:37,244 - osv_monitor - INFO - all.zip 需要更新
2025-05-27 09:13:41,170 - osv_monitor - INFO - 下载文件 https://storage.googleapis.com/osv-vulnerabilities/all.zip 到 data/all.tmp 成功
2025-05-27 09:13:41,171 - osv_monitor - INFO - [+] 更新同步 all.zip 最后修改时间: 2025-05-27 08:36:14
2025-05-27 09:13:41,171 - osv_monitor - INFO - 已下载 all.zip
2025-05-27 09:13:41,171 - osv_monitor - INFO - [+] 同步 OSV 数据完成
2025-05-27 09:13:41,171 - osv_monitor - INFO - 同步完成
2025-05-27 09:14:35,537 - osv_monitor - INFO - 解压缩文件完成
2025-05-27 10:13:26,959 - osv_monitor - INFO - 开始同步OSV漏洞数据...
2025-05-27 10:13:26,959 - osv_monitor - INFO - 正在搜索主页的生态系统列表...
2025-05-27 10:13:26,959 - osv_monitor - INFO - 正在获取 https://storage.googleapis.com/osv-vulnerabilities/index.html 页面...
2025-05-27 10:13:31,109 - osv_monitor - INFO - 找到 428 个生态系统
2025-05-27 10:13:31,109 - osv_monitor - INFO - all.zip 需要更新
2025-05-27 10:13:34,132 - osv_monitor - INFO - 下载文件 https://storage.googleapis.com/osv-vulnerabilities/all.zip 到 data/all.tmp 成功
2025-05-27 10:13:34,133 - osv_monitor - INFO - [+] 更新同步 all.zip 最后修改时间: 2025-05-27 10:01:53
2025-05-27 10:13:34,133 - osv_monitor - INFO - 已下载 all.zip
2025-05-27 10:13:34,133 - osv_monitor - INFO - [+] 同步 OSV 数据完成
2025-05-27 10:13:34,133 - osv_monitor - INFO - 同步完成
2025-05-27 10:14:29,676 - osv_monitor - INFO - 解压缩文件完成
2025-05-27 11:10:52,859 - osv_monitor - INFO - 开始同步OSV漏洞数据...
2025-05-27 11:10:52,860 - osv_monitor - INFO - 正在搜索主页的生态系统列表...
2025-05-27 11:10:52,860 - osv_monitor - INFO - 正在获取 https://storage.googleapis.com/osv-vulnerabilities/index.html 页面...
2025-05-27 11:10:59,966 - osv_monitor - INFO - 找到 428 个生态系统
2025-05-27 11:10:59,966 - osv_monitor - INFO - all.zip 需要更新
2025-05-27 11:11:05,197 - osv_monitor - INFO - 下载文件 https://storage.googleapis.com/osv-vulnerabilities/all.zip 到 data/all.tmp 成功
2025-05-27 11:11:05,198 - osv_monitor - INFO - [+] 更新同步 all.zip 最后修改时间: 2025-05-27 10:01:53
2025-05-27 11:11:05,198 - osv_monitor - INFO - 已下载 all.zip
2025-05-27 11:11:05,198 - osv_monitor - INFO - [+] 同步 OSV 数据完成
2025-05-27 11:11:05,198 - osv_monitor - INFO - 同步完成
2025-05-27 11:12:01,060 - osv_monitor - INFO - 解压缩文件完成
2025-05-27 12:22:16,631 - osv_monitor - INFO - 开始同步OSV漏洞数据...
2025-05-27 12:22:16,631 - osv_monitor - INFO - 正在搜索主页的生态系统列表...
2025-05-27 12:22:16,631 - osv_monitor - INFO - 正在获取 https://storage.googleapis.com/osv-vulnerabilities/index.html 页面...
2025-05-27 12:22:22,877 - osv_monitor - INFO - 找到 428 个生态系统
2025-05-27 12:22:22,878 - osv_monitor - INFO - all.zip 需要更新
2025-05-27 12:22:30,559 - osv_monitor - INFO - 下载文件 https://storage.googleapis.com/osv-vulnerabilities/all.zip 到 data/all.tmp 成功
2025-05-27 12:22:30,560 - osv_monitor - INFO - [+] 更新同步 all.zip 最后修改时间: 2025-05-27 11:42:50
2025-05-27 12:22:30,560 - osv_monitor - INFO - 已下载 all.zip
2025-05-27 12:22:30,560 - osv_monitor - INFO - [+] 同步 OSV 数据完成
2025-05-27 12:22:30,560 - osv_monitor - INFO - 同步完成
2025-05-27 12:23:26,248 - osv_monitor - INFO - 解压缩文件完成
