2025-10-12 00:48:51,639 - osv_monitor - INFO - 开始同步OSV漏洞数据...
2025-10-12 00:48:51,639 - osv_monitor - INFO - 正在搜索主页的生态系统列表...
2025-10-12 00:48:51,639 - osv_monitor - INFO - 正在获取 https://storage.googleapis.com/osv-vulnerabilities/index.html 页面...
2025-10-12 00:48:55,244 - osv_monitor - INFO - 找到 95 个生态系统
2025-10-12 00:48:55,245 - osv_monitor - INFO - all.zip 需要更新
2025-10-12 00:48:59,623 - osv_monitor - INFO - 下载文件 https://storage.googleapis.com/osv-vulnerabilities/all.zip 到 data/all.tmp 成功
2025-10-12 00:48:59,625 - osv_monitor - INFO - [+] 更新同步 all.zip 最后修改时间: 2025-10-12 00:10:09
2025-10-12 00:48:59,625 - osv_monitor - INFO - 已下载 all.zip
2025-10-12 00:48:59,625 - osv_monitor - INFO - [+] 同步 OSV 数据完成
2025-10-12 00:48:59,625 - osv_monitor - INFO - 同步完成
2025-10-12 00:50:15,386 - osv_monitor - INFO - 解压缩文件完成
2025-10-12 12:20:34,440 - osv_monitor - INFO - 开始同步OSV漏洞数据...
2025-10-12 12:20:34,440 - osv_monitor - INFO - 正在搜索主页的生态系统列表...
2025-10-12 12:20:34,440 - osv_monitor - INFO - 正在获取 https://storage.googleapis.com/osv-vulnerabilities/index.html 页面...
2025-10-12 12:20:38,267 - osv_monitor - INFO - 找到 95 个生态系统
2025-10-12 12:20:38,268 - osv_monitor - INFO - all.zip 需要更新
2025-10-12 12:20:43,205 - osv_monitor - INFO - 下载文件 https://storage.googleapis.com/osv-vulnerabilities/all.zip 到 data/all.tmp 成功
2025-10-12 12:20:43,207 - osv_monitor - INFO - [+] 更新同步 all.zip 最后修改时间: 2025-10-12 12:10:12
2025-10-12 12:20:43,207 - osv_monitor - INFO - 已下载 all.zip
2025-10-12 12:20:43,207 - osv_monitor - INFO - [+] 同步 OSV 数据完成
2025-10-12 12:20:43,207 - osv_monitor - INFO - 同步完成
2025-10-12 12:21:57,595 - osv_monitor - INFO - 解压缩文件完成
