2026-01-06 00:05:04,707 - osv_monitor - INFO - 开始同步OSV漏洞数据...
2026-01-06 00:05:04,708 - osv_monitor - INFO - 正在搜索主页的生态系统列表...
2026-01-06 00:05:04,708 - osv_monitor - INFO - 正在获取 https://storage.googleapis.com/osv-vulnerabilities/index.html 页面...
2026-01-06 00:05:07,028 - osv_monitor - INFO - 找到 97 个生态系统
2026-01-06 00:05:07,029 - osv_monitor - INFO - all.zip 需要更新
2026-01-06 00:05:17,776 - osv_monitor - INFO - 下载文件 https://storage.googleapis.com/osv-vulnerabilities/all.zip 到 data/all.tmp 成功
2026-01-06 00:05:17,778 - osv_monitor - INFO - [+] 更新同步 all.zip 最后修改时间: 2026-01-05 23:59:05
2026-01-06 00:05:17,778 - osv_monitor - INFO - 已下载 all.zip
2026-01-06 00:05:17,778 - osv_monitor - INFO - [+] 同步 OSV 数据完成
2026-01-06 00:05:17,779 - osv_monitor - INFO - 同步完成
2026-01-06 00:06:56,279 - osv_monitor - INFO - 解压缩文件完成
2026-01-06 12:04:30,037 - osv_monitor - INFO - 开始同步OSV漏洞数据...
2026-01-06 12:04:30,037 - osv_monitor - INFO - 正在搜索主页的生态系统列表...
2026-01-06 12:04:30,037 - osv_monitor - INFO - 正在获取 https://storage.googleapis.com/osv-vulnerabilities/index.html 页面...
2026-01-06 12:04:32,842 - osv_monitor - INFO - 找到 97 个生态系统
2026-01-06 12:04:32,843 - osv_monitor - INFO - all.zip 需要更新
2026-01-06 12:04:42,432 - osv_monitor - INFO - 下载文件 https://storage.googleapis.com/osv-vulnerabilities/all.zip 到 data/all.tmp 成功
2026-01-06 12:04:42,434 - osv_monitor - INFO - [+] 更新同步 all.zip 最后修改时间: 2026-01-06 11:59:24
2026-01-06 12:04:42,434 - osv_monitor - INFO - 已下载 all.zip
2026-01-06 12:04:42,434 - osv_monitor - INFO - [+] 同步 OSV 数据完成
2026-01-06 12:04:42,434 - osv_monitor - INFO - 同步完成
2026-01-06 12:06:22,128 - osv_monitor - INFO - 解压缩文件完成
