2025-11-15 00:05:30,522 - osv_monitor - INFO - 开始同步OSV漏洞数据...
2025-11-15 00:05:30,522 - osv_monitor - INFO - 正在搜索主页的生态系统列表...
2025-11-15 00:05:30,522 - osv_monitor - INFO - 正在获取 https://storage.googleapis.com/osv-vulnerabilities/index.html 页面...
2025-11-15 00:05:34,192 - osv_monitor - INFO - 找到 96 个生态系统
2025-11-15 00:05:34,193 - osv_monitor - INFO - all.zip 需要更新
2025-11-15 00:05:39,266 - osv_monitor - INFO - 下载文件 https://storage.googleapis.com/osv-vulnerabilities/all.zip 到 data/all.tmp 成功
2025-11-15 00:05:39,267 - osv_monitor - INFO - [+] 更新同步 all.zip 最后修改时间: 2025-11-14 23:58:52
2025-11-15 00:05:39,268 - osv_monitor - INFO - 已下载 all.zip
2025-11-15 00:05:39,268 - osv_monitor - INFO - [+] 同步 OSV 数据完成
2025-11-15 00:05:39,268 - osv_monitor - INFO - 同步完成
2025-11-15 00:07:16,970 - osv_monitor - INFO - 解压缩文件完成
2025-11-15 12:03:44,387 - osv_monitor - INFO - 开始同步OSV漏洞数据...
2025-11-15 12:03:44,387 - osv_monitor - INFO - 正在搜索主页的生态系统列表...
2025-11-15 12:03:44,387 - osv_monitor - INFO - 正在获取 https://storage.googleapis.com/osv-vulnerabilities/index.html 页面...
2025-11-15 12:03:47,662 - osv_monitor - INFO - 找到 96 个生态系统
2025-11-15 12:03:47,664 - osv_monitor - INFO - all.zip 需要更新
2025-11-15 12:04:00,235 - osv_monitor - INFO - 下载文件 https://storage.googleapis.com/osv-vulnerabilities/all.zip 到 data/all.tmp 成功
2025-11-15 12:04:00,237 - osv_monitor - INFO - [+] 更新同步 all.zip 最后修改时间: 2025-11-15 11:58:36
2025-11-15 12:04:00,238 - osv_monitor - INFO - 已下载 all.zip
2025-11-15 12:04:00,238 - osv_monitor - INFO - [+] 同步 OSV 数据完成
2025-11-15 12:04:00,238 - osv_monitor - INFO - 同步完成
2025-11-15 12:05:29,503 - osv_monitor - INFO - 解压缩文件完成
