2025-06-12 00:44:43,296 - osv_monitor - INFO - 开始同步OSV漏洞数据...
2025-06-12 00:44:43,296 - osv_monitor - INFO - 正在搜索主页的生态系统列表...
2025-06-12 00:44:43,296 - osv_monitor - INFO - 正在获取 https://storage.googleapis.com/osv-vulnerabilities/index.html 页面...
2025-06-12 00:44:48,179 - osv_monitor - INFO - 找到 429 个生态系统
2025-06-12 00:44:48,180 - osv_monitor - INFO - all.zip 需要更新
2025-06-12 00:44:52,909 - osv_monitor - INFO - 下载文件 https://storage.googleapis.com/osv-vulnerabilities/all.zip 到 data/all.tmp 成功
2025-06-12 00:44:52,910 - osv_monitor - INFO - [+] 更新同步 all.zip 最后修改时间: 2025-06-11 23:45:24
2025-06-12 00:44:52,910 - osv_monitor - INFO - 已下载 all.zip
2025-06-12 00:44:52,910 - osv_monitor - INFO - [+] 同步 OSV 数据完成
2025-06-12 00:44:52,910 - osv_monitor - INFO - 同步完成
2025-06-12 00:45:48,240 - osv_monitor - INFO - 解压缩文件完成
2025-06-12 03:41:49,107 - osv_monitor - INFO - 开始同步OSV漏洞数据...
2025-06-12 03:41:49,107 - osv_monitor - INFO - 正在搜索主页的生态系统列表...
2025-06-12 03:41:49,107 - osv_monitor - INFO - 正在获取 https://storage.googleapis.com/osv-vulnerabilities/index.html 页面...
2025-06-12 03:41:54,287 - osv_monitor - INFO - 找到 429 个生态系统
2025-06-12 03:41:54,287 - osv_monitor - INFO - all.zip 需要更新
2025-06-12 03:41:58,168 - osv_monitor - INFO - 下载文件 https://storage.googleapis.com/osv-vulnerabilities/all.zip 到 data/all.tmp 成功
2025-06-12 03:41:58,169 - osv_monitor - INFO - [+] 更新同步 all.zip 最后修改时间: 2025-06-12 02:34:16
2025-06-12 03:41:58,169 - osv_monitor - INFO - 已下载 all.zip
2025-06-12 03:41:58,169 - osv_monitor - INFO - [+] 同步 OSV 数据完成
2025-06-12 03:41:58,169 - osv_monitor - INFO - 同步完成
2025-06-12 03:42:54,535 - osv_monitor - INFO - 解压缩文件完成
2025-06-12 06:15:42,922 - osv_monitor - INFO - 开始同步OSV漏洞数据...
2025-06-12 06:15:42,922 - osv_monitor - INFO - 正在搜索主页的生态系统列表...
2025-06-12 06:15:42,922 - osv_monitor - INFO - 正在获取 https://storage.googleapis.com/osv-vulnerabilities/index.html 页面...
2025-06-12 06:15:47,811 - osv_monitor - INFO - 找到 429 个生态系统
2025-06-12 06:15:47,812 - osv_monitor - INFO - all.zip 需要更新
2025-06-12 06:15:52,700 - osv_monitor - INFO - 下载文件 https://storage.googleapis.com/osv-vulnerabilities/all.zip 到 data/all.tmp 成功
2025-06-12 06:15:52,701 - osv_monitor - INFO - [+] 更新同步 all.zip 最后修改时间: 2025-06-12 05:34:07
2025-06-12 06:15:52,701 - osv_monitor - INFO - 已下载 all.zip
2025-06-12 06:15:52,701 - osv_monitor - INFO - [+] 同步 OSV 数据完成
2025-06-12 06:15:52,701 - osv_monitor - INFO - 同步完成
2025-06-12 06:16:49,497 - osv_monitor - INFO - 解压缩文件完成
2025-06-12 09:11:55,745 - osv_monitor - INFO - 开始同步OSV漏洞数据...
2025-06-12 09:11:55,745 - osv_monitor - INFO - 正在搜索主页的生态系统列表...
2025-06-12 09:11:55,745 - osv_monitor - INFO - 正在获取 https://storage.googleapis.com/osv-vulnerabilities/index.html 页面...
2025-06-12 09:11:59,937 - osv_monitor - INFO - 找到 429 个生态系统
2025-06-12 09:11:59,938 - osv_monitor - INFO - all.zip 需要更新
2025-06-12 09:12:04,147 - osv_monitor - INFO - 下载文件 https://storage.googleapis.com/osv-vulnerabilities/all.zip 到 data/all.tmp 成功
2025-06-12 09:12:04,147 - osv_monitor - INFO - [+] 更新同步 all.zip 最后修改时间: 2025-06-12 08:40:56
2025-06-12 09:12:04,148 - osv_monitor - INFO - 已下载 all.zip
2025-06-12 09:12:04,148 - osv_monitor - INFO - [+] 同步 OSV 数据完成
2025-06-12 09:12:04,148 - osv_monitor - INFO - 同步完成
2025-06-12 09:13:00,441 - osv_monitor - INFO - 解压缩文件完成
2025-06-12 12:17:56,188 - osv_monitor - INFO - 开始同步OSV漏洞数据...
2025-06-12 12:17:56,189 - osv_monitor - INFO - 正在搜索主页的生态系统列表...
2025-06-12 12:17:56,189 - osv_monitor - INFO - 正在获取 https://storage.googleapis.com/osv-vulnerabilities/index.html 页面...
2025-06-12 12:18:02,318 - osv_monitor - INFO - 找到 429 个生态系统
2025-06-12 12:18:02,319 - osv_monitor - INFO - all.zip 需要更新
2025-06-12 12:18:07,690 - osv_monitor - INFO - 下载文件 https://storage.googleapis.com/osv-vulnerabilities/all.zip 到 data/all.tmp 成功
2025-06-12 12:18:07,690 - osv_monitor - INFO - [+] 更新同步 all.zip 最后修改时间: 2025-06-12 11:33:00
2025-06-12 12:18:07,690 - osv_monitor - INFO - 已下载 all.zip
2025-06-12 12:18:07,691 - osv_monitor - INFO - [+] 同步 OSV 数据完成
2025-06-12 12:18:07,691 - osv_monitor - INFO - 同步完成
2025-06-12 12:19:03,692 - osv_monitor - INFO - 解压缩文件完成
2025-06-12 15:11:27,914 - osv_monitor - INFO - 开始同步OSV漏洞数据...
2025-06-12 15:11:27,914 - osv_monitor - INFO - 正在搜索主页的生态系统列表...
2025-06-12 15:11:27,914 - osv_monitor - INFO - 正在获取 https://storage.googleapis.com/osv-vulnerabilities/index.html 页面...
2025-06-12 15:11:32,373 - osv_monitor - INFO - 找到 429 个生态系统
2025-06-12 15:11:32,374 - osv_monitor - INFO - all.zip 需要更新
2025-06-12 15:11:36,302 - osv_monitor - INFO - 下载文件 https://storage.googleapis.com/osv-vulnerabilities/all.zip 到 data/all.tmp 成功
2025-06-12 15:11:36,303 - osv_monitor - INFO - [+] 更新同步 all.zip 最后修改时间: 2025-06-12 14:32:56
2025-06-12 15:11:36,303 - osv_monitor - INFO - 已下载 all.zip
2025-06-12 15:11:36,303 - osv_monitor - INFO - [+] 同步 OSV 数据完成
2025-06-12 15:11:36,304 - osv_monitor - INFO - 同步完成
2025-06-12 15:12:32,680 - osv_monitor - INFO - 解压缩文件完成
2025-06-12 18:13:57,177 - osv_monitor - INFO - 开始同步OSV漏洞数据...
2025-06-12 18:13:57,177 - osv_monitor - INFO - 正在搜索主页的生态系统列表...
2025-06-12 18:13:57,178 - osv_monitor - INFO - 正在获取 https://storage.googleapis.com/osv-vulnerabilities/index.html 页面...
2025-06-12 18:14:02,799 - osv_monitor - INFO - 找到 429 个生态系统
2025-06-12 18:14:02,800 - osv_monitor - INFO - all.zip 需要更新
2025-06-12 18:14:09,507 - osv_monitor - INFO - 下载文件 https://storage.googleapis.com/osv-vulnerabilities/all.zip 到 data/all.tmp 成功
2025-06-12 18:14:09,508 - osv_monitor - INFO - [+] 更新同步 all.zip 最后修改时间: 2025-06-12 17:43:57
2025-06-12 18:14:09,508 - osv_monitor - INFO - 已下载 all.zip
2025-06-12 18:14:09,508 - osv_monitor - INFO - [+] 同步 OSV 数据完成
2025-06-12 18:14:09,508 - osv_monitor - INFO - 同步完成
2025-06-12 18:15:04,750 - osv_monitor - INFO - 解压缩文件完成
2025-06-12 21:10:54,382 - osv_monitor - INFO - 开始同步OSV漏洞数据...
2025-06-12 21:10:54,382 - osv_monitor - INFO - 正在搜索主页的生态系统列表...
2025-06-12 21:10:54,382 - osv_monitor - INFO - 正在获取 https://storage.googleapis.com/osv-vulnerabilities/index.html 页面...
2025-06-12 21:10:59,212 - osv_monitor - INFO - 找到 429 个生态系统
2025-06-12 21:10:59,213 - osv_monitor - INFO - all.zip 需要更新
2025-06-12 21:11:04,034 - osv_monitor - INFO - 下载文件 https://storage.googleapis.com/osv-vulnerabilities/all.zip 到 data/all.tmp 成功
2025-06-12 21:11:04,034 - osv_monitor - INFO - [+] 更新同步 all.zip 最后修改时间: 2025-06-12 20:50:38
2025-06-12 21:11:04,034 - osv_monitor - INFO - 已下载 all.zip
2025-06-12 21:11:04,034 - osv_monitor - INFO - [+] 同步 OSV 数据完成
2025-06-12 21:11:04,035 - osv_monitor - INFO - 同步完成
2025-06-12 21:12:01,216 - osv_monitor - INFO - 解压缩文件完成
