2025-12-08 00:05:32,760 - osv_monitor - INFO - 开始同步OSV漏洞数据...
2025-12-08 00:05:32,761 - osv_monitor - INFO - 正在搜索主页的生态系统列表...
2025-12-08 00:05:32,761 - osv_monitor - INFO - 正在获取 https://storage.googleapis.com/osv-vulnerabilities/index.html 页面...
2025-12-08 00:05:35,644 - osv_monitor - INFO - 找到 97 个生态系统
2025-12-08 00:05:35,646 - osv_monitor - INFO - all.zip 需要更新
2025-12-08 00:05:40,776 - osv_monitor - INFO - 下载文件 https://storage.googleapis.com/osv-vulnerabilities/all.zip 到 data/all.tmp 成功
2025-12-08 00:05:40,778 - osv_monitor - INFO - [+] 更新同步 all.zip 最后修改时间: 2025-12-07 23:58:35
2025-12-08 00:05:40,778 - osv_monitor - INFO - 已下载 all.zip
2025-12-08 00:05:40,778 - osv_monitor - INFO - [+] 同步 OSV 数据完成
2025-12-08 00:05:40,778 - osv_monitor - INFO - 同步完成
2025-12-08 00:07:15,082 - osv_monitor - INFO - 解压缩文件完成
2025-12-08 12:03:34,313 - osv_monitor - INFO - 开始同步OSV漏洞数据...
2025-12-08 12:03:34,313 - osv_monitor - INFO - 正在搜索主页的生态系统列表...
2025-12-08 12:03:34,313 - osv_monitor - INFO - 正在获取 https://storage.googleapis.com/osv-vulnerabilities/index.html 页面...
2025-12-08 12:03:38,199 - osv_monitor - INFO - 找到 97 个生态系统
2025-12-08 12:03:38,200 - osv_monitor - INFO - all.zip 需要更新
2025-12-08 12:03:47,943 - osv_monitor - INFO - 下载文件 https://storage.googleapis.com/osv-vulnerabilities/all.zip 到 data/all.tmp 成功
2025-12-08 12:03:47,944 - osv_monitor - INFO - [+] 更新同步 all.zip 最后修改时间: 2025-12-08 11:58:07
2025-12-08 12:03:47,944 - osv_monitor - INFO - 已下载 all.zip
2025-12-08 12:03:47,944 - osv_monitor - INFO - [+] 同步 OSV 数据完成
2025-12-08 12:03:47,945 - osv_monitor - INFO - 同步完成
2025-12-08 12:04:48,512 - osv_monitor - INFO - 解压缩文件完成
