2025-10-01 00:49:27,383 - osv_monitor - INFO - 开始同步OSV漏洞数据...
2025-10-01 00:49:27,383 - osv_monitor - INFO - 正在搜索主页的生态系统列表...
2025-10-01 00:49:27,383 - osv_monitor - INFO - 正在获取 https://storage.googleapis.com/osv-vulnerabilities/index.html 页面...
2025-10-01 00:49:30,919 - osv_monitor - INFO - 找到 95 个生态系统
2025-10-01 00:49:30,920 - osv_monitor - INFO - all.zip 需要更新
2025-10-01 00:49:35,087 - osv_monitor - INFO - 下载文件 https://storage.googleapis.com/osv-vulnerabilities/all.zip 到 data/all.tmp 成功
2025-10-01 00:49:35,089 - osv_monitor - INFO - [+] 更新同步 all.zip 最后修改时间: 2025-10-01 00:40:11
2025-10-01 00:49:35,089 - osv_monitor - INFO - 已下载 all.zip
2025-10-01 00:49:35,089 - osv_monitor - INFO - [+] 同步 OSV 数据完成
2025-10-01 00:49:35,089 - osv_monitor - INFO - 同步完成
2025-10-01 00:50:28,595 - osv_monitor - INFO - 解压缩文件完成
2025-10-01 12:20:39,092 - osv_monitor - INFO - 开始同步OSV漏洞数据...
2025-10-01 12:20:39,093 - osv_monitor - INFO - 正在搜索主页的生态系统列表...
2025-10-01 12:20:39,093 - osv_monitor - INFO - 正在获取 https://storage.googleapis.com/osv-vulnerabilities/index.html 页面...
2025-10-01 12:20:42,352 - osv_monitor - INFO - 找到 95 个生态系统
2025-10-01 12:20:42,353 - osv_monitor - INFO - all.zip 需要更新
2025-10-01 12:20:49,539 - osv_monitor - INFO - 下载文件 https://storage.googleapis.com/osv-vulnerabilities/all.zip 到 data/all.tmp 成功
2025-10-01 12:20:49,541 - osv_monitor - INFO - [+] 更新同步 all.zip 最后修改时间: 2025-10-01 11:08:04
2025-10-01 12:20:49,541 - osv_monitor - INFO - 已下载 all.zip
2025-10-01 12:20:49,541 - osv_monitor - INFO - [+] 同步 OSV 数据完成
2025-10-01 12:20:49,541 - osv_monitor - INFO - 同步完成
2025-10-01 12:22:04,221 - osv_monitor - INFO - 解压缩文件完成
