2025-12-20 00:05:17,992 - osv_monitor - INFO - 开始同步OSV漏洞数据...
2025-12-20 00:05:17,993 - osv_monitor - INFO - 正在搜索主页的生态系统列表...
2025-12-20 00:05:17,993 - osv_monitor - INFO - 正在获取 https://storage.googleapis.com/osv-vulnerabilities/index.html 页面...
2025-12-20 00:05:21,258 - osv_monitor - INFO - 找到 97 个生态系统
2025-12-20 00:05:21,259 - osv_monitor - INFO - all.zip 需要更新
2025-12-20 00:05:29,087 - osv_monitor - INFO - 下载文件 https://storage.googleapis.com/osv-vulnerabilities/all.zip 到 data/all.tmp 成功
2025-12-20 00:05:29,089 - osv_monitor - INFO - [+] 更新同步 all.zip 最后修改时间: 2025-12-19 23:59:29
2025-12-20 00:05:29,089 - osv_monitor - INFO - 已下载 all.zip
2025-12-20 00:05:29,089 - osv_monitor - INFO - [+] 同步 OSV 数据完成
2025-12-20 00:05:29,089 - osv_monitor - INFO - 同步完成
2025-12-20 00:06:38,812 - osv_monitor - INFO - 解压缩文件完成
2025-12-20 12:03:57,662 - osv_monitor - INFO - 开始同步OSV漏洞数据...
2025-12-20 12:03:57,662 - osv_monitor - INFO - 正在搜索主页的生态系统列表...
2025-12-20 12:03:57,663 - osv_monitor - INFO - 正在获取 https://storage.googleapis.com/osv-vulnerabilities/index.html 页面...
2025-12-20 12:04:01,089 - osv_monitor - INFO - 找到 97 个生态系统
2025-12-20 12:04:01,091 - osv_monitor - INFO - all.zip 需要更新
2025-12-20 12:04:09,246 - osv_monitor - INFO - 下载文件 https://storage.googleapis.com/osv-vulnerabilities/all.zip 到 data/all.tmp 成功
2025-12-20 12:04:09,248 - osv_monitor - INFO - [+] 更新同步 all.zip 最后修改时间: 2025-12-20 11:58:30
2025-12-20 12:04:09,248 - osv_monitor - INFO - 已下载 all.zip
2025-12-20 12:04:09,248 - osv_monitor - INFO - [+] 同步 OSV 数据完成
2025-12-20 12:04:09,248 - osv_monitor - INFO - 同步完成
2025-12-20 12:05:43,076 - osv_monitor - INFO - 解压缩文件完成
