2025-10-07 00:46:07,301 - osv_monitor - INFO - 开始同步OSV漏洞数据...
2025-10-07 00:46:07,301 - osv_monitor - INFO - 正在搜索主页的生态系统列表...
2025-10-07 00:46:07,302 - osv_monitor - INFO - 正在获取 https://storage.googleapis.com/osv-vulnerabilities/index.html 页面...
2025-10-07 00:46:10,997 - osv_monitor - INFO - 找到 95 个生态系统
2025-10-07 00:46:10,998 - osv_monitor - INFO - all.zip 需要更新
2025-10-07 00:46:17,627 - osv_monitor - INFO - 下载文件 https://storage.googleapis.com/osv-vulnerabilities/all.zip 到 data/all.tmp 成功
2025-10-07 00:46:17,629 - osv_monitor - INFO - [+] 更新同步 all.zip 最后修改时间: 2025-10-07 00:08:45
2025-10-07 00:46:17,629 - osv_monitor - INFO - 已下载 all.zip
2025-10-07 00:46:17,629 - osv_monitor - INFO - [+] 同步 OSV 数据完成
2025-10-07 00:46:17,630 - osv_monitor - INFO - 同步完成
2025-10-07 00:47:34,219 - osv_monitor - INFO - 解压缩文件完成
2025-10-07 12:22:45,797 - osv_monitor - INFO - 开始同步OSV漏洞数据...
2025-10-07 12:22:45,798 - osv_monitor - INFO - 正在搜索主页的生态系统列表...
2025-10-07 12:22:45,798 - osv_monitor - INFO - 正在获取 https://storage.googleapis.com/osv-vulnerabilities/index.html 页面...
2025-10-07 12:22:49,463 - osv_monitor - INFO - 找到 95 个生态系统
2025-10-07 12:22:49,465 - osv_monitor - INFO - all.zip 需要更新
2025-10-07 12:22:56,344 - osv_monitor - INFO - 下载文件 https://storage.googleapis.com/osv-vulnerabilities/all.zip 到 data/all.tmp 成功
2025-10-07 12:22:56,346 - osv_monitor - INFO - [+] 更新同步 all.zip 最后修改时间: 2025-10-07 12:10:25
2025-10-07 12:22:56,346 - osv_monitor - INFO - 已下载 all.zip
2025-10-07 12:22:56,346 - osv_monitor - INFO - [+] 同步 OSV 数据完成
2025-10-07 12:22:56,346 - osv_monitor - INFO - 同步完成
2025-10-07 12:24:10,501 - osv_monitor - INFO - 解压缩文件完成
