2025-08-20 00:41:59,433 - osv_monitor - INFO - 开始同步OSV漏洞数据...
2025-08-20 00:41:59,433 - osv_monitor - INFO - 正在搜索主页的生态系统列表...
2025-08-20 00:41:59,433 - osv_monitor - INFO - 正在获取 https://storage.googleapis.com/osv-vulnerabilities/index.html 页面...
2025-08-20 00:42:03,221 - osv_monitor - INFO - 找到 431 个生态系统
2025-08-20 00:42:03,222 - osv_monitor - INFO - all.zip 需要更新
2025-08-20 00:42:08,434 - osv_monitor - INFO - 下载文件 https://storage.googleapis.com/osv-vulnerabilities/all.zip 到 data/all.tmp 成功
2025-08-20 00:42:08,436 - osv_monitor - INFO - [+] 更新同步 all.zip 最后修改时间: 2025-08-20 00:25:13
2025-08-20 00:42:08,436 - osv_monitor - INFO - 已下载 all.zip
2025-08-20 00:42:08,436 - osv_monitor - INFO - [+] 同步 OSV 数据完成
2025-08-20 00:42:08,436 - osv_monitor - INFO - 同步完成
2025-08-20 00:43:07,478 - osv_monitor - INFO - 解压缩文件完成
2025-08-20 03:36:35,243 - osv_monitor - INFO - 开始同步OSV漏洞数据...
2025-08-20 03:36:35,244 - osv_monitor - INFO - 正在搜索主页的生态系统列表...
2025-08-20 03:36:35,244 - osv_monitor - INFO - 正在获取 https://storage.googleapis.com/osv-vulnerabilities/index.html 页面...
2025-08-20 03:36:38,757 - osv_monitor - INFO - 找到 431 个生态系统
2025-08-20 03:36:38,759 - osv_monitor - INFO - all.zip 需要更新
2025-08-20 03:36:41,881 - osv_monitor - INFO - 下载文件 https://storage.googleapis.com/osv-vulnerabilities/all.zip 到 data/all.tmp 成功
2025-08-20 03:36:41,883 - osv_monitor - INFO - [+] 更新同步 all.zip 最后修改时间: 2025-08-20 02:57:34
2025-08-20 03:36:41,883 - osv_monitor - INFO - 已下载 all.zip
2025-08-20 03:36:41,883 - osv_monitor - INFO - [+] 同步 OSV 数据完成
2025-08-20 03:36:41,884 - osv_monitor - INFO - 同步完成
2025-08-20 03:37:42,131 - osv_monitor - INFO - 解压缩文件完成
2025-08-20 06:15:52,884 - osv_monitor - INFO - 开始同步OSV漏洞数据...
2025-08-20 06:15:52,884 - osv_monitor - INFO - 正在搜索主页的生态系统列表...
2025-08-20 06:15:52,884 - osv_monitor - INFO - 正在获取 https://storage.googleapis.com/osv-vulnerabilities/index.html 页面...
2025-08-20 06:15:56,559 - osv_monitor - INFO - 找到 431 个生态系统
2025-08-20 06:15:56,560 - osv_monitor - INFO - all.zip 需要更新
2025-08-20 06:16:01,920 - osv_monitor - INFO - 下载文件 https://storage.googleapis.com/osv-vulnerabilities/all.zip 到 data/all.tmp 成功
2025-08-20 06:16:01,922 - osv_monitor - INFO - [+] 更新同步 all.zip 最后修改时间: 2025-08-20 05:26:53
2025-08-20 06:16:01,922 - osv_monitor - INFO - 已下载 all.zip
2025-08-20 06:16:01,922 - osv_monitor - INFO - [+] 同步 OSV 数据完成
2025-08-20 06:16:01,922 - osv_monitor - INFO - 同步完成
2025-08-20 06:17:00,524 - osv_monitor - INFO - 解压缩文件完成
2025-08-20 09:11:51,232 - osv_monitor - INFO - 开始同步OSV漏洞数据...
2025-08-20 09:11:51,233 - osv_monitor - INFO - 正在搜索主页的生态系统列表...
2025-08-20 09:11:51,233 - osv_monitor - INFO - 正在获取 https://storage.googleapis.com/osv-vulnerabilities/index.html 页面...
2025-08-20 09:11:54,864 - osv_monitor - INFO - 找到 431 个生态系统
2025-08-20 09:11:54,865 - osv_monitor - INFO - all.zip 需要更新
2025-08-20 09:11:59,136 - osv_monitor - INFO - 下载文件 https://storage.googleapis.com/osv-vulnerabilities/all.zip 到 data/all.tmp 成功
2025-08-20 09:11:59,138 - osv_monitor - INFO - [+] 更新同步 all.zip 最后修改时间: 2025-08-20 09:03:53
2025-08-20 09:11:59,138 - osv_monitor - INFO - 已下载 all.zip
2025-08-20 09:11:59,138 - osv_monitor - INFO - [+] 同步 OSV 数据完成
2025-08-20 09:11:59,138 - osv_monitor - INFO - 同步完成
2025-08-20 09:12:57,749 - osv_monitor - INFO - 解压缩文件完成
2025-08-20 12:17:46,931 - osv_monitor - INFO - 开始同步OSV漏洞数据...
2025-08-20 12:17:46,931 - osv_monitor - INFO - 正在搜索主页的生态系统列表...
2025-08-20 12:17:46,931 - osv_monitor - INFO - 正在获取 https://storage.googleapis.com/osv-vulnerabilities/index.html 页面...
2025-08-20 12:17:50,751 - osv_monitor - INFO - 找到 431 个生态系统
2025-08-20 12:17:50,752 - osv_monitor - INFO - all.zip 需要更新
2025-08-20 12:17:55,265 - osv_monitor - INFO - 下载文件 https://storage.googleapis.com/osv-vulnerabilities/all.zip 到 data/all.tmp 成功
2025-08-20 12:17:55,267 - osv_monitor - INFO - [+] 更新同步 all.zip 最后修改时间: 2025-08-20 11:21:59
2025-08-20 12:17:55,267 - osv_monitor - INFO - 已下载 all.zip
2025-08-20 12:17:55,267 - osv_monitor - INFO - [+] 同步 OSV 数据完成
2025-08-20 12:17:55,267 - osv_monitor - INFO - 同步完成
2025-08-20 12:18:54,452 - osv_monitor - INFO - 解压缩文件完成
2025-08-20 15:11:14,816 - osv_monitor - INFO - 开始同步OSV漏洞数据...
2025-08-20 15:11:14,816 - osv_monitor - INFO - 正在搜索主页的生态系统列表...
2025-08-20 15:11:14,816 - osv_monitor - INFO - 正在获取 https://storage.googleapis.com/osv-vulnerabilities/index.html 页面...
2025-08-20 15:11:18,409 - osv_monitor - INFO - 找到 431 个生态系统
2025-08-20 15:11:18,410 - osv_monitor - INFO - all.zip 需要更新
2025-08-20 15:11:22,168 - osv_monitor - INFO - 下载文件 https://storage.googleapis.com/osv-vulnerabilities/all.zip 到 data/all.tmp 成功
2025-08-20 15:11:22,170 - osv_monitor - INFO - [+] 更新同步 all.zip 最后修改时间: 2025-08-20 14:51:20
2025-08-20 15:11:22,170 - osv_monitor - INFO - 已下载 all.zip
2025-08-20 15:11:22,170 - osv_monitor - INFO - [+] 同步 OSV 数据完成
2025-08-20 15:11:22,170 - osv_monitor - INFO - 同步完成
2025-08-20 15:12:21,253 - osv_monitor - INFO - 解压缩文件完成
