2025-06-11 00:44:48,869 - osv_monitor - INFO - 开始同步OSV漏洞数据...
2025-06-11 00:44:48,869 - osv_monitor - INFO - 正在搜索主页的生态系统列表...
2025-06-11 00:44:48,869 - osv_monitor - INFO - 正在获取 https://storage.googleapis.com/osv-vulnerabilities/index.html 页面...
2025-06-11 00:44:55,487 - osv_monitor - INFO - 找到 429 个生态系统
2025-06-11 00:44:55,488 - osv_monitor - INFO - all.zip 需要更新
2025-06-11 00:45:00,449 - osv_monitor - INFO - 下载文件 https://storage.googleapis.com/osv-vulnerabilities/all.zip 到 data/all.tmp 成功
2025-06-11 00:45:00,450 - osv_monitor - INFO - [+] 更新同步 all.zip 最后修改时间: 2025-06-11 00:06:29
2025-06-11 00:45:00,450 - osv_monitor - INFO - 已下载 all.zip
2025-06-11 00:45:00,450 - osv_monitor - INFO - [+] 同步 OSV 数据完成
2025-06-11 00:45:00,450 - osv_monitor - INFO - 同步完成
2025-06-11 00:45:55,761 - osv_monitor - INFO - 解压缩文件完成
2025-06-11 03:43:36,476 - osv_monitor - INFO - 开始同步OSV漏洞数据...
2025-06-11 03:43:36,477 - osv_monitor - INFO - 正在搜索主页的生态系统列表...
2025-06-11 03:43:36,477 - osv_monitor - INFO - 正在获取 https://storage.googleapis.com/osv-vulnerabilities/index.html 页面...
2025-06-11 03:43:40,948 - osv_monitor - INFO - 找到 429 个生态系统
2025-06-11 03:43:40,948 - osv_monitor - INFO - all.zip 需要更新
2025-06-11 03:43:44,840 - osv_monitor - INFO - 下载文件 https://storage.googleapis.com/osv-vulnerabilities/all.zip 到 data/all.tmp 成功
2025-06-11 03:43:44,840 - osv_monitor - INFO - [+] 更新同步 all.zip 最后修改时间: 2025-06-11 03:00:33
2025-06-11 03:43:44,841 - osv_monitor - INFO - 已下载 all.zip
2025-06-11 03:43:44,841 - osv_monitor - INFO - [+] 同步 OSV 数据完成
2025-06-11 03:43:44,841 - osv_monitor - INFO - 同步完成
2025-06-11 03:44:39,166 - osv_monitor - INFO - 解压缩文件完成
2025-06-11 06:15:23,895 - osv_monitor - INFO - 开始同步OSV漏洞数据...
2025-06-11 06:15:23,895 - osv_monitor - INFO - 正在搜索主页的生态系统列表...
2025-06-11 06:15:23,895 - osv_monitor - INFO - 正在获取 https://storage.googleapis.com/osv-vulnerabilities/index.html 页面...
2025-06-11 06:15:28,986 - osv_monitor - INFO - 找到 429 个生态系统
2025-06-11 06:15:28,986 - osv_monitor - INFO - all.zip 需要更新
2025-06-11 06:15:34,906 - osv_monitor - INFO - 下载文件 https://storage.googleapis.com/osv-vulnerabilities/all.zip 到 data/all.tmp 成功
2025-06-11 06:15:34,907 - osv_monitor - INFO - [+] 更新同步 all.zip 最后修改时间: 2025-06-11 05:33:56
2025-06-11 06:15:34,907 - osv_monitor - INFO - 已下载 all.zip
2025-06-11 06:15:34,907 - osv_monitor - INFO - [+] 同步 OSV 数据完成
2025-06-11 06:15:34,907 - osv_monitor - INFO - 同步完成
2025-06-11 06:16:31,938 - osv_monitor - INFO - 解压缩文件完成
2025-06-11 09:12:22,075 - osv_monitor - INFO - 开始同步OSV漏洞数据...
2025-06-11 09:12:22,076 - osv_monitor - INFO - 正在搜索主页的生态系统列表...
2025-06-11 09:12:22,076 - osv_monitor - INFO - 正在获取 https://storage.googleapis.com/osv-vulnerabilities/index.html 页面...
2025-06-11 09:12:28,132 - osv_monitor - INFO - 找到 429 个生态系统
2025-06-11 09:12:28,133 - osv_monitor - INFO - all.zip 需要更新
2025-06-11 09:12:31,788 - osv_monitor - INFO - 下载文件 https://storage.googleapis.com/osv-vulnerabilities/all.zip 到 data/all.tmp 成功
2025-06-11 09:12:31,788 - osv_monitor - INFO - [+] 更新同步 all.zip 最后修改时间: 2025-06-11 08:25:33
2025-06-11 09:12:31,788 - osv_monitor - INFO - 已下载 all.zip
2025-06-11 09:12:31,788 - osv_monitor - INFO - [+] 同步 OSV 数据完成
2025-06-11 09:12:31,789 - osv_monitor - INFO - 同步完成
2025-06-11 09:13:27,870 - osv_monitor - INFO - 解压缩文件完成
2025-06-11 12:18:51,477 - osv_monitor - INFO - 开始同步OSV漏洞数据...
2025-06-11 12:18:51,477 - osv_monitor - INFO - 正在搜索主页的生态系统列表...
2025-06-11 12:18:51,477 - osv_monitor - INFO - 正在获取 https://storage.googleapis.com/osv-vulnerabilities/index.html 页面...
2025-06-11 12:18:55,808 - osv_monitor - INFO - 找到 429 个生态系统
2025-06-11 12:18:55,809 - osv_monitor - INFO - all.zip 需要更新
2025-06-11 12:18:59,244 - osv_monitor - INFO - 下载文件 https://storage.googleapis.com/osv-vulnerabilities/all.zip 到 data/all.tmp 成功
2025-06-11 12:18:59,245 - osv_monitor - INFO - [+] 更新同步 all.zip 最后修改时间: 2025-06-11 12:01:31
2025-06-11 12:18:59,245 - osv_monitor - INFO - 已下载 all.zip
2025-06-11 12:18:59,245 - osv_monitor - INFO - [+] 同步 OSV 数据完成
2025-06-11 12:18:59,245 - osv_monitor - INFO - 同步完成
2025-06-11 12:19:53,555 - osv_monitor - INFO - 解压缩文件完成
2025-06-11 15:11:32,630 - osv_monitor - INFO - 开始同步OSV漏洞数据...
2025-06-11 15:11:32,630 - osv_monitor - INFO - 正在搜索主页的生态系统列表...
2025-06-11 15:11:32,631 - osv_monitor - INFO - 正在获取 https://storage.googleapis.com/osv-vulnerabilities/index.html 页面...
2025-06-11 15:11:37,072 - osv_monitor - INFO - 找到 429 个生态系统
2025-06-11 15:11:37,072 - osv_monitor - INFO - all.zip 需要更新
2025-06-11 15:11:40,986 - osv_monitor - INFO - 下载文件 https://storage.googleapis.com/osv-vulnerabilities/all.zip 到 data/all.tmp 成功
2025-06-11 15:11:40,987 - osv_monitor - INFO - [+] 更新同步 all.zip 最后修改时间: 2025-06-11 15:07:13
2025-06-11 15:11:40,987 - osv_monitor - INFO - 已下载 all.zip
2025-06-11 15:11:40,987 - osv_monitor - INFO - [+] 同步 OSV 数据完成
2025-06-11 15:11:40,987 - osv_monitor - INFO - 同步完成
2025-06-11 15:12:36,780 - osv_monitor - INFO - 解压缩文件完成
2025-06-11 18:14:18,700 - osv_monitor - INFO - 开始同步OSV漏洞数据...
2025-06-11 18:14:18,700 - osv_monitor - INFO - 正在搜索主页的生态系统列表...
2025-06-11 18:14:18,700 - osv_monitor - INFO - 正在获取 https://storage.googleapis.com/osv-vulnerabilities/index.html 页面...
2025-06-11 18:14:22,953 - osv_monitor - INFO - 找到 429 个生态系统
2025-06-11 18:14:22,954 - osv_monitor - INFO - all.zip 需要更新
2025-06-11 18:14:27,451 - osv_monitor - INFO - 下载文件 https://storage.googleapis.com/osv-vulnerabilities/all.zip 到 data/all.tmp 成功
2025-06-11 18:14:27,451 - osv_monitor - INFO - [+] 更新同步 all.zip 最后修改时间: 2025-06-11 18:00:36
2025-06-11 18:14:27,451 - osv_monitor - INFO - 已下载 all.zip
2025-06-11 18:14:27,451 - osv_monitor - INFO - [+] 同步 OSV 数据完成
2025-06-11 18:14:27,451 - osv_monitor - INFO - 同步完成
2025-06-11 18:15:23,450 - osv_monitor - INFO - 解压缩文件完成
2025-06-11 21:10:35,842 - osv_monitor - INFO - 开始同步OSV漏洞数据...
2025-06-11 21:10:35,842 - osv_monitor - INFO - 正在搜索主页的生态系统列表...
2025-06-11 21:10:35,842 - osv_monitor - INFO - 正在获取 https://storage.googleapis.com/osv-vulnerabilities/index.html 页面...
2025-06-11 21:10:41,553 - osv_monitor - INFO - 找到 429 个生态系统
2025-06-11 21:10:41,554 - osv_monitor - INFO - all.zip 需要更新
2025-06-11 21:10:46,925 - osv_monitor - INFO - 下载文件 https://storage.googleapis.com/osv-vulnerabilities/all.zip 到 data/all.tmp 成功
2025-06-11 21:10:46,926 - osv_monitor - INFO - [+] 更新同步 all.zip 最后修改时间: 2025-06-11 20:32:38
2025-06-11 21:10:46,926 - osv_monitor - INFO - 已下载 all.zip
2025-06-11 21:10:46,926 - osv_monitor - INFO - [+] 同步 OSV 数据完成
2025-06-11 21:10:46,926 - osv_monitor - INFO - 同步完成
2025-06-11 21:11:43,245 - osv_monitor - INFO - 解压缩文件完成
