2025-10-30 00:06:04,953 - osv_monitor - INFO - 开始同步OSV漏洞数据...
2025-10-30 00:06:04,954 - osv_monitor - INFO - 正在搜索主页的生态系统列表...
2025-10-30 00:06:04,954 - osv_monitor - INFO - 正在获取 https://storage.googleapis.com/osv-vulnerabilities/index.html 页面...
2025-10-30 00:06:08,630 - osv_monitor - INFO - 找到 95 个生态系统
2025-10-30 00:06:08,631 - osv_monitor - INFO - all.zip 需要更新
2025-10-30 00:07:12,656 - osv_monitor - INFO - 下载文件 https://storage.googleapis.com/osv-vulnerabilities/all.zip 到 data/all.tmp 成功
2025-10-30 00:07:12,658 - osv_monitor - INFO - [+] 更新同步 all.zip 最后修改时间: 2025-10-29 23:55:29
2025-10-30 00:07:12,658 - osv_monitor - INFO - 已下载 all.zip
2025-10-30 00:07:12,658 - osv_monitor - INFO - [+] 同步 OSV 数据完成
2025-10-30 00:07:12,658 - osv_monitor - INFO - 同步完成
2025-10-30 00:08:22,857 - osv_monitor - INFO - 解压缩文件完成
2025-10-30 12:03:19,856 - osv_monitor - INFO - 开始同步OSV漏洞数据...
2025-10-30 12:03:19,857 - osv_monitor - INFO - 正在搜索主页的生态系统列表...
2025-10-30 12:03:19,857 - osv_monitor - INFO - 正在获取 https://storage.googleapis.com/osv-vulnerabilities/index.html 页面...
2025-10-30 12:03:24,110 - osv_monitor - INFO - 找到 95 个生态系统
2025-10-30 12:03:24,111 - osv_monitor - INFO - all.zip 需要更新
2025-10-30 12:03:29,198 - osv_monitor - INFO - 下载文件 https://storage.googleapis.com/osv-vulnerabilities/all.zip 到 data/all.tmp 成功
2025-10-30 12:03:29,200 - osv_monitor - INFO - [+] 更新同步 all.zip 最后修改时间: 2025-10-30 11:55:53
2025-10-30 12:03:29,200 - osv_monitor - INFO - 已下载 all.zip
2025-10-30 12:03:29,200 - osv_monitor - INFO - [+] 同步 OSV 数据完成
2025-10-30 12:03:29,200 - osv_monitor - INFO - 同步完成
2025-10-30 12:04:40,062 - osv_monitor - INFO - 解压缩文件完成
