2025-10-10 00:45:22,072 - osv_monitor - INFO - 开始同步OSV漏洞数据...
2025-10-10 00:45:22,072 - osv_monitor - INFO - 正在搜索主页的生态系统列表...
2025-10-10 00:45:22,072 - osv_monitor - INFO - 正在获取 https://storage.googleapis.com/osv-vulnerabilities/index.html 页面...
2025-10-10 00:45:25,702 - osv_monitor - INFO - 找到 95 个生态系统
2025-10-10 00:45:25,703 - osv_monitor - INFO - all.zip 需要更新
2025-10-10 00:46:30,204 - osv_monitor - INFO - 下载文件 https://storage.googleapis.com/osv-vulnerabilities/all.zip 到 data/all.tmp 成功
2025-10-10 00:46:30,206 - osv_monitor - INFO - [+] 更新同步 all.zip 最后修改时间: 2025-10-10 00:10:16
2025-10-10 00:46:30,206 - osv_monitor - INFO - 已下载 all.zip
2025-10-10 00:46:30,206 - osv_monitor - INFO - [+] 同步 OSV 数据完成
2025-10-10 00:46:30,206 - osv_monitor - INFO - 同步完成
2025-10-10 00:47:43,283 - osv_monitor - INFO - 解压缩文件完成
2025-10-10 12:21:00,539 - osv_monitor - INFO - 开始同步OSV漏洞数据...
2025-10-10 12:21:00,539 - osv_monitor - INFO - 正在搜索主页的生态系统列表...
2025-10-10 12:21:00,539 - osv_monitor - INFO - 正在获取 https://storage.googleapis.com/osv-vulnerabilities/index.html 页面...
2025-10-10 12:21:04,426 - osv_monitor - INFO - 找到 95 个生态系统
2025-10-10 12:21:04,427 - osv_monitor - INFO - all.zip 需要更新
2025-10-10 12:21:09,360 - osv_monitor - INFO - 下载文件 https://storage.googleapis.com/osv-vulnerabilities/all.zip 到 data/all.tmp 成功
2025-10-10 12:21:09,362 - osv_monitor - INFO - [+] 更新同步 all.zip 最后修改时间: 2025-10-10 12:10:23
2025-10-10 12:21:09,362 - osv_monitor - INFO - 已下载 all.zip
2025-10-10 12:21:09,362 - osv_monitor - INFO - [+] 同步 OSV 数据完成
2025-10-10 12:21:09,362 - osv_monitor - INFO - 同步完成
2025-10-10 12:22:26,628 - osv_monitor - INFO - 解压缩文件完成
