2025-06-19 00:46:15,176 - osv_monitor - INFO - 开始同步OSV漏洞数据...
2025-06-19 00:46:15,177 - osv_monitor - INFO - 正在搜索主页的生态系统列表...
2025-06-19 00:46:15,177 - osv_monitor - INFO - 正在获取 https://storage.googleapis.com/osv-vulnerabilities/index.html 页面...
2025-06-19 00:46:20,311 - osv_monitor - INFO - 找到 429 个生态系统
2025-06-19 00:46:20,312 - osv_monitor - INFO - all.zip 需要更新
2025-06-19 00:46:25,090 - osv_monitor - INFO - 下载文件 https://storage.googleapis.com/osv-vulnerabilities/all.zip 到 data/all.tmp 成功
2025-06-19 00:46:25,090 - osv_monitor - INFO - [+] 更新同步 all.zip 最后修改时间: 2025-06-19 00:34:45
2025-06-19 00:46:25,090 - osv_monitor - INFO - 已下载 all.zip
2025-06-19 00:46:25,090 - osv_monitor - INFO - [+] 同步 OSV 数据完成
2025-06-19 00:46:25,090 - osv_monitor - INFO - 同步完成
2025-06-19 00:47:21,396 - osv_monitor - INFO - 解压缩文件完成
2025-06-19 03:43:23,849 - osv_monitor - INFO - 开始同步OSV漏洞数据...
2025-06-19 03:43:23,849 - osv_monitor - INFO - 正在搜索主页的生态系统列表...
2025-06-19 03:43:23,849 - osv_monitor - INFO - 正在获取 https://storage.googleapis.com/osv-vulnerabilities/index.html 页面...
2025-06-19 03:43:28,524 - osv_monitor - INFO - 找到 429 个生态系统
2025-06-19 03:43:28,525 - osv_monitor - INFO - all.zip 需要更新
2025-06-19 03:43:32,641 - osv_monitor - INFO - 下载文件 https://storage.googleapis.com/osv-vulnerabilities/all.zip 到 data/all.tmp 成功
2025-06-19 03:43:32,642 - osv_monitor - INFO - [+] 更新同步 all.zip 最后修改时间: 2025-06-19 03:31:24
2025-06-19 03:43:32,642 - osv_monitor - INFO - 已下载 all.zip
2025-06-19 03:43:32,642 - osv_monitor - INFO - [+] 同步 OSV 数据完成
2025-06-19 03:43:32,642 - osv_monitor - INFO - 同步完成
2025-06-19 03:44:28,801 - osv_monitor - INFO - 解压缩文件完成
2025-06-19 06:16:04,308 - osv_monitor - INFO - 开始同步OSV漏洞数据...
2025-06-19 06:16:04,308 - osv_monitor - INFO - 正在搜索主页的生态系统列表...
2025-06-19 06:16:04,308 - osv_monitor - INFO - 正在获取 https://storage.googleapis.com/osv-vulnerabilities/index.html 页面...
2025-06-19 06:16:08,736 - osv_monitor - INFO - 找到 429 个生态系统
2025-06-19 06:16:08,737 - osv_monitor - INFO - all.zip 需要更新
2025-06-19 06:16:12,792 - osv_monitor - INFO - 下载文件 https://storage.googleapis.com/osv-vulnerabilities/all.zip 到 data/all.tmp 成功
2025-06-19 06:16:12,793 - osv_monitor - INFO - [+] 更新同步 all.zip 最后修改时间: 2025-06-19 05:01:33
2025-06-19 06:16:12,793 - osv_monitor - INFO - 已下载 all.zip
2025-06-19 06:16:12,793 - osv_monitor - INFO - [+] 同步 OSV 数据完成
2025-06-19 06:16:12,793 - osv_monitor - INFO - 同步完成
2025-06-19 06:17:10,157 - osv_monitor - INFO - 解压缩文件完成
2025-06-19 09:12:17,721 - osv_monitor - INFO - 开始同步OSV漏洞数据...
2025-06-19 09:12:17,721 - osv_monitor - INFO - 正在搜索主页的生态系统列表...
2025-06-19 09:12:17,721 - osv_monitor - INFO - 正在获取 https://storage.googleapis.com/osv-vulnerabilities/index.html 页面...
2025-06-19 09:12:22,440 - osv_monitor - INFO - 找到 429 个生态系统
2025-06-19 09:12:22,441 - osv_monitor - INFO - all.zip 需要更新
2025-06-19 09:12:28,196 - osv_monitor - INFO - 下载文件 https://storage.googleapis.com/osv-vulnerabilities/all.zip 到 data/all.tmp 成功
2025-06-19 09:12:28,197 - osv_monitor - INFO - [+] 更新同步 all.zip 最后修改时间: 2025-06-19 08:01:00
2025-06-19 09:12:28,197 - osv_monitor - INFO - 已下载 all.zip
2025-06-19 09:12:28,197 - osv_monitor - INFO - [+] 同步 OSV 数据完成
2025-06-19 09:12:28,197 - osv_monitor - INFO - 同步完成
2025-06-19 09:13:25,672 - osv_monitor - INFO - 解压缩文件完成
2025-06-19 12:19:03,800 - osv_monitor - INFO - 开始同步OSV漏洞数据...
2025-06-19 12:19:03,800 - osv_monitor - INFO - 正在搜索主页的生态系统列表...
2025-06-19 12:19:03,801 - osv_monitor - INFO - 正在获取 https://storage.googleapis.com/osv-vulnerabilities/index.html 页面...
2025-06-19 12:19:08,580 - osv_monitor - INFO - 找到 429 个生态系统
2025-06-19 12:19:08,581 - osv_monitor - INFO - all.zip 需要更新
2025-06-19 12:19:11,695 - osv_monitor - INFO - 下载文件 https://storage.googleapis.com/osv-vulnerabilities/all.zip 到 data/all.tmp 成功
2025-06-19 12:19:11,696 - osv_monitor - INFO - [+] 更新同步 all.zip 最后修改时间: 2025-06-19 11:04:54
2025-06-19 12:19:11,696 - osv_monitor - INFO - 已下载 all.zip
2025-06-19 12:19:11,696 - osv_monitor - INFO - [+] 同步 OSV 数据完成
2025-06-19 12:19:11,696 - osv_monitor - INFO - 同步完成
2025-06-19 12:20:08,968 - osv_monitor - INFO - 解压缩文件完成
2025-06-19 15:10:58,781 - osv_monitor - INFO - 开始同步OSV漏洞数据...
2025-06-19 15:10:58,781 - osv_monitor - INFO - 正在搜索主页的生态系统列表...
2025-06-19 15:10:58,781 - osv_monitor - INFO - 正在获取 https://storage.googleapis.com/osv-vulnerabilities/index.html 页面...
2025-06-19 15:11:03,551 - osv_monitor - INFO - 找到 429 个生态系统
2025-06-19 15:11:03,552 - osv_monitor - INFO - all.zip 需要更新
2025-06-19 15:11:08,659 - osv_monitor - INFO - 下载文件 https://storage.googleapis.com/osv-vulnerabilities/all.zip 到 data/all.tmp 成功
2025-06-19 15:11:08,660 - osv_monitor - INFO - [+] 更新同步 all.zip 最后修改时间: 2025-06-19 14:03:02
2025-06-19 15:11:08,660 - osv_monitor - INFO - 已下载 all.zip
2025-06-19 15:11:08,660 - osv_monitor - INFO - [+] 同步 OSV 数据完成
2025-06-19 15:11:08,660 - osv_monitor - INFO - 同步完成
2025-06-19 15:12:04,846 - osv_monitor - INFO - 解压缩文件完成
2025-06-19 18:13:44,266 - osv_monitor - INFO - 开始同步OSV漏洞数据...
2025-06-19 18:13:44,267 - osv_monitor - INFO - 正在搜索主页的生态系统列表...
2025-06-19 18:13:44,267 - osv_monitor - INFO - 正在获取 https://storage.googleapis.com/osv-vulnerabilities/index.html 页面...
2025-06-19 18:13:48,779 - osv_monitor - INFO - 找到 429 个生态系统
2025-06-19 18:13:48,780 - osv_monitor - INFO - all.zip 需要更新
2025-06-19 18:13:53,057 - osv_monitor - INFO - 下载文件 https://storage.googleapis.com/osv-vulnerabilities/all.zip 到 data/all.tmp 成功
2025-06-19 18:13:53,058 - osv_monitor - INFO - [+] 更新同步 all.zip 最后修改时间: 2025-06-19 17:25:30
2025-06-19 18:13:53,058 - osv_monitor - INFO - 已下载 all.zip
2025-06-19 18:13:53,058 - osv_monitor - INFO - [+] 同步 OSV 数据完成
2025-06-19 18:13:53,058 - osv_monitor - INFO - 同步完成
2025-06-19 18:14:51,331 - osv_monitor - INFO - 解压缩文件完成
2025-06-19 21:10:44,166 - osv_monitor - INFO - 开始同步OSV漏洞数据...
2025-06-19 21:10:44,166 - osv_monitor - INFO - 正在搜索主页的生态系统列表...
2025-06-19 21:10:44,166 - osv_monitor - INFO - 正在获取 https://storage.googleapis.com/osv-vulnerabilities/index.html 页面...
2025-06-19 21:10:52,671 - osv_monitor - INFO - 找到 429 个生态系统
2025-06-19 21:10:52,672 - osv_monitor - INFO - all.zip 需要更新
2025-06-19 21:10:58,006 - osv_monitor - INFO - 下载文件 https://storage.googleapis.com/osv-vulnerabilities/all.zip 到 data/all.tmp 成功
2025-06-19 21:10:58,007 - osv_monitor - INFO - [+] 更新同步 all.zip 最后修改时间: 2025-06-19 20:07:26
2025-06-19 21:10:58,007 - osv_monitor - INFO - 已下载 all.zip
2025-06-19 21:10:58,007 - osv_monitor - INFO - [+] 同步 OSV 数据完成
2025-06-19 21:10:58,007 - osv_monitor - INFO - 同步完成
2025-06-19 21:11:55,031 - osv_monitor - INFO - 解压缩文件完成
