2025-06-18 00:45:20,453 - osv_monitor - INFO - 开始同步OSV漏洞数据...
2025-06-18 00:45:20,453 - osv_monitor - INFO - 正在搜索主页的生态系统列表...
2025-06-18 00:45:20,454 - osv_monitor - INFO - 正在获取 https://storage.googleapis.com/osv-vulnerabilities/index.html 页面...
2025-06-18 00:45:28,204 - osv_monitor - INFO - 找到 429 个生态系统
2025-06-18 00:45:28,205 - osv_monitor - INFO - all.zip 需要更新
2025-06-18 00:45:33,489 - osv_monitor - INFO - 下载文件 https://storage.googleapis.com/osv-vulnerabilities/all.zip 到 data/all.tmp 成功
2025-06-18 00:45:33,490 - osv_monitor - INFO - [+] 更新同步 all.zip 最后修改时间: 2025-06-18 00:28:38
2025-06-18 00:45:33,490 - osv_monitor - INFO - 已下载 all.zip
2025-06-18 00:45:33,490 - osv_monitor - INFO - [+] 同步 OSV 数据完成
2025-06-18 00:45:33,490 - osv_monitor - INFO - 同步完成
2025-06-18 00:46:29,685 - osv_monitor - INFO - 解压缩文件完成
2025-06-18 03:43:17,701 - osv_monitor - INFO - 开始同步OSV漏洞数据...
2025-06-18 03:43:17,701 - osv_monitor - INFO - 正在搜索主页的生态系统列表...
2025-06-18 03:43:17,701 - osv_monitor - INFO - 正在获取 https://storage.googleapis.com/osv-vulnerabilities/index.html 页面...
2025-06-18 03:43:24,988 - osv_monitor - INFO - 找到 429 个生态系统
2025-06-18 03:43:24,989 - osv_monitor - INFO - all.zip 需要更新
2025-06-18 03:43:30,402 - osv_monitor - INFO - 下载文件 https://storage.googleapis.com/osv-vulnerabilities/all.zip 到 data/all.tmp 成功
2025-06-18 03:43:30,402 - osv_monitor - INFO - [+] 更新同步 all.zip 最后修改时间: 2025-06-18 03:27:00
2025-06-18 03:43:30,402 - osv_monitor - INFO - 已下载 all.zip
2025-06-18 03:43:30,402 - osv_monitor - INFO - [+] 同步 OSV 数据完成
2025-06-18 03:43:30,403 - osv_monitor - INFO - 同步完成
2025-06-18 03:44:26,943 - osv_monitor - INFO - 解压缩文件完成
