2025-10-09 00:45:55,904 - osv_monitor - INFO - 开始同步OSV漏洞数据...
2025-10-09 00:45:55,904 - osv_monitor - INFO - 正在搜索主页的生态系统列表...
2025-10-09 00:45:55,904 - osv_monitor - INFO - 正在获取 https://storage.googleapis.com/osv-vulnerabilities/index.html 页面...
2025-10-09 00:46:00,204 - osv_monitor - INFO - 找到 95 个生态系统
2025-10-09 00:46:00,205 - osv_monitor - INFO - all.zip 需要更新
2025-10-09 00:46:08,380 - osv_monitor - INFO - 下载文件 https://storage.googleapis.com/osv-vulnerabilities/all.zip 到 data/all.tmp 成功
2025-10-09 00:46:08,382 - osv_monitor - INFO - [+] 更新同步 all.zip 最后修改时间: 2025-10-09 00:13:38
2025-10-09 00:46:08,382 - osv_monitor - INFO - 已下载 all.zip
2025-10-09 00:46:08,382 - osv_monitor - INFO - [+] 同步 OSV 数据完成
2025-10-09 00:46:08,382 - osv_monitor - INFO - 同步完成
2025-10-09 00:47:21,576 - osv_monitor - INFO - 解压缩文件完成
2025-10-09 12:20:13,186 - osv_monitor - INFO - 开始同步OSV漏洞数据...
2025-10-09 12:20:13,186 - osv_monitor - INFO - 正在搜索主页的生态系统列表...
2025-10-09 12:20:13,186 - osv_monitor - INFO - 正在获取 https://storage.googleapis.com/osv-vulnerabilities/index.html 页面...
2025-10-09 12:20:17,239 - osv_monitor - INFO - 找到 95 个生态系统
2025-10-09 12:20:17,240 - osv_monitor - INFO - all.zip 需要更新
2025-10-09 12:20:23,691 - osv_monitor - INFO - 下载文件 https://storage.googleapis.com/osv-vulnerabilities/all.zip 到 data/all.tmp 成功
2025-10-09 12:20:23,693 - osv_monitor - INFO - [+] 更新同步 all.zip 最后修改时间: 2025-10-09 12:14:14
2025-10-09 12:20:23,693 - osv_monitor - INFO - 已下载 all.zip
2025-10-09 12:20:23,693 - osv_monitor - INFO - [+] 同步 OSV 数据完成
2025-10-09 12:20:23,693 - osv_monitor - INFO - 同步完成
2025-10-09 12:21:38,850 - osv_monitor - INFO - 解压缩文件完成
