2025-05-25 00:58:12,612 - osv_monitor - INFO - 开始同步OSV漏洞数据...
2025-05-25 00:58:12,612 - osv_monitor - INFO - 正在搜索主页的生态系统列表...
2025-05-25 00:58:12,612 - osv_monitor - INFO - 正在获取 https://storage.googleapis.com/osv-vulnerabilities/index.html 页面...
2025-05-25 00:58:19,403 - osv_monitor - INFO - 找到 428 个生态系统
2025-05-25 00:58:19,404 - osv_monitor - INFO - all.zip 需要更新
2025-05-25 00:58:23,668 - osv_monitor - INFO - 下载文件 https://storage.googleapis.com/osv-vulnerabilities/all.zip 到 data/all.tmp 成功
2025-05-25 00:58:23,668 - osv_monitor - INFO - [+] 更新同步 all.zip 最后修改时间: 2025-05-24 23:59:59
2025-05-25 00:58:23,668 - osv_monitor - INFO - 已下载 all.zip
2025-05-25 00:58:23,669 - osv_monitor - INFO - [+] 同步 OSV 数据完成
2025-05-25 00:58:23,669 - osv_monitor - INFO - 同步完成
2025-05-25 00:59:19,941 - osv_monitor - INFO - 解压缩文件完成
2025-05-25 02:47:31,038 - osv_monitor - INFO - 开始同步OSV漏洞数据...
2025-05-25 02:47:31,038 - osv_monitor - INFO - 正在搜索主页的生态系统列表...
2025-05-25 02:47:31,038 - osv_monitor - INFO - 正在获取 https://storage.googleapis.com/osv-vulnerabilities/index.html 页面...
2025-05-25 02:47:37,601 - osv_monitor - INFO - 找到 428 个生态系统
2025-05-25 02:47:37,602 - osv_monitor - INFO - all.zip 需要更新
2025-05-25 02:47:42,001 - osv_monitor - INFO - 下载文件 https://storage.googleapis.com/osv-vulnerabilities/all.zip 到 data/all.tmp 成功
2025-05-25 02:47:42,001 - osv_monitor - INFO - [+] 更新同步 all.zip 最后修改时间: 2025-05-25 02:30:48
2025-05-25 02:47:42,001 - osv_monitor - INFO - 已下载 all.zip
2025-05-25 02:47:42,001 - osv_monitor - INFO - [+] 同步 OSV 数据完成
2025-05-25 02:47:42,002 - osv_monitor - INFO - 同步完成
2025-05-25 02:48:36,756 - osv_monitor - INFO - 解压缩文件完成
2025-05-25 03:44:22,167 - osv_monitor - INFO - 开始同步OSV漏洞数据...
2025-05-25 03:44:22,168 - osv_monitor - INFO - 正在搜索主页的生态系统列表...
2025-05-25 03:44:22,168 - osv_monitor - INFO - 正在获取 https://storage.googleapis.com/osv-vulnerabilities/index.html 页面...
2025-05-25 03:44:28,852 - osv_monitor - INFO - 找到 428 个生态系统
2025-05-25 03:44:28,853 - osv_monitor - INFO - all.zip 需要更新
2025-05-25 03:44:33,186 - osv_monitor - INFO - 下载文件 https://storage.googleapis.com/osv-vulnerabilities/all.zip 到 data/all.tmp 成功
2025-05-25 03:44:33,187 - osv_monitor - INFO - [+] 更新同步 all.zip 最后修改时间: 2025-05-25 03:31:59
2025-05-25 03:44:33,187 - osv_monitor - INFO - 已下载 all.zip
2025-05-25 03:44:33,187 - osv_monitor - INFO - [+] 同步 OSV 数据完成
2025-05-25 03:44:33,187 - osv_monitor - INFO - 同步完成
2025-05-25 03:45:27,926 - osv_monitor - INFO - 解压缩文件完成
2025-05-25 04:19:05,106 - osv_monitor - INFO - 开始同步OSV漏洞数据...
2025-05-25 04:19:05,106 - osv_monitor - INFO - 正在搜索主页的生态系统列表...
2025-05-25 04:19:05,106 - osv_monitor - INFO - 正在获取 https://storage.googleapis.com/osv-vulnerabilities/index.html 页面...
2025-05-25 04:19:10,801 - osv_monitor - INFO - 找到 428 个生态系统
2025-05-25 04:19:10,802 - osv_monitor - INFO - all.zip 需要更新
2025-05-25 04:19:15,387 - osv_monitor - INFO - 下载文件 https://storage.googleapis.com/osv-vulnerabilities/all.zip 到 data/all.tmp 成功
2025-05-25 04:19:15,388 - osv_monitor - INFO - [+] 更新同步 all.zip 最后修改时间: 2025-05-25 03:31:59
2025-05-25 04:19:15,388 - osv_monitor - INFO - 已下载 all.zip
2025-05-25 04:19:15,388 - osv_monitor - INFO - [+] 同步 OSV 数据完成
2025-05-25 04:19:15,388 - osv_monitor - INFO - 同步完成
2025-05-25 04:20:10,210 - osv_monitor - INFO - 解压缩文件完成
2025-05-25 05:11:24,152 - osv_monitor - INFO - 开始同步OSV漏洞数据...
2025-05-25 05:11:24,152 - osv_monitor - INFO - 正在搜索主页的生态系统列表...
2025-05-25 05:11:24,152 - osv_monitor - INFO - 正在获取 https://storage.googleapis.com/osv-vulnerabilities/index.html 页面...
2025-05-25 05:11:28,949 - osv_monitor - INFO - 找到 428 个生态系统
2025-05-25 05:11:28,949 - osv_monitor - INFO - all.zip 需要更新
2025-05-25 05:11:33,515 - osv_monitor - INFO - 下载文件 https://storage.googleapis.com/osv-vulnerabilities/all.zip 到 data/all.tmp 成功
2025-05-25 05:11:33,515 - osv_monitor - INFO - [+] 更新同步 all.zip 最后修改时间: 2025-05-25 05:00:26
2025-05-25 05:11:33,515 - osv_monitor - INFO - 已下载 all.zip
2025-05-25 05:11:33,515 - osv_monitor - INFO - [+] 同步 OSV 数据完成
2025-05-25 05:11:33,516 - osv_monitor - INFO - 同步完成
2025-05-25 05:12:29,095 - osv_monitor - INFO - 解压缩文件完成
2025-05-25 06:14:45,081 - osv_monitor - INFO - 开始同步OSV漏洞数据...
2025-05-25 06:14:45,081 - osv_monitor - INFO - 正在搜索主页的生态系统列表...
2025-05-25 06:14:45,081 - osv_monitor - INFO - 正在获取 https://storage.googleapis.com/osv-vulnerabilities/index.html 页面...
2025-05-25 06:14:49,321 - osv_monitor - INFO - 找到 428 个生态系统
2025-05-25 06:14:49,321 - osv_monitor - INFO - all.zip 需要更新
2025-05-25 06:14:53,300 - osv_monitor - INFO - 下载文件 https://storage.googleapis.com/osv-vulnerabilities/all.zip 到 data/all.tmp 成功
2025-05-25 06:14:53,301 - osv_monitor - INFO - [+] 更新同步 all.zip 最后修改时间: 2025-05-25 06:00:21
2025-05-25 06:14:53,301 - osv_monitor - INFO - 已下载 all.zip
2025-05-25 06:14:53,301 - osv_monitor - INFO - [+] 同步 OSV 数据完成
2025-05-25 06:14:53,301 - osv_monitor - INFO - 同步完成
2025-05-25 06:15:46,568 - osv_monitor - INFO - 解压缩文件完成
2025-05-25 07:11:14,766 - osv_monitor - INFO - 开始同步OSV漏洞数据...
2025-05-25 07:11:14,767 - osv_monitor - INFO - 正在搜索主页的生态系统列表...
2025-05-25 07:11:14,767 - osv_monitor - INFO - 正在获取 https://storage.googleapis.com/osv-vulnerabilities/index.html 页面...
2025-05-25 07:11:20,546 - osv_monitor - INFO - 找到 428 个生态系统
2025-05-25 07:11:20,547 - osv_monitor - INFO - all.zip 需要更新
2025-05-25 07:11:25,551 - osv_monitor - INFO - 下载文件 https://storage.googleapis.com/osv-vulnerabilities/all.zip 到 data/all.tmp 成功
2025-05-25 07:11:25,552 - osv_monitor - INFO - [+] 更新同步 all.zip 最后修改时间: 2025-05-25 07:08:03
2025-05-25 07:11:25,552 - osv_monitor - INFO - 已下载 all.zip
2025-05-25 07:11:25,552 - osv_monitor - INFO - [+] 同步 OSV 数据完成
2025-05-25 07:11:25,552 - osv_monitor - INFO - 同步完成
2025-05-25 07:12:19,267 - osv_monitor - INFO - 解压缩文件完成
2025-05-25 08:14:47,255 - osv_monitor - INFO - 开始同步OSV漏洞数据...
2025-05-25 08:14:47,255 - osv_monitor - INFO - 正在搜索主页的生态系统列表...
2025-05-25 08:14:47,255 - osv_monitor - INFO - 正在获取 https://storage.googleapis.com/osv-vulnerabilities/index.html 页面...
2025-05-25 08:14:54,335 - osv_monitor - INFO - 找到 428 个生态系统
2025-05-25 08:14:54,336 - osv_monitor - INFO - all.zip 需要更新
2025-05-25 08:14:58,389 - osv_monitor - INFO - 下载文件 https://storage.googleapis.com/osv-vulnerabilities/all.zip 到 data/all.tmp 成功
2025-05-25 08:14:58,389 - osv_monitor - INFO - [+] 更新同步 all.zip 最后修改时间: 2025-05-25 07:08:03
2025-05-25 08:14:58,390 - osv_monitor - INFO - 已下载 all.zip
2025-05-25 08:14:58,390 - osv_monitor - INFO - [+] 同步 OSV 数据完成
2025-05-25 08:14:58,390 - osv_monitor - INFO - 同步完成
2025-05-25 08:15:54,265 - osv_monitor - INFO - 解压缩文件完成
