2025-07-05 00:44:20,931 - osv_monitor - INFO - 开始同步OSV漏洞数据...
2025-07-05 00:44:20,931 - osv_monitor - INFO - 正在搜索主页的生态系统列表...
2025-07-05 00:44:20,932 - osv_monitor - INFO - 正在获取 https://storage.googleapis.com/osv-vulnerabilities/index.html 页面...
2025-07-05 00:44:25,046 - osv_monitor - INFO - 找到 429 个生态系统
2025-07-05 00:44:25,046 - osv_monitor - INFO - all.zip 需要更新
2025-07-05 00:44:29,915 - osv_monitor - INFO - 下载文件 https://storage.googleapis.com/osv-vulnerabilities/all.zip 到 data/all.tmp 成功
2025-07-05 00:44:29,916 - osv_monitor - INFO - [+] 更新同步 all.zip 最后修改时间: 2025-07-05 00:11:13
2025-07-05 00:44:29,916 - osv_monitor - INFO - 已下载 all.zip
2025-07-05 00:44:29,916 - osv_monitor - INFO - [+] 同步 OSV 数据完成
2025-07-05 00:44:29,916 - osv_monitor - INFO - 同步完成
2025-07-05 00:45:27,343 - osv_monitor - INFO - 解压缩文件完成
2025-07-05 03:40:39,729 - osv_monitor - INFO - 开始同步OSV漏洞数据...
2025-07-05 03:40:39,730 - osv_monitor - INFO - 正在搜索主页的生态系统列表...
2025-07-05 03:40:39,730 - osv_monitor - INFO - 正在获取 https://storage.googleapis.com/osv-vulnerabilities/index.html 页面...
2025-07-05 03:40:51,536 - osv_monitor - INFO - 找到 429 个生态系统
2025-07-05 03:40:51,537 - osv_monitor - INFO - all.zip 需要更新
2025-07-05 03:40:55,614 - osv_monitor - INFO - 下载文件 https://storage.googleapis.com/osv-vulnerabilities/all.zip 到 data/all.tmp 成功
2025-07-05 03:40:55,615 - osv_monitor - INFO - [+] 更新同步 all.zip 最后修改时间: 2025-07-05 03:05:50
2025-07-05 03:40:55,615 - osv_monitor - INFO - 已下载 all.zip
2025-07-05 03:40:55,615 - osv_monitor - INFO - [+] 同步 OSV 数据完成
2025-07-05 03:40:55,615 - osv_monitor - INFO - 同步完成
2025-07-05 03:41:53,141 - osv_monitor - INFO - 解压缩文件完成
2025-07-05 06:15:33,397 - osv_monitor - INFO - 开始同步OSV漏洞数据...
2025-07-05 06:15:33,397 - osv_monitor - INFO - 正在搜索主页的生态系统列表...
2025-07-05 06:15:33,397 - osv_monitor - INFO - 正在获取 https://storage.googleapis.com/osv-vulnerabilities/index.html 页面...
2025-07-05 06:15:38,811 - osv_monitor - INFO - 找到 429 个生态系统
2025-07-05 06:15:38,811 - osv_monitor - INFO - all.zip 需要更新
2025-07-05 06:15:44,050 - osv_monitor - INFO - 下载文件 https://storage.googleapis.com/osv-vulnerabilities/all.zip 到 data/all.tmp 成功
2025-07-05 06:15:44,051 - osv_monitor - INFO - [+] 更新同步 all.zip 最后修改时间: 2025-07-05 06:02:36
2025-07-05 06:15:44,051 - osv_monitor - INFO - 已下载 all.zip
2025-07-05 06:15:44,051 - osv_monitor - INFO - [+] 同步 OSV 数据完成
2025-07-05 06:15:44,051 - osv_monitor - INFO - 同步完成
2025-07-05 06:16:39,766 - osv_monitor - INFO - 解压缩文件完成
2025-07-05 09:11:42,836 - osv_monitor - INFO - 开始同步OSV漏洞数据...
2025-07-05 09:11:42,836 - osv_monitor - INFO - 正在搜索主页的生态系统列表...
2025-07-05 09:11:42,836 - osv_monitor - INFO - 正在获取 https://storage.googleapis.com/osv-vulnerabilities/index.html 页面...
2025-07-05 09:11:49,025 - osv_monitor - INFO - 找到 429 个生态系统
2025-07-05 09:11:49,026 - osv_monitor - INFO - all.zip 需要更新
2025-07-05 09:11:54,242 - osv_monitor - INFO - 下载文件 https://storage.googleapis.com/osv-vulnerabilities/all.zip 到 data/all.tmp 成功
2025-07-05 09:11:54,243 - osv_monitor - INFO - [+] 更新同步 all.zip 最后修改时间: 2025-07-05 07:41:41
2025-07-05 09:11:54,243 - osv_monitor - INFO - 已下载 all.zip
2025-07-05 09:11:54,243 - osv_monitor - INFO - [+] 同步 OSV 数据完成
2025-07-05 09:11:54,243 - osv_monitor - INFO - 同步完成
2025-07-05 09:12:50,674 - osv_monitor - INFO - 解压缩文件完成
2025-07-05 12:16:55,168 - osv_monitor - INFO - 开始同步OSV漏洞数据...
2025-07-05 12:16:55,168 - osv_monitor - INFO - 正在搜索主页的生态系统列表...
2025-07-05 12:16:55,168 - osv_monitor - INFO - 正在获取 https://storage.googleapis.com/osv-vulnerabilities/index.html 页面...
2025-07-05 12:17:00,777 - osv_monitor - INFO - 找到 429 个生态系统
2025-07-05 12:17:00,778 - osv_monitor - INFO - all.zip 需要更新
2025-07-05 12:17:05,210 - osv_monitor - INFO - 下载文件 https://storage.googleapis.com/osv-vulnerabilities/all.zip 到 data/all.tmp 成功
2025-07-05 12:17:05,211 - osv_monitor - INFO - [+] 更新同步 all.zip 最后修改时间: 2025-07-05 12:15:50
2025-07-05 12:17:05,211 - osv_monitor - INFO - 已下载 all.zip
2025-07-05 12:17:05,211 - osv_monitor - INFO - [+] 同步 OSV 数据完成
2025-07-05 12:17:05,211 - osv_monitor - INFO - 同步完成
2025-07-05 12:18:02,417 - osv_monitor - INFO - 解压缩文件完成
2025-07-05 15:11:09,466 - osv_monitor - INFO - 开始同步OSV漏洞数据...
2025-07-05 15:11:09,466 - osv_monitor - INFO - 正在搜索主页的生态系统列表...
2025-07-05 15:11:09,466 - osv_monitor - INFO - 正在获取 https://storage.googleapis.com/osv-vulnerabilities/index.html 页面...
2025-07-05 15:11:15,204 - osv_monitor - INFO - 找到 429 个生态系统
2025-07-05 15:11:15,205 - osv_monitor - INFO - all.zip 需要更新
2025-07-05 15:11:20,195 - osv_monitor - INFO - 下载文件 https://storage.googleapis.com/osv-vulnerabilities/all.zip 到 data/all.tmp 成功
2025-07-05 15:11:20,196 - osv_monitor - INFO - [+] 更新同步 all.zip 最后修改时间: 2025-07-05 15:03:22
2025-07-05 15:11:20,196 - osv_monitor - INFO - 已下载 all.zip
2025-07-05 15:11:20,196 - osv_monitor - INFO - [+] 同步 OSV 数据完成
2025-07-05 15:11:20,196 - osv_monitor - INFO - 同步完成
2025-07-05 15:12:16,809 - osv_monitor - INFO - 解压缩文件完成
2025-07-05 18:14:00,456 - osv_monitor - INFO - 开始同步OSV漏洞数据...
2025-07-05 18:14:00,456 - osv_monitor - INFO - 正在搜索主页的生态系统列表...
2025-07-05 18:14:00,456 - osv_monitor - INFO - 正在获取 https://storage.googleapis.com/osv-vulnerabilities/index.html 页面...
2025-07-05 18:14:07,424 - osv_monitor - INFO - 找到 429 个生态系统
2025-07-05 18:14:07,425 - osv_monitor - INFO - all.zip 需要更新
2025-07-05 18:14:11,463 - osv_monitor - INFO - 下载文件 https://storage.googleapis.com/osv-vulnerabilities/all.zip 到 data/all.tmp 成功
2025-07-05 18:14:11,463 - osv_monitor - INFO - [+] 更新同步 all.zip 最后修改时间: 2025-07-05 18:12:01
2025-07-05 18:14:11,464 - osv_monitor - INFO - 已下载 all.zip
2025-07-05 18:14:11,464 - osv_monitor - INFO - [+] 同步 OSV 数据完成
2025-07-05 18:14:11,464 - osv_monitor - INFO - 同步完成
2025-07-05 18:15:06,565 - osv_monitor - INFO - 解压缩文件完成
