2025-08-26 00:44:33,534 - osv_monitor - INFO - 开始同步OSV漏洞数据...
2025-08-26 00:44:33,534 - osv_monitor - INFO - 正在搜索主页的生态系统列表...
2025-08-26 00:44:33,534 - osv_monitor - INFO - 正在获取 https://storage.googleapis.com/osv-vulnerabilities/index.html 页面...
2025-08-26 00:44:37,801 - osv_monitor - INFO - 找到 431 个生态系统
2025-08-26 00:44:37,802 - osv_monitor - INFO - all.zip 需要更新
2025-08-26 00:44:49,109 - osv_monitor - INFO - 下载文件 https://storage.googleapis.com/osv-vulnerabilities/all.zip 到 data/all.tmp 成功
2025-08-26 00:44:49,110 - osv_monitor - INFO - [+] 更新同步 all.zip 最后修改时间: 2025-08-25 23:56:20
2025-08-26 00:44:49,111 - osv_monitor - INFO - 已下载 all.zip
2025-08-26 00:44:49,111 - osv_monitor - INFO - [+] 同步 OSV 数据完成
2025-08-26 00:44:49,111 - osv_monitor - INFO - 同步完成
2025-08-26 00:45:50,606 - osv_monitor - INFO - 解压缩文件完成
2025-08-26 03:37:54,510 - osv_monitor - INFO - 开始同步OSV漏洞数据...
2025-08-26 03:37:54,510 - osv_monitor - INFO - 正在搜索主页的生态系统列表...
2025-08-26 03:37:54,510 - osv_monitor - INFO - 正在获取 https://storage.googleapis.com/osv-vulnerabilities/index.html 页面...
2025-08-26 03:37:59,257 - osv_monitor - INFO - 找到 431 个生态系统
2025-08-26 03:37:59,259 - osv_monitor - INFO - all.zip 需要更新
2025-08-26 03:38:03,853 - osv_monitor - INFO - 下载文件 https://storage.googleapis.com/osv-vulnerabilities/all.zip 到 data/all.tmp 成功
2025-08-26 03:38:03,855 - osv_monitor - INFO - [+] 更新同步 all.zip 最后修改时间: 2025-08-26 03:27:55
2025-08-26 03:38:03,855 - osv_monitor - INFO - 已下载 all.zip
2025-08-26 03:38:03,855 - osv_monitor - INFO - [+] 同步 OSV 数据完成
2025-08-26 03:38:03,855 - osv_monitor - INFO - 同步完成
2025-08-26 03:39:05,482 - osv_monitor - INFO - 解压缩文件完成
2025-08-26 06:15:38,392 - osv_monitor - INFO - 开始同步OSV漏洞数据...
2025-08-26 06:15:38,392 - osv_monitor - INFO - 正在搜索主页的生态系统列表...
2025-08-26 06:15:38,392 - osv_monitor - INFO - 正在获取 https://storage.googleapis.com/osv-vulnerabilities/index.html 页面...
2025-08-26 06:15:42,164 - osv_monitor - INFO - 找到 431 个生态系统
2025-08-26 06:15:42,165 - osv_monitor - INFO - all.zip 需要更新
2025-08-26 06:15:45,440 - osv_monitor - INFO - 下载文件 https://storage.googleapis.com/osv-vulnerabilities/all.zip 到 data/all.tmp 成功
2025-08-26 06:15:45,442 - osv_monitor - INFO - [+] 更新同步 all.zip 最后修改时间: 2025-08-26 05:23:27
2025-08-26 06:15:45,442 - osv_monitor - INFO - 已下载 all.zip
2025-08-26 06:15:45,442 - osv_monitor - INFO - [+] 同步 OSV 数据完成
2025-08-26 06:15:45,442 - osv_monitor - INFO - 同步完成
2025-08-26 06:16:45,576 - osv_monitor - INFO - 解压缩文件完成
2025-08-26 09:12:25,720 - osv_monitor - INFO - 开始同步OSV漏洞数据...
2025-08-26 09:12:25,721 - osv_monitor - INFO - 正在搜索主页的生态系统列表...
2025-08-26 09:12:25,721 - osv_monitor - INFO - 正在获取 https://storage.googleapis.com/osv-vulnerabilities/index.html 页面...
2025-08-26 09:12:29,393 - osv_monitor - INFO - 找到 431 个生态系统
2025-08-26 09:12:29,395 - osv_monitor - INFO - all.zip 需要更新
2025-08-26 09:12:32,441 - osv_monitor - INFO - 下载文件 https://storage.googleapis.com/osv-vulnerabilities/all.zip 到 data/all.tmp 成功
2025-08-26 09:12:32,443 - osv_monitor - INFO - [+] 更新同步 all.zip 最后修改时间: 2025-08-26 08:15:33
2025-08-26 09:12:32,443 - osv_monitor - INFO - 已下载 all.zip
2025-08-26 09:12:32,443 - osv_monitor - INFO - [+] 同步 OSV 数据完成
2025-08-26 09:12:32,443 - osv_monitor - INFO - 同步完成
2025-08-26 09:13:34,228 - osv_monitor - INFO - 解压缩文件完成
