2025-07-25 00:47:43,588 - osv_monitor - INFO - 开始同步OSV漏洞数据...
2025-07-25 00:47:43,589 - osv_monitor - INFO - 正在搜索主页的生态系统列表...
2025-07-25 00:47:43,589 - osv_monitor - INFO - 正在获取 https://storage.googleapis.com/osv-vulnerabilities/index.html 页面...
2025-07-25 00:47:47,386 - osv_monitor - INFO - 找到 429 个生态系统
2025-07-25 00:47:47,388 - osv_monitor - INFO - all.zip 需要更新
2025-07-25 00:47:51,143 - osv_monitor - INFO - 下载文件 https://storage.googleapis.com/osv-vulnerabilities/all.zip 到 data/all.tmp 成功
2025-07-25 00:47:51,143 - osv_monitor - INFO - [+] 更新同步 all.zip 最后修改时间: 2025-07-25 00:20:08
2025-07-25 00:47:51,144 - osv_monitor - INFO - 已下载 all.zip
2025-07-25 00:47:51,144 - osv_monitor - INFO - [+] 同步 OSV 数据完成
2025-07-25 00:47:51,144 - osv_monitor - INFO - 同步完成
2025-07-25 00:48:43,061 - osv_monitor - INFO - 解压缩文件完成
2025-07-25 03:56:40,246 - osv_monitor - INFO - 开始同步OSV漏洞数据...
2025-07-25 03:56:40,246 - osv_monitor - INFO - 正在搜索主页的生态系统列表...
2025-07-25 03:56:40,246 - osv_monitor - INFO - 正在获取 https://storage.googleapis.com/osv-vulnerabilities/index.html 页面...
2025-07-25 03:56:45,605 - osv_monitor - INFO - 找到 429 个生态系统
2025-07-25 03:56:45,606 - osv_monitor - INFO - all.zip 需要更新
2025-07-25 03:56:50,120 - osv_monitor - INFO - 下载文件 https://storage.googleapis.com/osv-vulnerabilities/all.zip 到 data/all.tmp 成功
2025-07-25 03:56:50,120 - osv_monitor - INFO - [+] 更新同步 all.zip 最后修改时间: 2025-07-25 03:17:23
2025-07-25 03:56:50,120 - osv_monitor - INFO - 已下载 all.zip
2025-07-25 03:56:50,121 - osv_monitor - INFO - [+] 同步 OSV 数据完成
2025-07-25 03:56:50,121 - osv_monitor - INFO - 同步完成
2025-07-25 03:57:44,106 - osv_monitor - INFO - 解压缩文件完成
2025-07-25 06:18:02,843 - osv_monitor - INFO - 开始同步OSV漏洞数据...
2025-07-25 06:18:02,843 - osv_monitor - INFO - 正在搜索主页的生态系统列表...
2025-07-25 06:18:02,843 - osv_monitor - INFO - 正在获取 https://storage.googleapis.com/osv-vulnerabilities/index.html 页面...
2025-07-25 06:18:09,056 - osv_monitor - INFO - 找到 429 个生态系统
2025-07-25 06:18:09,057 - osv_monitor - INFO - all.zip 需要更新
2025-07-25 06:18:14,406 - osv_monitor - INFO - 下载文件 https://storage.googleapis.com/osv-vulnerabilities/all.zip 到 data/all.tmp 成功
2025-07-25 06:18:14,407 - osv_monitor - INFO - [+] 更新同步 all.zip 最后修改时间: 2025-07-25 05:19:06
2025-07-25 06:18:14,407 - osv_monitor - INFO - 已下载 all.zip
2025-07-25 06:18:14,407 - osv_monitor - INFO - [+] 同步 OSV 数据完成
2025-07-25 06:18:14,407 - osv_monitor - INFO - 同步完成
2025-07-25 06:19:05,901 - osv_monitor - INFO - 解压缩文件完成
2025-07-25 09:17:15,266 - osv_monitor - INFO - 开始同步OSV漏洞数据...
2025-07-25 09:17:15,266 - osv_monitor - INFO - 正在搜索主页的生态系统列表...
2025-07-25 09:17:15,266 - osv_monitor - INFO - 正在获取 https://storage.googleapis.com/osv-vulnerabilities/index.html 页面...
2025-07-25 09:17:21,903 - osv_monitor - INFO - 找到 429 个生态系统
2025-07-25 09:17:21,904 - osv_monitor - INFO - all.zip 需要更新
2025-07-25 09:17:25,398 - osv_monitor - INFO - 下载文件 https://storage.googleapis.com/osv-vulnerabilities/all.zip 到 data/all.tmp 成功
2025-07-25 09:17:25,399 - osv_monitor - INFO - [+] 更新同步 all.zip 最后修改时间: 2025-07-25 08:23:26
2025-07-25 09:17:25,399 - osv_monitor - INFO - 已下载 all.zip
2025-07-25 09:17:25,399 - osv_monitor - INFO - [+] 同步 OSV 数据完成
2025-07-25 09:17:25,399 - osv_monitor - INFO - 同步完成
2025-07-25 09:18:18,692 - osv_monitor - INFO - 解压缩文件完成
2025-07-25 12:25:57,660 - osv_monitor - INFO - 开始同步OSV漏洞数据...
2025-07-25 12:25:57,660 - osv_monitor - INFO - 正在搜索主页的生态系统列表...
2025-07-25 12:25:57,660 - osv_monitor - INFO - 正在获取 https://storage.googleapis.com/osv-vulnerabilities/index.html 页面...
2025-07-25 12:26:18,249 - osv_monitor - INFO - 找到 429 个生态系统
2025-07-25 12:26:18,251 - osv_monitor - INFO - all.zip 需要更新
2025-07-25 12:26:21,789 - osv_monitor - INFO - 下载文件 https://storage.googleapis.com/osv-vulnerabilities/all.zip 到 data/all.tmp 成功
2025-07-25 12:26:21,790 - osv_monitor - INFO - [+] 更新同步 all.zip 最后修改时间: 2025-07-25 11:32:55
2025-07-25 12:26:21,790 - osv_monitor - INFO - 已下载 all.zip
2025-07-25 12:26:21,790 - osv_monitor - INFO - [+] 同步 OSV 数据完成
2025-07-25 12:26:21,790 - osv_monitor - INFO - 同步完成
2025-07-25 12:27:15,008 - osv_monitor - INFO - 解压缩文件完成
2025-07-25 15:12:45,360 - osv_monitor - INFO - 开始同步OSV漏洞数据...
2025-07-25 15:12:45,360 - osv_monitor - INFO - 正在搜索主页的生态系统列表...
2025-07-25 15:12:45,360 - osv_monitor - INFO - 正在获取 https://storage.googleapis.com/osv-vulnerabilities/index.html 页面...
2025-07-25 15:12:50,794 - osv_monitor - INFO - 找到 429 个生态系统
2025-07-25 15:12:50,795 - osv_monitor - INFO - all.zip 需要更新
2025-07-25 15:12:53,996 - osv_monitor - INFO - 下载文件 https://storage.googleapis.com/osv-vulnerabilities/all.zip 到 data/all.tmp 成功
2025-07-25 15:12:53,996 - osv_monitor - INFO - [+] 更新同步 all.zip 最后修改时间: 2025-07-25 14:46:01
2025-07-25 15:12:53,996 - osv_monitor - INFO - 已下载 all.zip
2025-07-25 15:12:53,996 - osv_monitor - INFO - [+] 同步 OSV 数据完成
2025-07-25 15:12:53,996 - osv_monitor - INFO - 同步完成
2025-07-25 15:13:47,997 - osv_monitor - INFO - 解压缩文件完成
2025-07-25 18:15:08,529 - osv_monitor - INFO - 开始同步OSV漏洞数据...
2025-07-25 18:15:08,529 - osv_monitor - INFO - 正在搜索主页的生态系统列表...
2025-07-25 18:15:08,529 - osv_monitor - INFO - 正在获取 https://storage.googleapis.com/osv-vulnerabilities/index.html 页面...
2025-07-25 18:15:12,458 - osv_monitor - INFO - 找到 429 个生态系统
2025-07-25 18:15:12,459 - osv_monitor - INFO - all.zip 需要更新
2025-07-25 18:15:17,994 - osv_monitor - INFO - 下载文件 https://storage.googleapis.com/osv-vulnerabilities/all.zip 到 data/all.tmp 成功
2025-07-25 18:15:17,995 - osv_monitor - INFO - [+] 更新同步 all.zip 最后修改时间: 2025-07-25 17:56:11
2025-07-25 18:15:17,995 - osv_monitor - INFO - 已下载 all.zip
2025-07-25 18:15:17,995 - osv_monitor - INFO - [+] 同步 OSV 数据完成
2025-07-25 18:15:17,995 - osv_monitor - INFO - 同步完成
2025-07-25 18:16:11,422 - osv_monitor - INFO - 解压缩文件完成
2025-07-25 21:11:17,679 - osv_monitor - INFO - 开始同步OSV漏洞数据...
2025-07-25 21:11:17,679 - osv_monitor - INFO - 正在搜索主页的生态系统列表...
2025-07-25 21:11:17,679 - osv_monitor - INFO - 正在获取 https://storage.googleapis.com/osv-vulnerabilities/index.html 页面...
2025-07-25 21:11:22,062 - osv_monitor - INFO - 找到 429 个生态系统
2025-07-25 21:11:22,063 - osv_monitor - INFO - all.zip 需要更新
2025-07-25 21:11:26,649 - osv_monitor - INFO - 下载文件 https://storage.googleapis.com/osv-vulnerabilities/all.zip 到 data/all.tmp 成功
2025-07-25 21:11:26,649 - osv_monitor - INFO - [+] 更新同步 all.zip 最后修改时间: 2025-07-25 20:50:50
2025-07-25 21:11:26,649 - osv_monitor - INFO - 已下载 all.zip
2025-07-25 21:11:26,649 - osv_monitor - INFO - [+] 同步 OSV 数据完成
2025-07-25 21:11:26,649 - osv_monitor - INFO - 同步完成
2025-07-25 21:12:19,449 - osv_monitor - INFO - 解压缩文件完成
