2026-01-13 00:05:39,406 - osv_monitor - INFO - 开始同步OSV漏洞数据...
2026-01-13 00:05:39,406 - osv_monitor - INFO - 正在搜索主页的生态系统列表...
2026-01-13 00:05:39,406 - osv_monitor - INFO - 正在获取 https://storage.googleapis.com/osv-vulnerabilities/index.html 页面...
2026-01-13 00:05:42,421 - osv_monitor - INFO - 找到 97 个生态系统
2026-01-13 00:05:42,422 - osv_monitor - INFO - all.zip 需要更新
2026-01-13 00:06:00,573 - osv_monitor - INFO - 下载文件 https://storage.googleapis.com/osv-vulnerabilities/all.zip 到 data/all.tmp 成功
2026-01-13 00:06:00,575 - osv_monitor - INFO - [+] 更新同步 all.zip 最后修改时间: 2026-01-12 23:59:55
2026-01-13 00:06:00,575 - osv_monitor - INFO - 已下载 all.zip
2026-01-13 00:06:00,575 - osv_monitor - INFO - [+] 同步 OSV 数据完成
2026-01-13 00:06:00,576 - osv_monitor - INFO - 同步完成
2026-01-13 00:07:37,657 - osv_monitor - INFO - 解压缩文件完成
2026-01-13 12:04:05,416 - osv_monitor - INFO - 开始同步OSV漏洞数据...
2026-01-13 12:04:05,416 - osv_monitor - INFO - 正在搜索主页的生态系统列表...
2026-01-13 12:04:05,417 - osv_monitor - INFO - 正在获取 https://storage.googleapis.com/osv-vulnerabilities/index.html 页面...
2026-01-13 12:04:08,568 - osv_monitor - INFO - 找到 97 个生态系统
2026-01-13 12:04:08,569 - osv_monitor - INFO - all.zip 需要更新
2026-01-13 12:04:33,132 - osv_monitor - INFO - 下载文件 https://storage.googleapis.com/osv-vulnerabilities/all.zip 到 data/all.tmp 成功
2026-01-13 12:04:33,134 - osv_monitor - INFO - [+] 更新同步 all.zip 最后修改时间: 2026-01-13 11:59:37
2026-01-13 12:04:33,134 - osv_monitor - INFO - 已下载 all.zip
2026-01-13 12:04:33,134 - osv_monitor - INFO - [+] 同步 OSV 数据完成
2026-01-13 12:04:33,134 - osv_monitor - INFO - 同步完成
2026-01-13 12:06:09,735 - osv_monitor - INFO - 解压缩文件完成
