2025-09-18 00:42:31,707 - osv_monitor - INFO - 开始同步OSV漏洞数据...
2025-09-18 00:42:31,707 - osv_monitor - INFO - 正在搜索主页的生态系统列表...
2025-09-18 00:42:31,708 - osv_monitor - INFO - 正在获取 https://storage.googleapis.com/osv-vulnerabilities/index.html 页面...
2025-09-18 00:42:35,492 - osv_monitor - INFO - 找到 94 个生态系统
2025-09-18 00:42:35,494 - osv_monitor - INFO - all.zip 需要更新
2025-09-18 00:42:41,333 - osv_monitor - INFO - 下载文件 https://storage.googleapis.com/osv-vulnerabilities/all.zip 到 data/all.tmp 成功
2025-09-18 00:42:41,335 - osv_monitor - INFO - [+] 更新同步 all.zip 最后修改时间: 2025-09-18 00:03:03
2025-09-18 00:42:41,335 - osv_monitor - INFO - 已下载 all.zip
2025-09-18 00:42:41,335 - osv_monitor - INFO - [+] 同步 OSV 数据完成
2025-09-18 00:42:41,335 - osv_monitor - INFO - 同步完成
2025-09-18 00:43:50,366 - osv_monitor - INFO - 解压缩文件完成
2025-09-18 12:19:52,763 - osv_monitor - INFO - 开始同步OSV漏洞数据...
2025-09-18 12:19:52,764 - osv_monitor - INFO - 正在搜索主页的生态系统列表...
2025-09-18 12:19:52,764 - osv_monitor - INFO - 正在获取 https://storage.googleapis.com/osv-vulnerabilities/index.html 页面...
2025-09-18 12:19:55,902 - osv_monitor - INFO - 找到 94 个生态系统
2025-09-18 12:19:55,903 - osv_monitor - INFO - all.zip 需要更新
2025-09-18 12:19:59,970 - osv_monitor - INFO - 下载文件 https://storage.googleapis.com/osv-vulnerabilities/all.zip 到 data/all.tmp 成功
2025-09-18 12:19:59,972 - osv_monitor - INFO - [+] 更新同步 all.zip 最后修改时间: 2025-09-18 12:04:52
2025-09-18 12:19:59,972 - osv_monitor - INFO - 已下载 all.zip
2025-09-18 12:19:59,972 - osv_monitor - INFO - [+] 同步 OSV 数据完成
2025-09-18 12:19:59,972 - osv_monitor - INFO - 同步完成
2025-09-18 12:21:09,074 - osv_monitor - INFO - 解压缩文件完成
