2025-11-04 00:05:08,255 - osv_monitor - INFO - 开始同步OSV漏洞数据...
2025-11-04 00:05:08,255 - osv_monitor - INFO - 正在搜索主页的生态系统列表...
2025-11-04 00:05:08,255 - osv_monitor - INFO - 正在获取 https://storage.googleapis.com/osv-vulnerabilities/index.html 页面...
2025-11-04 00:05:11,595 - osv_monitor - INFO - 找到 95 个生态系统
2025-11-04 00:05:11,596 - osv_monitor - INFO - all.zip 需要更新
2025-11-04 00:06:25,658 - osv_monitor - INFO - 下载文件 https://storage.googleapis.com/osv-vulnerabilities/all.zip 到 data/all.tmp 成功
2025-11-04 00:06:25,660 - osv_monitor - INFO - [+] 更新同步 all.zip 最后修改时间: 2025-11-03 23:56:35
2025-11-04 00:06:25,660 - osv_monitor - INFO - 已下载 all.zip
2025-11-04 00:06:25,660 - osv_monitor - INFO - [+] 同步 OSV 数据完成
2025-11-04 00:06:25,660 - osv_monitor - INFO - 同步完成
2025-11-04 00:07:33,912 - osv_monitor - INFO - 解压缩文件完成
2025-11-04 12:05:09,876 - osv_monitor - INFO - 开始同步OSV漏洞数据...
2025-11-04 12:05:09,876 - osv_monitor - INFO - 正在搜索主页的生态系统列表...
2025-11-04 12:05:09,876 - osv_monitor - INFO - 正在获取 https://storage.googleapis.com/osv-vulnerabilities/index.html 页面...
2025-11-04 12:05:12,424 - osv_monitor - INFO - 找到 95 个生态系统
2025-11-04 12:05:12,426 - osv_monitor - INFO - all.zip 需要更新
2025-11-04 12:05:27,806 - osv_monitor - INFO - 下载文件 https://storage.googleapis.com/osv-vulnerabilities/all.zip 到 data/all.tmp 成功
2025-11-04 12:05:27,808 - osv_monitor - INFO - [+] 更新同步 all.zip 最后修改时间: 2025-11-04 11:56:01
2025-11-04 12:05:27,808 - osv_monitor - INFO - 已下载 all.zip
2025-11-04 12:05:27,808 - osv_monitor - INFO - [+] 同步 OSV 数据完成
2025-11-04 12:05:27,808 - osv_monitor - INFO - 同步完成
2025-11-04 12:06:40,116 - osv_monitor - INFO - 解压缩文件完成
