2025-07-19 00:46:25,135 - osv_monitor - INFO - 开始同步OSV漏洞数据...
2025-07-19 00:46:25,135 - osv_monitor - INFO - 正在搜索主页的生态系统列表...
2025-07-19 00:46:25,135 - osv_monitor - INFO - 正在获取 https://storage.googleapis.com/osv-vulnerabilities/index.html 页面...
2025-07-19 00:46:30,815 - osv_monitor - INFO - 找到 429 个生态系统
2025-07-19 00:46:30,816 - osv_monitor - INFO - all.zip 需要更新
2025-07-19 00:46:38,688 - osv_monitor - INFO - 下载文件 https://storage.googleapis.com/osv-vulnerabilities/all.zip 到 data/all.tmp 成功
2025-07-19 00:46:38,689 - osv_monitor - INFO - [+] 更新同步 all.zip 最后修改时间: 2025-07-18 23:48:29
2025-07-19 00:46:38,689 - osv_monitor - INFO - 已下载 all.zip
2025-07-19 00:46:38,689 - osv_monitor - INFO - [+] 同步 OSV 数据完成
2025-07-19 00:46:38,689 - osv_monitor - INFO - 同步完成
2025-07-19 00:47:31,556 - osv_monitor - INFO - 解压缩文件完成
2025-07-19 03:48:54,817 - osv_monitor - INFO - 开始同步OSV漏洞数据...
2025-07-19 03:48:54,817 - osv_monitor - INFO - 正在搜索主页的生态系统列表...
2025-07-19 03:48:54,817 - osv_monitor - INFO - 正在获取 https://storage.googleapis.com/osv-vulnerabilities/index.html 页面...
2025-07-19 03:49:00,922 - osv_monitor - INFO - 找到 429 个生态系统
2025-07-19 03:49:00,923 - osv_monitor - INFO - all.zip 需要更新
2025-07-19 03:49:04,093 - osv_monitor - INFO - 下载文件 https://storage.googleapis.com/osv-vulnerabilities/all.zip 到 data/all.tmp 成功
2025-07-19 03:49:04,094 - osv_monitor - INFO - [+] 更新同步 all.zip 最后修改时间: 2025-07-19 03:07:36
2025-07-19 03:49:04,094 - osv_monitor - INFO - 已下载 all.zip
2025-07-19 03:49:04,094 - osv_monitor - INFO - [+] 同步 OSV 数据完成
2025-07-19 03:49:04,094 - osv_monitor - INFO - 同步完成
2025-07-19 03:49:57,224 - osv_monitor - INFO - 解压缩文件完成
2025-07-19 06:14:44,312 - osv_monitor - INFO - 开始同步OSV漏洞数据...
2025-07-19 06:14:44,312 - osv_monitor - INFO - 正在搜索主页的生态系统列表...
2025-07-19 06:14:44,312 - osv_monitor - INFO - 正在获取 https://storage.googleapis.com/osv-vulnerabilities/index.html 页面...
2025-07-19 06:14:48,201 - osv_monitor - INFO - 找到 429 个生态系统
2025-07-19 06:14:48,202 - osv_monitor - INFO - all.zip 需要更新
2025-07-19 06:14:53,952 - osv_monitor - INFO - 下载文件 https://storage.googleapis.com/osv-vulnerabilities/all.zip 到 data/all.tmp 成功
2025-07-19 06:14:53,953 - osv_monitor - INFO - [+] 更新同步 all.zip 最后修改时间: 2025-07-19 05:19:09
2025-07-19 06:14:53,953 - osv_monitor - INFO - 已下载 all.zip
2025-07-19 06:14:53,953 - osv_monitor - INFO - [+] 同步 OSV 数据完成
2025-07-19 06:14:53,953 - osv_monitor - INFO - 同步完成
2025-07-19 06:15:45,411 - osv_monitor - INFO - 解压缩文件完成
2025-07-19 09:11:03,659 - osv_monitor - INFO - 开始同步OSV漏洞数据...
2025-07-19 09:11:03,659 - osv_monitor - INFO - 正在搜索主页的生态系统列表...
2025-07-19 09:11:03,659 - osv_monitor - INFO - 正在获取 https://storage.googleapis.com/osv-vulnerabilities/index.html 页面...
2025-07-19 09:11:09,017 - osv_monitor - INFO - 找到 429 个生态系统
2025-07-19 09:11:09,018 - osv_monitor - INFO - all.zip 需要更新
2025-07-19 09:11:13,697 - osv_monitor - INFO - 下载文件 https://storage.googleapis.com/osv-vulnerabilities/all.zip 到 data/all.tmp 成功
2025-07-19 09:11:13,697 - osv_monitor - INFO - [+] 更新同步 all.zip 最后修改时间: 2025-07-19 08:17:52
2025-07-19 09:11:13,698 - osv_monitor - INFO - 已下载 all.zip
2025-07-19 09:11:13,698 - osv_monitor - INFO - [+] 同步 OSV 数据完成
2025-07-19 09:11:13,698 - osv_monitor - INFO - 同步完成
2025-07-19 09:12:06,093 - osv_monitor - INFO - 解压缩文件完成
2025-07-19 12:17:05,684 - osv_monitor - INFO - 开始同步OSV漏洞数据...
2025-07-19 12:17:05,684 - osv_monitor - INFO - 正在搜索主页的生态系统列表...
2025-07-19 12:17:05,684 - osv_monitor - INFO - 正在获取 https://storage.googleapis.com/osv-vulnerabilities/index.html 页面...
2025-07-19 12:17:10,802 - osv_monitor - INFO - 找到 429 个生态系统
2025-07-19 12:17:10,803 - osv_monitor - INFO - all.zip 需要更新
2025-07-19 12:17:15,042 - osv_monitor - INFO - 下载文件 https://storage.googleapis.com/osv-vulnerabilities/all.zip 到 data/all.tmp 成功
2025-07-19 12:17:15,043 - osv_monitor - INFO - [+] 更新同步 all.zip 最后修改时间: 2025-07-19 12:16:31
2025-07-19 12:17:15,043 - osv_monitor - INFO - 已下载 all.zip
2025-07-19 12:17:15,043 - osv_monitor - INFO - [+] 同步 OSV 数据完成
2025-07-19 12:17:15,043 - osv_monitor - INFO - 同步完成
2025-07-19 12:18:07,911 - osv_monitor - INFO - 解压缩文件完成
