2025-07-16 00:48:40,481 - osv_monitor - INFO - 开始同步OSV漏洞数据...
2025-07-16 00:48:40,481 - osv_monitor - INFO - 正在搜索主页的生态系统列表...
2025-07-16 00:48:40,481 - osv_monitor - INFO - 正在获取 https://storage.googleapis.com/osv-vulnerabilities/index.html 页面...
2025-07-16 00:48:45,692 - osv_monitor - INFO - 找到 429 个生态系统
2025-07-16 00:48:45,693 - osv_monitor - INFO - all.zip 需要更新
2025-07-16 00:48:50,039 - osv_monitor - INFO - 下载文件 https://storage.googleapis.com/osv-vulnerabilities/all.zip 到 data/all.tmp 成功
2025-07-16 00:48:50,039 - osv_monitor - INFO - [+] 更新同步 all.zip 最后修改时间: 2025-07-16 00:46:12
2025-07-16 00:48:50,039 - osv_monitor - INFO - 已下载 all.zip
2025-07-16 00:48:50,039 - osv_monitor - INFO - [+] 同步 OSV 数据完成
2025-07-16 00:48:50,040 - osv_monitor - INFO - 同步完成
2025-07-16 00:49:46,698 - osv_monitor - INFO - 解压缩文件完成
2025-07-16 03:55:50,863 - osv_monitor - INFO - 开始同步OSV漏洞数据...
2025-07-16 03:55:50,863 - osv_monitor - INFO - 正在搜索主页的生态系统列表...
2025-07-16 03:55:50,864 - osv_monitor - INFO - 正在获取 https://storage.googleapis.com/osv-vulnerabilities/index.html 页面...
2025-07-16 03:55:57,643 - osv_monitor - INFO - 找到 429 个生态系统
2025-07-16 03:55:57,644 - osv_monitor - INFO - all.zip 需要更新
2025-07-16 03:56:03,195 - osv_monitor - INFO - 下载文件 https://storage.googleapis.com/osv-vulnerabilities/all.zip 到 data/all.tmp 成功
2025-07-16 03:56:03,196 - osv_monitor - INFO - [+] 更新同步 all.zip 最后修改时间: 2025-07-16 03:40:19
2025-07-16 03:56:03,196 - osv_monitor - INFO - 已下载 all.zip
2025-07-16 03:56:03,196 - osv_monitor - INFO - [+] 同步 OSV 数据完成
2025-07-16 03:56:03,196 - osv_monitor - INFO - 同步完成
2025-07-16 03:56:59,159 - osv_monitor - INFO - 解压缩文件完成
2025-07-16 06:18:40,255 - osv_monitor - INFO - 开始同步OSV漏洞数据...
2025-07-16 06:18:40,255 - osv_monitor - INFO - 正在搜索主页的生态系统列表...
2025-07-16 06:18:40,255 - osv_monitor - INFO - 正在获取 https://storage.googleapis.com/osv-vulnerabilities/index.html 页面...
2025-07-16 06:18:45,721 - osv_monitor - INFO - 找到 429 个生态系统
2025-07-16 06:18:45,722 - osv_monitor - INFO - all.zip 需要更新
2025-07-16 06:18:48,408 - osv_monitor - INFO - 下载文件 https://storage.googleapis.com/osv-vulnerabilities/all.zip 到 data/all.tmp 成功
2025-07-16 06:18:48,409 - osv_monitor - INFO - [+] 更新同步 all.zip 最后修改时间: 2025-07-16 05:08:02
2025-07-16 06:18:48,409 - osv_monitor - INFO - 已下载 all.zip
2025-07-16 06:18:48,409 - osv_monitor - INFO - [+] 同步 OSV 数据完成
2025-07-16 06:18:48,409 - osv_monitor - INFO - 同步完成
2025-07-16 06:19:45,858 - osv_monitor - INFO - 解压缩文件完成
2025-07-16 09:17:51,120 - osv_monitor - INFO - 开始同步OSV漏洞数据...
2025-07-16 09:17:51,121 - osv_monitor - INFO - 正在搜索主页的生态系统列表...
2025-07-16 09:17:51,121 - osv_monitor - INFO - 正在获取 https://storage.googleapis.com/osv-vulnerabilities/index.html 页面...
2025-07-16 09:17:56,224 - osv_monitor - INFO - 找到 429 个生态系统
2025-07-16 09:17:56,225 - osv_monitor - INFO - all.zip 需要更新
2025-07-16 09:18:00,909 - osv_monitor - INFO - 下载文件 https://storage.googleapis.com/osv-vulnerabilities/all.zip 到 data/all.tmp 成功
2025-07-16 09:18:00,910 - osv_monitor - INFO - [+] 更新同步 all.zip 最后修改时间: 2025-07-16 08:19:25
2025-07-16 09:18:00,910 - osv_monitor - INFO - 已下载 all.zip
2025-07-16 09:18:00,910 - osv_monitor - INFO - [+] 同步 OSV 数据完成
2025-07-16 09:18:00,910 - osv_monitor - INFO - 同步完成
2025-07-16 09:18:58,107 - osv_monitor - INFO - 解压缩文件完成
2025-07-16 12:20:54,558 - osv_monitor - INFO - 开始同步OSV漏洞数据...
2025-07-16 12:20:54,558 - osv_monitor - INFO - 正在搜索主页的生态系统列表...
2025-07-16 12:20:54,559 - osv_monitor - INFO - 正在获取 https://storage.googleapis.com/osv-vulnerabilities/index.html 页面...
2025-07-16 12:20:58,260 - osv_monitor - INFO - 找到 429 个生态系统
2025-07-16 12:20:58,260 - osv_monitor - INFO - all.zip 需要更新
2025-07-16 12:21:02,131 - osv_monitor - INFO - 下载文件 https://storage.googleapis.com/osv-vulnerabilities/all.zip 到 data/all.tmp 成功
2025-07-16 12:21:02,132 - osv_monitor - INFO - [+] 更新同步 all.zip 最后修改时间: 2025-07-16 11:01:32
2025-07-16 12:21:02,132 - osv_monitor - INFO - 已下载 all.zip
2025-07-16 12:21:02,132 - osv_monitor - INFO - [+] 同步 OSV 数据完成
2025-07-16 12:21:02,132 - osv_monitor - INFO - 同步完成
2025-07-16 12:21:58,669 - osv_monitor - INFO - 解压缩文件完成
