2025-06-02 00:56:45,180 - osv_monitor - INFO - 开始同步OSV漏洞数据...
2025-06-02 00:56:45,180 - osv_monitor - INFO - 正在搜索主页的生态系统列表...
2025-06-02 00:56:45,180 - osv_monitor - INFO - 正在获取 https://storage.googleapis.com/osv-vulnerabilities/index.html 页面...
2025-06-02 00:56:49,348 - osv_monitor - INFO - 找到 429 个生态系统
2025-06-02 00:56:49,349 - osv_monitor - INFO - all.zip 需要更新
2025-06-02 00:56:53,696 - osv_monitor - INFO - 下载文件 https://storage.googleapis.com/osv-vulnerabilities/all.zip 到 data/all.tmp 成功
2025-06-02 00:56:53,696 - osv_monitor - INFO - [+] 更新同步 all.zip 最后修改时间: 2025-06-02 00:42:57
2025-06-02 00:56:53,696 - osv_monitor - INFO - 已下载 all.zip
2025-06-02 00:56:53,697 - osv_monitor - INFO - [+] 同步 OSV 数据完成
2025-06-02 00:56:53,697 - osv_monitor - INFO - 同步完成
2025-06-02 00:57:48,818 - osv_monitor - INFO - 解压缩文件完成
2025-06-02 02:47:09,880 - osv_monitor - INFO - 开始同步OSV漏洞数据...
2025-06-02 02:47:09,880 - osv_monitor - INFO - 正在搜索主页的生态系统列表...
2025-06-02 02:47:09,880 - osv_monitor - INFO - 正在获取 https://storage.googleapis.com/osv-vulnerabilities/index.html 页面...
2025-06-02 02:47:15,074 - osv_monitor - INFO - 找到 429 个生态系统
2025-06-02 02:47:15,075 - osv_monitor - INFO - all.zip 需要更新
2025-06-02 02:47:20,485 - osv_monitor - INFO - 下载文件 https://storage.googleapis.com/osv-vulnerabilities/all.zip 到 data/all.tmp 成功
2025-06-02 02:47:20,486 - osv_monitor - INFO - [+] 更新同步 all.zip 最后修改时间: 2025-06-02 02:11:29
2025-06-02 02:47:20,486 - osv_monitor - INFO - 已下载 all.zip
2025-06-02 02:47:20,486 - osv_monitor - INFO - [+] 同步 OSV 数据完成
2025-06-02 02:47:20,486 - osv_monitor - INFO - 同步完成
2025-06-02 02:48:15,376 - osv_monitor - INFO - 解压缩文件完成
2025-06-02 03:48:35,781 - osv_monitor - INFO - 开始同步OSV漏洞数据...
2025-06-02 03:48:35,781 - osv_monitor - INFO - 正在搜索主页的生态系统列表...
2025-06-02 03:48:35,781 - osv_monitor - INFO - 正在获取 https://storage.googleapis.com/osv-vulnerabilities/index.html 页面...
2025-06-02 03:48:40,016 - osv_monitor - INFO - 找到 429 个生态系统
2025-06-02 03:48:40,016 - osv_monitor - INFO - all.zip 需要更新
2025-06-02 03:48:44,650 - osv_monitor - INFO - 下载文件 https://storage.googleapis.com/osv-vulnerabilities/all.zip 到 data/all.tmp 成功
2025-06-02 03:48:44,651 - osv_monitor - INFO - [+] 更新同步 all.zip 最后修改时间: 2025-06-02 03:41:17
2025-06-02 03:48:44,651 - osv_monitor - INFO - 已下载 all.zip
2025-06-02 03:48:44,651 - osv_monitor - INFO - [+] 同步 OSV 数据完成
2025-06-02 03:48:44,651 - osv_monitor - INFO - 同步完成
2025-06-02 03:49:41,019 - osv_monitor - INFO - 解压缩文件完成
2025-06-02 04:24:33,506 - osv_monitor - INFO - 开始同步OSV漏洞数据...
2025-06-02 04:24:33,506 - osv_monitor - INFO - 正在搜索主页的生态系统列表...
2025-06-02 04:24:33,506 - osv_monitor - INFO - 正在获取 https://storage.googleapis.com/osv-vulnerabilities/index.html 页面...
2025-06-02 04:24:37,887 - osv_monitor - INFO - 找到 429 个生态系统
2025-06-02 04:24:37,888 - osv_monitor - INFO - all.zip 需要更新
2025-06-02 04:24:40,786 - osv_monitor - INFO - 下载文件 https://storage.googleapis.com/osv-vulnerabilities/all.zip 到 data/all.tmp 成功
2025-06-02 04:24:40,787 - osv_monitor - INFO - [+] 更新同步 all.zip 最后修改时间: 2025-06-02 03:41:17
2025-06-02 04:24:40,787 - osv_monitor - INFO - 已下载 all.zip
2025-06-02 04:24:40,787 - osv_monitor - INFO - [+] 同步 OSV 数据完成
2025-06-02 04:24:40,787 - osv_monitor - INFO - 同步完成
2025-06-02 04:25:37,232 - osv_monitor - INFO - 解压缩文件完成
2025-06-02 05:15:04,082 - osv_monitor - INFO - 开始同步OSV漏洞数据...
2025-06-02 05:15:04,082 - osv_monitor - INFO - 正在搜索主页的生态系统列表...
2025-06-02 05:15:04,082 - osv_monitor - INFO - 正在获取 https://storage.googleapis.com/osv-vulnerabilities/index.html 页面...
2025-06-02 05:15:08,431 - osv_monitor - INFO - 找到 429 个生态系统
2025-06-02 05:15:08,432 - osv_monitor - INFO - all.zip 需要更新
2025-06-02 05:15:12,865 - osv_monitor - INFO - 下载文件 https://storage.googleapis.com/osv-vulnerabilities/all.zip 到 data/all.tmp 成功
2025-06-02 05:15:12,866 - osv_monitor - INFO - [+] 更新同步 all.zip 最后修改时间: 2025-06-02 05:05:25
2025-06-02 05:15:12,866 - osv_monitor - INFO - 已下载 all.zip
2025-06-02 05:15:12,866 - osv_monitor - INFO - [+] 同步 OSV 数据完成
2025-06-02 05:15:12,866 - osv_monitor - INFO - 同步完成
2025-06-02 05:16:09,698 - osv_monitor - INFO - 解压缩文件完成
2025-06-02 06:20:14,174 - osv_monitor - INFO - 开始同步OSV漏洞数据...
2025-06-02 06:20:14,174 - osv_monitor - INFO - 正在搜索主页的生态系统列表...
2025-06-02 06:20:14,174 - osv_monitor - INFO - 正在获取 https://storage.googleapis.com/osv-vulnerabilities/index.html 页面...
2025-06-02 06:20:21,192 - osv_monitor - INFO - 找到 429 个生态系统
2025-06-02 06:20:21,193 - osv_monitor - INFO - all.zip 需要更新
2025-06-02 06:20:27,250 - osv_monitor - INFO - 下载文件 https://storage.googleapis.com/osv-vulnerabilities/all.zip 到 data/all.tmp 成功
2025-06-02 06:20:27,250 - osv_monitor - INFO - [+] 更新同步 all.zip 最后修改时间: 2025-06-02 05:05:25
2025-06-02 06:20:27,251 - osv_monitor - INFO - 已下载 all.zip
2025-06-02 06:20:27,251 - osv_monitor - INFO - [+] 同步 OSV 数据完成
2025-06-02 06:20:27,251 - osv_monitor - INFO - 同步完成
2025-06-02 06:21:23,460 - osv_monitor - INFO - 解压缩文件完成
2025-06-02 07:16:03,280 - osv_monitor - INFO - 开始同步OSV漏洞数据...
2025-06-02 07:16:03,281 - osv_monitor - INFO - 正在搜索主页的生态系统列表...
2025-06-02 07:16:03,281 - osv_monitor - INFO - 正在获取 https://storage.googleapis.com/osv-vulnerabilities/index.html 页面...
2025-06-02 07:16:10,205 - osv_monitor - INFO - 找到 429 个生态系统
2025-06-02 07:16:10,206 - osv_monitor - INFO - all.zip 需要更新
2025-06-02 07:16:14,741 - osv_monitor - INFO - 下载文件 https://storage.googleapis.com/osv-vulnerabilities/all.zip 到 data/all.tmp 成功
2025-06-02 07:16:14,742 - osv_monitor - INFO - [+] 更新同步 all.zip 最后修改时间: 2025-06-02 06:31:42
2025-06-02 07:16:14,742 - osv_monitor - INFO - 已下载 all.zip
2025-06-02 07:16:14,742 - osv_monitor - INFO - [+] 同步 OSV 数据完成
2025-06-02 07:16:14,742 - osv_monitor - INFO - 同步完成
2025-06-02 07:17:11,409 - osv_monitor - INFO - 解压缩文件完成
2025-06-02 08:18:41,573 - osv_monitor - INFO - 开始同步OSV漏洞数据...
2025-06-02 08:18:41,574 - osv_monitor - INFO - 正在搜索主页的生态系统列表...
2025-06-02 08:18:41,574 - osv_monitor - INFO - 正在获取 https://storage.googleapis.com/osv-vulnerabilities/index.html 页面...
2025-06-02 08:18:49,675 - osv_monitor - INFO - 找到 429 个生态系统
2025-06-02 08:18:49,676 - osv_monitor - INFO - all.zip 需要更新
2025-06-02 08:18:57,276 - osv_monitor - INFO - 下载文件 https://storage.googleapis.com/osv-vulnerabilities/all.zip 到 data/all.tmp 成功
2025-06-02 08:18:57,277 - osv_monitor - INFO - [+] 更新同步 all.zip 最后修改时间: 2025-06-02 08:07:14
2025-06-02 08:18:57,277 - osv_monitor - INFO - 已下载 all.zip
2025-06-02 08:18:57,277 - osv_monitor - INFO - [+] 同步 OSV 数据完成
2025-06-02 08:18:57,277 - osv_monitor - INFO - 同步完成
2025-06-02 08:19:52,964 - osv_monitor - INFO - 解压缩文件完成
2025-06-02 09:15:06,907 - osv_monitor - INFO - 开始同步OSV漏洞数据...
2025-06-02 09:15:06,907 - osv_monitor - INFO - 正在搜索主页的生态系统列表...
2025-06-02 09:15:06,907 - osv_monitor - INFO - 正在获取 https://storage.googleapis.com/osv-vulnerabilities/index.html 页面...
2025-06-02 09:15:11,174 - osv_monitor - INFO - 找到 429 个生态系统
2025-06-02 09:15:11,175 - osv_monitor - INFO - all.zip 需要更新
2025-06-02 09:15:14,775 - osv_monitor - INFO - 下载文件 https://storage.googleapis.com/osv-vulnerabilities/all.zip 到 data/all.tmp 成功
2025-06-02 09:15:14,776 - osv_monitor - INFO - [+] 更新同步 all.zip 最后修改时间: 2025-06-02 08:07:14
2025-06-02 09:15:14,776 - osv_monitor - INFO - 已下载 all.zip
2025-06-02 09:15:14,776 - osv_monitor - INFO - [+] 同步 OSV 数据完成
2025-06-02 09:15:14,776 - osv_monitor - INFO - 同步完成
2025-06-02 09:16:09,459 - osv_monitor - INFO - 解压缩文件完成
2025-06-02 10:14:32,975 - osv_monitor - INFO - 开始同步OSV漏洞数据...
2025-06-02 10:14:32,975 - osv_monitor - INFO - 正在搜索主页的生态系统列表...
2025-06-02 10:14:32,975 - osv_monitor - INFO - 正在获取 https://storage.googleapis.com/osv-vulnerabilities/index.html 页面...
2025-06-02 10:14:37,449 - osv_monitor - INFO - 找到 429 个生态系统
2025-06-02 10:14:37,450 - osv_monitor - INFO - all.zip 需要更新
2025-06-02 10:14:44,904 - osv_monitor - INFO - 下载文件 https://storage.googleapis.com/osv-vulnerabilities/all.zip 到 data/all.tmp 成功
2025-06-02 10:14:44,905 - osv_monitor - INFO - [+] 更新同步 all.zip 最后修改时间: 2025-06-02 09:31:34
2025-06-02 10:14:44,905 - osv_monitor - INFO - 已下载 all.zip
2025-06-02 10:14:44,905 - osv_monitor - INFO - [+] 同步 OSV 数据完成
2025-06-02 10:14:44,905 - osv_monitor - INFO - 同步完成
2025-06-02 10:15:40,790 - osv_monitor - INFO - 解压缩文件完成
