2025-06-24 00:46:21,155 - osv_monitor - INFO - 开始同步OSV漏洞数据...
2025-06-24 00:46:21,155 - osv_monitor - INFO - 正在搜索主页的生态系统列表...
2025-06-24 00:46:21,155 - osv_monitor - INFO - 正在获取 https://storage.googleapis.com/osv-vulnerabilities/index.html 页面...
2025-06-24 00:46:26,180 - osv_monitor - INFO - 找到 429 个生态系统
2025-06-24 00:46:26,181 - osv_monitor - INFO - all.zip 需要更新
2025-06-24 00:46:34,160 - osv_monitor - INFO - 下载文件 https://storage.googleapis.com/osv-vulnerabilities/all.zip 到 data/all.tmp 成功
2025-06-24 00:46:34,161 - osv_monitor - INFO - [+] 更新同步 all.zip 最后修改时间: 2025-06-23 23:42:39
2025-06-24 00:46:34,161 - osv_monitor - INFO - 已下载 all.zip
2025-06-24 00:46:34,161 - osv_monitor - INFO - [+] 同步 OSV 数据完成
2025-06-24 00:46:34,161 - osv_monitor - INFO - 同步完成
2025-06-24 00:47:29,397 - osv_monitor - INFO - 解压缩文件完成
2025-06-24 03:45:48,489 - osv_monitor - INFO - 开始同步OSV漏洞数据...
2025-06-24 03:45:48,489 - osv_monitor - INFO - 正在搜索主页的生态系统列表...
2025-06-24 03:45:48,489 - osv_monitor - INFO - 正在获取 https://storage.googleapis.com/osv-vulnerabilities/index.html 页面...
2025-06-24 03:45:55,337 - osv_monitor - INFO - 找到 429 个生态系统
2025-06-24 03:45:55,338 - osv_monitor - INFO - all.zip 需要更新
2025-06-24 03:45:59,973 - osv_monitor - INFO - 下载文件 https://storage.googleapis.com/osv-vulnerabilities/all.zip 到 data/all.tmp 成功
2025-06-24 03:45:59,973 - osv_monitor - INFO - [+] 更新同步 all.zip 最后修改时间: 2025-06-24 02:32:43
2025-06-24 03:45:59,974 - osv_monitor - INFO - 已下载 all.zip
2025-06-24 03:45:59,974 - osv_monitor - INFO - [+] 同步 OSV 数据完成
2025-06-24 03:45:59,974 - osv_monitor - INFO - 同步完成
2025-06-24 03:46:57,951 - osv_monitor - INFO - 解压缩文件完成
2025-06-24 06:17:56,879 - osv_monitor - INFO - 开始同步OSV漏洞数据...
2025-06-24 06:17:56,879 - osv_monitor - INFO - 正在搜索主页的生态系统列表...
2025-06-24 06:17:56,879 - osv_monitor - INFO - 正在获取 https://storage.googleapis.com/osv-vulnerabilities/index.html 页面...
2025-06-24 06:18:03,773 - osv_monitor - INFO - 找到 429 个生态系统
2025-06-24 06:18:03,774 - osv_monitor - INFO - all.zip 需要更新
2025-06-24 06:18:09,280 - osv_monitor - INFO - 下载文件 https://storage.googleapis.com/osv-vulnerabilities/all.zip 到 data/all.tmp 成功
2025-06-24 06:18:09,280 - osv_monitor - INFO - [+] 更新同步 all.zip 最后修改时间: 2025-06-24 05:40:41
2025-06-24 06:18:09,280 - osv_monitor - INFO - 已下载 all.zip
2025-06-24 06:18:09,280 - osv_monitor - INFO - [+] 同步 OSV 数据完成
2025-06-24 06:18:09,280 - osv_monitor - INFO - 同步完成
2025-06-24 06:19:04,975 - osv_monitor - INFO - 解压缩文件完成
