2025-06-29 00:51:53,977 - osv_monitor - INFO - 开始同步OSV漏洞数据...
2025-06-29 00:51:53,977 - osv_monitor - INFO - 正在搜索主页的生态系统列表...
2025-06-29 00:51:53,977 - osv_monitor - INFO - 正在获取 https://storage.googleapis.com/osv-vulnerabilities/index.html 页面...
2025-06-29 00:51:58,172 - osv_monitor - INFO - 找到 429 个生态系统
2025-06-29 00:51:58,172 - osv_monitor - INFO - all.zip 需要更新
2025-06-29 00:52:02,978 - osv_monitor - INFO - 下载文件 https://storage.googleapis.com/osv-vulnerabilities/all.zip 到 data/all.tmp 成功
2025-06-29 00:52:02,979 - osv_monitor - INFO - [+] 更新同步 all.zip 最后修改时间: 2025-06-28 23:37:51
2025-06-29 00:52:02,979 - osv_monitor - INFO - 已下载 all.zip
2025-06-29 00:52:02,979 - osv_monitor - INFO - [+] 同步 OSV 数据完成
2025-06-29 00:52:02,979 - osv_monitor - INFO - 同步完成
2025-06-29 00:52:59,876 - osv_monitor - INFO - 解压缩文件完成
2025-06-29 03:52:52,122 - osv_monitor - INFO - 开始同步OSV漏洞数据...
2025-06-29 03:52:52,122 - osv_monitor - INFO - 正在搜索主页的生态系统列表...
2025-06-29 03:52:52,123 - osv_monitor - INFO - 正在获取 https://storage.googleapis.com/osv-vulnerabilities/index.html 页面...
2025-06-29 03:52:55,878 - osv_monitor - INFO - 找到 429 个生态系统
2025-06-29 03:52:55,879 - osv_monitor - INFO - all.zip 需要更新
2025-06-29 03:52:59,129 - osv_monitor - INFO - 下载文件 https://storage.googleapis.com/osv-vulnerabilities/all.zip 到 data/all.tmp 成功
2025-06-29 03:52:59,130 - osv_monitor - INFO - [+] 更新同步 all.zip 最后修改时间: 2025-06-29 02:38:32
2025-06-29 03:52:59,130 - osv_monitor - INFO - 已下载 all.zip
2025-06-29 03:52:59,130 - osv_monitor - INFO - [+] 同步 OSV 数据完成
2025-06-29 03:52:59,130 - osv_monitor - INFO - 同步完成
2025-06-29 03:53:56,412 - osv_monitor - INFO - 解压缩文件完成
2025-06-29 06:14:08,856 - osv_monitor - INFO - 开始同步OSV漏洞数据...
2025-06-29 06:14:08,856 - osv_monitor - INFO - 正在搜索主页的生态系统列表...
2025-06-29 06:14:08,856 - osv_monitor - INFO - 正在获取 https://storage.googleapis.com/osv-vulnerabilities/index.html 页面...
2025-06-29 06:14:13,305 - osv_monitor - INFO - 找到 429 个生态系统
2025-06-29 06:14:13,306 - osv_monitor - INFO - all.zip 需要更新
2025-06-29 06:14:20,072 - osv_monitor - INFO - 下载文件 https://storage.googleapis.com/osv-vulnerabilities/all.zip 到 data/all.tmp 成功
2025-06-29 06:14:20,072 - osv_monitor - INFO - [+] 更新同步 all.zip 最后修改时间: 2025-06-29 05:34:53
2025-06-29 06:14:20,072 - osv_monitor - INFO - 已下载 all.zip
2025-06-29 06:14:20,072 - osv_monitor - INFO - [+] 同步 OSV 数据完成
2025-06-29 06:14:20,073 - osv_monitor - INFO - 同步完成
2025-06-29 06:15:17,219 - osv_monitor - INFO - 解压缩文件完成
2025-06-29 09:10:19,195 - osv_monitor - INFO - 开始同步OSV漏洞数据...
2025-06-29 09:10:19,195 - osv_monitor - INFO - 正在搜索主页的生态系统列表...
2025-06-29 09:10:19,195 - osv_monitor - INFO - 正在获取 https://storage.googleapis.com/osv-vulnerabilities/index.html 页面...
2025-06-29 09:10:23,085 - osv_monitor - INFO - 找到 429 个生态系统
2025-06-29 09:10:23,086 - osv_monitor - INFO - all.zip 需要更新
2025-06-29 09:10:26,958 - osv_monitor - INFO - 下载文件 https://storage.googleapis.com/osv-vulnerabilities/all.zip 到 data/all.tmp 成功
2025-06-29 09:10:26,959 - osv_monitor - INFO - [+] 更新同步 all.zip 最后修改时间: 2025-06-29 08:33:35
2025-06-29 09:10:26,959 - osv_monitor - INFO - 已下载 all.zip
2025-06-29 09:10:26,959 - osv_monitor - INFO - [+] 同步 OSV 数据完成
2025-06-29 09:10:26,959 - osv_monitor - INFO - 同步完成
2025-06-29 09:11:24,767 - osv_monitor - INFO - 解压缩文件完成
