2025-06-23 00:50:14,973 - osv_monitor - INFO - 开始同步OSV漏洞数据...
2025-06-23 00:50:14,973 - osv_monitor - INFO - 正在搜索主页的生态系统列表...
2025-06-23 00:50:14,973 - osv_monitor - INFO - 正在获取 https://storage.googleapis.com/osv-vulnerabilities/index.html 页面...
2025-06-23 00:50:28,826 - osv_monitor - INFO - 找到 429 个生态系统
2025-06-23 00:50:28,827 - osv_monitor - INFO - all.zip 需要更新
2025-06-23 00:50:33,131 - osv_monitor - INFO - 下载文件 https://storage.googleapis.com/osv-vulnerabilities/all.zip 到 data/all.tmp 成功
2025-06-23 00:50:33,132 - osv_monitor - INFO - [+] 更新同步 all.zip 最后修改时间: 2025-06-22 23:32:08
2025-06-23 00:50:33,132 - osv_monitor - INFO - 已下载 all.zip
2025-06-23 00:50:33,132 - osv_monitor - INFO - [+] 同步 OSV 数据完成
2025-06-23 00:50:33,132 - osv_monitor - INFO - 同步完成
2025-06-23 00:51:29,345 - osv_monitor - INFO - 解压缩文件完成
2025-06-23 03:51:59,833 - osv_monitor - INFO - 开始同步OSV漏洞数据...
2025-06-23 03:51:59,834 - osv_monitor - INFO - 正在搜索主页的生态系统列表...
2025-06-23 03:51:59,834 - osv_monitor - INFO - 正在获取 https://storage.googleapis.com/osv-vulnerabilities/index.html 页面...
2025-06-23 03:52:05,792 - osv_monitor - INFO - 找到 429 个生态系统
2025-06-23 03:52:05,793 - osv_monitor - INFO - all.zip 需要更新
2025-06-23 03:52:12,547 - osv_monitor - INFO - 下载文件 https://storage.googleapis.com/osv-vulnerabilities/all.zip 到 data/all.tmp 成功
2025-06-23 03:52:12,547 - osv_monitor - INFO - [+] 更新同步 all.zip 最后修改时间: 2025-06-23 02:35:26
2025-06-23 03:52:12,548 - osv_monitor - INFO - 已下载 all.zip
2025-06-23 03:52:12,548 - osv_monitor - INFO - [+] 同步 OSV 数据完成
2025-06-23 03:52:12,548 - osv_monitor - INFO - 同步完成
2025-06-23 03:53:08,749 - osv_monitor - INFO - 解压缩文件完成
