2026-01-19 00:05:38,624 - osv_monitor - INFO - 开始同步OSV漏洞数据...
2026-01-19 00:05:38,624 - osv_monitor - INFO - 正在搜索主页的生态系统列表...
2026-01-19 00:05:38,624 - osv_monitor - INFO - 正在获取 https://storage.googleapis.com/osv-vulnerabilities/index.html 页面...
2026-01-19 00:05:40,791 - osv_monitor - INFO - 找到 97 个生态系统
2026-01-19 00:05:40,792 - osv_monitor - INFO - all.zip 需要更新
2026-01-19 00:05:51,978 - osv_monitor - INFO - 下载文件 https://storage.googleapis.com/osv-vulnerabilities/all.zip 到 data/all.tmp 成功
2026-01-19 00:05:51,980 - osv_monitor - INFO - [+] 更新同步 all.zip 最后修改时间: 2026-01-18 23:59:10
2026-01-19 00:05:51,980 - osv_monitor - INFO - 已下载 all.zip
2026-01-19 00:05:51,980 - osv_monitor - INFO - [+] 同步 OSV 数据完成
2026-01-19 00:05:51,980 - osv_monitor - INFO - 同步完成
2026-01-19 00:07:29,715 - osv_monitor - INFO - 解压缩文件完成
2026-01-19 12:04:25,446 - osv_monitor - INFO - 开始同步OSV漏洞数据...
2026-01-19 12:04:25,447 - osv_monitor - INFO - 正在搜索主页的生态系统列表...
2026-01-19 12:04:25,447 - osv_monitor - INFO - 正在获取 https://storage.googleapis.com/osv-vulnerabilities/index.html 页面...
2026-01-19 12:04:27,613 - osv_monitor - INFO - 找到 97 个生态系统
2026-01-19 12:04:27,614 - osv_monitor - INFO - all.zip 需要更新
2026-01-19 12:04:33,426 - osv_monitor - INFO - 下载文件 https://storage.googleapis.com/osv-vulnerabilities/all.zip 到 data/all.tmp 成功
2026-01-19 12:04:33,428 - osv_monitor - INFO - [+] 更新同步 all.zip 最后修改时间: 2026-01-19 11:59:32
2026-01-19 12:04:33,428 - osv_monitor - INFO - 已下载 all.zip
2026-01-19 12:04:33,428 - osv_monitor - INFO - [+] 同步 OSV 数据完成
2026-01-19 12:04:33,428 - osv_monitor - INFO - 同步完成
2026-01-19 12:06:08,092 - osv_monitor - INFO - 解压缩文件完成
