2025-11-26 00:05:55,421 - osv_monitor - INFO - 开始同步OSV漏洞数据...
2025-11-26 00:05:55,421 - osv_monitor - INFO - 正在搜索主页的生态系统列表...
2025-11-26 00:05:55,421 - osv_monitor - INFO - 正在获取 https://storage.googleapis.com/osv-vulnerabilities/index.html 页面...
2025-11-26 00:05:58,566 - osv_monitor - INFO - 找到 96 个生态系统
2025-11-26 00:05:58,567 - osv_monitor - INFO - all.zip 需要更新
2025-11-26 00:07:09,326 - osv_monitor - INFO - 下载文件 https://storage.googleapis.com/osv-vulnerabilities/all.zip 到 data/all.tmp 成功
2025-11-26 00:07:09,328 - osv_monitor - INFO - [+] 更新同步 all.zip 最后修改时间: 2025-11-25 23:58:17
2025-11-26 00:07:09,328 - osv_monitor - INFO - 已下载 all.zip
2025-11-26 00:07:09,328 - osv_monitor - INFO - [+] 同步 OSV 数据完成
2025-11-26 00:07:09,328 - osv_monitor - INFO - 同步完成
2025-11-26 00:08:44,940 - osv_monitor - INFO - 解压缩文件完成
2025-11-26 12:04:04,546 - osv_monitor - INFO - 开始同步OSV漏洞数据...
2025-11-26 12:04:04,546 - osv_monitor - INFO - 正在搜索主页的生态系统列表...
2025-11-26 12:04:04,546 - osv_monitor - INFO - 正在获取 https://storage.googleapis.com/osv-vulnerabilities/index.html 页面...
2025-11-26 12:04:06,968 - osv_monitor - INFO - 找到 97 个生态系统
2025-11-26 12:04:06,969 - osv_monitor - INFO - all.zip 需要更新
2025-11-26 12:04:16,713 - osv_monitor - INFO - 下载文件 https://storage.googleapis.com/osv-vulnerabilities/all.zip 到 data/all.tmp 成功
2025-11-26 12:04:16,715 - osv_monitor - INFO - [+] 更新同步 all.zip 最后修改时间: 2025-11-26 11:58:35
2025-11-26 12:04:16,715 - osv_monitor - INFO - 已下载 all.zip
2025-11-26 12:04:16,715 - osv_monitor - INFO - [+] 同步 OSV 数据完成
2025-11-26 12:04:16,715 - osv_monitor - INFO - 同步完成
2025-11-26 12:05:50,644 - osv_monitor - INFO - 解压缩文件完成
