2025-06-22 00:51:49,361 - osv_monitor - INFO - 开始同步OSV漏洞数据...
2025-06-22 00:51:49,361 - osv_monitor - INFO - 正在搜索主页的生态系统列表...
2025-06-22 00:51:49,361 - osv_monitor - INFO - 正在获取 https://storage.googleapis.com/osv-vulnerabilities/index.html 页面...
2025-06-22 00:51:56,184 - osv_monitor - INFO - 找到 429 个生态系统
2025-06-22 00:51:56,185 - osv_monitor - INFO - all.zip 需要更新
2025-06-22 00:51:59,595 - osv_monitor - INFO - 下载文件 https://storage.googleapis.com/osv-vulnerabilities/all.zip 到 data/all.tmp 成功
2025-06-22 00:51:59,595 - osv_monitor - INFO - [+] 更新同步 all.zip 最后修改时间: 2025-06-21 23:35:08
2025-06-22 00:51:59,595 - osv_monitor - INFO - 已下载 all.zip
2025-06-22 00:51:59,595 - osv_monitor - INFO - [+] 同步 OSV 数据完成
2025-06-22 00:51:59,595 - osv_monitor - INFO - 同步完成
2025-06-22 00:52:55,349 - osv_monitor - INFO - 解压缩文件完成
2025-06-22 03:49:46,175 - osv_monitor - INFO - 开始同步OSV漏洞数据...
2025-06-22 03:49:46,175 - osv_monitor - INFO - 正在搜索主页的生态系统列表...
2025-06-22 03:49:46,175 - osv_monitor - INFO - 正在获取 https://storage.googleapis.com/osv-vulnerabilities/index.html 页面...
2025-06-22 03:49:54,772 - osv_monitor - INFO - 找到 429 个生态系统
2025-06-22 03:49:54,773 - osv_monitor - INFO - all.zip 需要更新
2025-06-22 03:49:58,528 - osv_monitor - INFO - 下载文件 https://storage.googleapis.com/osv-vulnerabilities/all.zip 到 data/all.tmp 成功
2025-06-22 03:49:58,529 - osv_monitor - INFO - [+] 更新同步 all.zip 最后修改时间: 2025-06-22 02:33:33
2025-06-22 03:49:58,529 - osv_monitor - INFO - 已下载 all.zip
2025-06-22 03:49:58,529 - osv_monitor - INFO - [+] 同步 OSV 数据完成
2025-06-22 03:49:58,529 - osv_monitor - INFO - 同步完成
2025-06-22 03:50:53,655 - osv_monitor - INFO - 解压缩文件完成
2025-06-22 06:14:44,759 - osv_monitor - INFO - 开始同步OSV漏洞数据...
2025-06-22 06:14:44,760 - osv_monitor - INFO - 正在搜索主页的生态系统列表...
2025-06-22 06:14:44,760 - osv_monitor - INFO - 正在获取 https://storage.googleapis.com/osv-vulnerabilities/index.html 页面...
2025-06-22 06:14:52,281 - osv_monitor - INFO - 找到 429 个生态系统
2025-06-22 06:14:52,282 - osv_monitor - INFO - all.zip 需要更新
2025-06-22 06:14:56,139 - osv_monitor - INFO - 下载文件 https://storage.googleapis.com/osv-vulnerabilities/all.zip 到 data/all.tmp 成功
2025-06-22 06:14:56,140 - osv_monitor - INFO - [+] 更新同步 all.zip 最后修改时间: 2025-06-22 05:33:17
2025-06-22 06:14:56,140 - osv_monitor - INFO - 已下载 all.zip
2025-06-22 06:14:56,140 - osv_monitor - INFO - [+] 同步 OSV 数据完成
2025-06-22 06:14:56,140 - osv_monitor - INFO - 同步完成
2025-06-22 06:15:51,985 - osv_monitor - INFO - 解压缩文件完成
2025-06-22 09:11:35,826 - osv_monitor - INFO - 开始同步OSV漏洞数据...
2025-06-22 09:11:35,826 - osv_monitor - INFO - 正在搜索主页的生态系统列表...
2025-06-22 09:11:35,826 - osv_monitor - INFO - 正在获取 https://storage.googleapis.com/osv-vulnerabilities/index.html 页面...
2025-06-22 09:11:42,073 - osv_monitor - INFO - 找到 429 个生态系统
2025-06-22 09:11:42,074 - osv_monitor - INFO - all.zip 需要更新
2025-06-22 09:11:45,430 - osv_monitor - INFO - 下载文件 https://storage.googleapis.com/osv-vulnerabilities/all.zip 到 data/all.tmp 成功
2025-06-22 09:11:45,430 - osv_monitor - INFO - [+] 更新同步 all.zip 最后修改时间: 2025-06-22 08:38:13
2025-06-22 09:11:45,431 - osv_monitor - INFO - 已下载 all.zip
2025-06-22 09:11:45,431 - osv_monitor - INFO - [+] 同步 OSV 数据完成
2025-06-22 09:11:45,431 - osv_monitor - INFO - 同步完成
2025-06-22 09:12:40,999 - osv_monitor - INFO - 解压缩文件完成
