2025-07-29 00:55:12,508 - osv_monitor - INFO - 开始同步OSV漏洞数据...
2025-07-29 00:55:12,509 - osv_monitor - INFO - 正在搜索主页的生态系统列表...
2025-07-29 00:55:12,509 - osv_monitor - INFO - 正在获取 https://storage.googleapis.com/osv-vulnerabilities/index.html 页面...
2025-07-29 00:55:18,166 - osv_monitor - INFO - 找到 429 个生态系统
2025-07-29 00:55:18,167 - osv_monitor - INFO - all.zip 需要更新
2025-07-29 00:55:23,070 - osv_monitor - INFO - 下载文件 https://storage.googleapis.com/osv-vulnerabilities/all.zip 到 data/all.tmp 成功
2025-07-29 00:55:23,070 - osv_monitor - INFO - [+] 更新同步 all.zip 最后修改时间: 2025-07-29 00:54:15
2025-07-29 00:55:23,071 - osv_monitor - INFO - 已下载 all.zip
2025-07-29 00:55:23,071 - osv_monitor - INFO - [+] 同步 OSV 数据完成
2025-07-29 00:55:23,071 - osv_monitor - INFO - 同步完成
2025-07-29 00:56:16,409 - osv_monitor - INFO - 解压缩文件完成
2025-07-29 04:05:48,536 - osv_monitor - INFO - 开始同步OSV漏洞数据...
2025-07-29 04:05:48,536 - osv_monitor - INFO - 正在搜索主页的生态系统列表...
2025-07-29 04:05:48,536 - osv_monitor - INFO - 正在获取 https://storage.googleapis.com/osv-vulnerabilities/index.html 页面...
2025-07-29 04:05:55,459 - osv_monitor - INFO - 找到 429 个生态系统
2025-07-29 04:05:55,460 - osv_monitor - INFO - all.zip 需要更新
2025-07-29 04:05:59,080 - osv_monitor - INFO - 下载文件 https://storage.googleapis.com/osv-vulnerabilities/all.zip 到 data/all.tmp 成功
2025-07-29 04:05:59,081 - osv_monitor - INFO - [+] 更新同步 all.zip 最后修改时间: 2025-07-29 03:48:53
2025-07-29 04:05:59,081 - osv_monitor - INFO - 已下载 all.zip
2025-07-29 04:05:59,081 - osv_monitor - INFO - [+] 同步 OSV 数据完成
2025-07-29 04:05:59,081 - osv_monitor - INFO - 同步完成
2025-07-29 04:06:52,231 - osv_monitor - INFO - 解压缩文件完成
2025-07-29 06:17:31,551 - osv_monitor - INFO - 开始同步OSV漏洞数据...
2025-07-29 06:17:31,552 - osv_monitor - INFO - 正在搜索主页的生态系统列表...
2025-07-29 06:17:31,552 - osv_monitor - INFO - 正在获取 https://storage.googleapis.com/osv-vulnerabilities/index.html 页面...
2025-07-29 06:17:37,869 - osv_monitor - INFO - 找到 429 个生态系统
2025-07-29 06:17:37,870 - osv_monitor - INFO - all.zip 需要更新
2025-07-29 06:17:42,932 - osv_monitor - INFO - 下载文件 https://storage.googleapis.com/osv-vulnerabilities/all.zip 到 data/all.tmp 成功
2025-07-29 06:17:42,933 - osv_monitor - INFO - [+] 更新同步 all.zip 最后修改时间: 2025-07-29 05:48:43
2025-07-29 06:17:42,933 - osv_monitor - INFO - 已下载 all.zip
2025-07-29 06:17:42,933 - osv_monitor - INFO - [+] 同步 OSV 数据完成
2025-07-29 06:17:42,933 - osv_monitor - INFO - 同步完成
2025-07-29 06:18:37,844 - osv_monitor - INFO - 解压缩文件完成
2025-07-29 09:17:59,849 - osv_monitor - INFO - 开始同步OSV漏洞数据...
2025-07-29 09:17:59,849 - osv_monitor - INFO - 正在搜索主页的生态系统列表...
2025-07-29 09:17:59,849 - osv_monitor - INFO - 正在获取 https://storage.googleapis.com/osv-vulnerabilities/index.html 页面...
2025-07-29 09:18:06,579 - osv_monitor - INFO - 找到 429 个生态系统
2025-07-29 09:18:06,580 - osv_monitor - INFO - all.zip 需要更新
2025-07-29 09:18:11,019 - osv_monitor - INFO - 下载文件 https://storage.googleapis.com/osv-vulnerabilities/all.zip 到 data/all.tmp 成功
2025-07-29 09:18:11,020 - osv_monitor - INFO - [+] 更新同步 all.zip 最后修改时间: 2025-07-29 08:50:41
2025-07-29 09:18:11,020 - osv_monitor - INFO - 已下载 all.zip
2025-07-29 09:18:11,020 - osv_monitor - INFO - [+] 同步 OSV 数据完成
2025-07-29 09:18:11,020 - osv_monitor - INFO - 同步完成
2025-07-29 09:19:03,149 - osv_monitor - INFO - 解压缩文件完成
