2025-12-23 00:05:38,858 - osv_monitor - INFO - 开始同步OSV漏洞数据...
2025-12-23 00:05:38,858 - osv_monitor - INFO - 正在搜索主页的生态系统列表...
2025-12-23 00:05:38,858 - osv_monitor - INFO - 正在获取 https://storage.googleapis.com/osv-vulnerabilities/index.html 页面...
2025-12-23 00:05:41,934 - osv_monitor - INFO - 找到 97 个生态系统
2025-12-23 00:05:41,935 - osv_monitor - INFO - all.zip 需要更新
2025-12-23 00:05:48,572 - osv_monitor - INFO - 下载文件 https://storage.googleapis.com/osv-vulnerabilities/all.zip 到 data/all.tmp 成功
2025-12-23 00:05:48,574 - osv_monitor - INFO - [+] 更新同步 all.zip 最后修改时间: 2025-12-22 23:58:28
2025-12-23 00:05:48,574 - osv_monitor - INFO - 已下载 all.zip
2025-12-23 00:05:48,574 - osv_monitor - INFO - [+] 同步 OSV 数据完成
2025-12-23 00:05:48,575 - osv_monitor - INFO - 同步完成
2025-12-23 00:06:53,745 - osv_monitor - INFO - 解压缩文件完成
2025-12-23 12:04:24,337 - osv_monitor - INFO - 开始同步OSV漏洞数据...
2025-12-23 12:04:24,337 - osv_monitor - INFO - 正在搜索主页的生态系统列表...
2025-12-23 12:04:24,337 - osv_monitor - INFO - 正在获取 https://storage.googleapis.com/osv-vulnerabilities/index.html 页面...
2025-12-23 12:04:28,024 - osv_monitor - INFO - 找到 97 个生态系统
2025-12-23 12:04:28,025 - osv_monitor - INFO - all.zip 需要更新
2025-12-23 12:04:33,064 - osv_monitor - INFO - 下载文件 https://storage.googleapis.com/osv-vulnerabilities/all.zip 到 data/all.tmp 成功
2025-12-23 12:04:33,066 - osv_monitor - INFO - [+] 更新同步 all.zip 最后修改时间: 2025-12-23 11:58:25
2025-12-23 12:04:33,066 - osv_monitor - INFO - 已下载 all.zip
2025-12-23 12:04:33,066 - osv_monitor - INFO - [+] 同步 OSV 数据完成
2025-12-23 12:04:33,066 - osv_monitor - INFO - 同步完成
2025-12-23 12:06:04,982 - osv_monitor - INFO - 解压缩文件完成
