2025-10-31 00:04:40,712 - osv_monitor - INFO - 开始同步OSV漏洞数据...
2025-10-31 00:04:40,713 - osv_monitor - INFO - 正在搜索主页的生态系统列表...
2025-10-31 00:04:40,713 - osv_monitor - INFO - 正在获取 https://storage.googleapis.com/osv-vulnerabilities/index.html 页面...
2025-10-31 00:04:43,097 - osv_monitor - INFO - 找到 95 个生态系统
2025-10-31 00:04:43,098 - osv_monitor - INFO - all.zip 需要更新
2025-10-31 00:04:52,975 - osv_monitor - INFO - 下载文件 https://storage.googleapis.com/osv-vulnerabilities/all.zip 到 data/all.tmp 成功
2025-10-31 00:04:52,977 - osv_monitor - INFO - [+] 更新同步 all.zip 最后修改时间: 2025-10-30 23:55:41
2025-10-31 00:04:52,977 - osv_monitor - INFO - 已下载 all.zip
2025-10-31 00:04:52,977 - osv_monitor - INFO - [+] 同步 OSV 数据完成
2025-10-31 00:04:52,977 - osv_monitor - INFO - 同步完成
2025-10-31 00:05:42,407 - osv_monitor - INFO - 解压缩文件完成
2025-10-31 12:05:24,190 - osv_monitor - INFO - 开始同步OSV漏洞数据...
2025-10-31 12:05:24,190 - osv_monitor - INFO - 正在搜索主页的生态系统列表...
2025-10-31 12:05:24,190 - osv_monitor - INFO - 正在获取 https://storage.googleapis.com/osv-vulnerabilities/index.html 页面...
2025-10-31 12:05:27,742 - osv_monitor - INFO - 找到 95 个生态系统
2025-10-31 12:05:27,743 - osv_monitor - INFO - all.zip 需要更新
2025-10-31 12:05:32,983 - osv_monitor - INFO - 下载文件 https://storage.googleapis.com/osv-vulnerabilities/all.zip 到 data/all.tmp 成功
2025-10-31 12:05:32,985 - osv_monitor - INFO - [+] 更新同步 all.zip 最后修改时间: 2025-10-31 11:55:47
2025-10-31 12:05:32,985 - osv_monitor - INFO - 已下载 all.zip
2025-10-31 12:05:32,985 - osv_monitor - INFO - [+] 同步 OSV 数据完成
2025-10-31 12:05:32,985 - osv_monitor - INFO - 同步完成
2025-10-31 12:06:47,719 - osv_monitor - INFO - 解压缩文件完成
