2025-08-08 00:49:23,661 - osv_monitor - INFO - 开始同步OSV漏洞数据...
2025-08-08 00:49:23,661 - osv_monitor - INFO - 正在搜索主页的生态系统列表...
2025-08-08 00:49:23,661 - osv_monitor - INFO - 正在获取 https://storage.googleapis.com/osv-vulnerabilities/index.html 页面...
2025-08-08 00:49:27,413 - osv_monitor - INFO - 找到 431 个生态系统
2025-08-08 00:49:27,414 - osv_monitor - INFO - all.zip 需要更新
2025-08-08 00:49:32,585 - osv_monitor - INFO - 下载文件 https://storage.googleapis.com/osv-vulnerabilities/all.zip 到 data/all.tmp 成功
2025-08-08 00:49:32,585 - osv_monitor - INFO - [+] 更新同步 all.zip 最后修改时间: 2025-08-07 23:49:10
2025-08-08 00:49:32,585 - osv_monitor - INFO - 已下载 all.zip
2025-08-08 00:49:32,585 - osv_monitor - INFO - [+] 同步 OSV 数据完成
2025-08-08 00:49:32,585 - osv_monitor - INFO - 同步完成
2025-08-08 00:50:27,576 - osv_monitor - INFO - 解压缩文件完成
2025-08-08 04:02:04,706 - osv_monitor - INFO - 开始同步OSV漏洞数据...
2025-08-08 04:02:04,706 - osv_monitor - INFO - 正在搜索主页的生态系统列表...
2025-08-08 04:02:04,706 - osv_monitor - INFO - 正在获取 https://storage.googleapis.com/osv-vulnerabilities/index.html 页面...
2025-08-08 04:02:08,568 - osv_monitor - INFO - 找到 431 个生态系统
2025-08-08 04:02:08,569 - osv_monitor - INFO - all.zip 需要更新
2025-08-08 04:02:19,310 - osv_monitor - INFO - 下载文件 https://storage.googleapis.com/osv-vulnerabilities/all.zip 到 data/all.tmp 成功
2025-08-08 04:02:19,310 - osv_monitor - INFO - [+] 更新同步 all.zip 最后修改时间: 2025-08-08 02:58:48
2025-08-08 04:02:19,311 - osv_monitor - INFO - 已下载 all.zip
2025-08-08 04:02:19,311 - osv_monitor - INFO - [+] 同步 OSV 数据完成
2025-08-08 04:02:19,311 - osv_monitor - INFO - 同步完成
2025-08-08 04:03:14,504 - osv_monitor - INFO - 解压缩文件完成
