2025-07-17 00:48:20,201 - osv_monitor - INFO - 开始同步OSV漏洞数据...
2025-07-17 00:48:20,201 - osv_monitor - INFO - 正在搜索主页的生态系统列表...
2025-07-17 00:48:20,201 - osv_monitor - INFO - 正在获取 https://storage.googleapis.com/osv-vulnerabilities/index.html 页面...
2025-07-17 00:48:23,640 - osv_monitor - INFO - 找到 429 个生态系统
2025-07-17 00:48:23,641 - osv_monitor - INFO - all.zip 需要更新
2025-07-17 00:48:28,544 - osv_monitor - INFO - 下载文件 https://storage.googleapis.com/osv-vulnerabilities/all.zip 到 data/all.tmp 成功
2025-07-17 00:48:28,545 - osv_monitor - INFO - [+] 更新同步 all.zip 最后修改时间: 2025-07-17 00:46:19
2025-07-17 00:48:28,545 - osv_monitor - INFO - 已下载 all.zip
2025-07-17 00:48:28,545 - osv_monitor - INFO - [+] 同步 OSV 数据完成
2025-07-17 00:48:28,545 - osv_monitor - INFO - 同步完成
2025-07-17 00:49:24,561 - osv_monitor - INFO - 解压缩文件完成
2025-07-17 03:54:44,604 - osv_monitor - INFO - 开始同步OSV漏洞数据...
2025-07-17 03:54:44,604 - osv_monitor - INFO - 正在搜索主页的生态系统列表...
2025-07-17 03:54:44,604 - osv_monitor - INFO - 正在获取 https://storage.googleapis.com/osv-vulnerabilities/index.html 页面...
2025-07-17 03:54:48,246 - osv_monitor - INFO - 找到 429 个生态系统
2025-07-17 03:54:48,247 - osv_monitor - INFO - all.zip 需要更新
2025-07-17 03:54:51,913 - osv_monitor - INFO - 下载文件 https://storage.googleapis.com/osv-vulnerabilities/all.zip 到 data/all.tmp 成功
2025-07-17 03:54:51,914 - osv_monitor - INFO - [+] 更新同步 all.zip 最后修改时间: 2025-07-17 03:34:58
2025-07-17 03:54:51,914 - osv_monitor - INFO - 已下载 all.zip
2025-07-17 03:54:51,914 - osv_monitor - INFO - [+] 同步 OSV 数据完成
2025-07-17 03:54:51,914 - osv_monitor - INFO - 同步完成
2025-07-17 03:55:49,632 - osv_monitor - INFO - 解压缩文件完成
2025-07-17 06:18:01,707 - osv_monitor - INFO - 开始同步OSV漏洞数据...
2025-07-17 06:18:01,707 - osv_monitor - INFO - 正在搜索主页的生态系统列表...
2025-07-17 06:18:01,707 - osv_monitor - INFO - 正在获取 https://storage.googleapis.com/osv-vulnerabilities/index.html 页面...
2025-07-17 06:18:05,796 - osv_monitor - INFO - 找到 429 个生态系统
2025-07-17 06:18:05,797 - osv_monitor - INFO - all.zip 需要更新
2025-07-17 06:18:12,390 - osv_monitor - INFO - 下载文件 https://storage.googleapis.com/osv-vulnerabilities/all.zip 到 data/all.tmp 成功
2025-07-17 06:18:12,390 - osv_monitor - INFO - [+] 更新同步 all.zip 最后修改时间: 2025-07-17 05:07:39
2025-07-17 06:18:12,390 - osv_monitor - INFO - 已下载 all.zip
2025-07-17 06:18:12,391 - osv_monitor - INFO - [+] 同步 OSV 数据完成
2025-07-17 06:18:12,391 - osv_monitor - INFO - 同步完成
2025-07-17 06:19:08,452 - osv_monitor - INFO - 解压缩文件完成
