2025-08-22 00:43:30,569 - osv_monitor - INFO - 开始同步OSV漏洞数据...
2025-08-22 00:43:30,570 - osv_monitor - INFO - 正在搜索主页的生态系统列表...
2025-08-22 00:43:30,570 - osv_monitor - INFO - 正在获取 https://storage.googleapis.com/osv-vulnerabilities/index.html 页面...
2025-08-22 00:43:33,910 - osv_monitor - INFO - 找到 431 个生态系统
2025-08-22 00:43:33,912 - osv_monitor - INFO - all.zip 需要更新
2025-08-22 00:43:37,689 - osv_monitor - INFO - 下载文件 https://storage.googleapis.com/osv-vulnerabilities/all.zip 到 data/all.tmp 成功
2025-08-22 00:43:37,691 - osv_monitor - INFO - [+] 更新同步 all.zip 最后修改时间: 2025-08-22 00:33:06
2025-08-22 00:43:37,691 - osv_monitor - INFO - 已下载 all.zip
2025-08-22 00:43:37,691 - osv_monitor - INFO - [+] 同步 OSV 数据完成
2025-08-22 00:43:37,691 - osv_monitor - INFO - 同步完成
2025-08-22 00:44:35,684 - osv_monitor - INFO - 解压缩文件完成
2025-08-22 03:35:42,383 - osv_monitor - INFO - 开始同步OSV漏洞数据...
2025-08-22 03:35:42,383 - osv_monitor - INFO - 正在搜索主页的生态系统列表...
2025-08-22 03:35:42,383 - osv_monitor - INFO - 正在获取 https://storage.googleapis.com/osv-vulnerabilities/index.html 页面...
2025-08-22 03:35:46,272 - osv_monitor - INFO - 找到 431 个生态系统
2025-08-22 03:35:46,273 - osv_monitor - INFO - all.zip 需要更新
2025-08-22 03:35:50,018 - osv_monitor - INFO - 下载文件 https://storage.googleapis.com/osv-vulnerabilities/all.zip 到 data/all.tmp 成功
2025-08-22 03:35:50,020 - osv_monitor - INFO - [+] 更新同步 all.zip 最后修改时间: 2025-08-22 03:01:08
2025-08-22 03:35:50,020 - osv_monitor - INFO - 已下载 all.zip
2025-08-22 03:35:50,020 - osv_monitor - INFO - [+] 同步 OSV 数据完成
2025-08-22 03:35:50,020 - osv_monitor - INFO - 同步完成
2025-08-22 03:36:50,118 - osv_monitor - INFO - 解压缩文件完成
2025-08-22 06:16:00,005 - osv_monitor - INFO - 开始同步OSV漏洞数据...
2025-08-22 06:16:00,005 - osv_monitor - INFO - 正在搜索主页的生态系统列表...
2025-08-22 06:16:00,005 - osv_monitor - INFO - 正在获取 https://storage.googleapis.com/osv-vulnerabilities/index.html 页面...
2025-08-22 06:16:03,672 - osv_monitor - INFO - 找到 431 个生态系统
2025-08-22 06:16:03,673 - osv_monitor - INFO - all.zip 需要更新
2025-08-22 06:16:07,540 - osv_monitor - INFO - 下载文件 https://storage.googleapis.com/osv-vulnerabilities/all.zip 到 data/all.tmp 成功
2025-08-22 06:16:07,542 - osv_monitor - INFO - [+] 更新同步 all.zip 最后修改时间: 2025-08-22 05:20:38
2025-08-22 06:16:07,542 - osv_monitor - INFO - 已下载 all.zip
2025-08-22 06:16:07,542 - osv_monitor - INFO - [+] 同步 OSV 数据完成
2025-08-22 06:16:07,542 - osv_monitor - INFO - 同步完成
2025-08-22 06:17:06,466 - osv_monitor - INFO - 解压缩文件完成
2025-08-22 09:12:15,286 - osv_monitor - INFO - 开始同步OSV漏洞数据...
2025-08-22 09:12:15,286 - osv_monitor - INFO - 正在搜索主页的生态系统列表...
2025-08-22 09:12:15,286 - osv_monitor - INFO - 正在获取 https://storage.googleapis.com/osv-vulnerabilities/index.html 页面...
2025-08-22 09:12:19,022 - osv_monitor - INFO - 找到 431 个生态系统
2025-08-22 09:12:19,023 - osv_monitor - INFO - all.zip 需要更新
2025-08-22 09:12:21,755 - osv_monitor - INFO - 下载文件 https://storage.googleapis.com/osv-vulnerabilities/all.zip 到 data/all.tmp 成功
2025-08-22 09:12:21,757 - osv_monitor - INFO - [+] 更新同步 all.zip 最后修改时间: 2025-08-22 08:25:26
2025-08-22 09:12:21,757 - osv_monitor - INFO - 已下载 all.zip
2025-08-22 09:12:21,757 - osv_monitor - INFO - [+] 同步 OSV 数据完成
2025-08-22 09:12:21,757 - osv_monitor - INFO - 同步完成
2025-08-22 09:13:21,537 - osv_monitor - INFO - 解压缩文件完成
