2025-06-15 00:50:41,773 - osv_monitor - INFO - 开始同步OSV漏洞数据...
2025-06-15 00:50:41,773 - osv_monitor - INFO - 正在搜索主页的生态系统列表...
2025-06-15 00:50:41,773 - osv_monitor - INFO - 正在获取 https://storage.googleapis.com/osv-vulnerabilities/index.html 页面...
2025-06-15 00:50:54,463 - osv_monitor - INFO - 找到 429 个生态系统
2025-06-15 00:50:54,464 - osv_monitor - INFO - all.zip 需要更新
2025-06-15 00:50:58,487 - osv_monitor - INFO - 下载文件 https://storage.googleapis.com/osv-vulnerabilities/all.zip 到 data/all.tmp 成功
2025-06-15 00:50:58,487 - osv_monitor - INFO - [+] 更新同步 all.zip 最后修改时间: 2025-06-14 23:59:52
2025-06-15 00:50:58,487 - osv_monitor - INFO - 已下载 all.zip
2025-06-15 00:50:58,488 - osv_monitor - INFO - [+] 同步 OSV 数据完成
2025-06-15 00:50:58,488 - osv_monitor - INFO - 同步完成
2025-06-15 00:51:53,893 - osv_monitor - INFO - 解压缩文件完成
2025-06-15 03:47:45,029 - osv_monitor - INFO - 开始同步OSV漏洞数据...
2025-06-15 03:47:45,029 - osv_monitor - INFO - 正在搜索主页的生态系统列表...
2025-06-15 03:47:45,029 - osv_monitor - INFO - 正在获取 https://storage.googleapis.com/osv-vulnerabilities/index.html 页面...
2025-06-15 03:47:52,026 - osv_monitor - INFO - 找到 429 个生态系统
2025-06-15 03:47:52,027 - osv_monitor - INFO - all.zip 需要更新
2025-06-15 03:47:55,706 - osv_monitor - INFO - 下载文件 https://storage.googleapis.com/osv-vulnerabilities/all.zip 到 data/all.tmp 成功
2025-06-15 03:47:55,707 - osv_monitor - INFO - [+] 更新同步 all.zip 最后修改时间: 2025-06-15 02:33:36
2025-06-15 03:47:55,707 - osv_monitor - INFO - 已下载 all.zip
2025-06-15 03:47:55,707 - osv_monitor - INFO - [+] 同步 OSV 数据完成
2025-06-15 03:47:55,707 - osv_monitor - INFO - 同步完成
2025-06-15 03:48:51,484 - osv_monitor - INFO - 解压缩文件完成
2025-06-15 06:15:18,402 - osv_monitor - INFO - 开始同步OSV漏洞数据...
2025-06-15 06:15:18,402 - osv_monitor - INFO - 正在搜索主页的生态系统列表...
2025-06-15 06:15:18,403 - osv_monitor - INFO - 正在获取 https://storage.googleapis.com/osv-vulnerabilities/index.html 页面...
2025-06-15 06:15:27,056 - osv_monitor - INFO - 找到 429 个生态系统
2025-06-15 06:15:27,057 - osv_monitor - INFO - all.zip 需要更新
2025-06-15 06:15:34,941 - osv_monitor - INFO - 下载文件 https://storage.googleapis.com/osv-vulnerabilities/all.zip 到 data/all.tmp 成功
2025-06-15 06:15:34,942 - osv_monitor - INFO - [+] 更新同步 all.zip 最后修改时间: 2025-06-15 05:29:45
2025-06-15 06:15:34,942 - osv_monitor - INFO - 已下载 all.zip
2025-06-15 06:15:34,942 - osv_monitor - INFO - [+] 同步 OSV 数据完成
2025-06-15 06:15:34,942 - osv_monitor - INFO - 同步完成
2025-06-15 06:16:30,258 - osv_monitor - INFO - 解压缩文件完成
2025-06-15 09:11:19,707 - osv_monitor - INFO - 开始同步OSV漏洞数据...
2025-06-15 09:11:19,708 - osv_monitor - INFO - 正在搜索主页的生态系统列表...
2025-06-15 09:11:19,708 - osv_monitor - INFO - 正在获取 https://storage.googleapis.com/osv-vulnerabilities/index.html 页面...
2025-06-15 09:11:28,730 - osv_monitor - INFO - 找到 429 个生态系统
2025-06-15 09:11:28,731 - osv_monitor - INFO - all.zip 需要更新
2025-06-15 09:11:32,292 - osv_monitor - INFO - 下载文件 https://storage.googleapis.com/osv-vulnerabilities/all.zip 到 data/all.tmp 成功
2025-06-15 09:11:32,293 - osv_monitor - INFO - [+] 更新同步 all.zip 最后修改时间: 2025-06-15 08:03:32
2025-06-15 09:11:32,293 - osv_monitor - INFO - 已下载 all.zip
2025-06-15 09:11:32,293 - osv_monitor - INFO - [+] 同步 OSV 数据完成
2025-06-15 09:11:32,293 - osv_monitor - INFO - 同步完成
2025-06-15 09:12:28,421 - osv_monitor - INFO - 解压缩文件完成
