2025-08-02 00:47:24,910 - osv_monitor - INFO - 开始同步OSV漏洞数据...
2025-08-02 00:47:24,910 - osv_monitor - INFO - 正在搜索主页的生态系统列表...
2025-08-02 00:47:24,910 - osv_monitor - INFO - 正在获取 https://storage.googleapis.com/osv-vulnerabilities/index.html 页面...
2025-08-02 00:47:30,541 - osv_monitor - INFO - 找到 429 个生态系统
2025-08-02 00:47:30,542 - osv_monitor - INFO - all.zip 需要更新
2025-08-02 00:47:35,236 - osv_monitor - INFO - 下载文件 https://storage.googleapis.com/osv-vulnerabilities/all.zip 到 data/all.tmp 成功
2025-08-02 00:47:35,237 - osv_monitor - INFO - [+] 更新同步 all.zip 最后修改时间: 2025-08-01 23:52:20
2025-08-02 00:47:35,237 - osv_monitor - INFO - 已下载 all.zip
2025-08-02 00:47:35,237 - osv_monitor - INFO - [+] 同步 OSV 数据完成
2025-08-02 00:47:35,237 - osv_monitor - INFO - 同步完成
2025-08-02 00:48:28,633 - osv_monitor - INFO - 解压缩文件完成
2025-08-02 03:52:48,144 - osv_monitor - INFO - 开始同步OSV漏洞数据...
2025-08-02 03:52:48,144 - osv_monitor - INFO - 正在搜索主页的生态系统列表...
2025-08-02 03:52:48,144 - osv_monitor - INFO - 正在获取 https://storage.googleapis.com/osv-vulnerabilities/index.html 页面...
2025-08-02 03:52:53,434 - osv_monitor - INFO - 找到 429 个生态系统
2025-08-02 03:52:53,435 - osv_monitor - INFO - all.zip 需要更新
2025-08-02 03:52:58,095 - osv_monitor - INFO - 下载文件 https://storage.googleapis.com/osv-vulnerabilities/all.zip 到 data/all.tmp 成功
2025-08-02 03:52:58,095 - osv_monitor - INFO - [+] 更新同步 all.zip 最后修改时间: 2025-08-02 03:49:50
2025-08-02 03:52:58,096 - osv_monitor - INFO - 已下载 all.zip
2025-08-02 03:52:58,096 - osv_monitor - INFO - [+] 同步 OSV 数据完成
2025-08-02 03:52:58,096 - osv_monitor - INFO - 同步完成
2025-08-02 03:53:51,393 - osv_monitor - INFO - 解压缩文件完成
2025-08-02 06:15:11,552 - osv_monitor - INFO - 开始同步OSV漏洞数据...
2025-08-02 06:15:11,552 - osv_monitor - INFO - 正在搜索主页的生态系统列表...
2025-08-02 06:15:11,552 - osv_monitor - INFO - 正在获取 https://storage.googleapis.com/osv-vulnerabilities/index.html 页面...
2025-08-02 06:15:17,100 - osv_monitor - INFO - 找到 429 个生态系统
2025-08-02 06:15:17,101 - osv_monitor - INFO - all.zip 需要更新
2025-08-02 06:15:22,971 - osv_monitor - INFO - 下载文件 https://storage.googleapis.com/osv-vulnerabilities/all.zip 到 data/all.tmp 成功
2025-08-02 06:15:22,971 - osv_monitor - INFO - [+] 更新同步 all.zip 最后修改时间: 2025-08-02 05:57:24
2025-08-02 06:15:22,971 - osv_monitor - INFO - 已下载 all.zip
2025-08-02 06:15:22,971 - osv_monitor - INFO - [+] 同步 OSV 数据完成
2025-08-02 06:15:22,971 - osv_monitor - INFO - 同步完成
2025-08-02 06:16:17,817 - osv_monitor - INFO - 解压缩文件完成
2025-08-02 09:13:54,832 - osv_monitor - INFO - 开始同步OSV漏洞数据...
2025-08-02 09:13:54,832 - osv_monitor - INFO - 正在搜索主页的生态系统列表...
2025-08-02 09:13:54,832 - osv_monitor - INFO - 正在获取 https://storage.googleapis.com/osv-vulnerabilities/index.html 页面...
2025-08-02 09:13:59,005 - osv_monitor - INFO - 找到 429 个生态系统
2025-08-02 09:13:59,006 - osv_monitor - INFO - all.zip 需要更新
2025-08-02 09:14:03,720 - osv_monitor - INFO - 下载文件 https://storage.googleapis.com/osv-vulnerabilities/all.zip 到 data/all.tmp 成功
2025-08-02 09:14:03,720 - osv_monitor - INFO - [+] 更新同步 all.zip 最后修改时间: 2025-08-02 08:45:34
2025-08-02 09:14:03,720 - osv_monitor - INFO - 已下载 all.zip
2025-08-02 09:14:03,720 - osv_monitor - INFO - [+] 同步 OSV 数据完成
2025-08-02 09:14:03,721 - osv_monitor - INFO - 同步完成
2025-08-02 09:14:59,776 - osv_monitor - INFO - 解压缩文件完成
2025-08-02 12:18:32,134 - osv_monitor - INFO - 开始同步OSV漏洞数据...
2025-08-02 12:18:32,134 - osv_monitor - INFO - 正在搜索主页的生态系统列表...
2025-08-02 12:18:32,134 - osv_monitor - INFO - 正在获取 https://storage.googleapis.com/osv-vulnerabilities/index.html 页面...
2025-08-02 12:18:38,034 - osv_monitor - INFO - 找到 429 个生态系统
2025-08-02 12:18:38,035 - osv_monitor - INFO - all.zip 需要更新
2025-08-02 12:18:41,497 - osv_monitor - INFO - 下载文件 https://storage.googleapis.com/osv-vulnerabilities/all.zip 到 data/all.tmp 成功
2025-08-02 12:18:41,497 - osv_monitor - INFO - [+] 更新同步 all.zip 最后修改时间: 2025-08-02 11:53:21
2025-08-02 12:18:41,497 - osv_monitor - INFO - 已下载 all.zip
2025-08-02 12:18:41,497 - osv_monitor - INFO - [+] 同步 OSV 数据完成
2025-08-02 12:18:41,498 - osv_monitor - INFO - 同步完成
2025-08-02 12:19:34,313 - osv_monitor - INFO - 解压缩文件完成
