2025-09-20 00:42:46,217 - osv_monitor - INFO - 开始同步OSV漏洞数据...
2025-09-20 00:42:46,218 - osv_monitor - INFO - 正在搜索主页的生态系统列表...
2025-09-20 00:42:46,218 - osv_monitor - INFO - 正在获取 https://storage.googleapis.com/osv-vulnerabilities/index.html 页面...
2025-09-20 00:42:49,972 - osv_monitor - INFO - 找到 94 个生态系统
2025-09-20 00:42:49,974 - osv_monitor - INFO - all.zip 需要更新
2025-09-20 00:42:55,463 - osv_monitor - INFO - 下载文件 https://storage.googleapis.com/osv-vulnerabilities/all.zip 到 data/all.tmp 成功
2025-09-20 00:42:55,465 - osv_monitor - INFO - [+] 更新同步 all.zip 最后修改时间: 2025-09-20 00:05:06
2025-09-20 00:42:55,465 - osv_monitor - INFO - 已下载 all.zip
2025-09-20 00:42:55,465 - osv_monitor - INFO - [+] 同步 OSV 数据完成
2025-09-20 00:42:55,465 - osv_monitor - INFO - 同步完成
2025-09-20 00:44:02,600 - osv_monitor - INFO - 解压缩文件完成
2025-09-20 12:19:04,290 - osv_monitor - INFO - 开始同步OSV漏洞数据...
2025-09-20 12:19:04,291 - osv_monitor - INFO - 正在搜索主页的生态系统列表...
2025-09-20 12:19:04,291 - osv_monitor - INFO - 正在获取 https://storage.googleapis.com/osv-vulnerabilities/index.html 页面...
2025-09-20 12:19:08,243 - osv_monitor - INFO - 找到 94 个生态系统
2025-09-20 12:19:08,244 - osv_monitor - INFO - all.zip 需要更新
2025-09-20 12:19:12,319 - osv_monitor - INFO - 下载文件 https://storage.googleapis.com/osv-vulnerabilities/all.zip 到 data/all.tmp 成功
2025-09-20 12:19:12,321 - osv_monitor - INFO - [+] 更新同步 all.zip 最后修改时间: 2025-09-20 12:05:10
2025-09-20 12:19:12,321 - osv_monitor - INFO - 已下载 all.zip
2025-09-20 12:19:12,321 - osv_monitor - INFO - [+] 同步 OSV 数据完成
2025-09-20 12:19:12,321 - osv_monitor - INFO - 同步完成
2025-09-20 12:20:18,922 - osv_monitor - INFO - 解压缩文件完成
