2025-05-26 00:54:03,180 - osv_monitor - INFO - 开始同步OSV漏洞数据...
2025-05-26 00:54:03,180 - osv_monitor - INFO - 正在搜索主页的生态系统列表...
2025-05-26 00:54:03,180 - osv_monitor - INFO - 正在获取 https://storage.googleapis.com/osv-vulnerabilities/index.html 页面...
2025-05-26 00:54:10,172 - osv_monitor - INFO - 找到 428 个生态系统
2025-05-26 00:54:10,173 - osv_monitor - INFO - all.zip 需要更新
2025-05-26 00:54:14,986 - osv_monitor - INFO - 下载文件 https://storage.googleapis.com/osv-vulnerabilities/all.zip 到 data/all.tmp 成功
2025-05-26 00:54:14,987 - osv_monitor - INFO - [+] 更新同步 all.zip 最后修改时间: 2025-05-26 00:33:46
2025-05-26 00:54:14,987 - osv_monitor - INFO - 已下载 all.zip
2025-05-26 00:54:14,987 - osv_monitor - INFO - [+] 同步 OSV 数据完成
2025-05-26 00:54:14,987 - osv_monitor - INFO - 同步完成
2025-05-26 00:55:10,304 - osv_monitor - INFO - 解压缩文件完成
2025-05-26 02:43:29,284 - osv_monitor - INFO - 开始同步OSV漏洞数据...
2025-05-26 02:43:29,284 - osv_monitor - INFO - 正在搜索主页的生态系统列表...
2025-05-26 02:43:29,285 - osv_monitor - INFO - 正在获取 https://storage.googleapis.com/osv-vulnerabilities/index.html 页面...
2025-05-26 02:43:35,653 - osv_monitor - INFO - 找到 428 个生态系统
2025-05-26 02:43:35,654 - osv_monitor - INFO - all.zip 需要更新
2025-05-26 02:43:43,177 - osv_monitor - INFO - 下载文件 https://storage.googleapis.com/osv-vulnerabilities/all.zip 到 data/all.tmp 成功
2025-05-26 02:43:43,178 - osv_monitor - INFO - [+] 更新同步 all.zip 最后修改时间: 2025-05-26 02:12:30
2025-05-26 02:43:43,178 - osv_monitor - INFO - 已下载 all.zip
2025-05-26 02:43:43,178 - osv_monitor - INFO - [+] 同步 OSV 数据完成
2025-05-26 02:43:43,178 - osv_monitor - INFO - 同步完成
2025-05-26 02:44:39,004 - osv_monitor - INFO - 解压缩文件完成
2025-05-26 03:41:21,212 - osv_monitor - INFO - 开始同步OSV漏洞数据...
2025-05-26 03:41:21,212 - osv_monitor - INFO - 正在搜索主页的生态系统列表...
2025-05-26 03:41:21,212 - osv_monitor - INFO - 正在获取 https://storage.googleapis.com/osv-vulnerabilities/index.html 页面...
2025-05-26 03:41:28,023 - osv_monitor - INFO - 找到 428 个生态系统
2025-05-26 03:41:28,024 - osv_monitor - INFO - all.zip 需要更新
2025-05-26 03:41:33,019 - osv_monitor - INFO - 下载文件 https://storage.googleapis.com/osv-vulnerabilities/all.zip 到 data/all.tmp 成功
2025-05-26 03:41:33,019 - osv_monitor - INFO - [+] 更新同步 all.zip 最后修改时间: 2025-05-26 03:36:34
2025-05-26 03:41:33,019 - osv_monitor - INFO - 已下载 all.zip
2025-05-26 03:41:33,020 - osv_monitor - INFO - [+] 同步 OSV 数据完成
2025-05-26 03:41:33,020 - osv_monitor - INFO - 同步完成
2025-05-26 03:42:27,527 - osv_monitor - INFO - 解压缩文件完成
2025-05-26 04:19:12,613 - osv_monitor - INFO - 开始同步OSV漏洞数据...
2025-05-26 04:19:12,613 - osv_monitor - INFO - 正在搜索主页的生态系统列表...
2025-05-26 04:19:12,613 - osv_monitor - INFO - 正在获取 https://storage.googleapis.com/osv-vulnerabilities/index.html 页面...
2025-05-26 04:19:18,914 - osv_monitor - INFO - 找到 428 个生态系统
2025-05-26 04:19:18,915 - osv_monitor - INFO - all.zip 需要更新
2025-05-26 04:19:25,799 - osv_monitor - INFO - 下载文件 https://storage.googleapis.com/osv-vulnerabilities/all.zip 到 data/all.tmp 成功
2025-05-26 04:19:25,800 - osv_monitor - INFO - [+] 更新同步 all.zip 最后修改时间: 2025-05-26 03:36:34
2025-05-26 04:19:25,800 - osv_monitor - INFO - 已下载 all.zip
2025-05-26 04:19:25,800 - osv_monitor - INFO - [+] 同步 OSV 数据完成
2025-05-26 04:19:25,800 - osv_monitor - INFO - 同步完成
2025-05-26 04:20:21,457 - osv_monitor - INFO - 解压缩文件完成
