2025-08-27 00:42:02,015 - osv_monitor - INFO - 开始同步OSV漏洞数据...
2025-08-27 00:42:02,015 - osv_monitor - INFO - 正在搜索主页的生态系统列表...
2025-08-27 00:42:02,015 - osv_monitor - INFO - 正在获取 https://storage.googleapis.com/osv-vulnerabilities/index.html 页面...
2025-08-27 00:42:06,266 - osv_monitor - INFO - 找到 431 个生态系统
2025-08-27 00:42:06,267 - osv_monitor - INFO - all.zip 需要更新
2025-08-27 00:42:11,657 - osv_monitor - INFO - 下载文件 https://storage.googleapis.com/osv-vulnerabilities/all.zip 到 data/all.tmp 成功
2025-08-27 00:42:11,659 - osv_monitor - INFO - [+] 更新同步 all.zip 最后修改时间: 2025-08-26 23:47:27
2025-08-27 00:42:11,659 - osv_monitor - INFO - 已下载 all.zip
2025-08-27 00:42:11,660 - osv_monitor - INFO - [+] 同步 OSV 数据完成
2025-08-27 00:42:11,660 - osv_monitor - INFO - 同步完成
2025-08-27 00:43:12,431 - osv_monitor - INFO - 解压缩文件完成
2025-08-27 03:30:46,041 - osv_monitor - INFO - 开始同步OSV漏洞数据...
2025-08-27 03:30:46,042 - osv_monitor - INFO - 正在搜索主页的生态系统列表...
2025-08-27 03:30:46,042 - osv_monitor - INFO - 正在获取 https://storage.googleapis.com/osv-vulnerabilities/index.html 页面...
2025-08-27 03:30:49,819 - osv_monitor - INFO - 找到 431 个生态系统
2025-08-27 03:30:49,820 - osv_monitor - INFO - all.zip 需要更新
2025-08-27 03:30:53,407 - osv_monitor - INFO - 下载文件 https://storage.googleapis.com/osv-vulnerabilities/all.zip 到 data/all.tmp 成功
2025-08-27 03:30:53,409 - osv_monitor - INFO - [+] 更新同步 all.zip 最后修改时间: 2025-08-27 02:54:27
2025-08-27 03:30:53,409 - osv_monitor - INFO - 已下载 all.zip
2025-08-27 03:30:53,410 - osv_monitor - INFO - [+] 同步 OSV 数据完成
2025-08-27 03:30:53,410 - osv_monitor - INFO - 同步完成
2025-08-27 03:31:51,569 - osv_monitor - INFO - 解压缩文件完成
2025-08-27 06:15:06,663 - osv_monitor - INFO - 开始同步OSV漏洞数据...
2025-08-27 06:15:06,663 - osv_monitor - INFO - 正在搜索主页的生态系统列表...
2025-08-27 06:15:06,663 - osv_monitor - INFO - 正在获取 https://storage.googleapis.com/osv-vulnerabilities/index.html 页面...
2025-08-27 06:15:11,470 - osv_monitor - INFO - 找到 431 个生态系统
2025-08-27 06:15:11,471 - osv_monitor - INFO - all.zip 需要更新
2025-08-27 06:15:16,087 - osv_monitor - INFO - 下载文件 https://storage.googleapis.com/osv-vulnerabilities/all.zip 到 data/all.tmp 成功
2025-08-27 06:15:16,089 - osv_monitor - INFO - [+] 更新同步 all.zip 最后修改时间: 2025-08-27 05:49:56
2025-08-27 06:15:16,089 - osv_monitor - INFO - 已下载 all.zip
2025-08-27 06:15:16,089 - osv_monitor - INFO - [+] 同步 OSV 数据完成
2025-08-27 06:15:16,089 - osv_monitor - INFO - 同步完成
2025-08-27 06:16:15,647 - osv_monitor - INFO - 解压缩文件完成
2025-08-27 09:12:02,981 - osv_monitor - INFO - 开始同步OSV漏洞数据...
2025-08-27 09:12:02,981 - osv_monitor - INFO - 正在搜索主页的生态系统列表...
2025-08-27 09:12:02,981 - osv_monitor - INFO - 正在获取 https://storage.googleapis.com/osv-vulnerabilities/index.html 页面...
2025-08-27 09:12:06,524 - osv_monitor - INFO - 找到 431 个生态系统
2025-08-27 09:12:06,525 - osv_monitor - INFO - all.zip 需要更新
2025-08-27 09:12:09,558 - osv_monitor - INFO - 下载文件 https://storage.googleapis.com/osv-vulnerabilities/all.zip 到 data/all.tmp 成功
2025-08-27 09:12:09,560 - osv_monitor - INFO - [+] 更新同步 all.zip 最后修改时间: 2025-08-27 08:50:21
2025-08-27 09:12:09,560 - osv_monitor - INFO - 已下载 all.zip
2025-08-27 09:12:09,560 - osv_monitor - INFO - [+] 同步 OSV 数据完成
2025-08-27 09:12:09,560 - osv_monitor - INFO - 同步完成
2025-08-27 09:13:09,765 - osv_monitor - INFO - 解压缩文件完成
2025-08-27 12:17:59,221 - osv_monitor - INFO - 开始同步OSV漏洞数据...
2025-08-27 12:17:59,221 - osv_monitor - INFO - 正在搜索主页的生态系统列表...
2025-08-27 12:17:59,221 - osv_monitor - INFO - 正在获取 https://storage.googleapis.com/osv-vulnerabilities/index.html 页面...
2025-08-27 12:18:02,785 - osv_monitor - INFO - 找到 431 个生态系统
2025-08-27 12:18:02,786 - osv_monitor - INFO - all.zip 需要更新
2025-08-27 12:18:06,358 - osv_monitor - INFO - 下载文件 https://storage.googleapis.com/osv-vulnerabilities/all.zip 到 data/all.tmp 成功
2025-08-27 12:18:06,360 - osv_monitor - INFO - [+] 更新同步 all.zip 最后修改时间: 2025-08-27 11:48:05
2025-08-27 12:18:06,360 - osv_monitor - INFO - 已下载 all.zip
2025-08-27 12:18:06,360 - osv_monitor - INFO - [+] 同步 OSV 数据完成
2025-08-27 12:18:06,360 - osv_monitor - INFO - 同步完成
2025-08-27 12:19:04,913 - osv_monitor - INFO - 解压缩文件完成
2025-08-27 15:11:05,889 - osv_monitor - INFO - 开始同步OSV漏洞数据...
2025-08-27 15:11:05,889 - osv_monitor - INFO - 正在搜索主页的生态系统列表...
2025-08-27 15:11:05,889 - osv_monitor - INFO - 正在获取 https://storage.googleapis.com/osv-vulnerabilities/index.html 页面...
2025-08-27 15:11:09,529 - osv_monitor - INFO - 找到 431 个生态系统
2025-08-27 15:11:09,531 - osv_monitor - INFO - all.zip 需要更新
2025-08-27 15:11:13,828 - osv_monitor - INFO - 下载文件 https://storage.googleapis.com/osv-vulnerabilities/all.zip 到 data/all.tmp 成功
2025-08-27 15:11:13,830 - osv_monitor - INFO - [+] 更新同步 all.zip 最后修改时间: 2025-08-27 14:52:37
2025-08-27 15:11:13,830 - osv_monitor - INFO - 已下载 all.zip
2025-08-27 15:11:13,830 - osv_monitor - INFO - [+] 同步 OSV 数据完成
2025-08-27 15:11:13,830 - osv_monitor - INFO - 同步完成
2025-08-27 15:12:14,128 - osv_monitor - INFO - 解压缩文件完成
2025-08-27 18:14:31,803 - osv_monitor - INFO - 开始同步OSV漏洞数据...
2025-08-27 18:14:31,803 - osv_monitor - INFO - 正在搜索主页的生态系统列表...
2025-08-27 18:14:31,803 - osv_monitor - INFO - 正在获取 https://storage.googleapis.com/osv-vulnerabilities/index.html 页面...
2025-08-27 18:14:35,430 - osv_monitor - INFO - 找到 431 个生态系统
2025-08-27 18:14:35,431 - osv_monitor - INFO - all.zip 需要更新
2025-08-27 18:14:39,456 - osv_monitor - INFO - 下载文件 https://storage.googleapis.com/osv-vulnerabilities/all.zip 到 data/all.tmp 成功
2025-08-27 18:14:39,458 - osv_monitor - INFO - [+] 更新同步 all.zip 最后修改时间: 2025-08-27 17:50:30
2025-08-27 18:14:39,458 - osv_monitor - INFO - 已下载 all.zip
2025-08-27 18:14:39,458 - osv_monitor - INFO - [+] 同步 OSV 数据完成
2025-08-27 18:14:39,458 - osv_monitor - INFO - 同步完成
2025-08-27 18:15:39,093 - osv_monitor - INFO - 解压缩文件完成
