2025-12-12 00:05:27,193 - osv_monitor - INFO - 开始同步OSV漏洞数据...
2025-12-12 00:05:27,194 - osv_monitor - INFO - 正在搜索主页的生态系统列表...
2025-12-12 00:05:27,194 - osv_monitor - INFO - 正在获取 https://storage.googleapis.com/osv-vulnerabilities/index.html 页面...
2025-12-12 00:05:30,198 - osv_monitor - INFO - 找到 97 个生态系统
2025-12-12 00:05:30,199 - osv_monitor - INFO - all.zip 需要更新
2025-12-12 00:05:43,015 - osv_monitor - INFO - 下载文件 https://storage.googleapis.com/osv-vulnerabilities/all.zip 到 data/all.tmp 成功
2025-12-12 00:05:43,018 - osv_monitor - INFO - [+] 更新同步 all.zip 最后修改时间: 2025-12-11 23:49:36
2025-12-12 00:05:43,018 - osv_monitor - INFO - 已下载 all.zip
2025-12-12 00:05:43,018 - osv_monitor - INFO - [+] 同步 OSV 数据完成
2025-12-12 00:05:43,018 - osv_monitor - INFO - 同步完成
2025-12-12 00:07:15,532 - osv_monitor - INFO - 解压缩文件完成
2025-12-12 12:03:52,743 - osv_monitor - INFO - 开始同步OSV漏洞数据...
2025-12-12 12:03:52,743 - osv_monitor - INFO - 正在搜索主页的生态系统列表...
2025-12-12 12:03:52,743 - osv_monitor - INFO - 正在获取 https://storage.googleapis.com/osv-vulnerabilities/index.html 页面...
2025-12-12 12:03:55,067 - osv_monitor - INFO - 找到 97 个生态系统
2025-12-12 12:03:55,068 - osv_monitor - INFO - all.zip 需要更新
2025-12-12 12:03:59,326 - osv_monitor - INFO - 下载文件 https://storage.googleapis.com/osv-vulnerabilities/all.zip 到 data/all.tmp 成功
2025-12-12 12:03:59,328 - osv_monitor - INFO - [+] 更新同步 all.zip 最后修改时间: 2025-12-12 11:59:18
2025-12-12 12:03:59,328 - osv_monitor - INFO - 已下载 all.zip
2025-12-12 12:03:59,328 - osv_monitor - INFO - [+] 同步 OSV 数据完成
2025-12-12 12:03:59,328 - osv_monitor - INFO - 同步完成
2025-12-12 12:05:31,165 - osv_monitor - INFO - 解压缩文件完成
