2025-08-23 00:40:58,989 - osv_monitor - INFO - 开始同步OSV漏洞数据...
2025-08-23 00:40:58,990 - osv_monitor - INFO - 正在搜索主页的生态系统列表...
2025-08-23 00:40:58,990 - osv_monitor - INFO - 正在获取 https://storage.googleapis.com/osv-vulnerabilities/index.html 页面...
2025-08-23 00:41:02,525 - osv_monitor - INFO - 找到 431 个生态系统
2025-08-23 00:41:02,526 - osv_monitor - INFO - all.zip 需要更新
2025-08-23 00:41:06,496 - osv_monitor - INFO - 下载文件 https://storage.googleapis.com/osv-vulnerabilities/all.zip 到 data/all.tmp 成功
2025-08-23 00:41:06,498 - osv_monitor - INFO - [+] 更新同步 all.zip 最后修改时间: 2025-08-22 23:57:07
2025-08-23 00:41:06,498 - osv_monitor - INFO - 已下载 all.zip
2025-08-23 00:41:06,498 - osv_monitor - INFO - [+] 同步 OSV 数据完成
2025-08-23 00:41:06,498 - osv_monitor - INFO - 同步完成
2025-08-23 00:42:04,656 - osv_monitor - INFO - 解压缩文件完成
2025-08-23 03:31:55,538 - osv_monitor - INFO - 开始同步OSV漏洞数据...
2025-08-23 03:31:55,538 - osv_monitor - INFO - 正在搜索主页的生态系统列表...
2025-08-23 03:31:55,538 - osv_monitor - INFO - 正在获取 https://storage.googleapis.com/osv-vulnerabilities/index.html 页面...
2025-08-23 03:32:00,542 - osv_monitor - INFO - 找到 431 个生态系统
2025-08-23 03:32:00,544 - osv_monitor - INFO - all.zip 需要更新
2025-08-23 03:32:05,276 - osv_monitor - INFO - 下载文件 https://storage.googleapis.com/osv-vulnerabilities/all.zip 到 data/all.tmp 成功
2025-08-23 03:32:05,277 - osv_monitor - INFO - [+] 更新同步 all.zip 最后修改时间: 2025-08-23 03:22:16
2025-08-23 03:32:05,277 - osv_monitor - INFO - 已下载 all.zip
2025-08-23 03:32:05,277 - osv_monitor - INFO - [+] 同步 OSV 数据完成
2025-08-23 03:32:05,278 - osv_monitor - INFO - 同步完成
2025-08-23 03:33:05,298 - osv_monitor - INFO - 解压缩文件完成
2025-08-23 06:14:05,334 - osv_monitor - INFO - 开始同步OSV漏洞数据...
2025-08-23 06:14:05,334 - osv_monitor - INFO - 正在搜索主页的生态系统列表...
2025-08-23 06:14:05,334 - osv_monitor - INFO - 正在获取 https://storage.googleapis.com/osv-vulnerabilities/index.html 页面...
2025-08-23 06:14:08,876 - osv_monitor - INFO - 找到 431 个生态系统
2025-08-23 06:14:08,877 - osv_monitor - INFO - all.zip 需要更新
2025-08-23 06:14:12,839 - osv_monitor - INFO - 下载文件 https://storage.googleapis.com/osv-vulnerabilities/all.zip 到 data/all.tmp 成功
2025-08-23 06:14:12,840 - osv_monitor - INFO - [+] 更新同步 all.zip 最后修改时间: 2025-08-23 05:43:30
2025-08-23 06:14:12,841 - osv_monitor - INFO - 已下载 all.zip
2025-08-23 06:14:12,841 - osv_monitor - INFO - [+] 同步 OSV 数据完成
2025-08-23 06:14:12,841 - osv_monitor - INFO - 同步完成
2025-08-23 06:15:11,336 - osv_monitor - INFO - 解压缩文件完成
2025-08-23 09:10:37,336 - osv_monitor - INFO - 开始同步OSV漏洞数据...
2025-08-23 09:10:37,336 - osv_monitor - INFO - 正在搜索主页的生态系统列表...
2025-08-23 09:10:37,336 - osv_monitor - INFO - 正在获取 https://storage.googleapis.com/osv-vulnerabilities/index.html 页面...
2025-08-23 09:10:40,955 - osv_monitor - INFO - 找到 431 个生态系统
2025-08-23 09:10:40,956 - osv_monitor - INFO - all.zip 需要更新
2025-08-23 09:10:44,839 - osv_monitor - INFO - 下载文件 https://storage.googleapis.com/osv-vulnerabilities/all.zip 到 data/all.tmp 成功
2025-08-23 09:10:44,841 - osv_monitor - INFO - [+] 更新同步 all.zip 最后修改时间: 2025-08-23 08:49:03
2025-08-23 09:10:44,841 - osv_monitor - INFO - 已下载 all.zip
2025-08-23 09:10:44,841 - osv_monitor - INFO - [+] 同步 OSV 数据完成
2025-08-23 09:10:44,841 - osv_monitor - INFO - 同步完成
2025-08-23 09:11:43,308 - osv_monitor - INFO - 解压缩文件完成
2025-08-23 12:16:22,773 - osv_monitor - INFO - 开始同步OSV漏洞数据...
2025-08-23 12:16:22,773 - osv_monitor - INFO - 正在搜索主页的生态系统列表...
2025-08-23 12:16:22,773 - osv_monitor - INFO - 正在获取 https://storage.googleapis.com/osv-vulnerabilities/index.html 页面...
2025-08-23 12:16:26,524 - osv_monitor - INFO - 找到 431 个生态系统
2025-08-23 12:16:26,525 - osv_monitor - INFO - all.zip 需要更新
2025-08-23 12:16:30,907 - osv_monitor - INFO - 下载文件 https://storage.googleapis.com/osv-vulnerabilities/all.zip 到 data/all.tmp 成功
2025-08-23 12:16:30,909 - osv_monitor - INFO - [+] 更新同步 all.zip 最后修改时间: 2025-08-23 11:54:19
2025-08-23 12:16:30,909 - osv_monitor - INFO - 已下载 all.zip
2025-08-23 12:16:30,909 - osv_monitor - INFO - [+] 同步 OSV 数据完成
2025-08-23 12:16:30,909 - osv_monitor - INFO - 同步完成
2025-08-23 12:17:30,471 - osv_monitor - INFO - 解压缩文件完成
2025-08-23 15:09:55,900 - osv_monitor - INFO - 开始同步OSV漏洞数据...
2025-08-23 15:09:55,900 - osv_monitor - INFO - 正在搜索主页的生态系统列表...
2025-08-23 15:09:55,900 - osv_monitor - INFO - 正在获取 https://storage.googleapis.com/osv-vulnerabilities/index.html 页面...
2025-08-23 15:09:59,988 - osv_monitor - INFO - 找到 431 个生态系统
2025-08-23 15:09:59,990 - osv_monitor - INFO - all.zip 需要更新
2025-08-23 15:10:04,331 - osv_monitor - INFO - 下载文件 https://storage.googleapis.com/osv-vulnerabilities/all.zip 到 data/all.tmp 成功
2025-08-23 15:10:04,333 - osv_monitor - INFO - [+] 更新同步 all.zip 最后修改时间: 2025-08-23 14:54:33
2025-08-23 15:10:04,333 - osv_monitor - INFO - 已下载 all.zip
2025-08-23 15:10:04,334 - osv_monitor - INFO - [+] 同步 OSV 数据完成
2025-08-23 15:10:04,334 - osv_monitor - INFO - 同步完成
2025-08-23 15:11:01,903 - osv_monitor - INFO - 解压缩文件完成
2025-08-23 18:11:56,845 - osv_monitor - INFO - 开始同步OSV漏洞数据...
2025-08-23 18:11:56,845 - osv_monitor - INFO - 正在搜索主页的生态系统列表...
2025-08-23 18:11:56,845 - osv_monitor - INFO - 正在获取 https://storage.googleapis.com/osv-vulnerabilities/index.html 页面...
2025-08-23 18:12:00,954 - osv_monitor - INFO - 找到 431 个生态系统
2025-08-23 18:12:00,955 - osv_monitor - INFO - all.zip 需要更新
2025-08-23 18:12:07,390 - osv_monitor - INFO - 下载文件 https://storage.googleapis.com/osv-vulnerabilities/all.zip 到 data/all.tmp 成功
2025-08-23 18:12:07,392 - osv_monitor - INFO - [+] 更新同步 all.zip 最后修改时间: 2025-08-23 17:57:08
2025-08-23 18:12:07,392 - osv_monitor - INFO - 已下载 all.zip
2025-08-23 18:12:07,392 - osv_monitor - INFO - [+] 同步 OSV 数据完成
2025-08-23 18:12:07,392 - osv_monitor - INFO - 同步完成
2025-08-23 18:13:06,328 - osv_monitor - INFO - 解压缩文件完成
2025-08-23 21:08:27,939 - osv_monitor - INFO - 开始同步OSV漏洞数据...
2025-08-23 21:08:27,939 - osv_monitor - INFO - 正在搜索主页的生态系统列表...
2025-08-23 21:08:27,939 - osv_monitor - INFO - 正在获取 https://storage.googleapis.com/osv-vulnerabilities/index.html 页面...
2025-08-23 21:08:31,997 - osv_monitor - INFO - 找到 431 个生态系统
2025-08-23 21:08:31,998 - osv_monitor - INFO - all.zip 需要更新
2025-08-23 21:08:35,715 - osv_monitor - INFO - 下载文件 https://storage.googleapis.com/osv-vulnerabilities/all.zip 到 data/all.tmp 成功
2025-08-23 21:08:35,717 - osv_monitor - INFO - [+] 更新同步 all.zip 最后修改时间: 2025-08-23 20:51:12
2025-08-23 21:08:35,717 - osv_monitor - INFO - 已下载 all.zip
2025-08-23 21:08:35,717 - osv_monitor - INFO - [+] 同步 OSV 数据完成
2025-08-23 21:08:35,717 - osv_monitor - INFO - 同步完成
2025-08-23 21:09:39,624 - osv_monitor - INFO - 解压缩文件完成
