2025-07-22 00:48:03,349 - osv_monitor - INFO - 开始同步OSV漏洞数据...
2025-07-22 00:48:03,349 - osv_monitor - INFO - 正在搜索主页的生态系统列表...
2025-07-22 00:48:03,349 - osv_monitor - INFO - 正在获取 https://storage.googleapis.com/osv-vulnerabilities/index.html 页面...
2025-07-22 00:48:06,964 - osv_monitor - INFO - 找到 429 个生态系统
2025-07-22 00:48:06,965 - osv_monitor - INFO - all.zip 需要更新
2025-07-22 00:48:10,017 - osv_monitor - INFO - 下载文件 https://storage.googleapis.com/osv-vulnerabilities/all.zip 到 data/all.tmp 成功
2025-07-22 00:48:10,017 - osv_monitor - INFO - [+] 更新同步 all.zip 最后修改时间: 2025-07-21 23:49:25
2025-07-22 00:48:10,017 - osv_monitor - INFO - 已下载 all.zip
2025-07-22 00:48:10,017 - osv_monitor - INFO - [+] 同步 OSV 数据完成
2025-07-22 00:48:10,017 - osv_monitor - INFO - 同步完成
2025-07-22 00:49:02,978 - osv_monitor - INFO - 解压缩文件完成
2025-07-22 03:56:05,097 - osv_monitor - INFO - 开始同步OSV漏洞数据...
2025-07-22 03:56:05,097 - osv_monitor - INFO - 正在搜索主页的生态系统列表...
2025-07-22 03:56:05,097 - osv_monitor - INFO - 正在获取 https://storage.googleapis.com/osv-vulnerabilities/index.html 页面...
2025-07-22 03:56:08,735 - osv_monitor - INFO - 找到 429 个生态系统
2025-07-22 03:56:08,736 - osv_monitor - INFO - all.zip 需要更新
2025-07-22 03:56:12,435 - osv_monitor - INFO - 下载文件 https://storage.googleapis.com/osv-vulnerabilities/all.zip 到 data/all.tmp 成功
2025-07-22 03:56:12,436 - osv_monitor - INFO - [+] 更新同步 all.zip 最后修改时间: 2025-07-22 03:25:40
2025-07-22 03:56:12,436 - osv_monitor - INFO - 已下载 all.zip
2025-07-22 03:56:12,436 - osv_monitor - INFO - [+] 同步 OSV 数据完成
2025-07-22 03:56:12,436 - osv_monitor - INFO - 同步完成
2025-07-22 03:57:05,292 - osv_monitor - INFO - 解压缩文件完成
2025-07-22 06:17:38,718 - osv_monitor - INFO - 开始同步OSV漏洞数据...
2025-07-22 06:17:38,718 - osv_monitor - INFO - 正在搜索主页的生态系统列表...
2025-07-22 06:17:38,719 - osv_monitor - INFO - 正在获取 https://storage.googleapis.com/osv-vulnerabilities/index.html 页面...
2025-07-22 06:17:44,564 - osv_monitor - INFO - 找到 429 个生态系统
2025-07-22 06:17:44,565 - osv_monitor - INFO - all.zip 需要更新
2025-07-22 06:17:49,788 - osv_monitor - INFO - 下载文件 https://storage.googleapis.com/osv-vulnerabilities/all.zip 到 data/all.tmp 成功
2025-07-22 06:17:49,789 - osv_monitor - INFO - [+] 更新同步 all.zip 最后修改时间: 2025-07-22 05:23:04
2025-07-22 06:17:49,789 - osv_monitor - INFO - 已下载 all.zip
2025-07-22 06:17:49,789 - osv_monitor - INFO - [+] 同步 OSV 数据完成
2025-07-22 06:17:49,789 - osv_monitor - INFO - 同步完成
2025-07-22 06:18:42,051 - osv_monitor - INFO - 解压缩文件完成
