2025-05-28 00:53:25,650 - osv_monitor - INFO - 开始同步OSV漏洞数据...
2025-05-28 00:53:25,651 - osv_monitor - INFO - 正在搜索主页的生态系统列表...
2025-05-28 00:53:25,651 - osv_monitor - INFO - 正在获取 https://storage.googleapis.com/osv-vulnerabilities/index.html 页面...
2025-05-28 00:53:31,546 - osv_monitor - INFO - 找到 428 个生态系统
2025-05-28 00:53:31,546 - osv_monitor - INFO - all.zip 需要更新
2025-05-28 00:53:34,393 - osv_monitor - INFO - 下载文件 https://storage.googleapis.com/osv-vulnerabilities/all.zip 到 data/all.tmp 成功
2025-05-28 00:53:34,393 - osv_monitor - INFO - [+] 更新同步 all.zip 最后修改时间: 2025-05-27 23:33:27
2025-05-28 00:53:34,393 - osv_monitor - INFO - 已下载 all.zip
2025-05-28 00:53:34,393 - osv_monitor - INFO - [+] 同步 OSV 数据完成
2025-05-28 00:53:34,394 - osv_monitor - INFO - 同步完成
2025-05-28 00:54:29,194 - osv_monitor - INFO - 解压缩文件完成
2025-05-28 02:31:43,727 - osv_monitor - INFO - 开始同步OSV漏洞数据...
2025-05-28 02:31:43,727 - osv_monitor - INFO - 正在搜索主页的生态系统列表...
2025-05-28 02:31:43,728 - osv_monitor - INFO - 正在获取 https://storage.googleapis.com/osv-vulnerabilities/index.html 页面...
2025-05-28 02:31:47,987 - osv_monitor - INFO - 找到 428 个生态系统
2025-05-28 02:31:47,988 - osv_monitor - INFO - all.zip 需要更新
2025-05-28 02:31:52,706 - osv_monitor - INFO - 下载文件 https://storage.googleapis.com/osv-vulnerabilities/all.zip 到 data/all.tmp 成功
2025-05-28 02:31:52,707 - osv_monitor - INFO - [+] 更新同步 all.zip 最后修改时间: 2025-05-28 02:31:32
2025-05-28 02:31:52,707 - osv_monitor - INFO - 已下载 all.zip
2025-05-28 02:31:52,707 - osv_monitor - INFO - [+] 同步 OSV 数据完成
2025-05-28 02:31:52,707 - osv_monitor - INFO - 同步完成
2025-05-28 02:32:48,107 - osv_monitor - INFO - 解压缩文件完成
