2025-06-08 03:02:06,361 - osv_monitor - INFO - 开始同步OSV漏洞数据...
2025-06-08 03:02:06,361 - osv_monitor - INFO - 正在搜索主页的生态系统列表...
2025-06-08 03:02:06,361 - osv_monitor - INFO - 正在获取 https://storage.googleapis.com/osv-vulnerabilities/index.html 页面...
2025-06-08 03:02:13,496 - osv_monitor - INFO - 找到 429 个生态系统
2025-06-08 03:02:13,497 - osv_monitor - INFO - all.zip 需要更新
2025-06-08 03:02:17,936 - osv_monitor - INFO - 下载文件 https://storage.googleapis.com/osv-vulnerabilities/all.zip 到 data/all.tmp 成功
2025-06-08 03:02:17,937 - osv_monitor - INFO - [+] 更新同步 all.zip 最后修改时间: 2025-06-08 01:34:53
2025-06-08 03:02:17,937 - osv_monitor - INFO - 已下载 all.zip
2025-06-08 03:02:17,937 - osv_monitor - INFO - [+] 同步 OSV 数据完成
2025-06-08 03:02:17,937 - osv_monitor - INFO - 同步完成
2025-06-08 03:03:14,086 - osv_monitor - INFO - 解压缩文件完成
2025-06-08 03:53:36,464 - osv_monitor - INFO - 开始同步OSV漏洞数据...
2025-06-08 03:53:36,464 - osv_monitor - INFO - 正在搜索主页的生态系统列表...
2025-06-08 03:53:36,464 - osv_monitor - INFO - 正在获取 https://storage.googleapis.com/osv-vulnerabilities/index.html 页面...
2025-06-08 03:53:40,909 - osv_monitor - INFO - 找到 429 个生态系统
2025-06-08 03:53:40,910 - osv_monitor - INFO - all.zip 需要更新
2025-06-08 03:53:44,688 - osv_monitor - INFO - 下载文件 https://storage.googleapis.com/osv-vulnerabilities/all.zip 到 data/all.tmp 成功
2025-06-08 03:53:44,688 - osv_monitor - INFO - [+] 更新同步 all.zip 最后修改时间: 2025-06-08 03:11:11
2025-06-08 03:53:44,689 - osv_monitor - INFO - 已下载 all.zip
2025-06-08 03:53:44,689 - osv_monitor - INFO - [+] 同步 OSV 数据完成
2025-06-08 03:53:44,689 - osv_monitor - INFO - 同步完成
2025-06-08 03:54:40,331 - osv_monitor - INFO - 解压缩文件完成
2025-06-08 06:15:03,594 - osv_monitor - INFO - 开始同步OSV漏洞数据...
2025-06-08 06:15:03,594 - osv_monitor - INFO - 正在搜索主页的生态系统列表...
2025-06-08 06:15:03,594 - osv_monitor - INFO - 正在获取 https://storage.googleapis.com/osv-vulnerabilities/index.html 页面...
2025-06-08 06:15:12,770 - osv_monitor - INFO - 找到 429 个生态系统
2025-06-08 06:15:12,771 - osv_monitor - INFO - all.zip 需要更新
2025-06-08 06:15:17,398 - osv_monitor - INFO - 下载文件 https://storage.googleapis.com/osv-vulnerabilities/all.zip 到 data/all.tmp 成功
2025-06-08 06:15:17,398 - osv_monitor - INFO - [+] 更新同步 all.zip 最后修改时间: 2025-06-08 06:00:06
2025-06-08 06:15:17,398 - osv_monitor - INFO - 已下载 all.zip
2025-06-08 06:15:17,398 - osv_monitor - INFO - [+] 同步 OSV 数据完成
2025-06-08 06:15:17,398 - osv_monitor - INFO - 同步完成
2025-06-08 06:16:13,076 - osv_monitor - INFO - 解压缩文件完成
2025-06-08 09:10:53,245 - osv_monitor - INFO - 开始同步OSV漏洞数据...
2025-06-08 09:10:53,245 - osv_monitor - INFO - 正在搜索主页的生态系统列表...
2025-06-08 09:10:53,245 - osv_monitor - INFO - 正在获取 https://storage.googleapis.com/osv-vulnerabilities/index.html 页面...
2025-06-08 09:11:00,435 - osv_monitor - INFO - 找到 429 个生态系统
2025-06-08 09:11:00,436 - osv_monitor - INFO - all.zip 需要更新
2025-06-08 09:11:05,302 - osv_monitor - INFO - 下载文件 https://storage.googleapis.com/osv-vulnerabilities/all.zip 到 data/all.tmp 成功
2025-06-08 09:11:05,303 - osv_monitor - INFO - [+] 更新同步 all.zip 最后修改时间: 2025-06-08 08:32:36
2025-06-08 09:11:05,303 - osv_monitor - INFO - 已下载 all.zip
2025-06-08 09:11:05,303 - osv_monitor - INFO - [+] 同步 OSV 数据完成
2025-06-08 09:11:05,303 - osv_monitor - INFO - 同步完成
2025-06-08 09:11:59,977 - osv_monitor - INFO - 解压缩文件完成
