2025-07-14 00:51:50,162 - osv_monitor - INFO - 开始同步OSV漏洞数据...
2025-07-14 00:51:50,162 - osv_monitor - INFO - 正在搜索主页的生态系统列表...
2025-07-14 00:51:50,162 - osv_monitor - INFO - 正在获取 https://storage.googleapis.com/osv-vulnerabilities/index.html 页面...
2025-07-14 00:51:55,320 - osv_monitor - INFO - 找到 429 个生态系统
2025-07-14 00:51:55,321 - osv_monitor - INFO - all.zip 需要更新
2025-07-14 00:52:00,283 - osv_monitor - INFO - 下载文件 https://storage.googleapis.com/osv-vulnerabilities/all.zip 到 data/all.tmp 成功
2025-07-14 00:52:00,283 - osv_monitor - INFO - [+] 更新同步 all.zip 最后修改时间: 2025-07-13 23:18:57
2025-07-14 00:52:00,283 - osv_monitor - INFO - 已下载 all.zip
2025-07-14 00:52:00,283 - osv_monitor - INFO - [+] 同步 OSV 数据完成
2025-07-14 00:52:00,284 - osv_monitor - INFO - 同步完成
2025-07-14 00:52:58,429 - osv_monitor - INFO - 解压缩文件完成
2025-07-14 03:59:18,995 - osv_monitor - INFO - 开始同步OSV漏洞数据...
2025-07-14 03:59:18,995 - osv_monitor - INFO - 正在搜索主页的生态系统列表...
2025-07-14 03:59:18,995 - osv_monitor - INFO - 正在获取 https://storage.googleapis.com/osv-vulnerabilities/index.html 页面...
2025-07-14 03:59:24,089 - osv_monitor - INFO - 找到 429 个生态系统
2025-07-14 03:59:24,090 - osv_monitor - INFO - all.zip 需要更新
2025-07-14 03:59:28,403 - osv_monitor - INFO - 下载文件 https://storage.googleapis.com/osv-vulnerabilities/all.zip 到 data/all.tmp 成功
2025-07-14 03:59:28,403 - osv_monitor - INFO - [+] 更新同步 all.zip 最后修改时间: 2025-07-14 03:40:01
2025-07-14 03:59:28,403 - osv_monitor - INFO - 已下载 all.zip
2025-07-14 03:59:28,403 - osv_monitor - INFO - [+] 同步 OSV 数据完成
2025-07-14 03:59:28,403 - osv_monitor - INFO - 同步完成
2025-07-14 04:00:26,723 - osv_monitor - INFO - 解压缩文件完成
2025-07-14 06:18:41,508 - osv_monitor - INFO - 开始同步OSV漏洞数据...
2025-07-14 06:18:41,508 - osv_monitor - INFO - 正在搜索主页的生态系统列表...
2025-07-14 06:18:41,508 - osv_monitor - INFO - 正在获取 https://storage.googleapis.com/osv-vulnerabilities/index.html 页面...
2025-07-14 06:18:50,803 - osv_monitor - INFO - 找到 429 个生态系统
2025-07-14 06:18:50,804 - osv_monitor - INFO - all.zip 需要更新
2025-07-14 06:18:55,183 - osv_monitor - INFO - 下载文件 https://storage.googleapis.com/osv-vulnerabilities/all.zip 到 data/all.tmp 成功
2025-07-14 06:18:55,184 - osv_monitor - INFO - [+] 更新同步 all.zip 最后修改时间: 2025-07-14 05:08:22
2025-07-14 06:18:55,184 - osv_monitor - INFO - 已下载 all.zip
2025-07-14 06:18:55,184 - osv_monitor - INFO - [+] 同步 OSV 数据完成
2025-07-14 06:18:55,184 - osv_monitor - INFO - 同步完成
2025-07-14 06:19:53,076 - osv_monitor - INFO - 解压缩文件完成
2025-07-14 09:19:48,909 - osv_monitor - INFO - 开始同步OSV漏洞数据...
2025-07-14 09:19:48,909 - osv_monitor - INFO - 正在搜索主页的生态系统列表...
2025-07-14 09:19:48,909 - osv_monitor - INFO - 正在获取 https://storage.googleapis.com/osv-vulnerabilities/index.html 页面...
2025-07-14 09:19:52,560 - osv_monitor - INFO - 找到 429 个生态系统
2025-07-14 09:19:52,561 - osv_monitor - INFO - all.zip 需要更新
2025-07-14 09:19:57,817 - osv_monitor - INFO - 下载文件 https://storage.googleapis.com/osv-vulnerabilities/all.zip 到 data/all.tmp 成功
2025-07-14 09:19:57,818 - osv_monitor - INFO - [+] 更新同步 all.zip 最后修改时间: 2025-07-14 08:07:50
2025-07-14 09:19:57,818 - osv_monitor - INFO - 已下载 all.zip
2025-07-14 09:19:57,818 - osv_monitor - INFO - [+] 同步 OSV 数据完成
2025-07-14 09:19:57,818 - osv_monitor - INFO - 同步完成
2025-07-14 09:20:52,997 - osv_monitor - INFO - 解压缩文件完成
2025-07-14 12:21:13,219 - osv_monitor - INFO - 开始同步OSV漏洞数据...
2025-07-14 12:21:13,219 - osv_monitor - INFO - 正在搜索主页的生态系统列表...
2025-07-14 12:21:13,219 - osv_monitor - INFO - 正在获取 https://storage.googleapis.com/osv-vulnerabilities/index.html 页面...
2025-07-14 12:21:21,761 - osv_monitor - INFO - 找到 429 个生态系统
2025-07-14 12:21:21,762 - osv_monitor - INFO - all.zip 需要更新
2025-07-14 12:21:25,920 - osv_monitor - INFO - 下载文件 https://storage.googleapis.com/osv-vulnerabilities/all.zip 到 data/all.tmp 成功
2025-07-14 12:21:25,921 - osv_monitor - INFO - [+] 更新同步 all.zip 最后修改时间: 2025-07-14 11:06:44
2025-07-14 12:21:25,921 - osv_monitor - INFO - 已下载 all.zip
2025-07-14 12:21:25,921 - osv_monitor - INFO - [+] 同步 OSV 数据完成
2025-07-14 12:21:25,921 - osv_monitor - INFO - 同步完成
2025-07-14 12:22:22,768 - osv_monitor - INFO - 解压缩文件完成
2025-07-14 15:13:27,432 - osv_monitor - INFO - 开始同步OSV漏洞数据...
2025-07-14 15:13:27,433 - osv_monitor - INFO - 正在搜索主页的生态系统列表...
2025-07-14 15:13:27,433 - osv_monitor - INFO - 正在获取 https://storage.googleapis.com/osv-vulnerabilities/index.html 页面...
2025-07-14 15:13:33,219 - osv_monitor - INFO - 找到 429 个生态系统
2025-07-14 15:13:33,220 - osv_monitor - INFO - all.zip 需要更新
2025-07-14 15:13:37,477 - osv_monitor - INFO - 下载文件 https://storage.googleapis.com/osv-vulnerabilities/all.zip 到 data/all.tmp 成功
2025-07-14 15:13:37,478 - osv_monitor - INFO - [+] 更新同步 all.zip 最后修改时间: 2025-07-14 14:09:23
2025-07-14 15:13:37,478 - osv_monitor - INFO - 已下载 all.zip
2025-07-14 15:13:37,478 - osv_monitor - INFO - [+] 同步 OSV 数据完成
2025-07-14 15:13:37,478 - osv_monitor - INFO - 同步完成
2025-07-14 15:14:34,886 - osv_monitor - INFO - 解压缩文件完成
2025-07-14 18:17:03,011 - osv_monitor - INFO - 开始同步OSV漏洞数据...
2025-07-14 18:17:03,011 - osv_monitor - INFO - 正在搜索主页的生态系统列表...
2025-07-14 18:17:03,011 - osv_monitor - INFO - 正在获取 https://storage.googleapis.com/osv-vulnerabilities/index.html 页面...
2025-07-14 18:17:09,327 - osv_monitor - INFO - 找到 429 个生态系统
2025-07-14 18:17:09,328 - osv_monitor - INFO - all.zip 需要更新
2025-07-14 18:17:13,129 - osv_monitor - INFO - 下载文件 https://storage.googleapis.com/osv-vulnerabilities/all.zip 到 data/all.tmp 成功
2025-07-14 18:17:13,130 - osv_monitor - INFO - [+] 更新同步 all.zip 最后修改时间: 2025-07-14 17:07:18
2025-07-14 18:17:13,130 - osv_monitor - INFO - 已下载 all.zip
2025-07-14 18:17:13,130 - osv_monitor - INFO - [+] 同步 OSV 数据完成
2025-07-14 18:17:13,130 - osv_monitor - INFO - 同步完成
2025-07-14 18:18:11,586 - osv_monitor - INFO - 解压缩文件完成
2025-07-14 21:11:55,560 - osv_monitor - INFO - 开始同步OSV漏洞数据...
2025-07-14 21:11:55,560 - osv_monitor - INFO - 正在搜索主页的生态系统列表...
2025-07-14 21:11:55,560 - osv_monitor - INFO - 正在获取 https://storage.googleapis.com/osv-vulnerabilities/index.html 页面...
2025-07-14 21:12:01,116 - osv_monitor - INFO - 找到 429 个生态系统
2025-07-14 21:12:01,117 - osv_monitor - INFO - all.zip 需要更新
2025-07-14 21:12:07,034 - osv_monitor - INFO - 下载文件 https://storage.googleapis.com/osv-vulnerabilities/all.zip 到 data/all.tmp 成功
2025-07-14 21:12:07,035 - osv_monitor - INFO - [+] 更新同步 all.zip 最后修改时间: 2025-07-14 20:23:08
2025-07-14 21:12:07,035 - osv_monitor - INFO - 已下载 all.zip
2025-07-14 21:12:07,035 - osv_monitor - INFO - [+] 同步 OSV 数据完成
2025-07-14 21:12:07,035 - osv_monitor - INFO - 同步完成
2025-07-14 21:13:04,356 - osv_monitor - INFO - 解压缩文件完成
