2025-11-28 00:05:43,778 - osv_monitor - INFO - 开始同步OSV漏洞数据...
2025-11-28 00:05:43,778 - osv_monitor - INFO - 正在搜索主页的生态系统列表...
2025-11-28 00:05:43,778 - osv_monitor - INFO - 正在获取 https://storage.googleapis.com/osv-vulnerabilities/index.html 页面...
2025-11-28 00:05:47,007 - osv_monitor - INFO - 找到 97 个生态系统
2025-11-28 00:05:47,009 - osv_monitor - INFO - all.zip 需要更新
2025-11-28 00:05:57,108 - osv_monitor - INFO - 下载文件 https://storage.googleapis.com/osv-vulnerabilities/all.zip 到 data/all.tmp 成功
2025-11-28 00:05:57,110 - osv_monitor - INFO - [+] 更新同步 all.zip 最后修改时间: 2025-11-27 23:58:23
2025-11-28 00:05:57,110 - osv_monitor - INFO - 已下载 all.zip
2025-11-28 00:05:57,110 - osv_monitor - INFO - [+] 同步 OSV 数据完成
2025-11-28 00:05:57,110 - osv_monitor - INFO - 同步完成
2025-11-28 00:06:58,276 - osv_monitor - INFO - 解压缩文件完成
2025-11-28 12:04:26,759 - osv_monitor - INFO - 开始同步OSV漏洞数据...
2025-11-28 12:04:26,759 - osv_monitor - INFO - 正在搜索主页的生态系统列表...
2025-11-28 12:04:26,759 - osv_monitor - INFO - 正在获取 https://storage.googleapis.com/osv-vulnerabilities/index.html 页面...
2025-11-28 12:04:29,607 - osv_monitor - INFO - 找到 97 个生态系统
2025-11-28 12:04:29,609 - osv_monitor - INFO - all.zip 需要更新
2025-11-28 12:04:36,351 - osv_monitor - INFO - 下载文件 https://storage.googleapis.com/osv-vulnerabilities/all.zip 到 data/all.tmp 成功
2025-11-28 12:04:36,353 - osv_monitor - INFO - [+] 更新同步 all.zip 最后修改时间: 2025-11-28 11:58:23
2025-11-28 12:04:36,353 - osv_monitor - INFO - 已下载 all.zip
2025-11-28 12:04:36,353 - osv_monitor - INFO - [+] 同步 OSV 数据完成
2025-11-28 12:04:36,353 - osv_monitor - INFO - 同步完成
2025-11-28 12:06:07,943 - osv_monitor - INFO - 解压缩文件完成
