2025-09-09 00:44:32,723 - osv_monitor - INFO - 开始同步OSV漏洞数据...
2025-09-09 00:44:32,723 - osv_monitor - INFO - 正在搜索主页的生态系统列表...
2025-09-09 00:44:32,724 - osv_monitor - INFO - 正在获取 https://storage.googleapis.com/osv-vulnerabilities/index.html 页面...
2025-09-09 00:44:36,345 - osv_monitor - INFO - 找到 93 个生态系统
2025-09-09 00:44:36,346 - osv_monitor - INFO - all.zip 需要更新
2025-09-09 00:44:43,560 - osv_monitor - INFO - 下载文件 https://storage.googleapis.com/osv-vulnerabilities/all.zip 到 data/all.tmp 成功
2025-09-09 00:44:43,562 - osv_monitor - INFO - [+] 更新同步 all.zip 最后修改时间: 2025-09-09 00:07:53
2025-09-09 00:44:43,562 - osv_monitor - INFO - 已下载 all.zip
2025-09-09 00:44:43,562 - osv_monitor - INFO - [+] 同步 OSV 数据完成
2025-09-09 00:44:43,562 - osv_monitor - INFO - 同步完成
2025-09-09 00:45:48,046 - osv_monitor - INFO - 解压缩文件完成
2025-09-09 12:22:04,559 - osv_monitor - INFO - 开始同步OSV漏洞数据...
2025-09-09 12:22:04,559 - osv_monitor - INFO - 正在搜索主页的生态系统列表...
2025-09-09 12:22:04,559 - osv_monitor - INFO - 正在获取 https://storage.googleapis.com/osv-vulnerabilities/index.html 页面...
2025-09-09 12:22:09,086 - osv_monitor - INFO - 找到 93 个生态系统
2025-09-09 12:22:09,087 - osv_monitor - INFO - all.zip 需要更新
2025-09-09 12:22:14,233 - osv_monitor - INFO - 下载文件 https://storage.googleapis.com/osv-vulnerabilities/all.zip 到 data/all.tmp 成功
2025-09-09 12:22:14,235 - osv_monitor - INFO - [+] 更新同步 all.zip 最后修改时间: 2025-09-09 12:01:47
2025-09-09 12:22:14,235 - osv_monitor - INFO - 已下载 all.zip
2025-09-09 12:22:14,235 - osv_monitor - INFO - [+] 同步 OSV 数据完成
2025-09-09 12:22:14,235 - osv_monitor - INFO - 同步完成
2025-09-09 12:23:20,086 - osv_monitor - INFO - 解压缩文件完成
