2025-08-11 00:51:49,625 - osv_monitor - INFO - 开始同步OSV漏洞数据...
2025-08-11 00:51:49,625 - osv_monitor - INFO - 正在搜索主页的生态系统列表...
2025-08-11 00:51:49,625 - osv_monitor - INFO - 正在获取 https://storage.googleapis.com/osv-vulnerabilities/index.html 页面...
2025-08-11 00:51:53,454 - osv_monitor - INFO - 找到 431 个生态系统
2025-08-11 00:51:53,456 - osv_monitor - INFO - all.zip 需要更新
2025-08-11 00:51:56,334 - osv_monitor - INFO - 下载文件 https://storage.googleapis.com/osv-vulnerabilities/all.zip 到 data/all.tmp 成功
2025-08-11 00:51:56,335 - osv_monitor - INFO - [+] 更新同步 all.zip 最后修改时间: 2025-08-10 23:55:33
2025-08-11 00:51:56,335 - osv_monitor - INFO - 已下载 all.zip
2025-08-11 00:51:56,335 - osv_monitor - INFO - [+] 同步 OSV 数据完成
2025-08-11 00:51:56,335 - osv_monitor - INFO - 同步完成
2025-08-11 00:52:51,993 - osv_monitor - INFO - 解压缩文件完成
2025-08-11 04:01:29,497 - osv_monitor - INFO - 开始同步OSV漏洞数据...
2025-08-11 04:01:29,497 - osv_monitor - INFO - 正在搜索主页的生态系统列表...
2025-08-11 04:01:29,497 - osv_monitor - INFO - 正在获取 https://storage.googleapis.com/osv-vulnerabilities/index.html 页面...
2025-08-11 04:01:33,026 - osv_monitor - INFO - 找到 431 个生态系统
2025-08-11 04:01:33,027 - osv_monitor - INFO - all.zip 需要更新
2025-08-11 04:01:37,074 - osv_monitor - INFO - 下载文件 https://storage.googleapis.com/osv-vulnerabilities/all.zip 到 data/all.tmp 成功
2025-08-11 04:01:37,075 - osv_monitor - INFO - [+] 更新同步 all.zip 最后修改时间: 2025-08-11 03:54:51
2025-08-11 04:01:37,075 - osv_monitor - INFO - 已下载 all.zip
2025-08-11 04:01:37,075 - osv_monitor - INFO - [+] 同步 OSV 数据完成
2025-08-11 04:01:37,075 - osv_monitor - INFO - 同步完成
2025-08-11 04:02:32,405 - osv_monitor - INFO - 解压缩文件完成
