2025-12-02 00:05:44,132 - osv_monitor - INFO - 开始同步OSV漏洞数据...
2025-12-02 00:05:44,132 - osv_monitor - INFO - 正在搜索主页的生态系统列表...
2025-12-02 00:05:44,132 - osv_monitor - INFO - 正在获取 https://storage.googleapis.com/osv-vulnerabilities/index.html 页面...
2025-12-02 00:05:47,503 - osv_monitor - INFO - 找到 97 个生态系统
2025-12-02 00:05:47,504 - osv_monitor - INFO - all.zip 需要更新
2025-12-02 00:06:05,376 - osv_monitor - INFO - 下载文件 https://storage.googleapis.com/osv-vulnerabilities/all.zip 到 data/all.tmp 成功
2025-12-02 00:06:05,378 - osv_monitor - INFO - [+] 更新同步 all.zip 最后修改时间: 2025-12-01 23:58:37
2025-12-02 00:06:05,378 - osv_monitor - INFO - 已下载 all.zip
2025-12-02 00:06:05,378 - osv_monitor - INFO - [+] 同步 OSV 数据完成
2025-12-02 00:06:05,378 - osv_monitor - INFO - 同步完成
2025-12-02 00:07:40,258 - osv_monitor - INFO - 解压缩文件完成
2025-12-02 12:04:05,762 - osv_monitor - INFO - 开始同步OSV漏洞数据...
2025-12-02 12:04:05,762 - osv_monitor - INFO - 正在搜索主页的生态系统列表...
2025-12-02 12:04:05,762 - osv_monitor - INFO - 正在获取 https://storage.googleapis.com/osv-vulnerabilities/index.html 页面...
2025-12-02 12:04:08,504 - osv_monitor - INFO - 找到 97 个生态系统
2025-12-02 12:04:08,505 - osv_monitor - INFO - all.zip 需要更新
2025-12-02 12:04:13,561 - osv_monitor - INFO - 下载文件 https://storage.googleapis.com/osv-vulnerabilities/all.zip 到 data/all.tmp 成功
2025-12-02 12:04:13,563 - osv_monitor - INFO - [+] 更新同步 all.zip 最后修改时间: 2025-12-02 11:58:14
2025-12-02 12:04:13,563 - osv_monitor - INFO - 已下载 all.zip
2025-12-02 12:04:13,563 - osv_monitor - INFO - [+] 同步 OSV 数据完成
2025-12-02 12:04:13,563 - osv_monitor - INFO - 同步完成
2025-12-02 12:05:43,949 - osv_monitor - INFO - 解压缩文件完成
