2026-01-16 00:05:38,864 - osv_monitor - INFO - 开始同步OSV漏洞数据...
2026-01-16 00:05:38,864 - osv_monitor - INFO - 正在搜索主页的生态系统列表...
2026-01-16 00:05:38,864 - osv_monitor - INFO - 正在获取 https://storage.googleapis.com/osv-vulnerabilities/index.html 页面...
2026-01-16 00:05:42,383 - osv_monitor - INFO - 找到 97 个生态系统
2026-01-16 00:05:42,385 - osv_monitor - INFO - all.zip 需要更新
2026-01-16 00:05:53,815 - osv_monitor - INFO - 下载文件 https://storage.googleapis.com/osv-vulnerabilities/all.zip 到 data/all.tmp 成功
2026-01-16 00:05:53,817 - osv_monitor - INFO - [+] 更新同步 all.zip 最后修改时间: 2026-01-15 23:58:43
2026-01-16 00:05:53,817 - osv_monitor - INFO - 已下载 all.zip
2026-01-16 00:05:53,817 - osv_monitor - INFO - [+] 同步 OSV 数据完成
2026-01-16 00:05:53,817 - osv_monitor - INFO - 同步完成
2026-01-16 00:07:34,541 - osv_monitor - INFO - 解压缩文件完成
2026-01-16 12:04:03,252 - osv_monitor - INFO - 开始同步OSV漏洞数据...
2026-01-16 12:04:03,252 - osv_monitor - INFO - 正在搜索主页的生态系统列表...
2026-01-16 12:04:03,252 - osv_monitor - INFO - 正在获取 https://storage.googleapis.com/osv-vulnerabilities/index.html 页面...
2026-01-16 12:04:06,685 - osv_monitor - INFO - 找到 97 个生态系统
2026-01-16 12:04:06,687 - osv_monitor - INFO - all.zip 需要更新
2026-01-16 12:04:16,336 - osv_monitor - INFO - 下载文件 https://storage.googleapis.com/osv-vulnerabilities/all.zip 到 data/all.tmp 成功
2026-01-16 12:04:16,338 - osv_monitor - INFO - [+] 更新同步 all.zip 最后修改时间: 2026-01-16 11:46:05
2026-01-16 12:04:16,338 - osv_monitor - INFO - 已下载 all.zip
2026-01-16 12:04:16,338 - osv_monitor - INFO - [+] 同步 OSV 数据完成
2026-01-16 12:04:16,338 - osv_monitor - INFO - 同步完成
2026-01-16 12:05:50,356 - osv_monitor - INFO - 解压缩文件完成
