2025-06-26 00:45:31,976 - osv_monitor - INFO - 开始同步OSV漏洞数据...
2025-06-26 00:45:31,977 - osv_monitor - INFO - 正在搜索主页的生态系统列表...
2025-06-26 00:45:31,977 - osv_monitor - INFO - 正在获取 https://storage.googleapis.com/osv-vulnerabilities/index.html 页面...
2025-06-26 00:45:35,752 - osv_monitor - INFO - 找到 429 个生态系统
2025-06-26 00:45:35,753 - osv_monitor - INFO - all.zip 需要更新
2025-06-26 00:45:39,368 - osv_monitor - INFO - 下载文件 https://storage.googleapis.com/osv-vulnerabilities/all.zip 到 data/all.tmp 成功
2025-06-26 00:45:39,368 - osv_monitor - INFO - [+] 更新同步 all.zip 最后修改时间: 2025-06-25 23:35:52
2025-06-26 00:45:39,369 - osv_monitor - INFO - 已下载 all.zip
2025-06-26 00:45:39,369 - osv_monitor - INFO - [+] 同步 OSV 数据完成
2025-06-26 00:45:39,369 - osv_monitor - INFO - 同步完成
2025-06-26 00:46:36,683 - osv_monitor - INFO - 解压缩文件完成
2025-06-26 03:44:01,926 - osv_monitor - INFO - 开始同步OSV漏洞数据...
2025-06-26 03:44:01,926 - osv_monitor - INFO - 正在搜索主页的生态系统列表...
2025-06-26 03:44:01,926 - osv_monitor - INFO - 正在获取 https://storage.googleapis.com/osv-vulnerabilities/index.html 页面...
2025-06-26 03:44:05,872 - osv_monitor - INFO - 找到 429 个生态系统
2025-06-26 03:44:05,873 - osv_monitor - INFO - all.zip 需要更新
2025-06-26 03:44:11,738 - osv_monitor - INFO - 下载文件 https://storage.googleapis.com/osv-vulnerabilities/all.zip 到 data/all.tmp 成功
2025-06-26 03:44:11,739 - osv_monitor - INFO - [+] 更新同步 all.zip 最后修改时间: 2025-06-26 02:41:14
2025-06-26 03:44:11,739 - osv_monitor - INFO - 已下载 all.zip
2025-06-26 03:44:11,739 - osv_monitor - INFO - [+] 同步 OSV 数据完成
2025-06-26 03:44:11,739 - osv_monitor - INFO - 同步完成
2025-06-26 03:45:08,508 - osv_monitor - INFO - 解压缩文件完成
2025-06-26 06:15:44,988 - osv_monitor - INFO - 开始同步OSV漏洞数据...
2025-06-26 06:15:44,988 - osv_monitor - INFO - 正在搜索主页的生态系统列表...
2025-06-26 06:15:44,989 - osv_monitor - INFO - 正在获取 https://storage.googleapis.com/osv-vulnerabilities/index.html 页面...
2025-06-26 06:15:48,944 - osv_monitor - INFO - 找到 429 个生态系统
2025-06-26 06:15:48,945 - osv_monitor - INFO - all.zip 需要更新
2025-06-26 06:15:55,246 - osv_monitor - INFO - 下载文件 https://storage.googleapis.com/osv-vulnerabilities/all.zip 到 data/all.tmp 成功
2025-06-26 06:15:55,247 - osv_monitor - INFO - [+] 更新同步 all.zip 最后修改时间: 2025-06-26 05:36:42
2025-06-26 06:15:55,247 - osv_monitor - INFO - 已下载 all.zip
2025-06-26 06:15:55,247 - osv_monitor - INFO - [+] 同步 OSV 数据完成
2025-06-26 06:15:55,247 - osv_monitor - INFO - 同步完成
2025-06-26 06:16:50,603 - osv_monitor - INFO - 解压缩文件完成
2025-06-26 09:12:46,002 - osv_monitor - INFO - 开始同步OSV漏洞数据...
2025-06-26 09:12:46,002 - osv_monitor - INFO - 正在搜索主页的生态系统列表...
2025-06-26 09:12:46,002 - osv_monitor - INFO - 正在获取 https://storage.googleapis.com/osv-vulnerabilities/index.html 页面...
2025-06-26 09:12:49,686 - osv_monitor - INFO - 找到 429 个生态系统
2025-06-26 09:12:49,687 - osv_monitor - INFO - all.zip 需要更新
2025-06-26 09:12:53,640 - osv_monitor - INFO - 下载文件 https://storage.googleapis.com/osv-vulnerabilities/all.zip 到 data/all.tmp 成功
2025-06-26 09:12:53,641 - osv_monitor - INFO - [+] 更新同步 all.zip 最后修改时间: 2025-06-26 08:40:12
2025-06-26 09:12:53,641 - osv_monitor - INFO - 已下载 all.zip
2025-06-26 09:12:53,641 - osv_monitor - INFO - [+] 同步 OSV 数据完成
2025-06-26 09:12:53,641 - osv_monitor - INFO - 同步完成
2025-06-26 09:13:50,272 - osv_monitor - INFO - 解压缩文件完成
