2025-07-04 00:46:23,512 - osv_monitor - INFO - 开始同步OSV漏洞数据...
2025-07-04 00:46:23,512 - osv_monitor - INFO - 正在搜索主页的生态系统列表...
2025-07-04 00:46:23,512 - osv_monitor - INFO - 正在获取 https://storage.googleapis.com/osv-vulnerabilities/index.html 页面...
2025-07-04 00:46:29,286 - osv_monitor - INFO - 找到 429 个生态系统
2025-07-04 00:46:29,287 - osv_monitor - INFO - all.zip 需要更新
2025-07-04 00:46:33,573 - osv_monitor - INFO - 下载文件 https://storage.googleapis.com/osv-vulnerabilities/all.zip 到 data/all.tmp 成功
2025-07-04 00:46:33,573 - osv_monitor - INFO - [+] 更新同步 all.zip 最后修改时间: 2025-07-04 00:07:02
2025-07-04 00:46:33,573 - osv_monitor - INFO - 已下载 all.zip
2025-07-04 00:46:33,574 - osv_monitor - INFO - [+] 同步 OSV 数据完成
2025-07-04 00:46:33,574 - osv_monitor - INFO - 同步完成
2025-07-04 00:47:30,707 - osv_monitor - INFO - 解压缩文件完成
2025-07-04 03:45:01,738 - osv_monitor - INFO - 开始同步OSV漏洞数据...
2025-07-04 03:45:01,738 - osv_monitor - INFO - 正在搜索主页的生态系统列表...
2025-07-04 03:45:01,738 - osv_monitor - INFO - 正在获取 https://storage.googleapis.com/osv-vulnerabilities/index.html 页面...
2025-07-04 03:45:07,618 - osv_monitor - INFO - 找到 429 个生态系统
2025-07-04 03:45:07,619 - osv_monitor - INFO - all.zip 需要更新
2025-07-04 03:45:15,216 - osv_monitor - INFO - 下载文件 https://storage.googleapis.com/osv-vulnerabilities/all.zip 到 data/all.tmp 成功
2025-07-04 03:45:15,217 - osv_monitor - INFO - [+] 更新同步 all.zip 最后修改时间: 2025-07-04 03:09:35
2025-07-04 03:45:15,217 - osv_monitor - INFO - 已下载 all.zip
2025-07-04 03:45:15,217 - osv_monitor - INFO - [+] 同步 OSV 数据完成
2025-07-04 03:45:15,217 - osv_monitor - INFO - 同步完成
2025-07-04 03:46:10,553 - osv_monitor - INFO - 解压缩文件完成
2025-07-04 06:17:08,639 - osv_monitor - INFO - 开始同步OSV漏洞数据...
2025-07-04 06:17:08,639 - osv_monitor - INFO - 正在搜索主页的生态系统列表...
2025-07-04 06:17:08,639 - osv_monitor - INFO - 正在获取 https://storage.googleapis.com/osv-vulnerabilities/index.html 页面...
2025-07-04 06:17:14,131 - osv_monitor - INFO - 找到 429 个生态系统
2025-07-04 06:17:14,132 - osv_monitor - INFO - all.zip 需要更新
2025-07-04 06:17:19,731 - osv_monitor - INFO - 下载文件 https://storage.googleapis.com/osv-vulnerabilities/all.zip 到 data/all.tmp 成功
2025-07-04 06:17:19,732 - osv_monitor - INFO - [+] 更新同步 all.zip 最后修改时间: 2025-07-04 06:05:17
2025-07-04 06:17:19,732 - osv_monitor - INFO - 已下载 all.zip
2025-07-04 06:17:19,732 - osv_monitor - INFO - [+] 同步 OSV 数据完成
2025-07-04 06:17:19,732 - osv_monitor - INFO - 同步完成
2025-07-04 06:18:16,851 - osv_monitor - INFO - 解压缩文件完成
2025-07-04 09:13:36,889 - osv_monitor - INFO - 开始同步OSV漏洞数据...
2025-07-04 09:13:36,889 - osv_monitor - INFO - 正在搜索主页的生态系统列表...
2025-07-04 09:13:36,890 - osv_monitor - INFO - 正在获取 https://storage.googleapis.com/osv-vulnerabilities/index.html 页面...
2025-07-04 09:13:43,403 - osv_monitor - INFO - 找到 429 个生态系统
2025-07-04 09:13:43,404 - osv_monitor - INFO - all.zip 需要更新
2025-07-04 09:13:48,940 - osv_monitor - INFO - 下载文件 https://storage.googleapis.com/osv-vulnerabilities/all.zip 到 data/all.tmp 成功
2025-07-04 09:13:48,941 - osv_monitor - INFO - [+] 更新同步 all.zip 最后修改时间: 2025-07-04 09:10:45
2025-07-04 09:13:48,941 - osv_monitor - INFO - 已下载 all.zip
2025-07-04 09:13:48,941 - osv_monitor - INFO - [+] 同步 OSV 数据完成
2025-07-04 09:13:48,941 - osv_monitor - INFO - 同步完成
2025-07-04 09:14:44,052 - osv_monitor - INFO - 解压缩文件完成
2025-07-04 12:19:06,309 - osv_monitor - INFO - 开始同步OSV漏洞数据...
2025-07-04 12:19:06,309 - osv_monitor - INFO - 正在搜索主页的生态系统列表...
2025-07-04 12:19:06,309 - osv_monitor - INFO - 正在获取 https://storage.googleapis.com/osv-vulnerabilities/index.html 页面...
2025-07-04 12:19:10,264 - osv_monitor - INFO - 找到 429 个生态系统
2025-07-04 12:19:10,265 - osv_monitor - INFO - all.zip 需要更新
2025-07-04 12:19:15,180 - osv_monitor - INFO - 下载文件 https://storage.googleapis.com/osv-vulnerabilities/all.zip 到 data/all.tmp 成功
2025-07-04 12:19:15,181 - osv_monitor - INFO - [+] 更新同步 all.zip 最后修改时间: 2025-07-04 12:07:51
2025-07-04 12:19:15,181 - osv_monitor - INFO - 已下载 all.zip
2025-07-04 12:19:15,181 - osv_monitor - INFO - [+] 同步 OSV 数据完成
2025-07-04 12:19:15,181 - osv_monitor - INFO - 同步完成
2025-07-04 12:20:11,290 - osv_monitor - INFO - 解压缩文件完成
2025-07-04 15:12:58,552 - osv_monitor - INFO - 开始同步OSV漏洞数据...
2025-07-04 15:12:58,553 - osv_monitor - INFO - 正在搜索主页的生态系统列表...
2025-07-04 15:12:58,553 - osv_monitor - INFO - 正在获取 https://storage.googleapis.com/osv-vulnerabilities/index.html 页面...
2025-07-04 15:13:05,020 - osv_monitor - INFO - 找到 429 个生态系统
2025-07-04 15:13:05,021 - osv_monitor - INFO - all.zip 需要更新
2025-07-04 15:13:09,604 - osv_monitor - INFO - 下载文件 https://storage.googleapis.com/osv-vulnerabilities/all.zip 到 data/all.tmp 成功
2025-07-04 15:13:09,605 - osv_monitor - INFO - [+] 更新同步 all.zip 最后修改时间: 2025-07-04 15:06:18
2025-07-04 15:13:09,605 - osv_monitor - INFO - 已下载 all.zip
2025-07-04 15:13:09,605 - osv_monitor - INFO - [+] 同步 OSV 数据完成
2025-07-04 15:13:09,605 - osv_monitor - INFO - 同步完成
2025-07-04 15:14:06,464 - osv_monitor - INFO - 解压缩文件完成
2025-07-04 18:15:34,062 - osv_monitor - INFO - 开始同步OSV漏洞数据...
2025-07-04 18:15:34,063 - osv_monitor - INFO - 正在搜索主页的生态系统列表...
2025-07-04 18:15:34,063 - osv_monitor - INFO - 正在获取 https://storage.googleapis.com/osv-vulnerabilities/index.html 页面...
2025-07-04 18:15:39,488 - osv_monitor - INFO - 找到 429 个生态系统
2025-07-04 18:15:39,489 - osv_monitor - INFO - all.zip 需要更新
2025-07-04 18:15:43,554 - osv_monitor - INFO - 下载文件 https://storage.googleapis.com/osv-vulnerabilities/all.zip 到 data/all.tmp 成功
2025-07-04 18:15:43,555 - osv_monitor - INFO - [+] 更新同步 all.zip 最后修改时间: 2025-07-04 18:11:03
2025-07-04 18:15:43,555 - osv_monitor - INFO - 已下载 all.zip
2025-07-04 18:15:43,555 - osv_monitor - INFO - [+] 同步 OSV 数据完成
2025-07-04 18:15:43,555 - osv_monitor - INFO - 同步完成
2025-07-04 18:16:39,432 - osv_monitor - INFO - 解压缩文件完成
2025-07-04 21:10:29,035 - osv_monitor - INFO - 开始同步OSV漏洞数据...
2025-07-04 21:10:29,035 - osv_monitor - INFO - 正在搜索主页的生态系统列表...
2025-07-04 21:10:29,035 - osv_monitor - INFO - 正在获取 https://storage.googleapis.com/osv-vulnerabilities/index.html 页面...
2025-07-04 21:10:35,665 - osv_monitor - INFO - 找到 429 个生态系统
2025-07-04 21:10:35,666 - osv_monitor - INFO - all.zip 需要更新
2025-07-04 21:10:39,800 - osv_monitor - INFO - 下载文件 https://storage.googleapis.com/osv-vulnerabilities/all.zip 到 data/all.tmp 成功
2025-07-04 21:10:39,801 - osv_monitor - INFO - [+] 更新同步 all.zip 最后修改时间: 2025-07-04 21:03:10
2025-07-04 21:10:39,801 - osv_monitor - INFO - 已下载 all.zip
2025-07-04 21:10:39,801 - osv_monitor - INFO - [+] 同步 OSV 数据完成
2025-07-04 21:10:39,801 - osv_monitor - INFO - 同步完成
2025-07-04 21:11:35,828 - osv_monitor - INFO - 解压缩文件完成
