2026-01-04 00:05:58,344 - osv_monitor - INFO - 开始同步OSV漏洞数据...
2026-01-04 00:05:58,344 - osv_monitor - INFO - 正在搜索主页的生态系统列表...
2026-01-04 00:05:58,344 - osv_monitor - INFO - 正在获取 https://storage.googleapis.com/osv-vulnerabilities/index.html 页面...
2026-01-04 00:06:01,955 - osv_monitor - INFO - 找到 97 个生态系统
2026-01-04 00:06:01,956 - osv_monitor - INFO - all.zip 需要更新
2026-01-04 00:06:06,715 - osv_monitor - INFO - 下载文件 https://storage.googleapis.com/osv-vulnerabilities/all.zip 到 data/all.tmp 成功
2026-01-04 00:06:06,717 - osv_monitor - INFO - [+] 更新同步 all.zip 最后修改时间: 2026-01-04 00:00:09
2026-01-04 00:06:06,717 - osv_monitor - INFO - 已下载 all.zip
2026-01-04 00:06:06,717 - osv_monitor - INFO - [+] 同步 OSV 数据完成
2026-01-04 00:06:06,717 - osv_monitor - INFO - 同步完成
2026-01-04 00:07:39,545 - osv_monitor - INFO - 解压缩文件完成
2026-01-04 12:04:11,064 - osv_monitor - INFO - 开始同步OSV漏洞数据...
2026-01-04 12:04:11,065 - osv_monitor - INFO - 正在搜索主页的生态系统列表...
2026-01-04 12:04:11,065 - osv_monitor - INFO - 正在获取 https://storage.googleapis.com/osv-vulnerabilities/index.html 页面...
2026-01-04 12:04:13,470 - osv_monitor - INFO - 找到 97 个生态系统
2026-01-04 12:04:13,471 - osv_monitor - INFO - all.zip 需要更新
2026-01-04 12:04:23,615 - osv_monitor - INFO - 下载文件 https://storage.googleapis.com/osv-vulnerabilities/all.zip 到 data/all.tmp 成功
2026-01-04 12:04:23,617 - osv_monitor - INFO - [+] 更新同步 all.zip 最后修改时间: 2026-01-04 11:58:07
2026-01-04 12:04:23,617 - osv_monitor - INFO - 已下载 all.zip
2026-01-04 12:04:23,617 - osv_monitor - INFO - [+] 同步 OSV 数据完成
2026-01-04 12:04:23,617 - osv_monitor - INFO - 同步完成
2026-01-04 12:05:59,752 - osv_monitor - INFO - 解压缩文件完成
