2025-12-09 00:05:07,919 - osv_monitor - INFO - 开始同步OSV漏洞数据...
2025-12-09 00:05:07,919 - osv_monitor - INFO - 正在搜索主页的生态系统列表...
2025-12-09 00:05:07,919 - osv_monitor - INFO - 正在获取 https://storage.googleapis.com/osv-vulnerabilities/index.html 页面...
2025-12-09 00:05:10,557 - osv_monitor - INFO - 找到 97 个生态系统
2025-12-09 00:05:10,559 - osv_monitor - INFO - all.zip 需要更新
2025-12-09 00:05:15,440 - osv_monitor - INFO - 下载文件 https://storage.googleapis.com/osv-vulnerabilities/all.zip 到 data/all.tmp 成功
2025-12-09 00:05:15,442 - osv_monitor - INFO - [+] 更新同步 all.zip 最后修改时间: 2025-12-08 23:58:43
2025-12-09 00:05:15,442 - osv_monitor - INFO - 已下载 all.zip
2025-12-09 00:05:15,442 - osv_monitor - INFO - [+] 同步 OSV 数据完成
2025-12-09 00:05:15,442 - osv_monitor - INFO - 同步完成
2025-12-09 00:06:46,543 - osv_monitor - INFO - 解压缩文件完成
2025-12-09 12:04:04,922 - osv_monitor - INFO - 开始同步OSV漏洞数据...
2025-12-09 12:04:04,923 - osv_monitor - INFO - 正在搜索主页的生态系统列表...
2025-12-09 12:04:04,923 - osv_monitor - INFO - 正在获取 https://storage.googleapis.com/osv-vulnerabilities/index.html 页面...
2025-12-09 12:04:07,063 - osv_monitor - INFO - 找到 97 个生态系统
2025-12-09 12:04:07,064 - osv_monitor - INFO - all.zip 需要更新
2025-12-09 12:04:12,341 - osv_monitor - INFO - 下载文件 https://storage.googleapis.com/osv-vulnerabilities/all.zip 到 data/all.tmp 成功
2025-12-09 12:04:12,343 - osv_monitor - INFO - [+] 更新同步 all.zip 最后修改时间: 2025-12-09 11:34:04
2025-12-09 12:04:12,343 - osv_monitor - INFO - 已下载 all.zip
2025-12-09 12:04:12,343 - osv_monitor - INFO - [+] 同步 OSV 数据完成
2025-12-09 12:04:12,343 - osv_monitor - INFO - 同步完成
2025-12-09 12:05:44,193 - osv_monitor - INFO - 解压缩文件完成
