2025-10-03 01:01:55,655 - osv_monitor - INFO - 开始同步OSV漏洞数据...
2025-10-03 01:01:55,656 - osv_monitor - INFO - 正在搜索主页的生态系统列表...
2025-10-03 01:01:55,656 - osv_monitor - INFO - 正在获取 https://storage.googleapis.com/osv-vulnerabilities/index.html 页面...
2025-10-03 01:01:59,574 - osv_monitor - INFO - 找到 95 个生态系统
2025-10-03 01:01:59,575 - osv_monitor - INFO - all.zip 需要更新
2025-10-03 01:02:07,111 - osv_monitor - INFO - 下载文件 https://storage.googleapis.com/osv-vulnerabilities/all.zip 到 data/all.tmp 成功
2025-10-03 01:02:07,113 - osv_monitor - INFO - [+] 更新同步 all.zip 最后修改时间: 2025-10-03 00:40:01
2025-10-03 01:02:07,114 - osv_monitor - INFO - 已下载 all.zip
2025-10-03 01:02:07,114 - osv_monitor - INFO - [+] 同步 OSV 数据完成
2025-10-03 01:02:07,114 - osv_monitor - INFO - 同步完成
2025-10-03 01:03:24,424 - osv_monitor - INFO - 解压缩文件完成
2025-10-03 12:21:02,212 - osv_monitor - INFO - 开始同步OSV漏洞数据...
2025-10-03 12:21:02,212 - osv_monitor - INFO - 正在搜索主页的生态系统列表...
2025-10-03 12:21:02,213 - osv_monitor - INFO - 正在获取 https://storage.googleapis.com/osv-vulnerabilities/index.html 页面...
2025-10-03 12:21:05,581 - osv_monitor - INFO - 找到 95 个生态系统
2025-10-03 12:21:05,582 - osv_monitor - INFO - all.zip 需要更新
2025-10-03 12:21:10,429 - osv_monitor - INFO - 下载文件 https://storage.googleapis.com/osv-vulnerabilities/all.zip 到 data/all.tmp 成功
2025-10-03 12:21:10,431 - osv_monitor - INFO - [+] 更新同步 all.zip 最后修改时间: 2025-10-03 11:08:46
2025-10-03 12:21:10,431 - osv_monitor - INFO - 已下载 all.zip
2025-10-03 12:21:10,431 - osv_monitor - INFO - [+] 同步 OSV 数据完成
2025-10-03 12:21:10,431 - osv_monitor - INFO - 同步完成
2025-10-03 12:22:22,276 - osv_monitor - INFO - 解压缩文件完成
