2025-07-10 00:46:58,285 - osv_monitor - INFO - 开始同步OSV漏洞数据...
2025-07-10 00:46:58,285 - osv_monitor - INFO - 正在搜索主页的生态系统列表...
2025-07-10 00:46:58,285 - osv_monitor - INFO - 正在获取 https://storage.googleapis.com/osv-vulnerabilities/index.html 页面...
2025-07-10 00:47:03,490 - osv_monitor - INFO - 找到 429 个生态系统
2025-07-10 00:47:03,491 - osv_monitor - INFO - all.zip 需要更新
2025-07-10 00:47:07,915 - osv_monitor - INFO - 下载文件 https://storage.googleapis.com/osv-vulnerabilities/all.zip 到 data/all.tmp 成功
2025-07-10 00:47:07,915 - osv_monitor - INFO - [+] 更新同步 all.zip 最后修改时间: 2025-07-10 00:16:28
2025-07-10 00:47:07,915 - osv_monitor - INFO - 已下载 all.zip
2025-07-10 00:47:07,915 - osv_monitor - INFO - [+] 同步 OSV 数据完成
2025-07-10 00:47:07,915 - osv_monitor - INFO - 同步完成
2025-07-10 00:48:04,411 - osv_monitor - INFO - 解压缩文件完成
2025-07-10 03:48:11,238 - osv_monitor - INFO - 开始同步OSV漏洞数据...
2025-07-10 03:48:11,239 - osv_monitor - INFO - 正在搜索主页的生态系统列表...
2025-07-10 03:48:11,239 - osv_monitor - INFO - 正在获取 https://storage.googleapis.com/osv-vulnerabilities/index.html 页面...
2025-07-10 03:48:15,375 - osv_monitor - INFO - 找到 429 个生态系统
2025-07-10 03:48:15,376 - osv_monitor - INFO - all.zip 需要更新
2025-07-10 03:48:22,361 - osv_monitor - INFO - 下载文件 https://storage.googleapis.com/osv-vulnerabilities/all.zip 到 data/all.tmp 成功
2025-07-10 03:48:22,362 - osv_monitor - INFO - [+] 更新同步 all.zip 最后修改时间: 2025-07-10 03:38:02
2025-07-10 03:48:22,362 - osv_monitor - INFO - 已下载 all.zip
2025-07-10 03:48:22,362 - osv_monitor - INFO - [+] 同步 OSV 数据完成
2025-07-10 03:48:22,362 - osv_monitor - INFO - 同步完成
2025-07-10 03:49:18,125 - osv_monitor - INFO - 解压缩文件完成
2025-07-10 06:16:38,014 - osv_monitor - INFO - 开始同步OSV漏洞数据...
2025-07-10 06:16:38,014 - osv_monitor - INFO - 正在搜索主页的生态系统列表...
2025-07-10 06:16:38,014 - osv_monitor - INFO - 正在获取 https://storage.googleapis.com/osv-vulnerabilities/index.html 页面...
2025-07-10 06:16:44,635 - osv_monitor - INFO - 找到 429 个生态系统
2025-07-10 06:16:44,636 - osv_monitor - INFO - all.zip 需要更新
2025-07-10 06:16:50,622 - osv_monitor - INFO - 下载文件 https://storage.googleapis.com/osv-vulnerabilities/all.zip 到 data/all.tmp 成功
2025-07-10 06:16:50,623 - osv_monitor - INFO - [+] 更新同步 all.zip 最后修改时间: 2025-07-10 05:11:10
2025-07-10 06:16:50,623 - osv_monitor - INFO - 已下载 all.zip
2025-07-10 06:16:50,623 - osv_monitor - INFO - [+] 同步 OSV 数据完成
2025-07-10 06:16:50,623 - osv_monitor - INFO - 同步完成
2025-07-10 06:17:47,835 - osv_monitor - INFO - 解压缩文件完成
2025-07-10 09:15:40,723 - osv_monitor - INFO - 开始同步OSV漏洞数据...
2025-07-10 09:15:40,723 - osv_monitor - INFO - 正在搜索主页的生态系统列表...
2025-07-10 09:15:40,723 - osv_monitor - INFO - 正在获取 https://storage.googleapis.com/osv-vulnerabilities/index.html 页面...
2025-07-10 09:15:48,336 - osv_monitor - INFO - 找到 429 个生态系统
2025-07-10 09:15:48,337 - osv_monitor - INFO - all.zip 需要更新
2025-07-10 09:15:52,617 - osv_monitor - INFO - 下载文件 https://storage.googleapis.com/osv-vulnerabilities/all.zip 到 data/all.tmp 成功
2025-07-10 09:15:52,617 - osv_monitor - INFO - [+] 更新同步 all.zip 最后修改时间: 2025-07-10 08:06:27
2025-07-10 09:15:52,617 - osv_monitor - INFO - 已下载 all.zip
2025-07-10 09:15:52,617 - osv_monitor - INFO - [+] 同步 OSV 数据完成
2025-07-10 09:15:52,618 - osv_monitor - INFO - 同步完成
2025-07-10 09:16:50,174 - osv_monitor - INFO - 解压缩文件完成
