2025-07-30 00:49:56,781 - osv_monitor - INFO - 开始同步OSV漏洞数据...
2025-07-30 00:49:56,781 - osv_monitor - INFO - 正在搜索主页的生态系统列表...
2025-07-30 00:49:56,781 - osv_monitor - INFO - 正在获取 https://storage.googleapis.com/osv-vulnerabilities/index.html 页面...
2025-07-30 00:50:03,589 - osv_monitor - INFO - 找到 429 个生态系统
2025-07-30 00:50:03,591 - osv_monitor - INFO - all.zip 需要更新
2025-07-30 00:50:10,277 - osv_monitor - INFO - 下载文件 https://storage.googleapis.com/osv-vulnerabilities/all.zip 到 data/all.tmp 成功
2025-07-30 00:50:10,278 - osv_monitor - INFO - [+] 更新同步 all.zip 最后修改时间: 2025-07-29 23:50:49
2025-07-30 00:50:10,278 - osv_monitor - INFO - 已下载 all.zip
2025-07-30 00:50:10,278 - osv_monitor - INFO - [+] 同步 OSV 数据完成
2025-07-30 00:50:10,278 - osv_monitor - INFO - 同步完成
2025-07-30 00:51:08,818 - osv_monitor - INFO - 解压缩文件完成
2025-07-30 04:01:30,248 - osv_monitor - INFO - 开始同步OSV漏洞数据...
2025-07-30 04:01:30,248 - osv_monitor - INFO - 正在搜索主页的生态系统列表...
2025-07-30 04:01:30,248 - osv_monitor - INFO - 正在获取 https://storage.googleapis.com/osv-vulnerabilities/index.html 页面...
2025-07-30 04:01:36,417 - osv_monitor - INFO - 找到 429 个生态系统
2025-07-30 04:01:36,418 - osv_monitor - INFO - all.zip 需要更新
2025-07-30 04:01:42,546 - osv_monitor - INFO - 下载文件 https://storage.googleapis.com/osv-vulnerabilities/all.zip 到 data/all.tmp 成功
2025-07-30 04:01:42,547 - osv_monitor - INFO - [+] 更新同步 all.zip 最后修改时间: 2025-07-30 03:47:21
2025-07-30 04:01:42,547 - osv_monitor - INFO - 已下载 all.zip
2025-07-30 04:01:42,547 - osv_monitor - INFO - [+] 同步 OSV 数据完成
2025-07-30 04:01:42,547 - osv_monitor - INFO - 同步完成
2025-07-30 04:02:35,692 - osv_monitor - INFO - 解压缩文件完成
