2025-07-03 00:46:11,774 - osv_monitor - INFO - 开始同步OSV漏洞数据...
2025-07-03 00:46:11,774 - osv_monitor - INFO - 正在搜索主页的生态系统列表...
2025-07-03 00:46:11,775 - osv_monitor - INFO - 正在获取 https://storage.googleapis.com/osv-vulnerabilities/index.html 页面...
2025-07-03 00:46:16,375 - osv_monitor - INFO - 找到 429 个生态系统
2025-07-03 00:46:16,376 - osv_monitor - INFO - all.zip 需要更新
2025-07-03 00:46:21,416 - osv_monitor - INFO - 下载文件 https://storage.googleapis.com/osv-vulnerabilities/all.zip 到 data/all.tmp 成功
2025-07-03 00:46:21,416 - osv_monitor - INFO - [+] 更新同步 all.zip 最后修改时间: 2025-07-03 00:07:07
2025-07-03 00:46:21,416 - osv_monitor - INFO - 已下载 all.zip
2025-07-03 00:46:21,417 - osv_monitor - INFO - [+] 同步 OSV 数据完成
2025-07-03 00:46:21,417 - osv_monitor - INFO - 同步完成
2025-07-03 00:47:18,859 - osv_monitor - INFO - 解压缩文件完成
2025-07-03 03:48:49,728 - osv_monitor - INFO - 开始同步OSV漏洞数据...
2025-07-03 03:48:49,728 - osv_monitor - INFO - 正在搜索主页的生态系统列表...
2025-07-03 03:48:49,728 - osv_monitor - INFO - 正在获取 https://storage.googleapis.com/osv-vulnerabilities/index.html 页面...
2025-07-03 03:48:55,574 - osv_monitor - INFO - 找到 429 个生态系统
2025-07-03 03:48:55,574 - osv_monitor - INFO - all.zip 需要更新
2025-07-03 03:48:58,592 - osv_monitor - INFO - 下载文件 https://storage.googleapis.com/osv-vulnerabilities/all.zip 到 data/all.tmp 成功
2025-07-03 03:48:58,592 - osv_monitor - INFO - [+] 更新同步 all.zip 最后修改时间: 2025-07-03 03:06:44
2025-07-03 03:48:58,593 - osv_monitor - INFO - 已下载 all.zip
2025-07-03 03:48:58,593 - osv_monitor - INFO - [+] 同步 OSV 数据完成
2025-07-03 03:48:58,593 - osv_monitor - INFO - 同步完成
2025-07-03 03:49:55,305 - osv_monitor - INFO - 解压缩文件完成
2025-07-03 06:16:56,094 - osv_monitor - INFO - 开始同步OSV漏洞数据...
2025-07-03 06:16:56,094 - osv_monitor - INFO - 正在搜索主页的生态系统列表...
2025-07-03 06:16:56,094 - osv_monitor - INFO - 正在获取 https://storage.googleapis.com/osv-vulnerabilities/index.html 页面...
2025-07-03 06:17:01,890 - osv_monitor - INFO - 找到 429 个生态系统
2025-07-03 06:17:01,891 - osv_monitor - INFO - all.zip 需要更新
2025-07-03 06:17:04,935 - osv_monitor - INFO - 下载文件 https://storage.googleapis.com/osv-vulnerabilities/all.zip 到 data/all.tmp 成功
2025-07-03 06:17:04,936 - osv_monitor - INFO - [+] 更新同步 all.zip 最后修改时间: 2025-07-03 06:10:44
2025-07-03 06:17:04,936 - osv_monitor - INFO - 已下载 all.zip
2025-07-03 06:17:04,936 - osv_monitor - INFO - [+] 同步 OSV 数据完成
2025-07-03 06:17:04,936 - osv_monitor - INFO - 同步完成
2025-07-03 06:18:03,302 - osv_monitor - INFO - 解压缩文件完成
2025-07-03 09:13:31,774 - osv_monitor - INFO - 开始同步OSV漏洞数据...
2025-07-03 09:13:31,775 - osv_monitor - INFO - 正在搜索主页的生态系统列表...
2025-07-03 09:13:31,775 - osv_monitor - INFO - 正在获取 https://storage.googleapis.com/osv-vulnerabilities/index.html 页面...
2025-07-03 09:13:38,571 - osv_monitor - INFO - 找到 429 个生态系统
2025-07-03 09:13:38,572 - osv_monitor - INFO - all.zip 需要更新
2025-07-03 09:13:43,185 - osv_monitor - INFO - 下载文件 https://storage.googleapis.com/osv-vulnerabilities/all.zip 到 data/all.tmp 成功
2025-07-03 09:13:43,186 - osv_monitor - INFO - [+] 更新同步 all.zip 最后修改时间: 2025-07-03 09:12:45
2025-07-03 09:13:43,186 - osv_monitor - INFO - 已下载 all.zip
2025-07-03 09:13:43,186 - osv_monitor - INFO - [+] 同步 OSV 数据完成
2025-07-03 09:13:43,186 - osv_monitor - INFO - 同步完成
2025-07-03 09:14:39,245 - osv_monitor - INFO - 解压缩文件完成
2025-07-03 12:19:14,215 - osv_monitor - INFO - 开始同步OSV漏洞数据...
2025-07-03 12:19:14,215 - osv_monitor - INFO - 正在搜索主页的生态系统列表...
2025-07-03 12:19:14,215 - osv_monitor - INFO - 正在获取 https://storage.googleapis.com/osv-vulnerabilities/index.html 页面...
2025-07-03 12:19:18,621 - osv_monitor - INFO - 找到 429 个生态系统
2025-07-03 12:19:18,622 - osv_monitor - INFO - all.zip 需要更新
2025-07-03 12:19:22,945 - osv_monitor - INFO - 下载文件 https://storage.googleapis.com/osv-vulnerabilities/all.zip 到 data/all.tmp 成功
2025-07-03 12:19:22,946 - osv_monitor - INFO - [+] 更新同步 all.zip 最后修改时间: 2025-07-03 12:02:54
2025-07-03 12:19:22,946 - osv_monitor - INFO - 已下载 all.zip
2025-07-03 12:19:22,946 - osv_monitor - INFO - [+] 同步 OSV 数据完成
2025-07-03 12:19:22,946 - osv_monitor - INFO - 同步完成
2025-07-03 12:20:20,036 - osv_monitor - INFO - 解压缩文件完成
2025-07-03 15:13:12,758 - osv_monitor - INFO - 开始同步OSV漏洞数据...
2025-07-03 15:13:12,758 - osv_monitor - INFO - 正在搜索主页的生态系统列表...
2025-07-03 15:13:12,758 - osv_monitor - INFO - 正在获取 https://storage.googleapis.com/osv-vulnerabilities/index.html 页面...
2025-07-03 15:13:19,542 - osv_monitor - INFO - 找到 429 个生态系统
2025-07-03 15:13:19,543 - osv_monitor - INFO - all.zip 需要更新
2025-07-03 15:13:24,583 - osv_monitor - INFO - 下载文件 https://storage.googleapis.com/osv-vulnerabilities/all.zip 到 data/all.tmp 成功
2025-07-03 15:13:24,584 - osv_monitor - INFO - [+] 更新同步 all.zip 最后修改时间: 2025-07-03 15:04:06
2025-07-03 15:13:24,584 - osv_monitor - INFO - 已下载 all.zip
2025-07-03 15:13:24,584 - osv_monitor - INFO - [+] 同步 OSV 数据完成
2025-07-03 15:13:24,584 - osv_monitor - INFO - 同步完成
2025-07-03 15:14:22,437 - osv_monitor - INFO - 解压缩文件完成
2025-07-03 18:15:45,070 - osv_monitor - INFO - 开始同步OSV漏洞数据...
2025-07-03 18:15:45,070 - osv_monitor - INFO - 正在搜索主页的生态系统列表...
2025-07-03 18:15:45,070 - osv_monitor - INFO - 正在获取 https://storage.googleapis.com/osv-vulnerabilities/index.html 页面...
2025-07-03 18:15:50,987 - osv_monitor - INFO - 找到 429 个生态系统
2025-07-03 18:15:50,987 - osv_monitor - INFO - all.zip 需要更新
2025-07-03 18:15:55,474 - osv_monitor - INFO - 下载文件 https://storage.googleapis.com/osv-vulnerabilities/all.zip 到 data/all.tmp 成功
2025-07-03 18:15:55,475 - osv_monitor - INFO - [+] 更新同步 all.zip 最后修改时间: 2025-07-03 18:03:12
2025-07-03 18:15:55,475 - osv_monitor - INFO - 已下载 all.zip
2025-07-03 18:15:55,475 - osv_monitor - INFO - [+] 同步 OSV 数据完成
2025-07-03 18:15:55,475 - osv_monitor - INFO - 同步完成
2025-07-03 18:16:51,383 - osv_monitor - INFO - 解压缩文件完成
