2025-09-01 00:55:40,983 - osv_monitor - INFO - 开始同步OSV漏洞数据...
2025-09-01 00:55:40,983 - osv_monitor - INFO - 正在搜索主页的生态系统列表...
2025-09-01 00:55:40,983 - osv_monitor - INFO - 正在获取 https://storage.googleapis.com/osv-vulnerabilities/index.html 页面...
2025-09-01 00:55:46,367 - osv_monitor - INFO - 找到 431 个生态系统
2025-09-01 00:55:46,368 - osv_monitor - INFO - all.zip 需要更新
2025-09-01 00:55:50,484 - osv_monitor - INFO - 下载文件 https://storage.googleapis.com/osv-vulnerabilities/all.zip 到 data/all.tmp 成功
2025-09-01 00:55:50,486 - osv_monitor - INFO - [+] 更新同步 all.zip 最后修改时间: 2025-09-01 00:45:54
2025-09-01 00:55:50,487 - osv_monitor - INFO - 已下载 all.zip
2025-09-01 00:55:50,487 - osv_monitor - INFO - [+] 同步 OSV 数据完成
2025-09-01 00:55:50,487 - osv_monitor - INFO - 同步完成
2025-09-01 00:56:55,944 - osv_monitor - INFO - 解压缩文件完成
2025-09-01 12:21:08,245 - osv_monitor - INFO - 开始同步OSV漏洞数据...
2025-09-01 12:21:08,245 - osv_monitor - INFO - 正在搜索主页的生态系统列表...
2025-09-01 12:21:08,246 - osv_monitor - INFO - 正在获取 https://storage.googleapis.com/osv-vulnerabilities/index.html 页面...
2025-09-01 12:21:11,381 - osv_monitor - INFO - 找到 92 个生态系统
2025-09-01 12:21:11,383 - osv_monitor - INFO - all.zip 需要更新
2025-09-01 12:21:16,516 - osv_monitor - INFO - 下载文件 https://storage.googleapis.com/osv-vulnerabilities/all.zip 到 data/all.tmp 成功
2025-09-01 12:21:16,518 - osv_monitor - INFO - [+] 更新同步 all.zip 最后修改时间: 2025-09-01 11:50:19
2025-09-01 12:21:16,518 - osv_monitor - INFO - 已下载 all.zip
2025-09-01 12:21:16,518 - osv_monitor - INFO - [+] 同步 OSV 数据完成
2025-09-01 12:21:16,518 - osv_monitor - INFO - 同步完成
2025-09-01 12:22:16,414 - osv_monitor - INFO - 解压缩文件完成
