2026-01-15 00:05:35,887 - osv_monitor - INFO - 开始同步OSV漏洞数据...
2026-01-15 00:05:35,887 - osv_monitor - INFO - 正在搜索主页的生态系统列表...
2026-01-15 00:05:35,887 - osv_monitor - INFO - 正在获取 https://storage.googleapis.com/osv-vulnerabilities/index.html 页面...
2026-01-15 00:05:39,921 - osv_monitor - INFO - 找到 97 个生态系统
2026-01-15 00:05:39,922 - osv_monitor - INFO - all.zip 需要更新
2026-01-15 00:05:44,958 - osv_monitor - INFO - 下载文件 https://storage.googleapis.com/osv-vulnerabilities/all.zip 到 data/all.tmp 成功
2026-01-15 00:05:44,960 - osv_monitor - INFO - [+] 更新同步 all.zip 最后修改时间: 2026-01-14 23:58:47
2026-01-15 00:05:44,960 - osv_monitor - INFO - 已下载 all.zip
2026-01-15 00:05:44,960 - osv_monitor - INFO - [+] 同步 OSV 数据完成
2026-01-15 00:05:44,960 - osv_monitor - INFO - 同步完成
2026-01-15 00:07:15,577 - osv_monitor - INFO - 解压缩文件完成
2026-01-15 12:04:10,101 - osv_monitor - INFO - 开始同步OSV漏洞数据...
2026-01-15 12:04:10,101 - osv_monitor - INFO - 正在搜索主页的生态系统列表...
2026-01-15 12:04:10,101 - osv_monitor - INFO - 正在获取 https://storage.googleapis.com/osv-vulnerabilities/index.html 页面...
2026-01-15 12:04:13,321 - osv_monitor - INFO - 找到 97 个生态系统
2026-01-15 12:04:13,322 - osv_monitor - INFO - all.zip 需要更新
2026-01-15 12:04:22,868 - osv_monitor - INFO - 下载文件 https://storage.googleapis.com/osv-vulnerabilities/all.zip 到 data/all.tmp 成功
2026-01-15 12:04:22,869 - osv_monitor - INFO - [+] 更新同步 all.zip 最后修改时间: 2026-01-15 11:59:40
2026-01-15 12:04:22,869 - osv_monitor - INFO - 已下载 all.zip
2026-01-15 12:04:22,870 - osv_monitor - INFO - [+] 同步 OSV 数据完成
2026-01-15 12:04:22,870 - osv_monitor - INFO - 同步完成
2026-01-15 12:06:02,869 - osv_monitor - INFO - 解压缩文件完成
