2025-11-16 00:05:36,308 - osv_monitor - INFO - 开始同步OSV漏洞数据...
2025-11-16 00:05:36,309 - osv_monitor - INFO - 正在搜索主页的生态系统列表...
2025-11-16 00:05:36,309 - osv_monitor - INFO - 正在获取 https://storage.googleapis.com/osv-vulnerabilities/index.html 页面...
2025-11-16 00:05:38,695 - osv_monitor - INFO - 找到 96 个生态系统
2025-11-16 00:05:38,696 - osv_monitor - INFO - all.zip 需要更新
2025-11-16 00:05:54,606 - osv_monitor - INFO - 下载文件 https://storage.googleapis.com/osv-vulnerabilities/all.zip 到 data/all.tmp 成功
2025-11-16 00:05:54,608 - osv_monitor - INFO - [+] 更新同步 all.zip 最后修改时间: 2025-11-15 23:58:26
2025-11-16 00:05:54,608 - osv_monitor - INFO - 已下载 all.zip
2025-11-16 00:05:54,608 - osv_monitor - INFO - [+] 同步 OSV 数据完成
2025-11-16 00:05:54,608 - osv_monitor - INFO - 同步完成
2025-11-16 00:07:50,604 - osv_monitor - INFO - 解压缩文件完成
2025-11-16 12:03:59,013 - osv_monitor - INFO - 开始同步OSV漏洞数据...
2025-11-16 12:03:59,013 - osv_monitor - INFO - 正在搜索主页的生态系统列表...
2025-11-16 12:03:59,013 - osv_monitor - INFO - 正在获取 https://storage.googleapis.com/osv-vulnerabilities/index.html 页面...
2025-11-16 12:04:02,385 - osv_monitor - INFO - 找到 96 个生态系统
2025-11-16 12:04:02,386 - osv_monitor - INFO - all.zip 需要更新
2025-11-16 12:04:07,660 - osv_monitor - INFO - 下载文件 https://storage.googleapis.com/osv-vulnerabilities/all.zip 到 data/all.tmp 成功
2025-11-16 12:04:07,662 - osv_monitor - INFO - [+] 更新同步 all.zip 最后修改时间: 2025-11-16 11:57:51
2025-11-16 12:04:07,663 - osv_monitor - INFO - 已下载 all.zip
2025-11-16 12:04:07,663 - osv_monitor - INFO - [+] 同步 OSV 数据完成
2025-11-16 12:04:07,663 - osv_monitor - INFO - 同步完成
2025-11-16 12:05:42,133 - osv_monitor - INFO - 解压缩文件完成
