2025-10-06 00:47:06,528 - osv_monitor - INFO - 开始同步OSV漏洞数据...
2025-10-06 00:47:06,528 - osv_monitor - INFO - 正在搜索主页的生态系统列表...
2025-10-06 00:47:06,528 - osv_monitor - INFO - 正在获取 https://storage.googleapis.com/osv-vulnerabilities/index.html 页面...
2025-10-06 00:47:10,331 - osv_monitor - INFO - 找到 95 个生态系统
2025-10-06 00:47:10,332 - osv_monitor - INFO - all.zip 需要更新
2025-10-06 00:47:16,520 - osv_monitor - INFO - 下载文件 https://storage.googleapis.com/osv-vulnerabilities/all.zip 到 data/all.tmp 成功
2025-10-06 00:47:16,522 - osv_monitor - INFO - [+] 更新同步 all.zip 最后修改时间: 2025-10-06 00:06:22
2025-10-06 00:47:16,522 - osv_monitor - INFO - 已下载 all.zip
2025-10-06 00:47:16,522 - osv_monitor - INFO - [+] 同步 OSV 数据完成
2025-10-06 00:47:16,522 - osv_monitor - INFO - 同步完成
2025-10-06 00:48:10,595 - osv_monitor - INFO - 解压缩文件完成
2025-10-06 12:22:17,548 - osv_monitor - INFO - 开始同步OSV漏洞数据...
2025-10-06 12:22:17,548 - osv_monitor - INFO - 正在搜索主页的生态系统列表...
2025-10-06 12:22:17,548 - osv_monitor - INFO - 正在获取 https://storage.googleapis.com/osv-vulnerabilities/index.html 页面...
2025-10-06 12:22:20,901 - osv_monitor - INFO - 找到 95 个生态系统
2025-10-06 12:22:20,902 - osv_monitor - INFO - all.zip 需要更新
2025-10-06 12:22:28,951 - osv_monitor - INFO - 下载文件 https://storage.googleapis.com/osv-vulnerabilities/all.zip 到 data/all.tmp 成功
2025-10-06 12:22:28,953 - osv_monitor - INFO - [+] 更新同步 all.zip 最后修改时间: 2025-10-06 12:11:13
2025-10-06 12:22:28,953 - osv_monitor - INFO - 已下载 all.zip
2025-10-06 12:22:28,953 - osv_monitor - INFO - [+] 同步 OSV 数据完成
2025-10-06 12:22:28,953 - osv_monitor - INFO - 同步完成
2025-10-06 12:23:47,754 - osv_monitor - INFO - 解压缩文件完成
