2025-09-21 00:49:57,001 - osv_monitor - INFO - 开始同步OSV漏洞数据...
2025-09-21 00:49:57,001 - osv_monitor - INFO - 正在搜索主页的生态系统列表...
2025-09-21 00:49:57,002 - osv_monitor - INFO - 正在获取 https://storage.googleapis.com/osv-vulnerabilities/index.html 页面...
2025-09-21 00:50:01,581 - osv_monitor - INFO - 找到 94 个生态系统
2025-09-21 00:50:01,582 - osv_monitor - INFO - all.zip 需要更新
2025-09-21 00:50:06,139 - osv_monitor - INFO - 下载文件 https://storage.googleapis.com/osv-vulnerabilities/all.zip 到 data/all.tmp 成功
2025-09-21 00:50:06,141 - osv_monitor - INFO - [+] 更新同步 all.zip 最后修改时间: 2025-09-21 00:07:35
2025-09-21 00:50:06,141 - osv_monitor - INFO - 已下载 all.zip
2025-09-21 00:50:06,141 - osv_monitor - INFO - [+] 同步 OSV 数据完成
2025-09-21 00:50:06,141 - osv_monitor - INFO - 同步完成
2025-09-21 00:51:13,943 - osv_monitor - INFO - 解压缩文件完成
2025-09-21 12:19:19,715 - osv_monitor - INFO - 开始同步OSV漏洞数据...
2025-09-21 12:19:19,715 - osv_monitor - INFO - 正在搜索主页的生态系统列表...
2025-09-21 12:19:19,715 - osv_monitor - INFO - 正在获取 https://storage.googleapis.com/osv-vulnerabilities/index.html 页面...
2025-09-21 12:19:24,001 - osv_monitor - INFO - 找到 94 个生态系统
2025-09-21 12:19:24,002 - osv_monitor - INFO - all.zip 需要更新
2025-09-21 12:19:30,045 - osv_monitor - INFO - 下载文件 https://storage.googleapis.com/osv-vulnerabilities/all.zip 到 data/all.tmp 成功
2025-09-21 12:19:30,047 - osv_monitor - INFO - [+] 更新同步 all.zip 最后修改时间: 2025-09-21 12:05:14
2025-09-21 12:19:30,047 - osv_monitor - INFO - 已下载 all.zip
2025-09-21 12:19:30,047 - osv_monitor - INFO - [+] 同步 OSV 数据完成
2025-09-21 12:19:30,047 - osv_monitor - INFO - 同步完成
2025-09-21 12:20:38,177 - osv_monitor - INFO - 解压缩文件完成
