2025-06-27 00:46:09,500 - osv_monitor - INFO - 开始同步OSV漏洞数据...
2025-06-27 00:46:09,500 - osv_monitor - INFO - 正在搜索主页的生态系统列表...
2025-06-27 00:46:09,500 - osv_monitor - INFO - 正在获取 https://storage.googleapis.com/osv-vulnerabilities/index.html 页面...
2025-06-27 00:46:13,832 - osv_monitor - INFO - 找到 429 个生态系统
2025-06-27 00:46:13,833 - osv_monitor - INFO - all.zip 需要更新
2025-06-27 00:46:17,315 - osv_monitor - INFO - 下载文件 https://storage.googleapis.com/osv-vulnerabilities/all.zip 到 data/all.tmp 成功
2025-06-27 00:46:17,316 - osv_monitor - INFO - [+] 更新同步 all.zip 最后修改时间: 2025-06-26 23:36:31
2025-06-27 00:46:17,316 - osv_monitor - INFO - 已下载 all.zip
2025-06-27 00:46:17,316 - osv_monitor - INFO - [+] 同步 OSV 数据完成
2025-06-27 00:46:17,316 - osv_monitor - INFO - 同步完成
2025-06-27 00:47:14,426 - osv_monitor - INFO - 解压缩文件完成
2025-06-27 03:45:48,061 - osv_monitor - INFO - 开始同步OSV漏洞数据...
2025-06-27 03:45:48,061 - osv_monitor - INFO - 正在搜索主页的生态系统列表...
2025-06-27 03:45:48,061 - osv_monitor - INFO - 正在获取 https://storage.googleapis.com/osv-vulnerabilities/index.html 页面...
2025-06-27 03:45:53,591 - osv_monitor - INFO - 找到 429 个生态系统
2025-06-27 03:45:53,592 - osv_monitor - INFO - all.zip 需要更新
2025-06-27 03:45:59,848 - osv_monitor - INFO - 下载文件 https://storage.googleapis.com/osv-vulnerabilities/all.zip 到 data/all.tmp 成功
2025-06-27 03:45:59,848 - osv_monitor - INFO - [+] 更新同步 all.zip 最后修改时间: 2025-06-27 02:35:08
2025-06-27 03:45:59,848 - osv_monitor - INFO - 已下载 all.zip
2025-06-27 03:45:59,848 - osv_monitor - INFO - [+] 同步 OSV 数据完成
2025-06-27 03:45:59,849 - osv_monitor - INFO - 同步完成
2025-06-27 03:46:56,920 - osv_monitor - INFO - 解压缩文件完成
2025-06-27 06:16:40,922 - osv_monitor - INFO - 开始同步OSV漏洞数据...
2025-06-27 06:16:40,922 - osv_monitor - INFO - 正在搜索主页的生态系统列表...
2025-06-27 06:16:40,922 - osv_monitor - INFO - 正在获取 https://storage.googleapis.com/osv-vulnerabilities/index.html 页面...
2025-06-27 06:16:46,708 - osv_monitor - INFO - 找到 429 个生态系统
2025-06-27 06:16:46,709 - osv_monitor - INFO - all.zip 需要更新
2025-06-27 06:16:50,445 - osv_monitor - INFO - 下载文件 https://storage.googleapis.com/osv-vulnerabilities/all.zip 到 data/all.tmp 成功
2025-06-27 06:16:50,446 - osv_monitor - INFO - [+] 更新同步 all.zip 最后修改时间: 2025-06-27 05:35:42
2025-06-27 06:16:50,446 - osv_monitor - INFO - 已下载 all.zip
2025-06-27 06:16:50,446 - osv_monitor - INFO - [+] 同步 OSV 数据完成
2025-06-27 06:16:50,446 - osv_monitor - INFO - 同步完成
2025-06-27 06:17:47,328 - osv_monitor - INFO - 解压缩文件完成
