2025-08-05 00:51:07,076 - osv_monitor - INFO - 开始同步OSV漏洞数据...
2025-08-05 00:51:07,076 - osv_monitor - INFO - 正在搜索主页的生态系统列表...
2025-08-05 00:51:07,076 - osv_monitor - INFO - 正在获取 https://storage.googleapis.com/osv-vulnerabilities/index.html 页面...
2025-08-05 00:51:10,728 - osv_monitor - INFO - 找到 429 个生态系统
2025-08-05 00:51:10,729 - osv_monitor - INFO - all.zip 需要更新
2025-08-05 00:51:13,961 - osv_monitor - INFO - 下载文件 https://storage.googleapis.com/osv-vulnerabilities/all.zip 到 data/all.tmp 成功
2025-08-05 00:51:13,961 - osv_monitor - INFO - [+] 更新同步 all.zip 最后修改时间: 2025-08-04 23:47:50
2025-08-05 00:51:13,961 - osv_monitor - INFO - 已下载 all.zip
2025-08-05 00:51:13,961 - osv_monitor - INFO - [+] 同步 OSV 数据完成
2025-08-05 00:51:13,961 - osv_monitor - INFO - 同步完成
2025-08-05 00:52:08,007 - osv_monitor - INFO - 解压缩文件完成
2025-08-05 04:04:33,334 - osv_monitor - INFO - 开始同步OSV漏洞数据...
2025-08-05 04:04:33,334 - osv_monitor - INFO - 正在搜索主页的生态系统列表...
2025-08-05 04:04:33,334 - osv_monitor - INFO - 正在获取 https://storage.googleapis.com/osv-vulnerabilities/index.html 页面...
2025-08-05 04:04:37,190 - osv_monitor - INFO - 找到 429 个生态系统
2025-08-05 04:04:37,192 - osv_monitor - INFO - all.zip 需要更新
2025-08-05 04:04:43,412 - osv_monitor - INFO - 下载文件 https://storage.googleapis.com/osv-vulnerabilities/all.zip 到 data/all.tmp 成功
2025-08-05 04:04:43,413 - osv_monitor - INFO - [+] 更新同步 all.zip 最后修改时间: 2025-08-05 02:58:26
2025-08-05 04:04:43,413 - osv_monitor - INFO - 已下载 all.zip
2025-08-05 04:04:43,413 - osv_monitor - INFO - [+] 同步 OSV 数据完成
2025-08-05 04:04:43,413 - osv_monitor - INFO - 同步完成
2025-08-05 04:05:37,125 - osv_monitor - INFO - 解压缩文件完成
2025-08-05 06:18:59,938 - osv_monitor - INFO - 开始同步OSV漏洞数据...
2025-08-05 06:18:59,939 - osv_monitor - INFO - 正在搜索主页的生态系统列表...
2025-08-05 06:18:59,939 - osv_monitor - INFO - 正在获取 https://storage.googleapis.com/osv-vulnerabilities/index.html 页面...
2025-08-05 06:19:03,810 - osv_monitor - INFO - 找到 429 个生态系统
2025-08-05 06:19:03,811 - osv_monitor - INFO - all.zip 需要更新
2025-08-05 06:19:07,032 - osv_monitor - INFO - 下载文件 https://storage.googleapis.com/osv-vulnerabilities/all.zip 到 data/all.tmp 成功
2025-08-05 06:19:07,032 - osv_monitor - INFO - [+] 更新同步 all.zip 最后修改时间: 2025-08-05 05:24:55
2025-08-05 06:19:07,032 - osv_monitor - INFO - 已下载 all.zip
2025-08-05 06:19:07,032 - osv_monitor - INFO - [+] 同步 OSV 数据完成
2025-08-05 06:19:07,033 - osv_monitor - INFO - 同步完成
2025-08-05 06:20:04,392 - osv_monitor - INFO - 解压缩文件完成
2025-08-05 09:18:09,495 - osv_monitor - INFO - 开始同步OSV漏洞数据...
2025-08-05 09:18:09,495 - osv_monitor - INFO - 正在搜索主页的生态系统列表...
2025-08-05 09:18:09,495 - osv_monitor - INFO - 正在获取 https://storage.googleapis.com/osv-vulnerabilities/index.html 页面...
2025-08-05 09:18:13,618 - osv_monitor - INFO - 找到 429 个生态系统
2025-08-05 09:18:13,619 - osv_monitor - INFO - all.zip 需要更新
2025-08-05 09:18:18,379 - osv_monitor - INFO - 下载文件 https://storage.googleapis.com/osv-vulnerabilities/all.zip 到 data/all.tmp 成功
2025-08-05 09:18:18,380 - osv_monitor - INFO - [+] 更新同步 all.zip 最后修改时间: 2025-08-05 08:26:37
2025-08-05 09:18:18,380 - osv_monitor - INFO - 已下载 all.zip
2025-08-05 09:18:18,380 - osv_monitor - INFO - [+] 同步 OSV 数据完成
2025-08-05 09:18:18,380 - osv_monitor - INFO - 同步完成
2025-08-05 09:19:11,688 - osv_monitor - INFO - 解压缩文件完成
