2025-07-12 00:48:30,508 - osv_monitor - INFO - 开始同步OSV漏洞数据...
2025-07-12 00:48:30,508 - osv_monitor - INFO - 正在搜索主页的生态系统列表...
2025-07-12 00:48:30,508 - osv_monitor - INFO - 正在获取 https://storage.googleapis.com/osv-vulnerabilities/index.html 页面...
2025-07-12 00:48:36,265 - osv_monitor - INFO - 找到 429 个生态系统
2025-07-12 00:48:36,266 - osv_monitor - INFO - all.zip 需要更新
2025-07-12 00:48:42,201 - osv_monitor - INFO - 下载文件 https://storage.googleapis.com/osv-vulnerabilities/all.zip 到 data/all.tmp 成功
2025-07-12 00:48:42,201 - osv_monitor - INFO - [+] 更新同步 all.zip 最后修改时间: 2025-07-12 00:41:59
2025-07-12 00:48:42,201 - osv_monitor - INFO - 已下载 all.zip
2025-07-12 00:48:42,201 - osv_monitor - INFO - [+] 同步 OSV 数据完成
2025-07-12 00:48:42,202 - osv_monitor - INFO - 同步完成
2025-07-12 00:49:40,012 - osv_monitor - INFO - 解压缩文件完成
2025-07-12 03:50:13,228 - osv_monitor - INFO - 开始同步OSV漏洞数据...
2025-07-12 03:50:13,228 - osv_monitor - INFO - 正在搜索主页的生态系统列表...
2025-07-12 03:50:13,228 - osv_monitor - INFO - 正在获取 https://storage.googleapis.com/osv-vulnerabilities/index.html 页面...
2025-07-12 03:50:26,828 - osv_monitor - INFO - 找到 429 个生态系统
2025-07-12 03:50:26,829 - osv_monitor - INFO - all.zip 需要更新
2025-07-12 03:50:31,734 - osv_monitor - INFO - 下载文件 https://storage.googleapis.com/osv-vulnerabilities/all.zip 到 data/all.tmp 成功
2025-07-12 03:50:31,735 - osv_monitor - INFO - [+] 更新同步 all.zip 最后修改时间: 2025-07-12 03:41:54
2025-07-12 03:50:31,735 - osv_monitor - INFO - 已下载 all.zip
2025-07-12 03:50:31,735 - osv_monitor - INFO - [+] 同步 OSV 数据完成
2025-07-12 03:50:31,735 - osv_monitor - INFO - 同步完成
2025-07-12 03:51:29,188 - osv_monitor - INFO - 解压缩文件完成
2025-07-12 06:15:26,737 - osv_monitor - INFO - 开始同步OSV漏洞数据...
2025-07-12 06:15:26,737 - osv_monitor - INFO - 正在搜索主页的生态系统列表...
2025-07-12 06:15:26,737 - osv_monitor - INFO - 正在获取 https://storage.googleapis.com/osv-vulnerabilities/index.html 页面...
2025-07-12 06:15:33,254 - osv_monitor - INFO - 找到 429 个生态系统
2025-07-12 06:15:33,255 - osv_monitor - INFO - all.zip 需要更新
2025-07-12 06:15:37,831 - osv_monitor - INFO - 下载文件 https://storage.googleapis.com/osv-vulnerabilities/all.zip 到 data/all.tmp 成功
2025-07-12 06:15:37,832 - osv_monitor - INFO - [+] 更新同步 all.zip 最后修改时间: 2025-07-12 05:10:28
2025-07-12 06:15:37,832 - osv_monitor - INFO - 已下载 all.zip
2025-07-12 06:15:37,832 - osv_monitor - INFO - [+] 同步 OSV 数据完成
2025-07-12 06:15:37,832 - osv_monitor - INFO - 同步完成
2025-07-12 06:16:36,784 - osv_monitor - INFO - 解压缩文件完成
2025-07-12 09:10:59,676 - osv_monitor - INFO - 开始同步OSV漏洞数据...
2025-07-12 09:10:59,677 - osv_monitor - INFO - 正在搜索主页的生态系统列表...
2025-07-12 09:10:59,677 - osv_monitor - INFO - 正在获取 https://storage.googleapis.com/osv-vulnerabilities/index.html 页面...
2025-07-12 09:11:03,187 - osv_monitor - INFO - 找到 429 个生态系统
2025-07-12 09:11:03,188 - osv_monitor - INFO - all.zip 需要更新
2025-07-12 09:11:07,341 - osv_monitor - INFO - 下载文件 https://storage.googleapis.com/osv-vulnerabilities/all.zip 到 data/all.tmp 成功
2025-07-12 09:11:07,342 - osv_monitor - INFO - [+] 更新同步 all.zip 最后修改时间: 2025-07-12 08:08:12
2025-07-12 09:11:07,342 - osv_monitor - INFO - 已下载 all.zip
2025-07-12 09:11:07,342 - osv_monitor - INFO - [+] 同步 OSV 数据完成
2025-07-12 09:11:07,342 - osv_monitor - INFO - 同步完成
2025-07-12 09:12:05,429 - osv_monitor - INFO - 解压缩文件完成
2025-07-12 12:18:09,887 - osv_monitor - INFO - 开始同步OSV漏洞数据...
2025-07-12 12:18:09,887 - osv_monitor - INFO - 正在搜索主页的生态系统列表...
2025-07-12 12:18:09,887 - osv_monitor - INFO - 正在获取 https://storage.googleapis.com/osv-vulnerabilities/index.html 页面...
2025-07-12 12:18:16,116 - osv_monitor - INFO - 找到 429 个生态系统
2025-07-12 12:18:16,117 - osv_monitor - INFO - all.zip 需要更新
2025-07-12 12:18:22,024 - osv_monitor - INFO - 下载文件 https://storage.googleapis.com/osv-vulnerabilities/all.zip 到 data/all.tmp 成功
2025-07-12 12:18:22,025 - osv_monitor - INFO - [+] 更新同步 all.zip 最后修改时间: 2025-07-12 11:08:07
2025-07-12 12:18:22,025 - osv_monitor - INFO - 已下载 all.zip
2025-07-12 12:18:22,025 - osv_monitor - INFO - [+] 同步 OSV 数据完成
2025-07-12 12:18:22,025 - osv_monitor - INFO - 同步完成
2025-07-12 12:19:20,435 - osv_monitor - INFO - 解压缩文件完成
2025-07-12 15:11:22,328 - osv_monitor - INFO - 开始同步OSV漏洞数据...
2025-07-12 15:11:22,328 - osv_monitor - INFO - 正在搜索主页的生态系统列表...
2025-07-12 15:11:22,328 - osv_monitor - INFO - 正在获取 https://storage.googleapis.com/osv-vulnerabilities/index.html 页面...
2025-07-12 15:11:28,430 - osv_monitor - INFO - 找到 429 个生态系统
2025-07-12 15:11:28,431 - osv_monitor - INFO - all.zip 需要更新
2025-07-12 15:11:34,720 - osv_monitor - INFO - 下载文件 https://storage.googleapis.com/osv-vulnerabilities/all.zip 到 data/all.tmp 成功
2025-07-12 15:11:34,721 - osv_monitor - INFO - [+] 更新同步 all.zip 最后修改时间: 2025-07-12 14:05:46
2025-07-12 15:11:34,721 - osv_monitor - INFO - 已下载 all.zip
2025-07-12 15:11:34,721 - osv_monitor - INFO - [+] 同步 OSV 数据完成
2025-07-12 15:11:34,721 - osv_monitor - INFO - 同步完成
2025-07-12 15:12:31,693 - osv_monitor - INFO - 解压缩文件完成
2025-07-12 18:14:55,334 - osv_monitor - INFO - 开始同步OSV漏洞数据...
2025-07-12 18:14:55,334 - osv_monitor - INFO - 正在搜索主页的生态系统列表...
2025-07-12 18:14:55,335 - osv_monitor - INFO - 正在获取 https://storage.googleapis.com/osv-vulnerabilities/index.html 页面...
2025-07-12 18:15:00,639 - osv_monitor - INFO - 找到 429 个生态系统
2025-07-12 18:15:00,640 - osv_monitor - INFO - all.zip 需要更新
2025-07-12 18:15:06,601 - osv_monitor - INFO - 下载文件 https://storage.googleapis.com/osv-vulnerabilities/all.zip 到 data/all.tmp 成功
2025-07-12 18:15:06,601 - osv_monitor - INFO - [+] 更新同步 all.zip 最后修改时间: 2025-07-12 17:08:48
2025-07-12 18:15:06,601 - osv_monitor - INFO - 已下载 all.zip
2025-07-12 18:15:06,601 - osv_monitor - INFO - [+] 同步 OSV 数据完成
2025-07-12 18:15:06,602 - osv_monitor - INFO - 同步完成
2025-07-12 18:16:03,494 - osv_monitor - INFO - 解压缩文件完成
2025-07-12 21:09:56,200 - osv_monitor - INFO - 开始同步OSV漏洞数据...
2025-07-12 21:09:56,200 - osv_monitor - INFO - 正在搜索主页的生态系统列表...
2025-07-12 21:09:56,200 - osv_monitor - INFO - 正在获取 https://storage.googleapis.com/osv-vulnerabilities/index.html 页面...
2025-07-12 21:09:59,857 - osv_monitor - INFO - 找到 429 个生态系统
2025-07-12 21:09:59,857 - osv_monitor - INFO - all.zip 需要更新
2025-07-12 21:10:03,044 - osv_monitor - INFO - 下载文件 https://storage.googleapis.com/osv-vulnerabilities/all.zip 到 data/all.tmp 成功
2025-07-12 21:10:03,045 - osv_monitor - INFO - [+] 更新同步 all.zip 最后修改时间: 2025-07-12 20:09:06
2025-07-12 21:10:03,045 - osv_monitor - INFO - 已下载 all.zip
2025-07-12 21:10:03,045 - osv_monitor - INFO - [+] 同步 OSV 数据完成
2025-07-12 21:10:03,045 - osv_monitor - INFO - 同步完成
2025-07-12 21:10:58,837 - osv_monitor - INFO - 解压缩文件完成
