2025-07-20 00:55:18,311 - osv_monitor - INFO - 开始同步OSV漏洞数据...
2025-07-20 00:55:18,311 - osv_monitor - INFO - 正在搜索主页的生态系统列表...
2025-07-20 00:55:18,311 - osv_monitor - INFO - 正在获取 https://storage.googleapis.com/osv-vulnerabilities/index.html 页面...
2025-07-20 00:55:22,237 - osv_monitor - INFO - 找到 429 个生态系统
2025-07-20 00:55:22,238 - osv_monitor - INFO - all.zip 需要更新
2025-07-20 00:55:25,635 - osv_monitor - INFO - 下载文件 https://storage.googleapis.com/osv-vulnerabilities/all.zip 到 data/all.tmp 成功
2025-07-20 00:55:25,636 - osv_monitor - INFO - [+] 更新同步 all.zip 最后修改时间: 2025-07-20 00:18:57
2025-07-20 00:55:25,636 - osv_monitor - INFO - 已下载 all.zip
2025-07-20 00:55:25,636 - osv_monitor - INFO - [+] 同步 OSV 数据完成
2025-07-20 00:55:25,636 - osv_monitor - INFO - 同步完成
2025-07-20 00:56:19,111 - osv_monitor - INFO - 解压缩文件完成
2025-07-20 04:01:51,817 - osv_monitor - INFO - 开始同步OSV漏洞数据...
2025-07-20 04:01:51,817 - osv_monitor - INFO - 正在搜索主页的生态系统列表...
2025-07-20 04:01:51,817 - osv_monitor - INFO - 正在获取 https://storage.googleapis.com/osv-vulnerabilities/index.html 页面...
2025-07-20 04:01:55,420 - osv_monitor - INFO - 找到 429 个生态系统
2025-07-20 04:01:55,421 - osv_monitor - INFO - all.zip 需要更新
2025-07-20 04:01:58,337 - osv_monitor - INFO - 下载文件 https://storage.googleapis.com/osv-vulnerabilities/all.zip 到 data/all.tmp 成功
2025-07-20 04:01:58,338 - osv_monitor - INFO - [+] 更新同步 all.zip 最后修改时间: 2025-07-20 03:17:51
2025-07-20 04:01:58,338 - osv_monitor - INFO - 已下载 all.zip
2025-07-20 04:01:58,338 - osv_monitor - INFO - [+] 同步 OSV 数据完成
2025-07-20 04:01:58,338 - osv_monitor - INFO - 同步完成
2025-07-20 04:02:51,395 - osv_monitor - INFO - 解压缩文件完成
2025-07-20 06:16:00,769 - osv_monitor - INFO - 开始同步OSV漏洞数据...
2025-07-20 06:16:00,770 - osv_monitor - INFO - 正在搜索主页的生态系统列表...
2025-07-20 06:16:00,770 - osv_monitor - INFO - 正在获取 https://storage.googleapis.com/osv-vulnerabilities/index.html 页面...
2025-07-20 06:16:06,632 - osv_monitor - INFO - 找到 429 个生态系统
2025-07-20 06:16:06,633 - osv_monitor - INFO - all.zip 需要更新
2025-07-20 06:16:13,441 - osv_monitor - INFO - 下载文件 https://storage.googleapis.com/osv-vulnerabilities/all.zip 到 data/all.tmp 成功
2025-07-20 06:16:13,441 - osv_monitor - INFO - [+] 更新同步 all.zip 最后修改时间: 2025-07-20 05:19:12
2025-07-20 06:16:13,442 - osv_monitor - INFO - 已下载 all.zip
2025-07-20 06:16:13,442 - osv_monitor - INFO - [+] 同步 OSV 数据完成
2025-07-20 06:16:13,442 - osv_monitor - INFO - 同步完成
2025-07-20 06:17:05,656 - osv_monitor - INFO - 解压缩文件完成
2025-07-20 09:12:14,876 - osv_monitor - INFO - 开始同步OSV漏洞数据...
2025-07-20 09:12:14,877 - osv_monitor - INFO - 正在搜索主页的生态系统列表...
2025-07-20 09:12:14,877 - osv_monitor - INFO - 正在获取 https://storage.googleapis.com/osv-vulnerabilities/index.html 页面...
2025-07-20 09:12:21,088 - osv_monitor - INFO - 找到 429 个生态系统
2025-07-20 09:12:21,089 - osv_monitor - INFO - all.zip 需要更新
2025-07-20 09:12:25,545 - osv_monitor - INFO - 下载文件 https://storage.googleapis.com/osv-vulnerabilities/all.zip 到 data/all.tmp 成功
2025-07-20 09:12:25,545 - osv_monitor - INFO - [+] 更新同步 all.zip 最后修改时间: 2025-07-20 08:27:53
2025-07-20 09:12:25,545 - osv_monitor - INFO - 已下载 all.zip
2025-07-20 09:12:25,545 - osv_monitor - INFO - [+] 同步 OSV 数据完成
2025-07-20 09:12:25,545 - osv_monitor - INFO - 同步完成
2025-07-20 09:13:18,775 - osv_monitor - INFO - 解压缩文件完成
2025-07-20 12:17:23,734 - osv_monitor - INFO - 开始同步OSV漏洞数据...
2025-07-20 12:17:23,734 - osv_monitor - INFO - 正在搜索主页的生态系统列表...
2025-07-20 12:17:23,734 - osv_monitor - INFO - 正在获取 https://storage.googleapis.com/osv-vulnerabilities/index.html 页面...
2025-07-20 12:17:29,475 - osv_monitor - INFO - 找到 429 个生态系统
2025-07-20 12:17:29,476 - osv_monitor - INFO - all.zip 需要更新
2025-07-20 12:17:32,680 - osv_monitor - INFO - 下载文件 https://storage.googleapis.com/osv-vulnerabilities/all.zip 到 data/all.tmp 成功
2025-07-20 12:17:32,681 - osv_monitor - INFO - [+] 更新同步 all.zip 最后修改时间: 2025-07-20 11:18:13
2025-07-20 12:17:32,681 - osv_monitor - INFO - 已下载 all.zip
2025-07-20 12:17:32,681 - osv_monitor - INFO - [+] 同步 OSV 数据完成
2025-07-20 12:17:32,681 - osv_monitor - INFO - 同步完成
2025-07-20 12:18:26,234 - osv_monitor - INFO - 解压缩文件完成
2025-07-20 15:11:20,029 - osv_monitor - INFO - 开始同步OSV漏洞数据...
2025-07-20 15:11:20,029 - osv_monitor - INFO - 正在搜索主页的生态系统列表...
2025-07-20 15:11:20,030 - osv_monitor - INFO - 正在获取 https://storage.googleapis.com/osv-vulnerabilities/index.html 页面...
2025-07-20 15:11:26,970 - osv_monitor - INFO - 找到 429 个生态系统
2025-07-20 15:11:26,971 - osv_monitor - INFO - all.zip 需要更新
2025-07-20 15:11:31,626 - osv_monitor - INFO - 下载文件 https://storage.googleapis.com/osv-vulnerabilities/all.zip 到 data/all.tmp 成功
2025-07-20 15:11:31,626 - osv_monitor - INFO - [+] 更新同步 all.zip 最后修改时间: 2025-07-20 14:18:06
2025-07-20 15:11:31,627 - osv_monitor - INFO - 已下载 all.zip
2025-07-20 15:11:31,627 - osv_monitor - INFO - [+] 同步 OSV 数据完成
2025-07-20 15:11:31,627 - osv_monitor - INFO - 同步完成
2025-07-20 15:12:23,307 - osv_monitor - INFO - 解压缩文件完成
