2025-06-09 00:48:20,059 - osv_monitor - INFO - 开始同步OSV漏洞数据...
2025-06-09 00:48:20,059 - osv_monitor - INFO - 正在搜索主页的生态系统列表...
2025-06-09 00:48:20,059 - osv_monitor - INFO - 正在获取 https://storage.googleapis.com/osv-vulnerabilities/index.html 页面...
2025-06-09 00:48:27,032 - osv_monitor - INFO - 找到 429 个生态系统
2025-06-09 00:48:27,033 - osv_monitor - INFO - all.zip 需要更新
2025-06-09 00:48:31,336 - osv_monitor - INFO - 下载文件 https://storage.googleapis.com/osv-vulnerabilities/all.zip 到 data/all.tmp 成功
2025-06-09 00:48:31,337 - osv_monitor - INFO - [+] 更新同步 all.zip 最后修改时间: 2025-06-08 23:53:53
2025-06-09 00:48:31,337 - osv_monitor - INFO - 已下载 all.zip
2025-06-09 00:48:31,337 - osv_monitor - INFO - [+] 同步 OSV 数据完成
2025-06-09 00:48:31,337 - osv_monitor - INFO - 同步完成
2025-06-09 00:49:28,204 - osv_monitor - INFO - 解压缩文件完成
2025-06-09 03:47:55,251 - osv_monitor - INFO - 开始同步OSV漏洞数据...
2025-06-09 03:47:55,251 - osv_monitor - INFO - 正在搜索主页的生态系统列表...
2025-06-09 03:47:55,251 - osv_monitor - INFO - 正在获取 https://storage.googleapis.com/osv-vulnerabilities/index.html 页面...
2025-06-09 03:48:02,348 - osv_monitor - INFO - 找到 429 个生态系统
2025-06-09 03:48:02,349 - osv_monitor - INFO - all.zip 需要更新
2025-06-09 03:48:08,286 - osv_monitor - INFO - 下载文件 https://storage.googleapis.com/osv-vulnerabilities/all.zip 到 data/all.tmp 成功
2025-06-09 03:48:08,287 - osv_monitor - INFO - [+] 更新同步 all.zip 最后修改时间: 2025-06-09 02:54:09
2025-06-09 03:48:08,287 - osv_monitor - INFO - 已下载 all.zip
2025-06-09 03:48:08,287 - osv_monitor - INFO - [+] 同步 OSV 数据完成
2025-06-09 03:48:08,287 - osv_monitor - INFO - 同步完成
2025-06-09 03:49:03,431 - osv_monitor - INFO - 解压缩文件完成
2025-06-09 06:16:18,978 - osv_monitor - INFO - 开始同步OSV漏洞数据...
2025-06-09 06:16:18,978 - osv_monitor - INFO - 正在搜索主页的生态系统列表...
2025-06-09 06:16:18,978 - osv_monitor - INFO - 正在获取 https://storage.googleapis.com/osv-vulnerabilities/index.html 页面...
2025-06-09 06:16:25,237 - osv_monitor - INFO - 找到 429 个生态系统
2025-06-09 06:16:25,238 - osv_monitor - INFO - all.zip 需要更新
2025-06-09 06:16:30,080 - osv_monitor - INFO - 下载文件 https://storage.googleapis.com/osv-vulnerabilities/all.zip 到 data/all.tmp 成功
2025-06-09 06:16:30,080 - osv_monitor - INFO - [+] 更新同步 all.zip 最后修改时间: 2025-06-09 05:54:10
2025-06-09 06:16:30,080 - osv_monitor - INFO - 已下载 all.zip
2025-06-09 06:16:30,080 - osv_monitor - INFO - [+] 同步 OSV 数据完成
2025-06-09 06:16:30,081 - osv_monitor - INFO - 同步完成
2025-06-09 06:17:26,528 - osv_monitor - INFO - 解压缩文件完成
2025-06-09 09:12:44,237 - osv_monitor - INFO - 开始同步OSV漏洞数据...
2025-06-09 09:12:44,237 - osv_monitor - INFO - 正在搜索主页的生态系统列表...
2025-06-09 09:12:44,237 - osv_monitor - INFO - 正在获取 https://storage.googleapis.com/osv-vulnerabilities/index.html 页面...
2025-06-09 09:12:52,357 - osv_monitor - INFO - 找到 429 个生态系统
2025-06-09 09:12:52,357 - osv_monitor - INFO - all.zip 需要更新
2025-06-09 09:12:57,108 - osv_monitor - INFO - 下载文件 https://storage.googleapis.com/osv-vulnerabilities/all.zip 到 data/all.tmp 成功
2025-06-09 09:12:57,109 - osv_monitor - INFO - [+] 更新同步 all.zip 最后修改时间: 2025-06-09 09:02:56
2025-06-09 09:12:57,109 - osv_monitor - INFO - 已下载 all.zip
2025-06-09 09:12:57,109 - osv_monitor - INFO - [+] 同步 OSV 数据完成
2025-06-09 09:12:57,109 - osv_monitor - INFO - 同步完成
2025-06-09 09:13:54,668 - osv_monitor - INFO - 解压缩文件完成
2025-06-09 12:18:22,423 - osv_monitor - INFO - 开始同步OSV漏洞数据...
2025-06-09 12:18:22,423 - osv_monitor - INFO - 正在搜索主页的生态系统列表...
2025-06-09 12:18:22,424 - osv_monitor - INFO - 正在获取 https://storage.googleapis.com/osv-vulnerabilities/index.html 页面...
2025-06-09 12:18:26,780 - osv_monitor - INFO - 找到 429 个生态系统
2025-06-09 12:18:26,781 - osv_monitor - INFO - all.zip 需要更新
2025-06-09 12:18:31,827 - osv_monitor - INFO - 下载文件 https://storage.googleapis.com/osv-vulnerabilities/all.zip 到 data/all.tmp 成功
2025-06-09 12:18:31,827 - osv_monitor - INFO - [+] 更新同步 all.zip 最后修改时间: 2025-06-09 12:07:02
2025-06-09 12:18:31,828 - osv_monitor - INFO - 已下载 all.zip
2025-06-09 12:18:31,828 - osv_monitor - INFO - [+] 同步 OSV 数据完成
2025-06-09 12:18:31,828 - osv_monitor - INFO - 同步完成
2025-06-09 12:19:28,466 - osv_monitor - INFO - 解压缩文件完成
2025-06-09 15:11:44,020 - osv_monitor - INFO - 开始同步OSV漏洞数据...
2025-06-09 15:11:44,020 - osv_monitor - INFO - 正在搜索主页的生态系统列表...
2025-06-09 15:11:44,020 - osv_monitor - INFO - 正在获取 https://storage.googleapis.com/osv-vulnerabilities/index.html 页面...
2025-06-09 15:11:48,282 - osv_monitor - INFO - 找到 429 个生态系统
2025-06-09 15:11:48,283 - osv_monitor - INFO - all.zip 需要更新
2025-06-09 15:11:52,507 - osv_monitor - INFO - 下载文件 https://storage.googleapis.com/osv-vulnerabilities/all.zip 到 data/all.tmp 成功
2025-06-09 15:11:52,508 - osv_monitor - INFO - [+] 更新同步 all.zip 最后修改时间: 2025-06-09 14:26:03
2025-06-09 15:11:52,508 - osv_monitor - INFO - 已下载 all.zip
2025-06-09 15:11:52,508 - osv_monitor - INFO - [+] 同步 OSV 数据完成
2025-06-09 15:11:52,508 - osv_monitor - INFO - 同步完成
2025-06-09 15:12:48,585 - osv_monitor - INFO - 解压缩文件完成
