2026-01-28 00:05:50,258 - osv_monitor - INFO - 开始同步OSV漏洞数据...
2026-01-28 00:05:50,258 - osv_monitor - INFO - 正在搜索主页的生态系统列表...
2026-01-28 00:05:50,258 - osv_monitor - INFO - 正在获取 https://storage.googleapis.com/osv-vulnerabilities/index.html 页面...
2026-01-28 00:05:53,373 - osv_monitor - INFO - 找到 97 个生态系统
2026-01-28 00:05:53,374 - osv_monitor - INFO - all.zip 需要更新
2026-01-28 00:06:02,230 - osv_monitor - INFO - 下载文件 https://storage.googleapis.com/osv-vulnerabilities/all.zip 到 data/all.tmp 成功
2026-01-28 00:06:02,232 - osv_monitor - INFO - [+] 更新同步 all.zip 最后修改时间: 2026-01-27 23:44:20
2026-01-28 00:06:02,232 - osv_monitor - INFO - 已下载 all.zip
2026-01-28 00:06:02,232 - osv_monitor - INFO - [+] 同步 OSV 数据完成
2026-01-28 00:06:02,232 - osv_monitor - INFO - 同步完成
2026-01-28 00:07:35,490 - osv_monitor - INFO - 解压缩文件完成
2026-01-28 12:04:28,739 - osv_monitor - INFO - 开始同步OSV漏洞数据...
2026-01-28 12:04:28,739 - osv_monitor - INFO - 正在搜索主页的生态系统列表...
2026-01-28 12:04:28,739 - osv_monitor - INFO - 正在获取 https://storage.googleapis.com/osv-vulnerabilities/index.html 页面...
2026-01-28 12:04:31,500 - osv_monitor - INFO - 找到 97 个生态系统
2026-01-28 12:04:31,502 - osv_monitor - INFO - all.zip 需要更新
2026-01-28 12:04:36,607 - osv_monitor - INFO - 下载文件 https://storage.googleapis.com/osv-vulnerabilities/all.zip 到 data/all.tmp 成功
2026-01-28 12:04:36,609 - osv_monitor - INFO - [+] 更新同步 all.zip 最后修改时间: 2026-01-28 12:00:03
2026-01-28 12:04:36,609 - osv_monitor - INFO - 已下载 all.zip
2026-01-28 12:04:36,609 - osv_monitor - INFO - [+] 同步 OSV 数据完成
2026-01-28 12:04:36,609 - osv_monitor - INFO - 同步完成
2026-01-28 12:06:12,049 - osv_monitor - INFO - 解压缩文件完成
