2025-10-13 00:55:46,930 - osv_monitor - INFO - 开始同步OSV漏洞数据...
2025-10-13 00:55:46,930 - osv_monitor - INFO - 正在搜索主页的生态系统列表...
2025-10-13 00:55:46,930 - osv_monitor - INFO - 正在获取 https://storage.googleapis.com/osv-vulnerabilities/index.html 页面...
2025-10-13 00:55:50,848 - osv_monitor - INFO - 找到 95 个生态系统
2025-10-13 00:55:50,849 - osv_monitor - INFO - all.zip 需要更新
2025-10-13 00:56:01,898 - osv_monitor - INFO - 下载文件 https://storage.googleapis.com/osv-vulnerabilities/all.zip 到 data/all.tmp 成功
2025-10-13 00:56:01,900 - osv_monitor - INFO - [+] 更新同步 all.zip 最后修改时间: 2025-10-13 00:09:51
2025-10-13 00:56:01,900 - osv_monitor - INFO - 已下载 all.zip
2025-10-13 00:56:01,900 - osv_monitor - INFO - [+] 同步 OSV 数据完成
2025-10-13 00:56:01,900 - osv_monitor - INFO - 同步完成
2025-10-13 00:57:16,015 - osv_monitor - INFO - 解压缩文件完成
2025-10-13 12:22:52,787 - osv_monitor - INFO - 开始同步OSV漏洞数据...
2025-10-13 12:22:52,787 - osv_monitor - INFO - 正在搜索主页的生态系统列表...
2025-10-13 12:22:52,788 - osv_monitor - INFO - 正在获取 https://storage.googleapis.com/osv-vulnerabilities/index.html 页面...
2025-10-13 12:22:57,557 - osv_monitor - INFO - 找到 95 个生态系统
2025-10-13 12:22:57,558 - osv_monitor - INFO - all.zip 需要更新
2025-10-13 12:23:02,003 - osv_monitor - INFO - 下载文件 https://storage.googleapis.com/osv-vulnerabilities/all.zip 到 data/all.tmp 成功
2025-10-13 12:23:02,006 - osv_monitor - INFO - [+] 更新同步 all.zip 最后修改时间: 2025-10-13 12:11:37
2025-10-13 12:23:02,006 - osv_monitor - INFO - 已下载 all.zip
2025-10-13 12:23:02,006 - osv_monitor - INFO - [+] 同步 OSV 数据完成
2025-10-13 12:23:02,006 - osv_monitor - INFO - 同步完成
2025-10-13 12:24:15,525 - osv_monitor - INFO - 解压缩文件完成
