2025-10-05 00:51:09,898 - osv_monitor - INFO - 开始同步OSV漏洞数据...
2025-10-05 00:51:09,898 - osv_monitor - INFO - 正在搜索主页的生态系统列表...
2025-10-05 00:51:09,898 - osv_monitor - INFO - 正在获取 https://storage.googleapis.com/osv-vulnerabilities/index.html 页面...
2025-10-05 00:51:16,020 - osv_monitor - INFO - 找到 95 个生态系统
2025-10-05 00:51:16,021 - osv_monitor - INFO - all.zip 需要更新
2025-10-05 00:51:20,531 - osv_monitor - INFO - 下载文件 https://storage.googleapis.com/osv-vulnerabilities/all.zip 到 data/all.tmp 成功
2025-10-05 00:51:20,533 - osv_monitor - INFO - [+] 更新同步 all.zip 最后修改时间: 2025-10-05 00:07:16
2025-10-05 00:51:20,533 - osv_monitor - INFO - 已下载 all.zip
2025-10-05 00:51:20,533 - osv_monitor - INFO - [+] 同步 OSV 数据完成
2025-10-05 00:51:20,533 - osv_monitor - INFO - 同步完成
2025-10-05 00:52:34,328 - osv_monitor - INFO - 解压缩文件完成
2025-10-05 12:19:45,773 - osv_monitor - INFO - 开始同步OSV漏洞数据...
2025-10-05 12:19:45,773 - osv_monitor - INFO - 正在搜索主页的生态系统列表...
2025-10-05 12:19:45,774 - osv_monitor - INFO - 正在获取 https://storage.googleapis.com/osv-vulnerabilities/index.html 页面...
2025-10-05 12:19:48,871 - osv_monitor - INFO - 找到 95 个生态系统
2025-10-05 12:19:48,872 - osv_monitor - INFO - all.zip 需要更新
2025-10-05 12:19:54,412 - osv_monitor - INFO - 下载文件 https://storage.googleapis.com/osv-vulnerabilities/all.zip 到 data/all.tmp 成功
2025-10-05 12:19:54,414 - osv_monitor - INFO - [+] 更新同步 all.zip 最后修改时间: 2025-10-05 12:11:58
2025-10-05 12:19:54,414 - osv_monitor - INFO - 已下载 all.zip
2025-10-05 12:19:54,414 - osv_monitor - INFO - [+] 同步 OSV 数据完成
2025-10-05 12:19:54,414 - osv_monitor - INFO - 同步完成
2025-10-05 12:21:07,070 - osv_monitor - INFO - 解压缩文件完成
