2025-07-06 00:52:12,988 - osv_monitor - INFO - 开始同步OSV漏洞数据...
2025-07-06 00:52:12,989 - osv_monitor - INFO - 正在搜索主页的生态系统列表...
2025-07-06 00:52:12,989 - osv_monitor - INFO - 正在获取 https://storage.googleapis.com/osv-vulnerabilities/index.html 页面...
2025-07-06 00:52:18,179 - osv_monitor - INFO - 找到 429 个生态系统
2025-07-06 00:52:18,180 - osv_monitor - INFO - all.zip 需要更新
2025-07-06 00:52:21,699 - osv_monitor - INFO - 下载文件 https://storage.googleapis.com/osv-vulnerabilities/all.zip 到 data/all.tmp 成功
2025-07-06 00:52:21,700 - osv_monitor - INFO - [+] 更新同步 all.zip 最后修改时间: 2025-07-06 00:05:59
2025-07-06 00:52:21,700 - osv_monitor - INFO - 已下载 all.zip
2025-07-06 00:52:21,700 - osv_monitor - INFO - [+] 同步 OSV 数据完成
2025-07-06 00:52:21,700 - osv_monitor - INFO - 同步完成
2025-07-06 00:53:17,589 - osv_monitor - INFO - 解压缩文件完成
2025-07-06 03:52:10,883 - osv_monitor - INFO - 开始同步OSV漏洞数据...
2025-07-06 03:52:10,883 - osv_monitor - INFO - 正在搜索主页的生态系统列表...
2025-07-06 03:52:10,883 - osv_monitor - INFO - 正在获取 https://storage.googleapis.com/osv-vulnerabilities/index.html 页面...
2025-07-06 03:52:16,240 - osv_monitor - INFO - 找到 429 个生态系统
2025-07-06 03:52:16,240 - osv_monitor - INFO - all.zip 需要更新
2025-07-06 03:52:21,616 - osv_monitor - INFO - 下载文件 https://storage.googleapis.com/osv-vulnerabilities/all.zip 到 data/all.tmp 成功
2025-07-06 03:52:21,617 - osv_monitor - INFO - [+] 更新同步 all.zip 最后修改时间: 2025-07-06 03:03:57
2025-07-06 03:52:21,617 - osv_monitor - INFO - 已下载 all.zip
2025-07-06 03:52:21,617 - osv_monitor - INFO - [+] 同步 OSV 数据完成
2025-07-06 03:52:21,617 - osv_monitor - INFO - 同步完成
2025-07-06 03:53:18,039 - osv_monitor - INFO - 解压缩文件完成
