2025-08-21 00:41:48,346 - osv_monitor - INFO - 开始同步OSV漏洞数据...
2025-08-21 00:41:48,346 - osv_monitor - INFO - 正在搜索主页的生态系统列表...
2025-08-21 00:41:48,346 - osv_monitor - INFO - 正在获取 https://storage.googleapis.com/osv-vulnerabilities/index.html 页面...
2025-08-21 00:41:52,341 - osv_monitor - INFO - 找到 431 个生态系统
2025-08-21 00:41:52,342 - osv_monitor - INFO - all.zip 需要更新
2025-08-21 00:41:56,980 - osv_monitor - INFO - 下载文件 https://storage.googleapis.com/osv-vulnerabilities/all.zip 到 data/all.tmp 成功
2025-08-21 00:41:56,982 - osv_monitor - INFO - [+] 更新同步 all.zip 最后修改时间: 2025-08-20 23:45:07
2025-08-21 00:41:56,982 - osv_monitor - INFO - 已下载 all.zip
2025-08-21 00:41:56,982 - osv_monitor - INFO - [+] 同步 OSV 数据完成
2025-08-21 00:41:56,982 - osv_monitor - INFO - 同步完成
2025-08-21 00:42:57,333 - osv_monitor - INFO - 解压缩文件完成
2025-08-21 03:35:59,875 - osv_monitor - INFO - 开始同步OSV漏洞数据...
2025-08-21 03:35:59,875 - osv_monitor - INFO - 正在搜索主页的生态系统列表...
2025-08-21 03:35:59,875 - osv_monitor - INFO - 正在获取 https://storage.googleapis.com/osv-vulnerabilities/index.html 页面...
2025-08-21 03:36:03,783 - osv_monitor - INFO - 找到 431 个生态系统
2025-08-21 03:36:03,784 - osv_monitor - INFO - all.zip 需要更新
2025-08-21 03:36:08,018 - osv_monitor - INFO - 下载文件 https://storage.googleapis.com/osv-vulnerabilities/all.zip 到 data/all.tmp 成功
2025-08-21 03:36:08,020 - osv_monitor - INFO - [+] 更新同步 all.zip 最后修改时间: 2025-08-21 03:03:28
2025-08-21 03:36:08,020 - osv_monitor - INFO - 已下载 all.zip
2025-08-21 03:36:08,020 - osv_monitor - INFO - [+] 同步 OSV 数据完成
2025-08-21 03:36:08,020 - osv_monitor - INFO - 同步完成
2025-08-21 03:37:08,817 - osv_monitor - INFO - 解压缩文件完成
2025-08-21 06:22:50,012 - osv_monitor - INFO - 开始同步OSV漏洞数据...
2025-08-21 06:22:50,013 - osv_monitor - INFO - 正在搜索主页的生态系统列表...
2025-08-21 06:22:50,013 - osv_monitor - INFO - 正在获取 https://storage.googleapis.com/osv-vulnerabilities/index.html 页面...
2025-08-21 06:22:53,899 - osv_monitor - INFO - 找到 431 个生态系统
2025-08-21 06:22:53,900 - osv_monitor - INFO - all.zip 需要更新
2025-08-21 06:22:58,648 - osv_monitor - INFO - 下载文件 https://storage.googleapis.com/osv-vulnerabilities/all.zip 到 data/all.tmp 成功
2025-08-21 06:22:58,650 - osv_monitor - INFO - [+] 更新同步 all.zip 最后修改时间: 2025-08-21 05:15:04
2025-08-21 06:22:58,650 - osv_monitor - INFO - 已下载 all.zip
2025-08-21 06:22:58,650 - osv_monitor - INFO - [+] 同步 OSV 数据完成
2025-08-21 06:22:58,651 - osv_monitor - INFO - 同步完成
2025-08-21 06:23:58,570 - osv_monitor - INFO - 解压缩文件完成
2025-08-21 09:11:53,989 - osv_monitor - INFO - 开始同步OSV漏洞数据...
2025-08-21 09:11:53,990 - osv_monitor - INFO - 正在搜索主页的生态系统列表...
2025-08-21 09:11:53,990 - osv_monitor - INFO - 正在获取 https://storage.googleapis.com/osv-vulnerabilities/index.html 页面...
2025-08-21 09:11:58,064 - osv_monitor - INFO - 找到 431 个生态系统
2025-08-21 09:11:58,066 - osv_monitor - INFO - all.zip 需要更新
2025-08-21 09:12:02,330 - osv_monitor - INFO - 下载文件 https://storage.googleapis.com/osv-vulnerabilities/all.zip 到 data/all.tmp 成功
2025-08-21 09:12:02,332 - osv_monitor - INFO - [+] 更新同步 all.zip 最后修改时间: 2025-08-21 08:34:53
2025-08-21 09:12:02,332 - osv_monitor - INFO - 已下载 all.zip
2025-08-21 09:12:02,332 - osv_monitor - INFO - [+] 同步 OSV 数据完成
2025-08-21 09:12:02,332 - osv_monitor - INFO - 同步完成
2025-08-21 09:13:03,924 - osv_monitor - INFO - 解压缩文件完成
2025-08-21 12:18:27,158 - osv_monitor - INFO - 开始同步OSV漏洞数据...
2025-08-21 12:18:27,158 - osv_monitor - INFO - 正在搜索主页的生态系统列表...
2025-08-21 12:18:27,158 - osv_monitor - INFO - 正在获取 https://storage.googleapis.com/osv-vulnerabilities/index.html 页面...
2025-08-21 12:18:32,209 - osv_monitor - INFO - 找到 431 个生态系统
2025-08-21 12:18:32,210 - osv_monitor - INFO - all.zip 需要更新
2025-08-21 12:18:36,977 - osv_monitor - INFO - 下载文件 https://storage.googleapis.com/osv-vulnerabilities/all.zip 到 data/all.tmp 成功
2025-08-21 12:18:36,979 - osv_monitor - INFO - [+] 更新同步 all.zip 最后修改时间: 2025-08-21 11:34:11
2025-08-21 12:18:36,980 - osv_monitor - INFO - 已下载 all.zip
2025-08-21 12:18:36,980 - osv_monitor - INFO - [+] 同步 OSV 数据完成
2025-08-21 12:18:36,980 - osv_monitor - INFO - 同步完成
2025-08-21 12:19:39,204 - osv_monitor - INFO - 解压缩文件完成
2025-08-21 15:12:30,756 - osv_monitor - INFO - 开始同步OSV漏洞数据...
2025-08-21 15:12:30,756 - osv_monitor - INFO - 正在搜索主页的生态系统列表...
2025-08-21 15:12:30,756 - osv_monitor - INFO - 正在获取 https://storage.googleapis.com/osv-vulnerabilities/index.html 页面...
2025-08-21 15:12:34,681 - osv_monitor - INFO - 找到 431 个生态系统
2025-08-21 15:12:34,683 - osv_monitor - INFO - all.zip 需要更新
2025-08-21 15:12:41,892 - osv_monitor - INFO - 下载文件 https://storage.googleapis.com/osv-vulnerabilities/all.zip 到 data/all.tmp 成功
2025-08-21 15:12:41,894 - osv_monitor - INFO - [+] 更新同步 all.zip 最后修改时间: 2025-08-21 14:53:18
2025-08-21 15:12:41,894 - osv_monitor - INFO - 已下载 all.zip
2025-08-21 15:12:41,894 - osv_monitor - INFO - [+] 同步 OSV 数据完成
2025-08-21 15:12:41,895 - osv_monitor - INFO - 同步完成
2025-08-21 15:13:41,936 - osv_monitor - INFO - 解压缩文件完成
