2025-07-07 00:49:59,337 - osv_monitor - INFO - 开始同步OSV漏洞数据...
2025-07-07 00:49:59,338 - osv_monitor - INFO - 正在搜索主页的生态系统列表...
2025-07-07 00:49:59,338 - osv_monitor - INFO - 正在获取 https://storage.googleapis.com/osv-vulnerabilities/index.html 页面...
2025-07-07 00:50:03,282 - osv_monitor - INFO - 找到 429 个生态系统
2025-07-07 00:50:03,283 - osv_monitor - INFO - all.zip 需要更新
2025-07-07 00:50:05,716 - osv_monitor - INFO - 下载文件 https://storage.googleapis.com/osv-vulnerabilities/all.zip 到 data/all.tmp 成功
2025-07-07 00:50:05,717 - osv_monitor - INFO - [+] 更新同步 all.zip 最后修改时间: 2025-07-07 00:28:52
2025-07-07 00:50:05,717 - osv_monitor - INFO - 已下载 all.zip
2025-07-07 00:50:05,717 - osv_monitor - INFO - [+] 同步 OSV 数据完成
2025-07-07 00:50:05,717 - osv_monitor - INFO - 同步完成
2025-07-07 00:51:02,570 - osv_monitor - INFO - 解压缩文件完成
2025-07-07 03:51:12,079 - osv_monitor - INFO - 开始同步OSV漏洞数据...
2025-07-07 03:51:12,079 - osv_monitor - INFO - 正在搜索主页的生态系统列表...
2025-07-07 03:51:12,079 - osv_monitor - INFO - 正在获取 https://storage.googleapis.com/osv-vulnerabilities/index.html 页面...
2025-07-07 03:51:18,779 - osv_monitor - INFO - 找到 429 个生态系统
2025-07-07 03:51:18,780 - osv_monitor - INFO - all.zip 需要更新
2025-07-07 03:51:25,643 - osv_monitor - INFO - 下载文件 https://storage.googleapis.com/osv-vulnerabilities/all.zip 到 data/all.tmp 成功
2025-07-07 03:51:25,643 - osv_monitor - INFO - [+] 更新同步 all.zip 最后修改时间: 2025-07-07 03:28:09
2025-07-07 03:51:25,644 - osv_monitor - INFO - 已下载 all.zip
2025-07-07 03:51:25,644 - osv_monitor - INFO - [+] 同步 OSV 数据完成
2025-07-07 03:51:25,644 - osv_monitor - INFO - 同步完成
2025-07-07 03:52:22,113 - osv_monitor - INFO - 解压缩文件完成
