2026-01-11 00:05:56,693 - osv_monitor - INFO - 开始同步OSV漏洞数据...
2026-01-11 00:05:56,693 - osv_monitor - INFO - 正在搜索主页的生态系统列表...
2026-01-11 00:05:56,693 - osv_monitor - INFO - 正在获取 https://storage.googleapis.com/osv-vulnerabilities/index.html 页面...
2026-01-11 00:06:00,585 - osv_monitor - INFO - 找到 97 个生态系统
2026-01-11 00:06:00,587 - osv_monitor - INFO - all.zip 需要更新
2026-01-11 00:06:07,091 - osv_monitor - INFO - 下载文件 https://storage.googleapis.com/osv-vulnerabilities/all.zip 到 data/all.tmp 成功
2026-01-11 00:06:07,093 - osv_monitor - INFO - [+] 更新同步 all.zip 最后修改时间: 2026-01-10 23:59:31
2026-01-11 00:06:07,093 - osv_monitor - INFO - 已下载 all.zip
2026-01-11 00:06:07,093 - osv_monitor - INFO - [+] 同步 OSV 数据完成
2026-01-11 00:06:07,093 - osv_monitor - INFO - 同步完成
2026-01-11 00:07:46,462 - osv_monitor - INFO - 解压缩文件完成
2026-01-11 12:04:01,424 - osv_monitor - INFO - 开始同步OSV漏洞数据...
2026-01-11 12:04:01,424 - osv_monitor - INFO - 正在搜索主页的生态系统列表...
2026-01-11 12:04:01,424 - osv_monitor - INFO - 正在获取 https://storage.googleapis.com/osv-vulnerabilities/index.html 页面...
2026-01-11 12:04:03,683 - osv_monitor - INFO - 找到 97 个生态系统
2026-01-11 12:04:03,685 - osv_monitor - INFO - all.zip 需要更新
2026-01-11 12:04:08,791 - osv_monitor - INFO - 下载文件 https://storage.googleapis.com/osv-vulnerabilities/all.zip 到 data/all.tmp 成功
2026-01-11 12:04:08,793 - osv_monitor - INFO - [+] 更新同步 all.zip 最后修改时间: 2026-01-11 11:58:01
2026-01-11 12:04:08,793 - osv_monitor - INFO - 已下载 all.zip
2026-01-11 12:04:08,793 - osv_monitor - INFO - [+] 同步 OSV 数据完成
2026-01-11 12:04:08,793 - osv_monitor - INFO - 同步完成
2026-01-11 12:05:39,810 - osv_monitor - INFO - 解压缩文件完成
